[    13.603] (--) Log file renamed from "/home/bill/.local/share/xorg/Xorg.pid-729.log" to "/home/bill/.local/share/xorg/Xorg.0.log"
[    13.609] 
X.Org X Server 1.21.1.3
X Protocol Version 11, Revision 0
[    13.609] Current Operating System: Linux archie 5.16.0-arch1-1 #1 SMP PREEMPT Mon, 10 Jan 2022 20:11:47 +0000 x86_64
[    13.609] Kernel command line: BOOT_IMAGE=/boot/vmlinuz-linux root=UUID=c5ed625f-bcba-47f7-a517-a6b643f86bb9 rw loglevel=3 quiet
[    13.609]  
[    13.609] Current version of pixman: 0.40.0
[    13.609] 	Before reporting problems, check http://wiki.x.org
	to make sure that you have the latest version.
[    13.609] Markers: (--) probed, (**) from config file, (==) default setting,
	(++) from command line, (!!) notice, (II) informational,
	(WW) warning, (EE) error, (NI) not implemented, (??) unknown.
[    13.609] (==) Log file: "/home/bill/.local/share/xorg/Xorg.0.log", Time: Fri Jan 14 21:46:19 2022
[    13.618] (==) Using system config directory "/usr/share/X11/xorg.conf.d"
[    13.622] (==) No Layout section.  Using the first Screen section.
[    13.622] (==) No screen section available. Using defaults.
[    13.622] (**) |-->Screen "Default Screen Section" (0)
[    13.622] (**) |   |-->Monitor "<default monitor>"
[    13.623] (==) No monitor specified for screen "Default Screen Section".
	Using a default monitor configuration.
[    13.623] (==) Automatically adding devices
[    13.623] (==) Automatically enabling devices
[    13.623] (==) Automatically adding GPU devices
[    13.623] (==) Automatically binding GPU devices
[    13.623] (==) Max clients allowed: 256, resource mask: 0x1fffff
[    13.623] (WW) The directory "/usr/share/fonts/OTF" does not exist.
[    13.623] 	Entry deleted from font path.
[    13.623] (WW) The directory "/usr/share/fonts/Type1" does not exist.
[    13.623] 	Entry deleted from font path.
[    13.623] (==) FontPath set to:
	/usr/share/fonts/misc,
	/usr/share/fonts/TTF,
	/usr/share/fonts/100dpi,
	/usr/share/fonts/75dpi
[    13.623] (==) ModulePath set to "/usr/lib/xorg/modules"
[    13.623] (II) The server relies on udev to provide the list of input devices.
	If no devices become available, reconfigure udev or disable AutoAddDevices.
[    13.623] (II) Module ABI versions:
[    13.623] 	X.Org ANSI C Emulation: 0.4
[    13.623] 	X.Org Video Driver: 25.2
[    13.623] 	X.Org XInput driver : 24.4
[    13.623] 	X.Org Server Extension : 10.0
[    13.625] (++) using VT number 2

[    13.629] (II) systemd-logind: took control of session /org/freedesktop/login1/session/_33
[    13.632] (II) xfree86: Adding drm device (/dev/dri/card0)
[    13.632] (II) Platform probe for /sys/devices/pci0000:00/0000:00:02.0/drm/card0
[    13.634] (II) systemd-logind: got fd for /dev/dri/card0 226:0 fd 12 paused 0
[    13.640] (--) PCI:*(0@0:2:0) 8086:1916:1028:073c rev 7, Mem @ 0xd0000000/16777216, 0xc0000000/268435456, I/O @ 0x0000f000/64, BIOS @ 0x????????/131072
[    13.641] (WW) Open ACPI failed (/var/run/acpid.socket) (No such file or directory)
[    13.641] (II) LoadModule: "glx"
[    13.642] (II) Loading /usr/lib/xorg/modules/extensions/libglx.so
[    13.646] (II) Module glx: vendor="X.Org Foundation"
[    13.646] 	compiled for 1.21.1.3, module version = 1.0.0
[    13.646] 	ABI class: X.Org Server Extension, version 10.0
[    13.646] (==) Matched intel as autoconfigured driver 0
[    13.646] (==) Matched modesetting as autoconfigured driver 1
[    13.646] (==) Matched fbdev as autoconfigured driver 2
[    13.646] (==) Matched vesa as autoconfigured driver 3
[    13.646] (==) Assigned the driver to the xf86ConfigLayout
[    13.646] (II) LoadModule: "intel"
[    13.647] (WW) Warning, couldn't open module intel
[    13.647] (EE) Failed to load module "intel" (module does not exist, 0)
[    13.647] (II) LoadModule: "modesetting"
[    13.647] (II) Loading /usr/lib/xorg/modules/drivers/modesetting_drv.so
[    13.652] (II) Module modesetting: vendor="X.Org Foundation"
[    13.652] 	compiled for 1.21.1.3, module version = 1.21.1
[    13.652] 	Module class: X.Org Video Driver
[    13.652] 	ABI class: X.Org Video Driver, version 25.2
[    13.652] (II) LoadModule: "fbdev"
[    13.652] (WW) Warning, couldn't open module fbdev
[    13.652] (EE) Failed to load module "fbdev" (module does not exist, 0)
[    13.652] (II) LoadModule: "vesa"
[    13.652] (II) Loading /usr/lib/xorg/modules/drivers/vesa_drv.so
[    13.653] (II) Module vesa: vendor="X.Org Foundation"
[    13.653] 	compiled for 1.21.1.1, module version = 2.5.0
[    13.653] 	Module class: X.Org Video Driver
[    13.653] 	ABI class: X.Org Video Driver, version 25.2
[    13.653] (II) modesetting: Driver for Modesetting Kernel Drivers: kms
[    13.653] (II) VESA: driver for VESA chipsets: vesa
[    13.653] xf86EnableIO: failed to enable I/O ports 0000-03ff (Operation not permitted)
[    13.653] (II) modeset(0): using drv /dev/dri/card0
[    13.653] (WW) VGA arbiter: cannot open kernel arbiter, no multi-card support
[    13.653] (II) modeset(0): Creating default Display subsection in Screen section
	"Default Screen Section" for depth/fbbpp 24/32
[    13.653] (==) modeset(0): Depth 24, (==) framebuffer bpp 32
[    13.653] (==) modeset(0): RGB weight 888
[    13.653] (==) modeset(0): Default visual is TrueColor
[    13.653] (II) Loading sub module "glamoregl"
[    13.653] (II) LoadModule: "glamoregl"
[    13.653] (II) Loading /usr/lib/xorg/modules/libglamoregl.so
[    13.658] (II) Module glamoregl: vendor="X.Org Foundation"
[    13.658] 	compiled for 1.21.1.3, module version = 1.0.1
[    13.658] 	ABI class: X.Org ANSI C Emulation, version 0.4
[    13.686] (II) modeset(0): glamor X acceleration enabled on Mesa Intel(R) HD Graphics 520 (SKL GT2)
[    13.686] (II) modeset(0): glamor initialized
[    13.686] (==) modeset(0): VariableRefresh: disabled
[    13.686] (==) modeset(0): AsyncFlipSecondaries: disabled
[    13.687] (II) modeset(0): Output eDP-1 has no monitor section
[    13.692] (II) modeset(0): Output HDMI-1 has no monitor section
[    13.693] (II) modeset(0): Output DP-1 has no monitor section
[    13.810] (II) modeset(0): Output HDMI-2 has no monitor section
[    13.813] (II) modeset(0): EDID for output eDP-1
[    13.813] (II) modeset(0): Manufacturer: AUO  Model: 102d  Serial#: 0
[    13.813] (II) modeset(0): Year: 2016  Week: 0
[    13.813] (II) modeset(0): EDID Version: 1.4
[    13.813] (II) modeset(0): Digital Display Input
[    13.813] (II) modeset(0): 6 bits per channel
[    13.813] (II) modeset(0): Digital interface is DisplayPort
[    13.813] (II) modeset(0): Max Image Size [cm]: horiz.: 29  vert.: 17
[    13.813] (II) modeset(0): Gamma: 2.20
[    13.813] (II) modeset(0): No DPMS capabilities specified
[    13.813] (II) modeset(0): Supported color encodings: RGB 4:4:4 
[    13.813] (II) modeset(0): First detailed timing is preferred mode
[    13.813] (II) modeset(0): Preferred mode is native pixel format and refresh rate
[    13.813] (II) modeset(0): redX: 0.577 redY: 0.344   greenX: 0.348 greenY: 0.573
[    13.813] (II) modeset(0): blueX: 0.160 blueY: 0.134   whiteX: 0.317 whiteY: 0.340
[    13.813] (II) modeset(0): Manufacturer's mask: 0
[    13.813] (II) modeset(0): Supported detailed timing:
[    13.813] (II) modeset(0): clock: 141.0 MHz   Image Size:  293 x 165 mm
[    13.813] (II) modeset(0): h_active: 1920  h_sync: 1936  h_sync_end 1952 h_blank_end 2104 h_border: 0
[    13.813] (II) modeset(0): v_active: 1080  v_sync: 1083  v_sync_end 1097 v_blanking: 1116 v_border: 0
[    13.813] (II) modeset(0): Supported detailed timing:
[    13.814] (II) modeset(0): clock: 113.0 MHz   Image Size:  293 x 165 mm
[    13.814] (II) modeset(0): h_active: 1920  h_sync: 1936  h_sync_end 1952 h_blank_end 2104 h_border: 0
[    13.814] (II) modeset(0): v_active: 1080  v_sync: 1083  v_sync_end 1097 v_blanking: 1116 v_border: 0
[    13.814] (II) modeset(0):  FCTG8ÉB133HAB
[    13.814] (II) modeset(0): Unknown vendor-specific block 0
[    13.814] (II) modeset(0): EDID (in hex):
[    13.814] (II) modeset(0): 	00ffffffffffff0006af2d1000000000
[    13.814] (II) modeset(0): 	001a0104951d117802c3149358599229
[    13.814] (II) modeset(0): 	22515700000001010101010101010101
[    13.814] (II) modeset(0): 	010101010101143780b8703824401010
[    13.814] (II) modeset(0): 	3e0025a51000001a242c80b870382440
[    13.814] (II) modeset(0): 	10103e0025a51000001a000000fe0046
[    13.814] (II) modeset(0): 	43544738834231333348414200000000
[    13.814] (II) modeset(0): 	0000412296001100000a010a20200061
[    13.815] (II) modeset(0): Printing probed modes for output eDP-1
[    13.815] (II) modeset(0): Modeline "1920x1080"x60.0  141.00  1920 1936 1952 2104  1080 1083 1097 1116 +hsync -vsync (67.0 kHz eP)
[    13.815] (II) modeset(0): Modeline "1920x1080"x120.0  356.38  1920 2080 2288 2656  1080 1081 1084 1118 doublescan -hsync +vsync (134.2 kHz d)
[    13.815] (II) modeset(0): Modeline "1920x1080"x119.9  266.50  1920 1944 1960 2000  1080 1081 1084 1111 doublescan +hsync -vsync (133.2 kHz d)
[    13.815] (II) modeset(0): Modeline "1920x1080"x60.0  173.00  1920 2048 2248 2576  1080 1083 1088 1120 -hsync +vsync (67.2 kHz d)
[    13.815] (II) modeset(0): Modeline "1920x1080"x59.9  138.50  1920 1968 2000 2080  1080 1083 1088 1111 +hsync -vsync (66.6 kHz d)
[    13.815] (II) modeset(0): Modeline "1680x1050"x60.0  146.25  1680 1784 1960 2240  1050 1053 1059 1089 -hsync +vsync (65.3 kHz d)
[    13.815] (II) modeset(0): Modeline "1680x1050"x59.9  119.00  1680 1728 1760 1840  1050 1053 1059 1080 +hsync -vsync (64.7 kHz d)
[    13.815] (II) modeset(0): Modeline "1400x1050"x60.0  122.00  1400 1488 1640 1880  1050 1052 1064 1082 +hsync +vsync (64.9 kHz d)
[    13.815] (II) modeset(0): Modeline "1600x900"x120.0  246.00  1600 1728 1900 2200  900 901 904 932 doublescan -hsync +vsync (111.8 kHz d)
[    13.815] (II) modeset(0): Modeline "1600x900"x119.9  186.50  1600 1624 1640 1680  900 901 904 926 doublescan +hsync -vsync (111.0 kHz d)
[    13.815] (II) modeset(0): Modeline "1600x900"x59.9  118.25  1600 1696 1856 2112  900 903 908 934 -hsync +vsync (56.0 kHz d)
[    13.815] (II) modeset(0): Modeline "1600x900"x59.8   97.50  1600 1648 1680 1760  900 903 908 926 +hsync -vsync (55.4 kHz d)
[    13.815] (II) modeset(0): Modeline "1280x1024"x60.0  108.00  1280 1328 1440 1688  1024 1025 1028 1066 +hsync +vsync (64.0 kHz d)
[    13.815] (II) modeset(0): Modeline "1400x900"x60.0  103.50  1400 1480 1624 1848  900 903 913 934 -hsync +vsync (56.0 kHz d)
[    13.815] (II) modeset(0): Modeline "1400x900"x59.9   86.50  1400 1448 1480 1560  900 903 913 926 +hsync -vsync (55.4 kHz d)
[    13.815] (II) modeset(0): Modeline "1280x960"x60.0  108.00  1280 1376 1488 1800  960 961 964 1000 +hsync +vsync (60.0 kHz d)
[    13.815] (II) modeset(0): Modeline "1440x810"x120.0  198.12  1440 1548 1704 1968  810 811 814 839 doublescan -hsync +vsync (100.7 kHz d)
[    13.815] (II) modeset(0): Modeline "1440x810"x119.9  151.88  1440 1464 1480 1520  810 811 814 833 doublescan +hsync -vsync (99.9 kHz d)
[    13.815] (II) modeset(0): Modeline "1368x768"x59.9   85.25  1368 1440 1576 1784  768 771 781 798 -hsync +vsync (47.8 kHz d)
[    13.815] (II) modeset(0): Modeline "1368x768"x59.9   72.25  1368 1416 1448 1528  768 771 781 790 +hsync -vsync (47.3 kHz d)
[    13.815] (II) modeset(0): Modeline "1280x800"x120.0  174.25  1280 1380 1516 1752  800 801 804 829 doublescan -hsync +vsync (99.5 kHz d)
[    13.815] (II) modeset(0): Modeline "1280x800"x119.9  134.25  1280 1304 1320 1360  800 801 804 823 doublescan +hsync -vsync (98.7 kHz d)
[    13.815] (II) modeset(0): Modeline "1280x800"x59.8   83.50  1280 1352 1480 1680  800 803 809 831 -hsync +vsync (49.7 kHz d)
[    13.815] (II) modeset(0): Modeline "1280x800"x59.9   71.00  1280 1328 1360 1440  800 803 809 823 +hsync -vsync (49.3 kHz d)
[    13.815] (II) modeset(0): Modeline "1280x720"x120.0  156.12  1280 1376 1512 1744  720 721 724 746 doublescan -hsync +vsync (89.5 kHz d)
[    13.815] (II) modeset(0): Modeline "1280x720"x120.0  120.75  1280 1304 1320 1360  720 721 724 740 doublescan +hsync -vsync (88.8 kHz d)
[    13.815] (II) modeset(0): Modeline "1280x720"x59.9   74.50  1280 1344 1472 1664  720 723 728 748 -hsync +vsync (44.8 kHz d)
[    13.815] (II) modeset(0): Modeline "1280x720"x59.7   63.75  1280 1328 1360 1440  720 723 728 741 +hsync -vsync (44.3 kHz d)
[    13.815] (II) modeset(0): Modeline "1024x768"x120.1  133.47  1024 1100 1212 1400  768 768 770 794 doublescan -hsync +vsync (95.3 kHz d)
[    13.815] (II) modeset(0): Modeline "1024x768"x60.0   65.00  1024 1048 1184 1344  768 771 777 806 -hsync -vsync (48.4 kHz d)
[    13.815] (II) modeset(0): Modeline "960x720"x120.0  117.00  960 1024 1128 1300  720 720 722 750 doublescan -hsync +vsync (90.0 kHz d)
[    13.815] (II) modeset(0): Modeline "928x696"x120.1  109.15  928 976 1088 1264  696 696 698 719 doublescan -hsync +vsync (86.4 kHz d)
[    13.815] (II) modeset(0): Modeline "896x672"x120.0  102.40  896 960 1060 1224  672 672 674 697 doublescan -hsync +vsync (83.7 kHz d)
[    13.816] (II) modeset(0): Modeline "1024x576"x119.9   98.50  1024 1092 1200 1376  576 577 580 597 doublescan -hsync +vsync (71.6 kHz d)
[    13.816] (II) modeset(0): Modeline "1024x576"x119.9   78.38  1024 1048 1064 1104  576 577 580 592 doublescan +hsync -vsync (71.0 kHz d)
[    13.816] (II) modeset(0): Modeline "1024x576"x59.9   46.50  1024 1064 1160 1296  576 579 584 599 -hsync +vsync (35.9 kHz d)
[    13.816] (II) modeset(0): Modeline "1024x576"x59.8   42.00  1024 1072 1104 1184  576 579 584 593 +hsync -vsync (35.5 kHz d)
[    13.816] (II) modeset(0): Modeline "960x600"x119.9   96.62  960 1028 1128 1296  600 601 604 622 doublescan -hsync +vsync (74.6 kHz d)
[    13.816] (II) modeset(0): Modeline "960x600"x120.0   77.00  960 984 1000 1040  600 601 604 617 doublescan +hsync -vsync (74.0 kHz d)
[    13.816] (II) modeset(0): Modeline "960x540"x119.9   86.50  960 1024 1124 1288  540 541 544 560 doublescan -hsync +vsync (67.2 kHz d)
[    13.816] (II) modeset(0): Modeline "960x540"x120.0   69.25  960 984 1000 1040  540 541 544 555 doublescan +hsync -vsync (66.6 kHz d)
[    13.816] (II) modeset(0): Modeline "960x540"x59.6   40.75  960 992 1088 1216  540 543 548 562 -hsync +vsync (33.5 kHz d)
[    13.816] (II) modeset(0): Modeline "960x540"x59.8   37.25  960 1008 1040 1120  540 543 548 556 +hsync -vsync (33.3 kHz d)
[    13.816] (II) modeset(0): Modeline "800x600"x120.0   81.00  800 832 928 1080  600 600 602 625 doublescan +hsync +vsync (75.0 kHz d)
[    13.816] (II) modeset(0): Modeline "800x600"x60.3   40.00  800 840 968 1056  600 601 605 628 +hsync +vsync (37.9 kHz d)
[    13.816] (II) modeset(0): Modeline "800x600"x56.2   36.00  800 824 896 1024  600 601 603 625 +hsync +vsync (35.2 kHz d)
[    13.816] (II) modeset(0): Modeline "840x525"x120.0   73.12  840 892 980 1120  525 526 529 544 doublescan -hsync +vsync (65.3 kHz d)
[    13.816] (II) modeset(0): Modeline "840x525"x119.8   59.50  840 864 880 920  525 526 529 540 doublescan +hsync -vsync (64.7 kHz d)
[    13.816] (II) modeset(0): Modeline "864x486"x59.9   32.50  864 888 968 1072  486 489 494 506 -hsync +vsync (30.3 kHz d)
[    13.816] (II) modeset(0): Modeline "864x486"x59.6   30.50  864 912 944 1024  486 489 494 500 +hsync -vsync (29.8 kHz d)
[    13.816] (II) modeset(0): Modeline "700x525"x120.0   61.00  700 744 820 940  525 526 532 541 doublescan +hsync +vsync (64.9 kHz d)
[    13.816] (II) modeset(0): Modeline "800x450"x119.9   59.12  800 848 928 1056  450 451 454 467 doublescan -hsync +vsync (56.0 kHz d)
[    13.816] (II) modeset(0): Modeline "800x450"x119.6   48.75  800 824 840 880  450 451 454 463 doublescan +hsync -vsync (55.4 kHz d)
[    13.816] (II) modeset(0): Modeline "640x512"x120.0   54.00  640 664 720 844  512 512 514 533 doublescan +hsync +vsync (64.0 kHz d)
[    13.816] (II) modeset(0): Modeline "700x450"x119.9   51.75  700 740 812 924  450 451 456 467 doublescan -hsync +vsync (56.0 kHz d)
[    13.816] (II) modeset(0): Modeline "700x450"x119.8   43.25  700 724 740 780  450 451 456 463 doublescan +hsync -vsync (55.4 kHz d)
[    13.816] (II) modeset(0): Modeline "640x480"x120.0   54.00  640 688 744 900  480 480 482 500 doublescan +hsync +vsync (60.0 kHz d)
[    13.816] (II) modeset(0): Modeline "640x480"x59.9   25.18  640 656 752 800  480 490 492 525 -hsync -vsync (31.5 kHz d)
[    13.816] (II) modeset(0): Modeline "720x405"x59.5   22.50  720 744 808 896  405 408 413 422 -hsync +vsync (25.1 kHz d)
[    13.816] (II) modeset(0): Modeline "720x405"x59.0   21.75  720 768 800 880  405 408 413 419 +hsync -vsync (24.7 kHz d)
[    13.816] (II) modeset(0): Modeline "684x384"x119.8   42.62  684 720 788 892  384 385 390 399 doublescan -hsync +vsync (47.8 kHz d)
[    13.816] (II) modeset(0): Modeline "684x384"x119.7   36.12  684 708 724 764  384 385 390 395 doublescan +hsync -vsync (47.3 kHz d)
[    13.816] (II) modeset(0): Modeline "640x400"x119.8   41.75  640 676 740 840  400 401 404 415 doublescan -hsync +vsync (49.7 kHz d)
[    13.816] (II) modeset(0): Modeline "640x400"x120.0   35.50  640 664 680 720  400 401 404 411 doublescan +hsync -vsync (49.3 kHz d)
[    13.816] (II) modeset(0): Modeline "640x360"x119.7   37.25  640 672 736 832  360 361 364 374 doublescan -hsync +vsync (44.8 kHz d)
[    13.816] (II) modeset(0): Modeline "640x360"x119.7   31.88  640 664 680 720  360 361 364 370 doublescan +hsync -vsync (44.3 kHz d)
[    13.816] (II) modeset(0): Modeline "640x360"x59.8   18.00  640 664 720 800  360 363 368 376 -hsync +vsync (22.5 kHz d)
[    13.816] (II) modeset(0): Modeline "640x360"x59.3   17.75  640 688 720 800  360 363 368 374 +hsync -vsync (22.2 kHz d)
[    13.816] (II) modeset(0): Modeline "512x384"x120.0   32.50  512 524 592 672  384 385 388 403 doublescan -hsync -vsync (48.4 kHz d)
[    13.816] (II) modeset(0): Modeline "512x288"x120.0   23.25  512 532 580 648  288 289 292 299 doublescan -hsync +vsync (35.9 kHz d)
[    13.816] (II) modeset(0): Modeline "512x288"x119.8   21.00  512 536 552 592  288 289 292 296 doublescan +hsync -vsync (35.5 kHz d)
[    13.816] (II) modeset(0): Modeline "480x270"x119.3   20.38  480 496 544 608  270 271 274 281 doublescan -hsync +vsync (33.5 kHz d)
[    13.817] (II) modeset(0): Modeline "480x270"x119.6   18.62  480 504 520 560  270 271 274 278 doublescan +hsync -vsync (33.3 kHz d)
[    13.817] (II) modeset(0): Modeline "400x300"x120.6   20.00  400 420 484 528  300 300 302 314 doublescan +hsync +vsync (37.9 kHz d)
[    13.817] (II) modeset(0): Modeline "400x300"x112.7   18.00  400 412 448 512  300 300 301 312 doublescan +hsync +vsync (35.2 kHz d)
[    13.817] (II) modeset(0): Modeline "432x243"x119.8   16.25  432 444 484 536  243 244 247 253 doublescan -hsync +vsync (30.3 kHz d)
[    13.817] (II) modeset(0): Modeline "432x243"x119.1   15.25  432 456 472 512  243 244 247 250 doublescan +hsync -vsync (29.8 kHz d)
[    13.817] (II) modeset(0): Modeline "320x240"x120.1   12.59  320 328 376 400  240 245 246 262 doublescan -hsync -vsync (31.5 kHz d)
[    13.817] (II) modeset(0): Modeline "360x202"x119.0   11.25  360 372 404 448  202 204 206 211 doublescan -hsync +vsync (25.1 kHz d)
[    13.817] (II) modeset(0): Modeline "360x202"x118.3   10.88  360 384 400 440  202 204 206 209 doublescan +hsync -vsync (24.7 kHz d)
[    13.817] (II) modeset(0): Modeline "320x180"x119.7    9.00  320 332 360 400  180 181 184 188 doublescan -hsync +vsync (22.5 kHz d)
[    13.817] (II) modeset(0): Modeline "320x180"x118.6    8.88  320 344 360 400  180 181 184 187 doublescan +hsync -vsync (22.2 kHz d)
[    13.822] (II) modeset(0): EDID for output HDMI-1
[    13.822] (II) modeset(0): EDID for output DP-1
[    13.937] (II) modeset(0): EDID for output HDMI-2
[    13.937] (II) modeset(0): Output eDP-1 connected
[    13.937] (II) modeset(0): Output HDMI-1 disconnected
[    13.937] (II) modeset(0): Output DP-1 disconnected
[    13.937] (II) modeset(0): Output HDMI-2 disconnected
[    13.937] (II) modeset(0): Using exact sizes for initial modes
[    13.937] (II) modeset(0): Output eDP-1 using initial mode 1920x1080 +0+0
[    13.938] (==) modeset(0): Using gamma correction (1.0, 1.0, 1.0)
[    13.938] (==) modeset(0): DPI set to (96, 96)
[    13.938] (II) Loading sub module "fb"
[    13.938] (II) LoadModule: "fb"
[    13.938] (II) Module "fb" already built-in
[    13.938] (II) UnloadModule: "vesa"
[    13.938] (II) Unloading vesa
[    13.979] (==) modeset(0): Backing store enabled
[    13.979] (==) modeset(0): Silken mouse enabled
[    14.054] (II) modeset(0): Initializing kms color map for depth 24, 8 bpc.
[    14.055] (==) modeset(0): DPMS enabled
[    14.055] (II) modeset(0): [DRI2] Setup complete
[    14.055] (II) modeset(0): [DRI2]   DRI driver: iris
[    14.055] (II) modeset(0): [DRI2]   VDPAU driver: va_gl
[    14.055] (II) Initializing extension Generic Event Extension
[    14.055] (II) Initializing extension SHAPE
[    14.056] (II) Initializing extension MIT-SHM
[    14.056] (II) Initializing extension XInputExtension
[    14.056] (II) Initializing extension XTEST
[    14.057] (II) Initializing extension BIG-REQUESTS
[    14.057] (II) Initializing extension SYNC
[    14.057] (II) Initializing extension XKEYBOARD
[    14.058] (II) Initializing extension XC-MISC
[    14.058] (II) Initializing extension SECURITY
[    14.058] (II) Initializing extension XFIXES
[    14.059] (II) Initializing extension RENDER
[    14.059] (II) Initializing extension RANDR
[    14.060] (II) Initializing extension COMPOSITE
[    14.060] (II) Initializing extension DAMAGE
[    14.060] (II) Initializing extension MIT-SCREEN-SAVER
[    14.061] (II) Initializing extension DOUBLE-BUFFER
[    14.061] (II) Initializing extension RECORD
[    14.061] (II) Initializing extension DPMS
[    14.062] (II) Initializing extension Present
[    14.062] (II) Initializing extension DRI3
[    14.062] (II) Initializing extension X-Resource
[    14.063] (II) Initializing extension XVideo
[    14.063] (II) Initializing extension XVideo-MotionCompensation
[    14.063] (II) Initializing extension GLX
[    14.082] (II) AIGLX: Loaded and initialized iris
[    14.082] (II) GLX: Initialized DRI2 GL provider for screen 0
[    14.082] (II) Initializing extension XFree86-VidModeExtension
[    14.082] (II) Initializing extension XFree86-DGA
[    14.083] (II) Initializing extension XFree86-DRI
[    14.083] (II) Initializing extension DRI2
[    14.084] (II) modeset(0): Damage tracking initialized
[    14.084] (II) modeset(0): Setting screen physical size to 508 x 285
[    14.151] (II) config/udev: Adding input device Power Button (/dev/input/event3)
[    14.151] (**) Power Button: Applying InputClass "libinput keyboard catchall"
[    14.151] (II) LoadModule: "libinput"
[    14.151] (II) Loading /usr/lib/xorg/modules/input/libinput_drv.so
[    14.155] (II) Module libinput: vendor="X.Org Foundation"
[    14.155] 	compiled for 1.21.1, module version = 1.2.0
[    14.155] 	Module class: X.Org XInput Driver
[    14.155] 	ABI class: X.Org XInput driver, version 24.4
[    14.155] (II) Using input driver 'libinput' for 'Power Button'
[    14.155] (II) systemd-logind: got fd for /dev/input/event3 13:67 fd 26 paused 0
[    14.156] (**) Power Button: always reports core events
[    14.156] (**) Option "Device" "/dev/input/event3"
[    14.156] (**) Option "_source" "server/udev"
[    14.158] (II) event3  - Power Button: is tagged by udev as: Keyboard
[    14.158] (II) event3  - Power Button: device is a keyboard
[    14.158] (II) event3  - Power Button: device removed
[    14.158] (**) Option "config_info" "udev:/sys/devices/LNXSYSTM:00/LNXPWRBN:00/input/input3/event3"
[    14.158] (II) XINPUT: Adding extended input device "Power Button" (type: KEYBOARD, id 6)
[    14.159] (II) event3  - Power Button: is tagged by udev as: Keyboard
[    14.159] (II) event3  - Power Button: device is a keyboard
[    14.159] (II) config/udev: Adding input device Video Bus (/dev/input/event11)
[    14.159] (**) Video Bus: Applying InputClass "libinput keyboard catchall"
[    14.159] (II) Using input driver 'libinput' for 'Video Bus'
[    14.160] (II) systemd-logind: got fd for /dev/input/event11 13:75 fd 29 paused 0
[    14.160] (**) Video Bus: always reports core events
[    14.160] (**) Option "Device" "/dev/input/event11"
[    14.160] (**) Option "_source" "server/udev"
[    14.161] (II) event11 - Video Bus: is tagged by udev as: Keyboard
[    14.161] (II) event11 - Video Bus: device is a keyboard
[    14.161] (II) event11 - Video Bus: device removed
[    14.161] (**) Option "config_info" "udev:/sys/devices/LNXSYSTM:00/LNXSYBUS:00/PNP0A08:00/LNXVIDEO:00/input/input15/event11"
[    14.161] (II) XINPUT: Adding extended input device "Video Bus" (type: KEYBOARD, id 7)
[    14.162] (II) event11 - Video Bus: is tagged by udev as: Keyboard
[    14.162] (II) event11 - Video Bus: device is a keyboard
[    14.163] (II) config/udev: Adding input device Power Button (/dev/input/event1)
[    14.163] (**) Power Button: Applying InputClass "libinput keyboard catchall"
[    14.163] (II) Using input driver 'libinput' for 'Power Button'
[    14.163] (II) systemd-logind: got fd for /dev/input/event1 13:65 fd 30 paused 0
[    14.163] (**) Power Button: always reports core events
[    14.163] (**) Option "Device" "/dev/input/event1"
[    14.163] (**) Option "_source" "server/udev"
[    14.164] (II) event1  - Power Button: is tagged by udev as: Keyboard
[    14.164] (II) event1  - Power Button: device is a keyboard
[    14.164] (II) event1  - Power Button: device removed
[    14.164] (**) Option "config_info" "udev:/sys/devices/LNXSYSTM:00/LNXSYBUS:00/PNP0C0C:00/input/input1/event1"
[    14.165] (II) XINPUT: Adding extended input device "Power Button" (type: KEYBOARD, id 8)
[    14.165] (II) event1  - Power Button: is tagged by udev as: Keyboard
[    14.165] (II) event1  - Power Button: device is a keyboard
[    14.166] (II) config/udev: Adding input device Lid Switch (/dev/input/event0)
[    14.166] (II) No input driver specified, ignoring this device.
[    14.166] (II) This device may have been added with another device file.
[    14.167] (II) config/udev: Adding input device Sleep Button (/dev/input/event2)
[    14.167] (**) Sleep Button: Applying InputClass "libinput keyboard catchall"
[    14.167] (II) Using input driver 'libinput' for 'Sleep Button'
[    14.167] (II) systemd-logind: got fd for /dev/input/event2 13:66 fd 31 paused 0
[    14.167] (**) Sleep Button: always reports core events
[    14.167] (**) Option "Device" "/dev/input/event2"
[    14.167] (**) Option "_source" "server/udev"
[    14.168] (II) event2  - Sleep Button: is tagged by udev as: Keyboard
[    14.168] (II) event2  - Sleep Button: device is a keyboard
[    14.168] (II) event2  - Sleep Button: device removed
[    14.168] (**) Option "config_info" "udev:/sys/devices/LNXSYSTM:00/LNXSYBUS:00/PNP0C0E:00/input/input2/event2"
[    14.168] (II) XINPUT: Adding extended input device "Sleep Button" (type: KEYBOARD, id 9)
[    14.169] (II) event2  - Sleep Button: is tagged by udev as: Keyboard
[    14.169] (II) event2  - Sleep Button: device is a keyboard
[    14.171] (II) config/udev: Adding input device Integrated_Webcam_HD: Integrate (/dev/input/event10)
[    14.171] (**) Integrated_Webcam_HD: Integrate: Applying InputClass "libinput keyboard catchall"
[    14.171] (II) Using input driver 'libinput' for 'Integrated_Webcam_HD: Integrate'
[    14.171] (II) systemd-logind: got fd for /dev/input/event10 13:74 fd 32 paused 0
[    14.171] (**) Integrated_Webcam_HD: Integrate: always reports core events
[    14.171] (**) Option "Device" "/dev/input/event10"
[    14.171] (**) Option "_source" "server/udev"
[    14.173] (II) event10 - Integrated_Webcam_HD: Integrate: is tagged by udev as: Keyboard
[    14.173] (II) event10 - Integrated_Webcam_HD: Integrate: device is a keyboard
[    14.173] (II) event10 - Integrated_Webcam_HD: Integrate: device removed
[    14.173] (**) Option "config_info" "udev:/sys/devices/pci0000:00/0000:00:14.0/usb1/1-5/1-5:1.0/input/input14/event10"
[    14.173] (II) XINPUT: Adding extended input device "Integrated_Webcam_HD: Integrate" (type: KEYBOARD, id 10)
[    14.174] (II) event10 - Integrated_Webcam_HD: Integrate: is tagged by udev as: Keyboard
[    14.174] (II) event10 - Integrated_Webcam_HD: Integrate: device is a keyboard
[    14.175] (II) config/udev: Adding input device Raydium Corporation Raydium Touch System (/dev/input/event12)
[    14.175] (**) Raydium Corporation Raydium Touch System: Applying InputClass "libinput touchscreen catchall"
[    14.175] (II) Using input driver 'libinput' for 'Raydium Corporation Raydium Touch System'
[    14.232] (II) systemd-logind: got fd for /dev/input/event12 13:76 fd 33 paused 0
[    14.232] (**) Raydium Corporation Raydium Touch System: always reports core events
[    14.232] (**) Option "Device" "/dev/input/event12"
[    14.232] (**) Option "_source" "server/udev"
[    14.237] (II) event12 - Raydium Corporation Raydium Touch System: is tagged by udev as: Touchscreen
[    14.237] (II) event12 - Raydium Corporation Raydium Touch System: device is a touch device
[    14.237] (II) event12 - Raydium Corporation Raydium Touch System: device removed
[    14.238] (**) Option "config_info" "udev:/sys/devices/pci0000:00/0000:00:14.0/usb1/1-7/1-7:1.0/0003:2386:3111.0002/input/input23/event12"
[    14.238] (II) XINPUT: Adding extended input device "Raydium Corporation Raydium Touch System" (type: TOUCHSCREEN, id 11)
[    14.238] (**) Option "AccelerationScheme" "none"
[    14.238] (**) Raydium Corporation Raydium Touch System: (accel) selected scheme none/0
[    14.238] (**) Raydium Corporation Raydium Touch System: (accel) acceleration factor: 2.000
[    14.238] (**) Raydium Corporation Raydium Touch System: (accel) acceleration threshold: 4
[    14.242] (II) event12 - Raydium Corporation Raydium Touch System: is tagged by udev as: Touchscreen
[    14.242] (II) event12 - Raydium Corporation Raydium Touch System: device is a touch device
[    14.245] (II) config/udev: Adding input device Raydium Corporation Raydium Touch System (/dev/input/mouse2)
[    14.245] (II) No input driver specified, ignoring this device.
[    14.245] (II) This device may have been added with another device file.
[    14.247] (II) config/udev: Adding input device DELL073C:00 06CB:7E7E Mouse (/dev/input/event8)
[    14.247] (**) DELL073C:00 06CB:7E7E Mouse: Applying InputClass "libinput pointer catchall"
[    14.247] (II) Using input driver 'libinput' for 'DELL073C:00 06CB:7E7E Mouse'
[    14.249] (II) systemd-logind: got fd for /dev/input/event8 13:72 fd 34 paused 0
[    14.249] (**) DELL073C:00 06CB:7E7E Mouse: always reports core events
[    14.249] (**) Option "Device" "/dev/input/event8"
[    14.249] (**) Option "_source" "server/udev"
[    14.253] (II) event8  - DELL073C:00 06CB:7E7E Mouse: is tagged by udev as: Mouse Pointingstick
[    14.255] (II) event8  - DELL073C:00 06CB:7E7E Mouse: device is a pointer
[    14.257] (II) event8  - DELL073C:00 06CB:7E7E Mouse: device removed
[    14.257] (**) Option "config_info" "udev:/sys/devices/pci0000:00/0000:00:15.0/i2c_designware.0/i2c-0/i2c-DELL073C:00/0018:06CB:7E7E.0001/input/input19/event8"
[    14.257] (II) XINPUT: Adding extended input device "DELL073C:00 06CB:7E7E Mouse" (type: MOUSE, id 12)
[    14.258] (**) Option "AccelerationScheme" "none"
[    14.258] (**) DELL073C:00 06CB:7E7E Mouse: (accel) selected scheme none/0
[    14.258] (**) DELL073C:00 06CB:7E7E Mouse: (accel) acceleration factor: 2.000
[    14.258] (**) DELL073C:00 06CB:7E7E Mouse: (accel) acceleration threshold: 4
[    14.261] (II) event8  - DELL073C:00 06CB:7E7E Mouse: is tagged by udev as: Mouse Pointingstick
[    14.262] (II) event8  - DELL073C:00 06CB:7E7E Mouse: device is a pointer
[    14.264] (II) config/udev: Adding input device DELL073C:00 06CB:7E7E Mouse (/dev/input/mouse0)
[    14.264] (II) No input driver specified, ignoring this device.
[    14.264] (II) This device may have been added with another device file.
[    14.266] (II) config/udev: Adding input device DELL073C:00 06CB:7E7E Touchpad (/dev/input/event9)
[    14.266] (**) DELL073C:00 06CB:7E7E Touchpad: Applying InputClass "libinput touchpad catchall"
[    14.266] (II) Using input driver 'libinput' for 'DELL073C:00 06CB:7E7E Touchpad'
[    14.267] (II) systemd-logind: got fd for /dev/input/event9 13:73 fd 35 paused 0
[    14.267] (**) DELL073C:00 06CB:7E7E Touchpad: always reports core events
[    14.267] (**) Option "Device" "/dev/input/event9"
[    14.267] (**) Option "_source" "server/udev"
[    14.269] (II) event9  - DELL073C:00 06CB:7E7E Touchpad: is tagged by udev as: Touchpad
[    14.272] (II) event9  - DELL073C:00 06CB:7E7E Touchpad: device is a touchpad
[    14.272] (II) event9  - DELL073C:00 06CB:7E7E Touchpad: device removed
[    14.273] (**) Option "config_info" "udev:/sys/devices/pci0000:00/0000:00:15.0/i2c_designware.0/i2c-0/i2c-DELL073C:00/0018:06CB:7E7E.0001/input/input20/event9"
[    14.273] (II) XINPUT: Adding extended input device "DELL073C:00 06CB:7E7E Touchpad" (type: TOUCHPAD, id 13)
[    14.275] (**) Option "AccelerationScheme" "none"
[    14.275] (**) DELL073C:00 06CB:7E7E Touchpad: (accel) selected scheme none/0
[    14.275] (**) DELL073C:00 06CB:7E7E Touchpad: (accel) acceleration factor: 2.000
[    14.275] (**) DELL073C:00 06CB:7E7E Touchpad: (accel) acceleration threshold: 4
[    14.276] (II) event9  - DELL073C:00 06CB:7E7E Touchpad: is tagged by udev as: Touchpad
[    14.277] (II) event9  - DELL073C:00 06CB:7E7E Touchpad: device is a touchpad
[    14.278] (II) config/udev: Adding input device DELL073C:00 06CB:7E7E Touchpad (/dev/input/mouse1)
[    14.278] (II) No input driver specified, ignoring this device.
[    14.278] (II) This device may have been added with another device file.
[    14.279] (II) config/udev: Adding input device Intel Virtual Buttons (/dev/input/event5)
[    14.279] (**) Intel Virtual Buttons: Applying InputClass "libinput keyboard catchall"
[    14.279] (II) Using input driver 'libinput' for 'Intel Virtual Buttons'
[    14.279] (II) systemd-logind: got fd for /dev/input/event5 13:69 fd 36 paused 0
[    14.279] (**) Intel Virtual Buttons: always reports core events
[    14.279] (**) Option "Device" "/dev/input/event5"
[    14.279] (**) Option "_source" "server/udev"
[    14.280] (II) event5  - Intel Virtual Buttons: is tagged by udev as: Keyboard
[    14.280] (II) event5  - Intel Virtual Buttons: device is a keyboard
[    14.281] (II) event5  - Intel Virtual Buttons: device removed
[    14.281] (**) Option "config_info" "udev:/sys/devices/pci0000:00/0000:00:1f.0/PNP0C09:00/INT33D6:00/input/input6/event5"
[    14.281] (II) XINPUT: Adding extended input device "Intel Virtual Buttons" (type: KEYBOARD, id 14)
[    14.282] (II) event5  - Intel Virtual Buttons: is tagged by udev as: Keyboard
[    14.282] (II) event5  - Intel Virtual Buttons: device is a keyboard
[    14.283] (II) config/udev: Adding input device HDA Intel PCH Headphone Mic (/dev/input/event14)
[    14.283] (II) No input driver specified, ignoring this device.
[    14.283] (II) This device may have been added with another device file.
[    14.283] (II) config/udev: Adding input device HDA Intel PCH HDMI/DP,pcm=3 (/dev/input/event15)
[    14.283] (II) No input driver specified, ignoring this device.
[    14.283] (II) This device may have been added with another device file.
[    14.283] (II) config/udev: Adding input device HDA Intel PCH HDMI/DP,pcm=7 (/dev/input/event16)
[    14.283] (II) No input driver specified, ignoring this device.
[    14.283] (II) This device may have been added with another device file.
[    14.284] (II) config/udev: Adding input device HDA Intel PCH HDMI/DP,pcm=8 (/dev/input/event17)
[    14.284] (II) No input driver specified, ignoring this device.
[    14.284] (II) This device may have been added with another device file.
[    14.284] (II) config/udev: Adding input device HDA Intel PCH HDMI/DP,pcm=9 (/dev/input/event18)
[    14.284] (II) No input driver specified, ignoring this device.
[    14.284] (II) This device may have been added with another device file.
[    14.284] (II) config/udev: Adding input device HDA Intel PCH HDMI/DP,pcm=10 (/dev/input/event19)
[    14.284] (II) No input driver specified, ignoring this device.
[    14.285] (II) This device may have been added with another device file.
[    14.285] (II) config/udev: Adding input device Intel HID events (/dev/input/event6)
[    14.285] (**) Intel HID events: Applying InputClass "libinput keyboard catchall"
[    14.285] (II) Using input driver 'libinput' for 'Intel HID events'
[    14.285] (II) systemd-logind: got fd for /dev/input/event6 13:70 fd 37 paused 0
[    14.286] (**) Intel HID events: always reports core events
[    14.286] (**) Option "Device" "/dev/input/event6"
[    14.286] (**) Option "_source" "server/udev"
[    14.286] (II) event6  - Intel HID events: is tagged by udev as: Keyboard
[    14.286] (II) event6  - Intel HID events: device is a keyboard
[    14.287] (II) event6  - Intel HID events: device removed
[    14.287] (**) Option "config_info" "udev:/sys/devices/platform/INT33D5:00/input/input8/event6"
[    14.287] (II) XINPUT: Adding extended input device "Intel HID events" (type: KEYBOARD, id 15)
[    14.288] (II) event6  - Intel HID events: is tagged by udev as: Keyboard
[    14.288] (II) event6  - Intel HID events: device is a keyboard
[    14.289] (II) config/udev: Adding input device Dell WMI hotkeys (/dev/input/event13)
[    14.289] (**) Dell WMI hotkeys: Applying InputClass "libinput keyboard catchall"
[    14.289] (II) Using input driver 'libinput' for 'Dell WMI hotkeys'
[    14.289] (II) systemd-logind: got fd for /dev/input/event13 13:77 fd 38 paused 0
[    14.289] (**) Dell WMI hotkeys: always reports core events
[    14.289] (**) Option "Device" "/dev/input/event13"
[    14.289] (**) Option "_source" "server/udev"
[    14.290] (II) event13 - Dell WMI hotkeys: is tagged by udev as: Keyboard
[    14.291] (II) event13 - Dell WMI hotkeys: device is a keyboard
[    14.291] (II) event13 - Dell WMI hotkeys: device removed
[    14.291] (**) Option "config_info" "udev:/sys/devices/platform/PNP0C14:00/wmi_bus/wmi_bus-PNP0C14:00/9DBB5994-A997-11DA-B012-B622A1EF5492/input/input18/event13"
[    14.291] (II) XINPUT: Adding extended input device "Dell WMI hotkeys" (type: KEYBOARD, id 16)
[    14.292] (II) event13 - Dell WMI hotkeys: is tagged by udev as: Keyboard
[    14.292] (II) event13 - Dell WMI hotkeys: device is a keyboard
[    14.293] (II) config/udev: Adding input device AT Translated Set 2 keyboard (/dev/input/event4)
[    14.293] (**) AT Translated Set 2 keyboard: Applying InputClass "libinput keyboard catchall"
[    14.293] (II) Using input driver 'libinput' for 'AT Translated Set 2 keyboard'
[    14.294] (II) systemd-logind: got fd for /dev/input/event4 13:68 fd 39 paused 0
[    14.294] (**) AT Translated Set 2 keyboard: always reports core events
[    14.294] (**) Option "Device" "/dev/input/event4"
[    14.294] (**) Option "_source" "server/udev"
[    14.295] (II) event4  - AT Translated Set 2 keyboard: is tagged by udev as: Keyboard
[    14.295] (II) event4  - AT Translated Set 2 keyboard: device is a keyboard
[    14.296] (II) event4  - AT Translated Set 2 keyboard: device removed
[    14.296] (**) Option "config_info" "udev:/sys/devices/platform/i8042/serio0/input/input4/event4"
[    14.296] (II) XINPUT: Adding extended input device "AT Translated Set 2 keyboard" (type: KEYBOARD, id 17)
[    14.297] (II) event4  - AT Translated Set 2 keyboard: is tagged by udev as: Keyboard
[    14.297] (II) event4  - AT Translated Set 2 keyboard: device is a keyboard
[    14.299] (II) config/udev: Adding input device PC Speaker (/dev/input/event7)
[    14.299] (II) No input driver specified, ignoring this device.
[    14.299] (II) This device may have been added with another device file.
[   140.673] (II) event9  - DELL073C:00 06CB:7E7E Touchpad: SYN_DROPPED event - some input events have been lost.
