[2022-01-10 15:38:18.786] [settingssync] [info] Using settings sync service https://vscode-sync.trafficmanager.net/
[2022-01-10 15:38:18.786] [settingssync] [info] Auto Sync is enabled.
[2022-01-10 15:38:18.786] [settingssync] [info] Auto Sync: Suspended until auth token is available.
[2022-01-10 15:38:19.020] [settingssync] [info] Auto Sync: Started
[2022-01-10 15:38:19.020] [settingssync] [info] Auto Sync: Triggered by Interval
[2022-01-10 15:38:20.423] [settingssync] [info] Settings: No changes found during synchronizing settings.
[2022-01-10 15:38:20.862] [settingssync] [info] Keybindings: No changes found during synchronizing keybindings.
[2022-01-10 15:38:21.161] [settingssync] [info] Snippets: No changes found during synchronizing snippets.
[2022-01-10 15:38:22.644] [settingssync] [info] GlobalState: Updated remote ui state
[2022-01-10 15:38:22.660] [settingssync] [info] GlobalState: Updated last synchronized ui state
[2022-01-10 15:38:22.834] [settingssync] [info] Extensions: No changes found during synchronizing extensions.
[2022-01-10 15:38:22.835] [settingssync] [info] Sync done. Took 2987ms
[2022-01-10 15:42:59.241] [settingssync] [info] Auto Sync: Triggered by Activity
[2022-01-10 15:43:09.272] [settingssync] [info] Request failed https://vscode-sync.trafficmanager.net/v1/manifest
[2022-01-10 15:43:09.274] [settingssync] [error] RequestFailed (UserDataSyncError) syncResource:unknown operationId:unknown: Connection refused for the request 'https://vscode-sync.trafficmanager.net/v1/manifest'.
    at S.request (vscode-file://vscode-app/opt/visual-studio-code/resources/app/out/vs/code/electron-browser/sharedProcess/sharedProcessMain.js:76:178947)
    at async S.manifest (vscode-file://vscode-app/opt/visual-studio-code/resources/app/out/vs/code/electron-browser/sharedProcess/sharedProcessMain.js:76:176672)
    at async l.createSyncTask (vscode-file://vscode-app/opt/visual-studio-code/resources/app/out/vs/code/electron-browser/sharedProcess/sharedProcessMain.js:76:147539)
    at async r.doSync (vscode-file://vscode-app/opt/visual-studio-code/resources/app/out/vs/code/electron-browser/sharedProcess/sharedProcessMain.js:76:141926)
[2022-01-10 15:43:09.275] [settingssync] [error] RequestFailed (UserDataSyncError) syncResource:unknown operationId:unknown: Connection refused for the request 'https://vscode-sync.trafficmanager.net/v1/manifest'.
    at S.request (vscode-file://vscode-app/opt/visual-studio-code/resources/app/out/vs/code/electron-browser/sharedProcess/sharedProcessMain.js:76:178947)
    at async S.manifest (vscode-file://vscode-app/opt/visual-studio-code/resources/app/out/vs/code/electron-browser/sharedProcess/sharedProcessMain.js:76:176672)
    at async l.createSyncTask (vscode-file://vscode-app/opt/visual-studio-code/resources/app/out/vs/code/electron-browser/sharedProcess/sharedProcessMain.js:76:147539)
    at async r.doSync (vscode-file://vscode-app/opt/visual-studio-code/resources/app/out/vs/code/electron-browser/sharedProcess/sharedProcessMain.js:76:141926)
[2022-01-10 15:48:09.285] [settingssync] [info] Auto Sync: Triggered by Interval
[2022-01-10 15:48:15.996] [settingssync] [info] Settings: No changes found during synchronizing settings.
[2022-01-10 15:48:16.002] [settingssync] [info] Keybindings: No changes found during synchronizing keybindings.
[2022-01-10 15:48:16.007] [settingssync] [info] Snippets: No changes found during synchronizing snippets.
[2022-01-10 15:48:16.073] [settingssync] [info] GlobalState: No changes found during synchronizing ui state.
[2022-01-10 15:48:16.186] [settingssync] [info] Extensions: No changes found during synchronizing extensions.
[2022-01-10 15:48:16.188] [settingssync] [info] Sync done. Took 257ms
[2022-01-10 15:50:04.540] [settingssync] [info] Auto Sync: Triggered by Activity
[2022-01-10 15:50:04.770] [settingssync] [info] Settings: No changes found during synchronizing settings.
[2022-01-10 15:50:04.773] [settingssync] [info] Keybindings: No changes found during synchronizing keybindings.
[2022-01-10 15:50:04.777] [settingssync] [info] Snippets: No changes found during synchronizing snippets.
[2022-01-10 15:50:04.818] [settingssync] [info] GlobalState: No changes found during synchronizing ui state.
[2022-01-10 15:50:04.950] [settingssync] [info] Extensions: No changes found during synchronizing extensions.
[2022-01-10 15:50:04.951] [settingssync] [info] Sync done. Took 222ms
[2022-01-10 15:50:33.225] [settingssync] [info] Auto Sync: Triggered by Activity
[2022-01-10 15:50:33.423] [settingssync] [info] Settings: No changes found during synchronizing settings.
[2022-01-10 15:50:33.426] [settingssync] [info] Keybindings: No changes found during synchronizing keybindings.
[2022-01-10 15:50:33.430] [settingssync] [info] Snippets: No changes found during synchronizing snippets.
[2022-01-10 15:50:33.460] [settingssync] [info] GlobalState: No changes found during synchronizing ui state.
[2022-01-10 15:50:33.544] [settingssync] [info] Extensions: No changes found during synchronizing extensions.
[2022-01-10 15:50:33.545] [settingssync] [info] Sync done. Took 162ms
[2022-01-10 15:51:08.787] [settingssync] [info] Auto Sync: Triggered by Activity
[2022-01-10 15:51:08.972] [settingssync] [info] Settings: No changes found during synchronizing settings.
[2022-01-10 15:51:08.975] [settingssync] [info] Keybindings: No changes found during synchronizing keybindings.
[2022-01-10 15:51:08.978] [settingssync] [info] Snippets: No changes found during synchronizing snippets.
[2022-01-10 15:51:09.014] [settingssync] [info] GlobalState: No changes found during synchronizing ui state.
[2022-01-10 15:51:09.107] [settingssync] [info] Extensions: No changes found during synchronizing extensions.
[2022-01-10 15:51:09.109] [settingssync] [info] Sync done. Took 196ms
[2022-01-10 15:52:52.161] [settingssync] [info] Auto Sync: Triggered by Activity
[2022-01-10 15:52:52.676] [settingssync] [info] Settings: No changes found during synchronizing settings.
[2022-01-10 15:52:52.679] [settingssync] [info] Keybindings: No changes found during synchronizing keybindings.
[2022-01-10 15:52:52.684] [settingssync] [info] Snippets: No changes found during synchronizing snippets.
[2022-01-10 15:52:52.720] [settingssync] [info] GlobalState: No changes found during synchronizing ui state.
[2022-01-10 15:52:52.839] [settingssync] [info] Extensions: No changes found during synchronizing extensions.
[2022-01-10 15:52:52.840] [settingssync] [info] Sync done. Took 282ms
[2022-01-10 15:53:03.343] [settingssync] [info] Auto Sync: Triggered by Activity
[2022-01-10 15:53:03.569] [settingssync] [info] Settings: No changes found during synchronizing settings.
[2022-01-10 15:53:03.573] [settingssync] [info] Keybindings: No changes found during synchronizing keybindings.
[2022-01-10 15:53:03.576] [settingssync] [info] Snippets: No changes found during synchronizing snippets.
[2022-01-10 15:53:03.603] [settingssync] [info] GlobalState: No changes found during synchronizing ui state.
[2022-01-10 15:53:03.685] [settingssync] [info] Extensions: No changes found during synchronizing extensions.
[2022-01-10 15:53:03.686] [settingssync] [info] Sync done. Took 154ms
[2022-01-10 15:53:26.314] [settingssync] [info] Auto Sync: Triggered by Activity
[2022-01-10 15:53:26.536] [settingssync] [info] Settings: No changes found during synchronizing settings.
[2022-01-10 15:53:26.539] [settingssync] [info] Keybindings: No changes found during synchronizing keybindings.
[2022-01-10 15:53:26.544] [settingssync] [info] Snippets: No changes found during synchronizing snippets.
[2022-01-10 15:53:26.578] [settingssync] [info] GlobalState: No changes found during synchronizing ui state.
[2022-01-10 15:53:26.654] [settingssync] [info] Extensions: No changes found during synchronizing extensions.
[2022-01-10 15:53:26.656] [settingssync] [info] Sync done. Took 224ms
[2022-01-10 15:53:42.407] [settingssync] [info] Auto Sync: Triggered by Activity
[2022-01-10 15:53:42.646] [settingssync] [info] Settings: No changes found during synchronizing settings.
[2022-01-10 15:53:42.650] [settingssync] [info] Keybindings: No changes found during synchronizing keybindings.
[2022-01-10 15:53:42.654] [settingssync] [info] Snippets: No changes found during synchronizing snippets.
[2022-01-10 15:53:42.688] [settingssync] [info] GlobalState: No changes found during synchronizing ui state.
[2022-01-10 15:53:42.772] [settingssync] [info] Extensions: No changes found during synchronizing extensions.
[2022-01-10 15:53:42.774] [settingssync] [info] Sync done. Took 245ms
[2022-01-10 15:54:58.053] [settingssync] [info] Auto Sync: Triggered by Activity
[2022-01-10 15:54:58.213] [settingssync] [info] Settings: No changes found during synchronizing settings.
[2022-01-10 15:54:58.217] [settingssync] [info] Keybindings: No changes found during synchronizing keybindings.
[2022-01-10 15:54:58.220] [settingssync] [info] Snippets: No changes found during synchronizing snippets.
[2022-01-10 15:54:58.253] [settingssync] [info] GlobalState: No changes found during synchronizing ui state.
[2022-01-10 15:54:58.338] [settingssync] [info] Extensions: No changes found during synchronizing extensions.
[2022-01-10 15:54:58.340] [settingssync] [info] Sync done. Took 179ms
[2022-01-10 15:55:15.835] [settingssync] [info] Auto Sync: Triggered by Activity
[2022-01-10 15:55:16.044] [settingssync] [info] Settings: No changes found during synchronizing settings.
[2022-01-10 15:55:16.046] [settingssync] [info] Keybindings: No changes found during synchronizing keybindings.
[2022-01-10 15:55:16.049] [settingssync] [info] Snippets: No changes found during synchronizing snippets.
[2022-01-10 15:55:16.079] [settingssync] [info] GlobalState: No changes found during synchronizing ui state.
[2022-01-10 15:55:16.168] [settingssync] [info] Extensions: No changes found during synchronizing extensions.
[2022-01-10 15:55:16.170] [settingssync] [info] Sync done. Took 178ms
[2022-01-10 15:55:31.972] [settingssync] [info] Auto Sync: Triggered by Activity
[2022-01-10 15:55:32.207] [settingssync] [info] Settings: No changes found during synchronizing settings.
[2022-01-10 15:55:32.209] [settingssync] [info] Keybindings: No changes found during synchronizing keybindings.
[2022-01-10 15:55:32.212] [settingssync] [info] Snippets: No changes found during synchronizing snippets.
[2022-01-10 15:55:32.241] [settingssync] [info] GlobalState: No changes found during synchronizing ui state.
[2022-01-10 15:55:32.324] [settingssync] [info] Extensions: No changes found during synchronizing extensions.
[2022-01-10 15:55:32.326] [settingssync] [info] Sync done. Took 235ms
[2022-01-10 15:55:48.502] [settingssync] [info] Auto Sync: Triggered by Activity
[2022-01-10 15:55:48.679] [settingssync] [info] Settings: No changes found during synchronizing settings.
[2022-01-10 15:55:48.682] [settingssync] [info] Keybindings: No changes found during synchronizing keybindings.
[2022-01-10 15:55:48.685] [settingssync] [info] Snippets: No changes found during synchronizing snippets.
[2022-01-10 15:55:48.713] [settingssync] [info] GlobalState: No changes found during synchronizing ui state.
[2022-01-10 15:55:48.794] [settingssync] [info] Extensions: No changes found during synchronizing extensions.
[2022-01-10 15:55:48.796] [settingssync] [info] Sync done. Took 174ms
[2022-01-10 15:56:14.184] [settingssync] [info] Auto Sync: Triggered by Activity
[2022-01-10 15:56:14.373] [settingssync] [info] Settings: No changes found during synchronizing settings.
[2022-01-10 15:56:14.376] [settingssync] [info] Keybindings: No changes found during synchronizing keybindings.
[2022-01-10 15:56:14.379] [settingssync] [info] Snippets: No changes found during synchronizing snippets.
[2022-01-10 15:56:14.413] [settingssync] [info] GlobalState: No changes found during synchronizing ui state.
[2022-01-10 15:56:14.490] [settingssync] [info] Extensions: No changes found during synchronizing extensions.
[2022-01-10 15:56:14.491] [settingssync] [info] Sync done. Took 173ms
[2022-01-10 15:56:32.399] [settingssync] [info] Auto Sync: Triggered by Activity
[2022-01-10 15:56:32.563] [settingssync] [info] Settings: No changes found during synchronizing settings.
[2022-01-10 15:56:32.566] [settingssync] [info] Keybindings: No changes found during synchronizing keybindings.
[2022-01-10 15:56:32.570] [settingssync] [info] Snippets: No changes found during synchronizing snippets.
[2022-01-10 15:56:32.607] [settingssync] [info] GlobalState: No changes found during synchronizing ui state.
[2022-01-10 15:56:32.697] [settingssync] [info] Extensions: No changes found during synchronizing extensions.
[2022-01-10 15:56:32.699] [settingssync] [info] Sync done. Took 175ms
[2022-01-10 15:57:09.304] [settingssync] [info] Auto Sync: Triggered by Activity
[2022-01-10 15:57:09.519] [settingssync] [info] Settings: No changes found during synchronizing settings.
[2022-01-10 15:57:09.521] [settingssync] [info] Keybindings: No changes found during synchronizing keybindings.
[2022-01-10 15:57:09.524] [settingssync] [info] Snippets: No changes found during synchronizing snippets.
[2022-01-10 15:57:09.551] [settingssync] [info] GlobalState: No changes found during synchronizing ui state.
[2022-01-10 15:57:09.632] [settingssync] [info] Extensions: No changes found during synchronizing extensions.
[2022-01-10 15:57:09.633] [settingssync] [info] Sync done. Took 194ms
[2022-01-10 15:57:24.287] [settingssync] [info] Auto Sync: Triggered by Activity
[2022-01-10 15:57:24.536] [settingssync] [info] Settings: No changes found during synchronizing settings.
[2022-01-10 15:57:24.540] [settingssync] [info] Keybindings: No changes found during synchronizing keybindings.
[2022-01-10 15:57:24.544] [settingssync] [info] Snippets: No changes found during synchronizing snippets.
[2022-01-10 15:57:24.575] [settingssync] [info] GlobalState: No changes found during synchronizing ui state.
[2022-01-10 15:57:24.654] [settingssync] [info] Extensions: No changes found during synchronizing extensions.
[2022-01-10 15:57:24.656] [settingssync] [info] Sync done. Took 233ms
[2022-01-10 15:57:38.175] [settingssync] [info] Auto Sync: Triggered by Activity
[2022-01-10 15:57:38.351] [settingssync] [info] Settings: No changes found during synchronizing settings.
[2022-01-10 15:57:38.353] [settingssync] [info] Keybindings: No changes found during synchronizing keybindings.
[2022-01-10 15:57:38.355] [settingssync] [info] Snippets: No changes found during synchronizing snippets.
[2022-01-10 15:57:38.382] [settingssync] [info] GlobalState: No changes found during synchronizing ui state.
[2022-01-10 15:57:38.457] [settingssync] [info] Extensions: No changes found during synchronizing extensions.
[2022-01-10 15:57:38.459] [settingssync] [info] Sync done. Took 166ms
[2022-01-10 15:57:57.289] [settingssync] [info] Auto Sync: Triggered by Activity
[2022-01-10 15:57:57.816] [settingssync] [info] Settings: No changes found during synchronizing settings.
[2022-01-10 15:57:57.819] [settingssync] [info] Keybindings: No changes found during synchronizing keybindings.
[2022-01-10 15:57:57.822] [settingssync] [info] Snippets: No changes found during synchronizing snippets.
[2022-01-10 15:57:57.851] [settingssync] [info] GlobalState: No changes found during synchronizing ui state.
[2022-01-10 15:57:57.947] [settingssync] [info] Extensions: No changes found during synchronizing extensions.
[2022-01-10 15:57:57.949] [settingssync] [info] Sync done. Took 187ms
[2022-01-10 15:58:10.475] [settingssync] [info] Auto Sync: Triggered by Activity
[2022-01-10 15:58:10.645] [settingssync] [info] Settings: No changes found during synchronizing settings.
[2022-01-10 15:58:10.651] [settingssync] [info] Keybindings: No changes found during synchronizing keybindings.
[2022-01-10 15:58:10.656] [settingssync] [info] Snippets: No changes found during synchronizing snippets.
[2022-01-10 15:58:10.685] [settingssync] [info] GlobalState: No changes found during synchronizing ui state.
[2022-01-10 15:58:10.761] [settingssync] [info] Extensions: No changes found during synchronizing extensions.
[2022-01-10 15:58:10.764] [settingssync] [info] Sync done. Took 176ms
[2022-01-10 15:58:30.125] [settingssync] [info] Auto Sync: Triggered by Activity
[2022-01-10 15:58:30.397] [settingssync] [info] Settings: No changes found during synchronizing settings.
[2022-01-10 15:58:30.401] [settingssync] [info] Keybindings: No changes found during synchronizing keybindings.
[2022-01-10 15:58:30.411] [settingssync] [info] Snippets: No changes found during synchronizing snippets.
[2022-01-10 15:58:30.444] [settingssync] [info] GlobalState: No changes found during synchronizing ui state.
[2022-01-10 15:58:30.517] [settingssync] [info] Extensions: No changes found during synchronizing extensions.
[2022-01-10 15:58:30.519] [settingssync] [info] Sync done. Took 250ms
[2022-01-10 15:58:56.498] [settingssync] [info] Auto Sync: Triggered by Activity
[2022-01-10 15:58:56.674] [settingssync] [info] Settings: No changes found during synchronizing settings.
[2022-01-10 15:58:56.677] [settingssync] [info] Keybindings: No changes found during synchronizing keybindings.
[2022-01-10 15:58:56.680] [settingssync] [info] Snippets: No changes found during synchronizing snippets.
[2022-01-10 15:58:56.713] [settingssync] [info] GlobalState: No changes found during synchronizing ui state.
[2022-01-10 15:58:56.795] [settingssync] [info] Extensions: No changes found during synchronizing extensions.
[2022-01-10 15:58:56.796] [settingssync] [info] Sync done. Took 180ms
[2022-01-10 15:59:24.468] [settingssync] [info] Auto Sync: Triggered by Activity
[2022-01-10 15:59:24.691] [settingssync] [info] Settings: No changes found during synchronizing settings.
[2022-01-10 15:59:24.693] [settingssync] [info] Keybindings: No changes found during synchronizing keybindings.
[2022-01-10 15:59:24.696] [settingssync] [info] Snippets: No changes found during synchronizing snippets.
[2022-01-10 15:59:24.724] [settingssync] [info] GlobalState: No changes found during synchronizing ui state.
[2022-01-10 15:59:24.798] [settingssync] [info] Extensions: No changes found during synchronizing extensions.
[2022-01-10 15:59:24.800] [settingssync] [info] Sync done. Took 166ms
[2022-01-10 15:59:37.837] [settingssync] [info] Auto Sync: Triggered by Activity
[2022-01-10 15:59:38.015] [settingssync] [info] Settings: No changes found during synchronizing settings.
[2022-01-10 15:59:38.018] [settingssync] [info] Keybindings: No changes found during synchronizing keybindings.
[2022-01-10 15:59:38.020] [settingssync] [info] Snippets: No changes found during synchronizing snippets.
[2022-01-10 15:59:38.047] [settingssync] [info] GlobalState: No changes found during synchronizing ui state.
[2022-01-10 15:59:38.120] [settingssync] [info] Extensions: No changes found during synchronizing extensions.
[2022-01-10 15:59:38.122] [settingssync] [info] Sync done. Took 164ms
[2022-01-10 15:59:49.432] [settingssync] [info] Auto Sync: Triggered by Activity
[2022-01-10 15:59:49.639] [settingssync] [info] Settings: No changes found during synchronizing settings.
[2022-01-10 15:59:49.642] [settingssync] [info] Keybindings: No changes found during synchronizing keybindings.
[2022-01-10 15:59:49.647] [settingssync] [info] Snippets: No changes found during synchronizing snippets.
[2022-01-10 15:59:49.677] [settingssync] [info] GlobalState: No changes found during synchronizing ui state.
[2022-01-10 15:59:49.755] [settingssync] [info] Extensions: No changes found during synchronizing extensions.
[2022-01-10 15:59:49.757] [settingssync] [info] Sync done. Took 209ms
[2022-01-10 16:00:01.782] [settingssync] [info] Auto Sync: Triggered by Activity
[2022-01-10 16:00:01.946] [settingssync] [info] Settings: No changes found during synchronizing settings.
[2022-01-10 16:00:01.948] [settingssync] [info] Keybindings: No changes found during synchronizing keybindings.
[2022-01-10 16:00:01.952] [settingssync] [info] Snippets: No changes found during synchronizing snippets.
[2022-01-10 16:00:01.981] [settingssync] [info] GlobalState: No changes found during synchronizing ui state.
[2022-01-10 16:00:02.062] [settingssync] [info] Extensions: No changes found during synchronizing extensions.
[2022-01-10 16:00:02.065] [settingssync] [info] Sync done. Took 173ms
[2022-01-10 16:00:23.467] [settingssync] [info] Auto Sync: Triggered by Activity
[2022-01-10 16:00:23.807] [settingssync] [info] Settings: No changes found during synchronizing settings.
[2022-01-10 16:00:23.810] [settingssync] [info] Keybindings: No changes found during synchronizing keybindings.
[2022-01-10 16:00:23.816] [settingssync] [info] Snippets: No changes found during synchronizing snippets.
[2022-01-10 16:00:23.849] [settingssync] [info] GlobalState: No changes found during synchronizing ui state.
[2022-01-10 16:00:23.953] [settingssync] [info] Extensions: No changes found during synchronizing extensions.
[2022-01-10 16:00:23.963] [settingssync] [info] Sync done. Took 246ms
[2022-01-10 16:01:55.627] [settingssync] [info] Auto Sync: Triggered by Activity
[2022-01-10 16:01:55.853] [settingssync] [info] Settings: No changes found during synchronizing settings.
[2022-01-10 16:01:55.859] [settingssync] [info] Keybindings: No changes found during synchronizing keybindings.
[2022-01-10 16:01:55.864] [settingssync] [info] Snippets: No changes found during synchronizing snippets.
[2022-01-10 16:01:55.907] [settingssync] [info] GlobalState: No changes found during synchronizing ui state.
[2022-01-10 16:01:55.998] [settingssync] [info] Extensions: No changes found during synchronizing extensions.
[2022-01-10 16:01:55.999] [settingssync] [info] Sync done. Took 264ms
[2022-01-10 16:05:44.840] [settingssync] [info] Auto Sync: Triggered by Activity
[2022-01-10 16:05:45.253] [settingssync] [info] Settings: No changes found during synchronizing settings.
[2022-01-10 16:05:45.260] [settingssync] [info] Keybindings: No changes found during synchronizing keybindings.
[2022-01-10 16:05:45.265] [settingssync] [info] Snippets: No changes found during synchronizing snippets.
[2022-01-10 16:05:45.295] [settingssync] [info] GlobalState: No changes found during synchronizing ui state.
[2022-01-10 16:05:45.368] [settingssync] [info] Extensions: No changes found during synchronizing extensions.
[2022-01-10 16:05:45.370] [settingssync] [info] Sync done. Took 171ms
[2022-01-10 16:08:15.446] [settingssync] [info] Auto Sync: Triggered by Activity
[2022-01-10 16:08:15.869] [settingssync] [info] Settings: No changes found during synchronizing settings.
[2022-01-10 16:08:15.877] [settingssync] [info] Keybindings: No changes found during synchronizing keybindings.
[2022-01-10 16:08:15.881] [settingssync] [info] Snippets: No changes found during synchronizing snippets.
[2022-01-10 16:08:15.915] [settingssync] [info] GlobalState: No changes found during synchronizing ui state.
[2022-01-10 16:08:15.999] [settingssync] [info] Extensions: No changes found during synchronizing extensions.
[2022-01-10 16:08:16.001] [settingssync] [info] Sync done. Took 265ms
