Info 2021-12-14 15:29:41: Experimentation service retrieved: [object Object]
User belongs to experiment group 'jupyterTest'
User belongs to experiment group 'jupyterEnhancedDataViewer'
Info 2021-12-14 15:29:41: ZMQ install verified.
Info 2021-12-14 15:29:41: Experiment status for python is {"enabled":true,"optInto":[],"optOutFrom":[]}
Info 2021-12-14 15:29:42: Process Execution: > /bin/python -m pip list
> /bin/python -m pip list
Info 2021-12-14 15:29:42: Process Execution: > /bin/python -m pip list
> /bin/python -m pip list
Info 2021-12-14 15:29:42: Process Execution: > /bin/python -c "import jupyter"
> /bin/python -c "import jupyter"
Info 2021-12-14 15:29:42: Process Execution: > /bin/python -c "import jupyter"
> /bin/python -c "import jupyter"
Info 2021-12-14 15:29:42: Process Execution: > /bin/python -c "import notebook"
> /bin/python -c "import notebook"
Info 2021-12-14 15:29:42: Process Execution: > /bin/python -c "import notebook"
> /bin/python -c "import notebook"
Info 2021-12-14 15:42:29: Shutting down notebooks for 8cc002fc-df7d-4cf5-bd7a-5b8438a84c42
Info 2021-12-14 15:42:29: Disposing HostJupyterExecution 1b7ef6d8-23ae-48df-a429-084a52211c7e
Info 2021-12-14 15:42:29: Disposing super HostJupyterExecution 1b7ef6d8-23ae-48df-a429-084a52211c7e
Info 2021-12-14 15:42:29: Disposing HostJupyterExecution 1b7ef6d8-23ae-48df-a429-084a52211c7e
Info 2021-12-14 15:42:29: Finished disposing HostJupyterExecution  1b7ef6d8-23ae-48df-a429-084a52211c7e
Info 2021-12-14 15:42:29: Cleaning up server cache 1b7ef6d8-23ae-48df-a429-084a52211c7e
Info 2021-12-14 15:42:29: Finished disposing HostJupyterExecution  1b7ef6d8-23ae-48df-a429-084a52211c7e
