[Info  - 03:34:20.659] Reading sessions from keychain...
[Info  - 03:34:20.807] Getting sessions for all scopes...
[Error  - 03:34:20.807] Getting token failed: Error: The name org.freedesktop.secrets was not provided by any .service files
[Info  - 03:34:21.396] Getting sessions for all scopes...
[Info  - 03:34:21.410] Got 0 sessions for all scopes...
[Info  - 03:34:21.410] Got 0 sessions for all scopes...
[Info  - 03:34:21.454] Getting sessions for repo...
[Info  - 03:34:21.454] Got 0 sessions for repo...
[Info  - 03:37:21.442] Getting sessions for all scopes...
[Info  - 03:37:21.442] Got 0 sessions for all scopes...
[Info  - 03:37:26.960] Getting sessions for all scopes...
[Info  - 03:37:26.960] Got 0 sessions for all scopes...
[Info  - 03:37:29.497] Logging in for the following scopes: user:email
[Trace  - 03:37:41.233] Handling Uri...
[Info  - 03:37:41.233] Exchanging code for token...
[Info  - 03:37:41.798] Token exchange success!
[Info  - 03:37:41.799] Getting user info...
[Info  - 03:37:42.184] Got account info!
[Info  - 03:37:42.185] Storing 1 sessions...
[Error  - 03:37:43.128] Setting token failed: Error: The name org.freedesktop.secrets was not provided by any .service files
[Info  - 03:37:53.130] Stored 1 sessions!
[Info  - 03:37:53.131] Login success!
[Info  - 03:37:53.149] Getting sessions for all scopes...
[Info  - 03:37:53.149] Getting sessions for all scopes...
[Info  - 03:37:53.149] Got 1 sessions for all scopes...
[Info  - 03:37:53.149] Got 1 sessions for all scopes...
[Info  - 03:37:53.151] Getting sessions for repo...
[Info  - 03:37:53.152] Got 0 sessions for repo...
