[2022-01-14 10:25:55.905] [settingssync] [info] Using settings sync service https://vscode-sync.trafficmanager.net/
[2022-01-14 10:25:55.905] [settingssync] [info] Auto Sync is enabled.
[2022-01-14 10:25:55.905] [settingssync] [info] Auto Sync: Suspended until auth token is available.
[2022-01-14 10:25:56.659] [settingssync] [info] Auto Sync: Started
[2022-01-14 10:25:56.659] [settingssync] [info] Auto Sync: Triggered by Interval
[2022-01-14 10:25:57.186] [settingssync] [info] Settings: No changes found during synchronizing settings.
[2022-01-14 10:25:57.425] [settingssync] [info] Keybindings: No changes found during synchronizing keybindings.
[2022-01-14 10:25:57.430] [settingssync] [info] Snippets: No changes found during synchronizing snippets.
[2022-01-14 10:25:57.840] [settingssync] [info] GlobalState: Updated remote ui state
[2022-01-14 10:25:57.852] [settingssync] [info] GlobalState: Updated last synchronized ui state
[2022-01-14 10:25:58.028] [settingssync] [info] Extensions: No changes found during synchronizing extensions.
[2022-01-14 10:25:58.029] [settingssync] [info] Sync done. Took 918ms
[2022-01-14 10:25:59.101] [settingssync] [info] Auto Sync: Triggered by Activity
[2022-01-14 10:25:59.253] [settingssync] [info] Settings: No changes found during synchronizing settings.
[2022-01-14 10:25:59.257] [settingssync] [info] Keybindings: No changes found during synchronizing keybindings.
[2022-01-14 10:25:59.261] [settingssync] [info] Snippets: No changes found during synchronizing snippets.
[2022-01-14 10:25:59.296] [settingssync] [info] GlobalState: No changes found during synchronizing ui state.
[2022-01-14 10:25:59.370] [settingssync] [info] Extensions: No changes found during synchronizing extensions.
[2022-01-14 10:25:59.370] [settingssync] [info] Sync done. Took 153ms
[2022-01-14 10:26:11.314] [settingssync] [info] Auto Sync: Triggered by Activity
[2022-01-14 10:26:11.441] [settingssync] [info] Settings: No changes found during synchronizing settings.
[2022-01-14 10:26:11.443] [settingssync] [info] Keybindings: No changes found during synchronizing keybindings.
[2022-01-14 10:26:11.448] [settingssync] [info] Snippets: No changes found during synchronizing snippets.
[2022-01-14 10:26:11.568] [settingssync] [info] GlobalState: No changes found during synchronizing ui state.
[2022-01-14 10:26:11.668] [settingssync] [info] Extensions: No changes found during synchronizing extensions.
[2022-01-14 10:26:11.669] [settingssync] [info] Sync done. Took 237ms
[2022-01-14 10:26:35.258] [settingssync] [info] Auto Sync: Triggered by Activity
[2022-01-14 10:26:35.419] [settingssync] [info] Settings: No changes found during synchronizing settings.
[2022-01-14 10:26:35.421] [settingssync] [info] Keybindings: No changes found during synchronizing keybindings.
[2022-01-14 10:26:35.424] [settingssync] [info] Snippets: No changes found during synchronizing snippets.
[2022-01-14 10:26:35.467] [settingssync] [info] GlobalState: No changes found during synchronizing ui state.
[2022-01-14 10:26:35.558] [settingssync] [info] Extensions: No changes found during synchronizing extensions.
[2022-01-14 10:26:35.561] [settingssync] [info] Sync done. Took 193ms
[2022-01-14 10:26:46.385] [settingssync] [info] Auto Sync: Triggered by Activity
[2022-01-14 10:26:46.613] [settingssync] [info] Settings: No changes found during synchronizing settings.
[2022-01-14 10:26:46.617] [settingssync] [info] Keybindings: No changes found during synchronizing keybindings.
[2022-01-14 10:26:46.620] [settingssync] [info] Snippets: No changes found during synchronizing snippets.
[2022-01-14 10:26:46.661] [settingssync] [info] GlobalState: No changes found during synchronizing ui state.
[2022-01-14 10:26:46.788] [settingssync] [info] Extensions: No changes found during synchronizing extensions.
[2022-01-14 10:26:46.791] [settingssync] [info] Sync done. Took 282ms
[2022-01-14 10:30:51.912] [settingssync] [info] Auto Sync: Triggered by Activity
[2022-01-14 10:30:52.270] [settingssync] [info] Settings: No changes found during synchronizing settings.
[2022-01-14 10:30:52.272] [settingssync] [info] Keybindings: No changes found during synchronizing keybindings.
[2022-01-14 10:30:52.276] [settingssync] [info] Snippets: No changes found during synchronizing snippets.
[2022-01-14 10:30:52.319] [settingssync] [info] GlobalState: No changes found during synchronizing ui state.
[2022-01-14 10:30:52.416] [settingssync] [info] Extensions: No changes found during synchronizing extensions.
[2022-01-14 10:30:52.422] [settingssync] [info] Sync done. Took 195ms
[2022-01-14 10:31:06.725] [settingssync] [info] Auto Sync: Triggered by Activity
[2022-01-14 10:31:06.937] [settingssync] [info] Settings: No changes found during synchronizing settings.
[2022-01-14 10:31:06.946] [settingssync] [info] Keybindings: No changes found during synchronizing keybindings.
[2022-01-14 10:31:06.956] [settingssync] [info] Snippets: No changes found during synchronizing snippets.
[2022-01-14 10:31:07.013] [settingssync] [info] GlobalState: No changes found during synchronizing ui state.
[2022-01-14 10:31:07.079] [settingssync] [info] Extensions: No changes found during synchronizing extensions.
[2022-01-14 10:31:07.080] [settingssync] [info] Sync done. Took 195ms
[2022-01-14 10:31:20.898] [settingssync] [info] Auto Sync: Triggered by Activity
[2022-01-14 10:31:21.032] [settingssync] [info] Settings: No changes found during synchronizing settings.
[2022-01-14 10:31:21.036] [settingssync] [info] Keybindings: No changes found during synchronizing keybindings.
[2022-01-14 10:31:21.041] [settingssync] [info] Snippets: No changes found during synchronizing snippets.
[2022-01-14 10:31:21.083] [settingssync] [info] GlobalState: No changes found during synchronizing ui state.
[2022-01-14 10:31:21.166] [settingssync] [info] Extensions: No changes found during synchronizing extensions.
[2022-01-14 10:31:21.167] [settingssync] [info] Sync done. Took 161ms
[2022-01-14 10:31:51.987] [settingssync] [info] Auto Sync: Triggered by Activity
[2022-01-14 10:31:52.145] [settingssync] [info] Settings: No changes found during synchronizing settings.
[2022-01-14 10:31:52.147] [settingssync] [info] Keybindings: No changes found during synchronizing keybindings.
[2022-01-14 10:31:52.151] [settingssync] [info] Snippets: No changes found during synchronizing snippets.
[2022-01-14 10:31:52.198] [settingssync] [info] GlobalState: No changes found during synchronizing ui state.
[2022-01-14 10:31:52.262] [settingssync] [info] Extensions: No changes found during synchronizing extensions.
[2022-01-14 10:31:52.270] [settingssync] [info] Sync done. Took 163ms
[2022-01-14 10:32:05.377] [settingssync] [info] Auto Sync: Triggered by Activity
[2022-01-14 10:32:05.538] [settingssync] [info] Settings: No changes found during synchronizing settings.
[2022-01-14 10:32:05.543] [settingssync] [info] Keybindings: No changes found during synchronizing keybindings.
[2022-01-14 10:32:05.546] [settingssync] [info] Snippets: No changes found during synchronizing snippets.
[2022-01-14 10:32:05.602] [settingssync] [info] GlobalState: No changes found during synchronizing ui state.
[2022-01-14 10:32:05.689] [settingssync] [info] Extensions: No changes found during synchronizing extensions.
[2022-01-14 10:32:05.702] [settingssync] [info] Sync done. Took 221ms
[2022-01-14 10:34:05.729] [settingssync] [info] Auto Sync: Triggered by Activity
[2022-01-14 10:34:05.934] [settingssync] [info] Settings: No changes found during synchronizing settings.
[2022-01-14 10:34:05.939] [settingssync] [info] Keybindings: No changes found during synchronizing keybindings.
[2022-01-14 10:34:05.946] [settingssync] [info] Snippets: No changes found during synchronizing snippets.
[2022-01-14 10:34:05.996] [settingssync] [info] GlobalState: No changes found during synchronizing ui state.
[2022-01-14 10:34:06.095] [settingssync] [info] Extensions: No changes found during synchronizing extensions.
[2022-01-14 10:34:06.097] [settingssync] [info] Sync done. Took 255ms
[2022-01-14 10:35:35.422] [settingssync] [info] Auto Sync: Triggered by Activity
[2022-01-14 10:35:35.608] [settingssync] [info] Settings: No changes found during synchronizing settings.
[2022-01-14 10:35:35.611] [settingssync] [info] Keybindings: No changes found during synchronizing keybindings.
[2022-01-14 10:35:35.615] [settingssync] [info] Snippets: No changes found during synchronizing snippets.
[2022-01-14 10:35:35.674] [settingssync] [info] GlobalState: No changes found during synchronizing ui state.
[2022-01-14 10:35:35.965] [settingssync] [info] Extensions: No changes found during synchronizing extensions.
[2022-01-14 10:35:35.967] [settingssync] [info] Sync done. Took 412ms
[2022-01-14 10:38:19.831] [settingssync] [info] Auto Sync: Triggered by Activity
[2022-01-14 10:38:20.220] [settingssync] [info] Settings: No changes found during synchronizing settings.
[2022-01-14 10:38:20.223] [settingssync] [info] Keybindings: No changes found during synchronizing keybindings.
[2022-01-14 10:38:20.226] [settingssync] [info] Snippets: No changes found during synchronizing snippets.
[2022-01-14 10:38:20.270] [settingssync] [info] GlobalState: No changes found during synchronizing ui state.
[2022-01-14 10:38:20.344] [settingssync] [info] Extensions: No changes found during synchronizing extensions.
[2022-01-14 10:38:20.347] [settingssync] [info] Sync done. Took 224ms
[2022-01-14 10:38:41.416] [settingssync] [info] Auto Sync: Triggered by Activity
[2022-01-14 10:38:41.577] [settingssync] [info] Settings: No changes found during synchronizing settings.
[2022-01-14 10:38:41.581] [settingssync] [info] Keybindings: No changes found during synchronizing keybindings.
[2022-01-14 10:38:41.584] [settingssync] [info] Snippets: No changes found during synchronizing snippets.
[2022-01-14 10:38:41.628] [settingssync] [info] GlobalState: No changes found during synchronizing ui state.
[2022-01-14 10:38:41.703] [settingssync] [info] Extensions: No changes found during synchronizing extensions.
[2022-01-14 10:38:41.705] [settingssync] [info] Sync done. Took 173ms
[2022-01-14 10:39:21.835] [settingssync] [info] Auto Sync: Triggered by Activity
[2022-01-14 10:39:21.994] [settingssync] [info] Settings: No changes found during synchronizing settings.
[2022-01-14 10:39:21.996] [settingssync] [info] Keybindings: No changes found during synchronizing keybindings.
[2022-01-14 10:39:22.000] [settingssync] [info] Snippets: No changes found during synchronizing snippets.
[2022-01-14 10:39:22.043] [settingssync] [info] GlobalState: No changes found during synchronizing ui state.
[2022-01-14 10:39:22.126] [settingssync] [info] Extensions: No changes found during synchronizing extensions.
[2022-01-14 10:39:22.129] [settingssync] [info] Sync done. Took 178ms
[2022-01-14 10:39:48.798] [settingssync] [info] Auto Sync: Triggered by Activity
[2022-01-14 10:39:48.973] [settingssync] [info] Settings: No changes found during synchronizing settings.
[2022-01-14 10:39:48.977] [settingssync] [info] Keybindings: No changes found during synchronizing keybindings.
[2022-01-14 10:39:48.981] [settingssync] [info] Snippets: No changes found during synchronizing snippets.
[2022-01-14 10:39:49.038] [settingssync] [info] GlobalState: No changes found during synchronizing ui state.
[2022-01-14 10:39:49.115] [settingssync] [info] Extensions: No changes found during synchronizing extensions.
[2022-01-14 10:39:49.117] [settingssync] [info] Sync done. Took 200ms
[2022-01-14 10:40:20.333] [settingssync] [info] Auto Sync: Triggered by Activity
[2022-01-14 10:40:20.783] [settingssync] [info] Settings: No changes found during synchronizing settings.
[2022-01-14 10:40:20.786] [settingssync] [info] Keybindings: No changes found during synchronizing keybindings.
[2022-01-14 10:40:20.788] [settingssync] [info] Snippets: No changes found during synchronizing snippets.
[2022-01-14 10:40:20.835] [settingssync] [info] GlobalState: No changes found during synchronizing ui state.
[2022-01-14 10:40:20.933] [settingssync] [info] Extensions: No changes found during synchronizing extensions.
[2022-01-14 10:40:20.937] [settingssync] [info] Sync done. Took 206ms
[2022-01-14 10:42:10.784] [settingssync] [info] Auto Sync: Triggered by Activity
[2022-01-14 10:42:10.951] [settingssync] [info] Settings: No changes found during synchronizing settings.
[2022-01-14 10:42:10.953] [settingssync] [info] Keybindings: No changes found during synchronizing keybindings.
[2022-01-14 10:42:10.956] [settingssync] [info] Snippets: No changes found during synchronizing snippets.
[2022-01-14 10:42:11.008] [settingssync] [info] GlobalState: No changes found during synchronizing ui state.
[2022-01-14 10:42:11.104] [settingssync] [info] Extensions: No changes found during synchronizing extensions.
[2022-01-14 10:42:11.105] [settingssync] [info] Sync done. Took 189ms
[2022-01-14 10:44:50.649] [settingssync] [info] Auto Sync: Triggered by Activity
[2022-01-14 10:44:51.183] [settingssync] [info] Settings: No changes found during synchronizing settings.
[2022-01-14 10:44:51.187] [settingssync] [info] Keybindings: No changes found during synchronizing keybindings.
[2022-01-14 10:44:51.194] [settingssync] [info] Snippets: No changes found during synchronizing snippets.
[2022-01-14 10:44:51.256] [settingssync] [info] GlobalState: No changes found during synchronizing ui state.
[2022-01-14 10:44:51.389] [settingssync] [info] Extensions: No changes found during synchronizing extensions.
[2022-01-14 10:44:51.390] [settingssync] [info] Sync done. Took 239ms
[2022-01-14 10:45:50.500] [settingssync] [info] Auto Sync: Triggered by Activity
[2022-01-14 10:45:50.661] [settingssync] [info] Settings: No changes found during synchronizing settings.
[2022-01-14 10:45:50.664] [settingssync] [info] Keybindings: No changes found during synchronizing keybindings.
[2022-01-14 10:45:50.668] [settingssync] [info] Snippets: No changes found during synchronizing snippets.
[2022-01-14 10:45:50.712] [settingssync] [info] GlobalState: No changes found during synchronizing ui state.
[2022-01-14 10:45:50.792] [settingssync] [info] Extensions: No changes found during synchronizing extensions.
[2022-01-14 10:45:50.793] [settingssync] [info] Sync done. Took 173ms
[2022-01-14 10:46:30.276] [settingssync] [info] Auto Sync: Triggered by Activity
[2022-01-14 10:46:30.425] [settingssync] [info] Settings: No changes found during synchronizing settings.
[2022-01-14 10:46:30.428] [settingssync] [info] Keybindings: No changes found during synchronizing keybindings.
[2022-01-14 10:46:30.431] [settingssync] [info] Snippets: No changes found during synchronizing snippets.
[2022-01-14 10:46:30.474] [settingssync] [info] GlobalState: No changes found during synchronizing ui state.
[2022-01-14 10:46:30.549] [settingssync] [info] Extensions: No changes found during synchronizing extensions.
[2022-01-14 10:46:30.550] [settingssync] [info] Sync done. Took 138ms
[2022-01-14 10:46:40.787] [settingssync] [info] Auto Sync: Triggered by Activity
[2022-01-14 10:46:40.958] [settingssync] [info] Settings: No changes found during synchronizing settings.
[2022-01-14 10:46:40.960] [settingssync] [info] Keybindings: No changes found during synchronizing keybindings.
[2022-01-14 10:46:40.963] [settingssync] [info] Snippets: No changes found during synchronizing snippets.
[2022-01-14 10:46:41.003] [settingssync] [info] GlobalState: No changes found during synchronizing ui state.
[2022-01-14 10:46:41.066] [settingssync] [info] Extensions: No changes found during synchronizing extensions.
[2022-01-14 10:46:41.067] [settingssync] [info] Sync done. Took 154ms
[2022-01-14 10:47:27.365] [settingssync] [info] Auto Sync: Triggered by Activity
[2022-01-14 10:47:27.534] [settingssync] [info] Settings: No changes found during synchronizing settings.
[2022-01-14 10:47:27.540] [settingssync] [info] Keybindings: No changes found during synchronizing keybindings.
[2022-01-14 10:47:27.544] [settingssync] [info] Snippets: No changes found during synchronizing snippets.
[2022-01-14 10:47:27.585] [settingssync] [info] GlobalState: No changes found during synchronizing ui state.
[2022-01-14 10:47:27.668] [settingssync] [info] Extensions: No changes found during synchronizing extensions.
[2022-01-14 10:47:27.669] [settingssync] [info] Sync done. Took 195ms
[2022-01-14 10:49:03.461] [settingssync] [info] Auto Sync: Triggered by Activity
[2022-01-14 10:49:03.901] [settingssync] [info] Settings: No changes found during synchronizing settings.
[2022-01-14 10:49:03.907] [settingssync] [info] Keybindings: No changes found during synchronizing keybindings.
[2022-01-14 10:49:03.911] [settingssync] [info] Snippets: No changes found during synchronizing snippets.
[2022-01-14 10:49:03.959] [settingssync] [info] GlobalState: No changes found during synchronizing ui state.
[2022-01-14 10:49:04.051] [settingssync] [info] Extensions: No changes found during synchronizing extensions.
[2022-01-14 10:49:04.053] [settingssync] [info] Sync done. Took 212ms
[2022-01-14 10:49:16.588] [settingssync] [info] Auto Sync: Triggered by Activity
[2022-01-14 10:49:16.817] [settingssync] [info] Settings: No changes found during synchronizing settings.
[2022-01-14 10:49:16.820] [settingssync] [info] Keybindings: No changes found during synchronizing keybindings.
[2022-01-14 10:49:16.823] [settingssync] [info] Snippets: No changes found during synchronizing snippets.
[2022-01-14 10:49:16.863] [settingssync] [info] GlobalState: No changes found during synchronizing ui state.
[2022-01-14 10:49:16.921] [settingssync] [info] Extensions: No changes found during synchronizing extensions.
[2022-01-14 10:49:16.922] [settingssync] [info] Sync done. Took 149ms
[2022-01-14 10:49:42.015] [settingssync] [info] Auto Sync: Triggered by Activity
[2022-01-14 10:49:42.169] [settingssync] [info] Settings: No changes found during synchronizing settings.
[2022-01-14 10:49:42.171] [settingssync] [info] Keybindings: No changes found during synchronizing keybindings.
[2022-01-14 10:49:42.173] [settingssync] [info] Snippets: No changes found during synchronizing snippets.
[2022-01-14 10:49:42.215] [settingssync] [info] GlobalState: No changes found during synchronizing ui state.
[2022-01-14 10:49:42.283] [settingssync] [info] Extensions: No changes found during synchronizing extensions.
[2022-01-14 10:49:42.285] [settingssync] [info] Sync done. Took 165ms
[2022-01-14 10:49:56.991] [settingssync] [info] Auto Sync: Triggered by Activity
[2022-01-14 10:49:57.202] [settingssync] [info] Settings: No changes found during synchronizing settings.
[2022-01-14 10:49:57.205] [settingssync] [info] Keybindings: No changes found during synchronizing keybindings.
[2022-01-14 10:49:57.209] [settingssync] [info] Snippets: No changes found during synchronizing snippets.
[2022-01-14 10:49:57.254] [settingssync] [info] GlobalState: No changes found during synchronizing ui state.
[2022-01-14 10:49:57.329] [settingssync] [info] Extensions: No changes found during synchronizing extensions.
[2022-01-14 10:49:57.331] [settingssync] [info] Sync done. Took 160ms
[2022-01-14 10:54:57.345] [settingssync] [info] Auto Sync: Triggered by Interval
[2022-01-14 10:54:57.685] [settingssync] [info] Settings: No changes found during synchronizing settings.
[2022-01-14 10:54:57.690] [settingssync] [info] Keybindings: No changes found during synchronizing keybindings.
[2022-01-14 10:54:57.697] [settingssync] [info] Snippets: No changes found during synchronizing snippets.
[2022-01-14 10:54:57.772] [settingssync] [info] GlobalState: No changes found during synchronizing ui state.
[2022-01-14 10:54:57.889] [settingssync] [info] Extensions: No changes found during synchronizing extensions.
[2022-01-14 10:54:57.890] [settingssync] [info] Sync done. Took 265ms
[2022-01-14 10:56:35.715] [settingssync] [info] Auto Sync: Triggered by Activity
[2022-01-14 10:56:36.009] [settingssync] [info] Settings: No changes found during synchronizing settings.
[2022-01-14 10:56:36.013] [settingssync] [info] Keybindings: No changes found during synchronizing keybindings.
[2022-01-14 10:56:36.016] [settingssync] [info] Snippets: No changes found during synchronizing snippets.
[2022-01-14 10:56:36.059] [settingssync] [info] GlobalState: No changes found during synchronizing ui state.
[2022-01-14 10:56:36.153] [settingssync] [info] Extensions: No changes found during synchronizing extensions.
[2022-01-14 10:56:36.154] [settingssync] [info] Sync done. Took 190ms
[2022-01-14 10:56:57.130] [settingssync] [info] Auto Sync: Triggered by Activity
[2022-01-14 10:56:57.302] [settingssync] [info] Settings: No changes found during synchronizing settings.
[2022-01-14 10:56:57.308] [settingssync] [info] Keybindings: No changes found during synchronizing keybindings.
[2022-01-14 10:56:57.311] [settingssync] [info] Snippets: No changes found during synchronizing snippets.
[2022-01-14 10:56:57.361] [settingssync] [info] GlobalState: No changes found during synchronizing ui state.
[2022-01-14 10:56:57.434] [settingssync] [info] Extensions: No changes found during synchronizing extensions.
[2022-01-14 10:56:57.435] [settingssync] [info] Sync done. Took 191ms
[2022-01-14 10:57:59.522] [settingssync] [info] Auto Sync: Triggered by Activity
[2022-01-14 10:57:59.677] [settingssync] [info] Settings: No changes found during synchronizing settings.
[2022-01-14 10:57:59.680] [settingssync] [info] Keybindings: No changes found during synchronizing keybindings.
[2022-01-14 10:57:59.683] [settingssync] [info] Snippets: No changes found during synchronizing snippets.
[2022-01-14 10:57:59.726] [settingssync] [info] GlobalState: No changes found during synchronizing ui state.
[2022-01-14 10:57:59.805] [settingssync] [info] Extensions: No changes found during synchronizing extensions.
[2022-01-14 10:57:59.806] [settingssync] [info] Sync done. Took 171ms
[2022-01-14 11:00:42.072] [settingssync] [info] Auto Sync: Triggered by Activity
[2022-01-14 11:00:42.432] [settingssync] [info] Settings: No changes found during synchronizing settings.
[2022-01-14 11:00:42.435] [settingssync] [info] Keybindings: No changes found during synchronizing keybindings.
[2022-01-14 11:00:42.439] [settingssync] [info] Snippets: No changes found during synchronizing snippets.
[2022-01-14 11:00:42.502] [settingssync] [info] GlobalState: No changes found during synchronizing ui state.
[2022-01-14 11:00:42.584] [settingssync] [info] Extensions: No changes found during synchronizing extensions.
[2022-01-14 11:00:42.585] [settingssync] [info] Sync done. Took 201ms
[2022-01-14 11:00:52.844] [settingssync] [info] Auto Sync: Triggered by Activity
[2022-01-14 11:00:53.051] [settingssync] [info] Settings: No changes found during synchronizing settings.
[2022-01-14 11:00:53.053] [settingssync] [info] Keybindings: No changes found during synchronizing keybindings.
[2022-01-14 11:00:53.056] [settingssync] [info] Snippets: No changes found during synchronizing snippets.
[2022-01-14 11:00:53.095] [settingssync] [info] GlobalState: No changes found during synchronizing ui state.
[2022-01-14 11:00:53.165] [settingssync] [info] Extensions: No changes found during synchronizing extensions.
[2022-01-14 11:00:53.167] [settingssync] [info] Sync done. Took 197ms
[2022-01-14 11:05:10.913] [settingssync] [info] Auto Sync: Triggered by Activity
[2022-01-14 11:05:11.228] [settingssync] [info] Settings: No changes found during synchronizing settings.
[2022-01-14 11:05:11.230] [settingssync] [info] Keybindings: No changes found during synchronizing keybindings.
[2022-01-14 11:05:11.232] [settingssync] [info] Snippets: No changes found during synchronizing snippets.
[2022-01-14 11:05:11.291] [settingssync] [info] GlobalState: No changes found during synchronizing ui state.
[2022-01-14 11:05:11.362] [settingssync] [info] Extensions: No changes found during synchronizing extensions.
[2022-01-14 11:05:11.363] [settingssync] [info] Sync done. Took 192ms
[2022-01-14 11:05:41.139] [settingssync] [info] Auto Sync: Triggered by Activity
[2022-01-14 11:05:41.278] [settingssync] [info] Settings: No changes found during synchronizing settings.
[2022-01-14 11:05:41.280] [settingssync] [info] Keybindings: No changes found during synchronizing keybindings.
[2022-01-14 11:05:41.282] [settingssync] [info] Snippets: No changes found during synchronizing snippets.
[2022-01-14 11:05:41.325] [settingssync] [info] GlobalState: No changes found during synchronizing ui state.
[2022-01-14 11:05:41.418] [settingssync] [info] Extensions: No changes found during synchronizing extensions.
[2022-01-14 11:05:41.419] [settingssync] [info] Sync done. Took 160ms
[2022-01-14 11:06:17.396] [settingssync] [info] Auto Sync: Triggered by Activity
[2022-01-14 11:06:17.597] [settingssync] [info] Settings: No changes found during synchronizing settings.
[2022-01-14 11:06:17.602] [settingssync] [info] Keybindings: No changes found during synchronizing keybindings.
[2022-01-14 11:06:17.606] [settingssync] [info] Snippets: No changes found during synchronizing snippets.
[2022-01-14 11:06:17.656] [settingssync] [info] GlobalState: No changes found during synchronizing ui state.
[2022-01-14 11:06:17.740] [settingssync] [info] Extensions: No changes found during synchronizing extensions.
[2022-01-14 11:06:17.741] [settingssync] [info] Sync done. Took 180ms
[2022-01-14 11:06:43.188] [settingssync] [info] Auto Sync: Triggered by Activity
[2022-01-14 11:06:43.365] [settingssync] [info] Settings: No changes found during synchronizing settings.
[2022-01-14 11:06:43.368] [settingssync] [info] Keybindings: No changes found during synchronizing keybindings.
[2022-01-14 11:06:43.372] [settingssync] [info] Snippets: No changes found during synchronizing snippets.
[2022-01-14 11:06:43.423] [settingssync] [info] GlobalState: No changes found during synchronizing ui state.
[2022-01-14 11:06:43.511] [settingssync] [info] Extensions: No changes found during synchronizing extensions.
[2022-01-14 11:06:43.512] [settingssync] [info] Sync done. Took 170ms
[2022-01-14 11:07:22.267] [settingssync] [info] Auto Sync: Triggered by Activity
[2022-01-14 11:07:22.743] [settingssync] [info] Settings: No changes found during synchronizing settings.
[2022-01-14 11:07:22.745] [settingssync] [info] Keybindings: No changes found during synchronizing keybindings.
[2022-01-14 11:07:22.748] [settingssync] [info] Snippets: No changes found during synchronizing snippets.
[2022-01-14 11:07:22.797] [settingssync] [info] GlobalState: No changes found during synchronizing ui state.
[2022-01-14 11:07:22.875] [settingssync] [info] Extensions: No changes found during synchronizing extensions.
[2022-01-14 11:07:22.876] [settingssync] [info] Sync done. Took 167ms
[2022-01-14 11:07:37.506] [settingssync] [info] Auto Sync: Triggered by Activity
[2022-01-14 11:07:37.671] [settingssync] [info] Settings: No changes found during synchronizing settings.
[2022-01-14 11:07:37.674] [settingssync] [info] Keybindings: No changes found during synchronizing keybindings.
[2022-01-14 11:07:37.678] [settingssync] [info] Snippets: No changes found during synchronizing snippets.
[2022-01-14 11:07:37.721] [settingssync] [info] GlobalState: No changes found during synchronizing ui state.
[2022-01-14 11:07:37.796] [settingssync] [info] Extensions: No changes found during synchronizing extensions.
[2022-01-14 11:07:37.797] [settingssync] [info] Sync done. Took 164ms
[2022-01-14 11:07:48.130] [settingssync] [info] Auto Sync: Triggered by Activity
[2022-01-14 11:07:48.273] [settingssync] [info] Settings: No changes found during synchronizing settings.
[2022-01-14 11:07:48.275] [settingssync] [info] Keybindings: No changes found during synchronizing keybindings.
[2022-01-14 11:07:48.278] [settingssync] [info] Snippets: No changes found during synchronizing snippets.
[2022-01-14 11:07:48.317] [settingssync] [info] GlobalState: No changes found during synchronizing ui state.
[2022-01-14 11:07:48.387] [settingssync] [info] Extensions: No changes found during synchronizing extensions.
[2022-01-14 11:07:48.388] [settingssync] [info] Sync done. Took 146ms
[2022-01-14 11:08:29.576] [settingssync] [info] Auto Sync: Triggered by Activity
[2022-01-14 11:08:29.784] [settingssync] [info] Settings: No changes found during synchronizing settings.
[2022-01-14 11:08:29.790] [settingssync] [info] Keybindings: No changes found during synchronizing keybindings.
[2022-01-14 11:08:29.796] [settingssync] [info] Snippets: No changes found during synchronizing snippets.
[2022-01-14 11:08:29.847] [settingssync] [info] GlobalState: No changes found during synchronizing ui state.
[2022-01-14 11:08:29.919] [settingssync] [info] Extensions: No changes found during synchronizing extensions.
[2022-01-14 11:08:29.921] [settingssync] [info] Sync done. Took 210ms
[2022-01-14 11:09:00.830] [settingssync] [info] Auto Sync: Triggered by Activity
[2022-01-14 11:09:01.007] [settingssync] [info] Settings: No changes found during synchronizing settings.
[2022-01-14 11:09:01.010] [settingssync] [info] Keybindings: No changes found during synchronizing keybindings.
[2022-01-14 11:09:01.012] [settingssync] [info] Snippets: No changes found during synchronizing snippets.
[2022-01-14 11:09:01.055] [settingssync] [info] GlobalState: No changes found during synchronizing ui state.
[2022-01-14 11:09:01.124] [settingssync] [info] Extensions: No changes found during synchronizing extensions.
[2022-01-14 11:09:01.126] [settingssync] [info] Sync done. Took 167ms
[2022-01-14 11:13:55.339] [settingssync] [info] Auto Sync: Triggered by Activity
[2022-01-14 11:13:55.888] [settingssync] [info] Settings: No changes found during synchronizing settings.
[2022-01-14 11:13:55.893] [settingssync] [info] Keybindings: No changes found during synchronizing keybindings.
[2022-01-14 11:13:55.898] [settingssync] [info] Snippets: No changes found during synchronizing snippets.
[2022-01-14 11:13:55.948] [settingssync] [info] GlobalState: No changes found during synchronizing ui state.
[2022-01-14 11:13:56.066] [settingssync] [info] Extensions: No changes found during synchronizing extensions.
[2022-01-14 11:13:56.068] [settingssync] [info] Sync done. Took 294ms
[2022-01-14 11:14:40.575] [settingssync] [info] Auto Sync: Triggered by Activity
[2022-01-14 11:14:40.741] [settingssync] [info] Settings: No changes found during synchronizing settings.
[2022-01-14 11:14:40.745] [settingssync] [info] Keybindings: No changes found during synchronizing keybindings.
[2022-01-14 11:14:40.749] [settingssync] [info] Snippets: No changes found during synchronizing snippets.
[2022-01-14 11:14:40.794] [settingssync] [info] GlobalState: No changes found during synchronizing ui state.
[2022-01-14 11:14:40.879] [settingssync] [info] Extensions: No changes found during synchronizing extensions.
[2022-01-14 11:14:40.879] [settingssync] [info] Sync done. Took 181ms
[2022-01-14 11:14:53.270] [settingssync] [info] Auto Sync: Triggered by Activity
[2022-01-14 11:14:53.471] [settingssync] [info] Settings: No changes found during synchronizing settings.
[2022-01-14 11:14:53.488] [settingssync] [info] Keybindings: No changes found during synchronizing keybindings.
[2022-01-14 11:14:53.496] [settingssync] [info] Snippets: No changes found during synchronizing snippets.
[2022-01-14 11:14:53.548] [settingssync] [info] GlobalState: No changes found during synchronizing ui state.
[2022-01-14 11:14:53.608] [settingssync] [info] Extensions: No changes found during synchronizing extensions.
[2022-01-14 11:14:53.609] [settingssync] [info] Sync done. Took 228ms
[2022-01-14 11:15:24.535] [settingssync] [info] Auto Sync: Triggered by Activity
[2022-01-14 11:15:24.722] [settingssync] [info] Settings: No changes found during synchronizing settings.
[2022-01-14 11:15:24.727] [settingssync] [info] Keybindings: No changes found during synchronizing keybindings.
[2022-01-14 11:15:24.731] [settingssync] [info] Snippets: No changes found during synchronizing snippets.
[2022-01-14 11:15:24.795] [settingssync] [info] GlobalState: No changes found during synchronizing ui state.
[2022-01-14 11:15:24.867] [settingssync] [info] Extensions: No changes found during synchronizing extensions.
[2022-01-14 11:15:24.870] [settingssync] [info] Sync done. Took 172ms
[2022-01-14 11:15:44.025] [settingssync] [info] Auto Sync: Triggered by Activity
[2022-01-14 11:15:44.178] [settingssync] [info] Settings: No changes found during synchronizing settings.
[2022-01-14 11:15:44.180] [settingssync] [info] Keybindings: No changes found during synchronizing keybindings.
[2022-01-14 11:15:44.183] [settingssync] [info] Snippets: No changes found during synchronizing snippets.
[2022-01-14 11:15:44.226] [settingssync] [info] GlobalState: No changes found during synchronizing ui state.
[2022-01-14 11:15:44.292] [settingssync] [info] Extensions: No changes found during synchronizing extensions.
[2022-01-14 11:15:44.294] [settingssync] [info] Sync done. Took 167ms
[2022-01-14 11:17:35.655] [settingssync] [info] Auto Sync: Triggered by Activity
[2022-01-14 11:17:35.855] [settingssync] [info] Settings: No changes found during synchronizing settings.
[2022-01-14 11:17:35.859] [settingssync] [info] Keybindings: No changes found during synchronizing keybindings.
[2022-01-14 11:17:35.863] [settingssync] [info] Snippets: No changes found during synchronizing snippets.
[2022-01-14 11:17:35.908] [settingssync] [info] GlobalState: No changes found during synchronizing ui state.
[2022-01-14 11:17:35.999] [settingssync] [info] Extensions: No changes found during synchronizing extensions.
[2022-01-14 11:17:36.000] [settingssync] [info] Sync done. Took 223ms
[2022-01-14 11:18:04.740] [settingssync] [info] Auto Sync: Triggered by Activity
[2022-01-14 11:18:04.877] [settingssync] [info] Settings: No changes found during synchronizing settings.
[2022-01-14 11:18:04.882] [settingssync] [info] Keybindings: No changes found during synchronizing keybindings.
[2022-01-14 11:18:04.887] [settingssync] [info] Snippets: No changes found during synchronizing snippets.
[2022-01-14 11:18:04.929] [settingssync] [info] GlobalState: No changes found during synchronizing ui state.
[2022-01-14 11:18:05.000] [settingssync] [info] Extensions: No changes found during synchronizing extensions.
[2022-01-14 11:18:05.001] [settingssync] [info] Sync done. Took 148ms
[2022-01-14 11:18:15.355] [settingssync] [info] Auto Sync: Triggered by Activity
[2022-01-14 11:18:15.530] [settingssync] [info] Settings: No changes found during synchronizing settings.
[2022-01-14 11:18:15.532] [settingssync] [info] Keybindings: No changes found during synchronizing keybindings.
[2022-01-14 11:18:15.536] [settingssync] [info] Snippets: No changes found during synchronizing snippets.
[2022-01-14 11:18:15.576] [settingssync] [info] GlobalState: No changes found during synchronizing ui state.
[2022-01-14 11:18:15.638] [settingssync] [info] Extensions: No changes found during synchronizing extensions.
[2022-01-14 11:18:15.639] [settingssync] [info] Sync done. Took 159ms
[2022-01-14 11:18:31.411] [settingssync] [info] Auto Sync: Triggered by Activity
[2022-01-14 11:18:31.848] [settingssync] [info] Settings: No changes found during synchronizing settings.
[2022-01-14 11:18:31.850] [settingssync] [info] Keybindings: No changes found during synchronizing keybindings.
[2022-01-14 11:18:31.853] [settingssync] [info] Snippets: No changes found during synchronizing snippets.
[2022-01-14 11:18:31.898] [settingssync] [info] GlobalState: No changes found during synchronizing ui state.
[2022-01-14 11:18:31.965] [settingssync] [info] Extensions: No changes found during synchronizing extensions.
[2022-01-14 11:18:31.967] [settingssync] [info] Sync done. Took 174ms
[2022-01-14 11:18:47.999] [settingssync] [info] Auto Sync: Triggered by Activity
[2022-01-14 11:18:48.156] [settingssync] [info] Settings: No changes found during synchronizing settings.
[2022-01-14 11:18:48.159] [settingssync] [info] Keybindings: No changes found during synchronizing keybindings.
[2022-01-14 11:18:48.162] [settingssync] [info] Snippets: No changes found during synchronizing snippets.
[2022-01-14 11:18:48.203] [settingssync] [info] GlobalState: No changes found during synchronizing ui state.
[2022-01-14 11:18:48.268] [settingssync] [info] Extensions: No changes found during synchronizing extensions.
[2022-01-14 11:18:48.270] [settingssync] [info] Sync done. Took 153ms
[2022-01-14 11:19:16.450] [settingssync] [info] Auto Sync: Triggered by Activity
[2022-01-14 11:19:16.612] [settingssync] [info] Settings: No changes found during synchronizing settings.
[2022-01-14 11:19:16.617] [settingssync] [info] Keybindings: No changes found during synchronizing keybindings.
[2022-01-14 11:19:16.620] [settingssync] [info] Snippets: No changes found during synchronizing snippets.
[2022-01-14 11:19:16.669] [settingssync] [info] GlobalState: No changes found during synchronizing ui state.
[2022-01-14 11:19:16.740] [settingssync] [info] Extensions: No changes found during synchronizing extensions.
[2022-01-14 11:19:16.742] [settingssync] [info] Sync done. Took 184ms
[2022-01-14 11:19:31.221] [settingssync] [info] Auto Sync: Triggered by Activity
[2022-01-14 11:19:31.388] [settingssync] [info] Settings: No changes found during synchronizing settings.
[2022-01-14 11:19:31.391] [settingssync] [info] Keybindings: No changes found during synchronizing keybindings.
[2022-01-14 11:19:31.394] [settingssync] [info] Snippets: No changes found during synchronizing snippets.
[2022-01-14 11:19:31.436] [settingssync] [info] GlobalState: No changes found during synchronizing ui state.
[2022-01-14 11:19:31.503] [settingssync] [info] Extensions: No changes found during synchronizing extensions.
[2022-01-14 11:19:31.505] [settingssync] [info] Sync done. Took 169ms
[2022-01-14 11:19:42.527] [settingssync] [info] Auto Sync: Triggered by Activity
[2022-01-14 11:19:42.784] [settingssync] [info] Settings: No changes found during synchronizing settings.
[2022-01-14 11:19:42.788] [settingssync] [info] Keybindings: No changes found during synchronizing keybindings.
[2022-01-14 11:19:42.794] [settingssync] [info] Snippets: No changes found during synchronizing snippets.
[2022-01-14 11:19:42.838] [settingssync] [info] GlobalState: No changes found during synchronizing ui state.
[2022-01-14 11:19:42.914] [settingssync] [info] Extensions: No changes found during synchronizing extensions.
[2022-01-14 11:19:42.917] [settingssync] [info] Sync done. Took 229ms
[2022-01-14 11:24:08.411] [settingssync] [info] Auto Sync: Triggered by Activity
[2022-01-14 11:24:08.749] [settingssync] [info] Settings: No changes found during synchronizing settings.
[2022-01-14 11:24:08.750] [settingssync] [info] Keybindings: No changes found during synchronizing keybindings.
[2022-01-14 11:24:08.755] [settingssync] [info] Snippets: No changes found during synchronizing snippets.
[2022-01-14 11:24:08.809] [settingssync] [info] GlobalState: No changes found during synchronizing ui state.
[2022-01-14 11:24:08.898] [settingssync] [info] Extensions: No changes found during synchronizing extensions.
[2022-01-14 11:24:08.899] [settingssync] [info] Sync done. Took 216ms
[2022-01-14 11:24:25.191] [settingssync] [info] Auto Sync: Triggered by Activity
[2022-01-14 11:24:25.340] [settingssync] [info] Settings: No changes found during synchronizing settings.
[2022-01-14 11:24:25.343] [settingssync] [info] Keybindings: No changes found during synchronizing keybindings.
[2022-01-14 11:24:25.346] [settingssync] [info] Snippets: No changes found during synchronizing snippets.
[2022-01-14 11:24:25.391] [settingssync] [info] GlobalState: No changes found during synchronizing ui state.
[2022-01-14 11:24:25.452] [settingssync] [info] Extensions: No changes found during synchronizing extensions.
[2022-01-14 11:24:25.454] [settingssync] [info] Sync done. Took 159ms
[2022-01-14 11:24:40.955] [settingssync] [info] Auto Sync: Triggered by Activity
[2022-01-14 11:24:41.150] [settingssync] [info] Settings: No changes found during synchronizing settings.
[2022-01-14 11:24:41.154] [settingssync] [info] Keybindings: No changes found during synchronizing keybindings.
[2022-01-14 11:24:41.158] [settingssync] [info] Snippets: No changes found during synchronizing snippets.
[2022-01-14 11:24:41.207] [settingssync] [info] GlobalState: No changes found during synchronizing ui state.
[2022-01-14 11:24:41.277] [settingssync] [info] Extensions: No changes found during synchronizing extensions.
[2022-01-14 11:24:41.279] [settingssync] [info] Sync done. Took 214ms
[2022-01-14 11:26:18.911] [settingssync] [info] Auto Sync: Triggered by Activity
[2022-01-14 11:26:19.068] [settingssync] [info] Settings: No changes found during synchronizing settings.
[2022-01-14 11:26:19.071] [settingssync] [info] Keybindings: No changes found during synchronizing keybindings.
[2022-01-14 11:26:19.076] [settingssync] [info] Snippets: No changes found during synchronizing snippets.
[2022-01-14 11:26:19.119] [settingssync] [info] GlobalState: No changes found during synchronizing ui state.
[2022-01-14 11:26:19.186] [settingssync] [info] Extensions: No changes found during synchronizing extensions.
[2022-01-14 11:26:19.189] [settingssync] [info] Sync done. Took 149ms
[2022-01-14 11:26:49.381] [settingssync] [info] Auto Sync: Triggered by Activity
[2022-01-14 11:26:49.569] [settingssync] [info] Settings: No changes found during synchronizing settings.
[2022-01-14 11:26:49.572] [settingssync] [info] Keybindings: No changes found during synchronizing keybindings.
[2022-01-14 11:26:49.584] [settingssync] [info] Snippets: No changes found during synchronizing snippets.
[2022-01-14 11:26:49.655] [settingssync] [info] GlobalState: No changes found during synchronizing ui state.
[2022-01-14 11:26:49.750] [settingssync] [info] Extensions: No changes found during synchronizing extensions.
[2022-01-14 11:26:49.752] [settingssync] [info] Sync done. Took 232ms
[2022-01-14 11:28:42.074] [settingssync] [info] Auto Sync: Triggered by Activity
[2022-01-14 11:28:42.246] [settingssync] [info] Settings: No changes found during synchronizing settings.
[2022-01-14 11:28:42.250] [settingssync] [info] Keybindings: No changes found during synchronizing keybindings.
[2022-01-14 11:28:42.252] [settingssync] [info] Snippets: No changes found during synchronizing snippets.
[2022-01-14 11:28:42.297] [settingssync] [info] GlobalState: No changes found during synchronizing ui state.
[2022-01-14 11:28:42.386] [settingssync] [info] Extensions: No changes found during synchronizing extensions.
[2022-01-14 11:28:42.387] [settingssync] [info] Sync done. Took 196ms
[2022-01-14 11:28:55.782] [settingssync] [info] Auto Sync: Triggered by Activity
[2022-01-14 11:28:55.942] [settingssync] [info] Settings: No changes found during synchronizing settings.
[2022-01-14 11:28:55.946] [settingssync] [info] Keybindings: No changes found during synchronizing keybindings.
[2022-01-14 11:28:55.950] [settingssync] [info] Snippets: No changes found during synchronizing snippets.
[2022-01-14 11:28:55.992] [settingssync] [info] GlobalState: No changes found during synchronizing ui state.
[2022-01-14 11:28:56.050] [settingssync] [info] Extensions: No changes found during synchronizing extensions.
[2022-01-14 11:28:56.051] [settingssync] [info] Sync done. Took 147ms
