[2022-01-13 22:55:04.780] [exthost] [info] Extension host with pid 1952 started
[2022-01-13 22:55:05.036] [exthost] [info] ExtensionService#_doActivateExtension vscode.microsoft-authentication, startup: false, activationEvent: 'onAuthenticationRequest:microsoft'
[2022-01-13 22:55:05.057] [exthost] [info] ExtensionService#_doActivateExtension vscode.typescript-language-features, startup: false, activationEvent: 'onLanguage:javascript'
[2022-01-13 22:55:05.081] [exthost] [info] ExtensionService#_doActivateExtension salesforce.salesforce-vscode-slds, startup: false, activationEvent: 'onLanguage:javascript'
[2022-01-13 22:55:05.229] [exthost] [info] ExtensionService#_doActivateExtension vscode.debug-auto-launch, startup: true, activationEvent: '*'
[2022-01-13 22:55:05.241] [exthost] [info] ExtensionService#_doActivateExtension vscode.git-base, startup: true, activationEvent: '*', root cause: vscode.github
[2022-01-13 22:55:05.248] [exthost] [info] ExtensionService#_doActivateExtension CoenraadS.bracket-pair-colorizer, startup: true, activationEvent: '*'
[2022-01-13 22:55:05.281] [exthost] [info] ExtensionService#_doActivateExtension vscodevim.vim, startup: true, activationEvent: '*'
[2022-01-13 22:55:05.375] [exthost] [info] ExtensionService#_doActivateExtension zhuangtongfa.material-theme, startup: true, activationEvent: '*'
[2022-01-13 22:55:06.480] [exthost] [info] ExtensionService#_doActivateExtension vscode.git, startup: true, activationEvent: '*'
[2022-01-13 22:55:06.631] [exthost] [info] ExtensionService#_doActivateExtension vscode.github, startup: true, activationEvent: '*'
[2022-01-13 22:55:06.779] [exthost] [info] ExtensionService#_doActivateExtension vscode.github-authentication, startup: false, activationEvent: 'onAuthenticationRequest:github'
[2022-01-13 22:55:07.120] [exthost] [info] Eager extensions activated
[2022-01-13 22:55:07.225] [exthost] [info] ExtensionService#_doActivateExtension vscode.emmet, startup: false, activationEvent: 'onStartupFinished'
[2022-01-13 22:55:07.254] [exthost] [info] ExtensionService#_doActivateExtension vscode.merge-conflict, startup: false, activationEvent: 'onStartupFinished'
[2022-01-13 22:55:07.261] [exthost] [info] ExtensionService#_doActivateExtension eamodio.gitlens, startup: false, activationEvent: 'onStartupFinished'
[2022-01-13 22:55:07.374] [exthost] [info] ExtensionService#_doActivateExtension PKief.material-icon-theme, startup: false, activationEvent: 'onStartupFinished'
[2022-01-13 22:55:11.810] [exthost] [info] ExtensionService#_doActivateExtension vscode.configuration-editing, startup: false, activationEvent: 'onLanguage:jsonc'
[2022-01-13 22:55:11.834] [exthost] [info] ExtensionService#_doActivateExtension vscode.json-language-features, startup: false, activationEvent: 'onLanguage:jsonc'
[2022-01-13 22:58:18.464] [exthost] [warning] TextEditor is closed/disposed
[2022-01-13 22:58:18.464] [exthost] [warning] TextEditor is closed/disposed
[2022-01-13 22:58:19.658] [exthost] [info] extension host terminating: renderer closed the socket
[2022-01-13 22:58:19.750] [exthost] [info] Extension host with pid 1952 exiting with code 0
