[2021-12-14 15:23:35.786] [exthost] [info] Extension host with pid 12063 started
[2021-12-14 15:23:35.787] [exthost] [info] Skipping acquiring lock for /home/bill/.config/Code/User/workspaceStorage/fda22da6af18ee518be015fe47648571.
[2021-12-14 15:23:36.016] [exthost] [info] ExtensionService#_doActivateExtension vscode.microsoft-authentication, startup: false, activationEvent: 'onAuthenticationRequest:microsoft'
[2021-12-14 15:23:36.029] [exthost] [info] ExtensionService#_doActivateExtension ms-python.python, startup: false, activationEvent: 'onLanguage:python', root cause: ms-python.vscode-pylance
[2021-12-14 15:23:36.130] [exthost] [info] ExtensionService#_doActivateExtension ms-toolsai.jupyter, startup: false, activationEvent: 'onLanguage:python'
[2021-12-14 15:23:36.347] [exthost] [info] ExtensionService#_doActivateExtension vscode.debug-auto-launch, startup: true, activationEvent: '*'
[2021-12-14 15:23:36.351] [exthost] [info] ExtensionService#_doActivateExtension vscode.git, startup: true, activationEvent: '*', root cause: vscode.github
[2021-12-14 15:23:36.377] [exthost] [info] ExtensionService#_doActivateExtension vscodevim.vim, startup: true, activationEvent: '*'
[2021-12-14 15:23:36.945] [exthost] [info] ExtensionService#_doActivateExtension ms-toolsai.jupyter-renderers, startup: false, activationEvent: 'api', root cause: ms-toolsai.jupyter
[2021-12-14 15:23:36.947] [exthost] [info] ExtensionService#_doActivateExtension vscode.github, startup: true, activationEvent: '*'
[2021-12-14 15:23:37.148] [exthost] [info] ExtensionService#_doActivateExtension ms-python.vscode-pylance, startup: false, activationEvent: 'onLanguage:python'
[2021-12-14 15:23:37.276] [exthost] [info] Eager extensions activated
[2021-12-14 15:23:37.294] [exthost] [info] ExtensionService#_doActivateExtension vscode.github-authentication, startup: false, activationEvent: 'onAuthenticationRequest:github'
[2021-12-14 15:23:37.303] [exthost] [info] ExtensionService#_doActivateExtension vscode.merge-conflict, startup: false, activationEvent: 'onStartupFinished'
[2021-12-14 15:23:37.305] [exthost] [info] ExtensionService#_doActivateExtension dbaeumer.vscode-eslint, startup: false, activationEvent: 'onStartupFinished'
[2021-12-14 15:23:37.314] [exthost] [info] ExtensionService#_doActivateExtension eamodio.gitlens, startup: false, activationEvent: 'onStartupFinished'
[2021-12-14 15:23:37.348] [exthost] [info] ExtensionService#_doActivateExtension ms-vscode-remote.remote-wsl, startup: false, activationEvent: 'onStartupFinished'
[2021-12-14 15:23:41.696] [exthost] [warning] TextEditor is closed/disposed
[2021-12-14 15:23:41.696] [exthost] [warning] TextEditor is closed/disposed
[2021-12-14 15:23:42.672] [exthost] [warning] TextEditor is closed/disposed
[2021-12-14 15:23:42.672] [exthost] [warning] TextEditor is closed/disposed
[2021-12-14 15:23:43.106] [exthost] [info] ExtensionService#_doActivateExtension vscode.configuration-editing, startup: false, activationEvent: 'onLanguage:jsonc'
[2021-12-14 15:23:43.109] [exthost] [info] ExtensionService#_doActivateExtension vscode.json-language-features, startup: false, activationEvent: 'onLanguage:jsonc'
[2021-12-14 15:23:43.137] [exthost] [info] ExtensionService#_doActivateExtension vscode.typescript-language-features, startup: false, activationEvent: 'onLanguage:jsonc'
[2021-12-14 15:23:43.238] [exthost] [warning] TextEditor is closed/disposed
[2021-12-14 15:23:43.238] [exthost] [warning] TextEditor is closed/disposed
[2021-12-14 15:23:43.755] [exthost] [warning] TextEditor is closed/disposed
[2021-12-14 15:23:43.755] [exthost] [warning] TextEditor is closed/disposed
[2021-12-14 15:23:44.500] [exthost] [warning] TextEditor is closed/disposed
[2021-12-14 15:23:44.500] [exthost] [warning] TextEditor is closed/disposed
[2021-12-14 15:24:49.971] [exthost] [info] ExtensionService#_doActivateExtension vscode.extension-editing, startup: false, activationEvent: 'onLanguage:json'
[2021-12-14 15:24:49.984] [exthost] [info] ExtensionService#_doActivateExtension vscode.npm, startup: false, activationEvent: 'onLanguage:json'
[2021-12-14 15:29:06.092] [exthost] [info] extension host terminating: renderer closed the socket
[2021-12-14 15:29:06.572] [exthost] [error] TypeError: r.some is not a function
    at Function.saveToDisk (/home/bill/.vscode/extensions/vscodevim.vim-1.21.10/src/register/register.ts:350:30)
    at Object.e.deactivate (/home/bill/.vscode/extensions/vscodevim.vim-1.21.10/extension.ts:37:18)
    at w._deactivate (/opt/visual-studio-code/resources/app/out/vs/workbench/services/extensions/node/extensionHostProcess.js:99:11449)
    at /opt/visual-studio-code/resources/app/out/vs/workbench/services/extensions/node/extensionHostProcess.js:99:9997
    at Array.map (<anonymous>)
    at w.deactivateAll (/opt/visual-studio-code/resources/app/out/vs/workbench/services/extensions/node/extensionHostProcess.js:99:9985)
    at b.terminate (/opt/visual-studio-code/resources/app/out/vs/workbench/services/extensions/node/extensionHostProcess.js:103:735)
    at o (/opt/visual-studio-code/resources/app/out/vs/workbench/services/extensions/node/extensionHostProcess.js:113:32681)
    at Socket.<anonymous> (/opt/visual-studio-code/resources/app/out/vs/workbench/services/extensions/node/extensionHostProcess.js:113:30296)
    at Socket.emit (events.js:327:22)
    at Pipe.<anonymous> (net.js:673:12)
[2021-12-14 15:29:07.175] [exthost] [info] Extension host with pid 12063 exiting with code 0
