[2021-12-14 15:29:40.631] [exthost] [info] Extension host with pid 13033 started
[2021-12-14 15:29:40.631] [exthost] [info] Skipping acquiring lock for /home/bill/.config/Code/User/workspaceStorage/fda22da6af18ee518be015fe47648571.
[2021-12-14 15:29:40.920] [exthost] [info] ExtensionService#_doActivateExtension vscode.microsoft-authentication, startup: false, activationEvent: 'onAuthenticationRequest:microsoft'
[2021-12-14 15:29:40.936] [exthost] [info] ExtensionService#_doActivateExtension ms-python.python, startup: false, activationEvent: 'onLanguage:python', root cause: ms-python.vscode-pylance
[2021-12-14 15:29:41.068] [exthost] [info] ExtensionService#_doActivateExtension ms-toolsai.jupyter, startup: false, activationEvent: 'onLanguage:python'
[2021-12-14 15:29:41.219] [exthost] [info] ExtensionService#_doActivateExtension vscode.debug-auto-launch, startup: true, activationEvent: '*'
[2021-12-14 15:29:41.223] [exthost] [info] ExtensionService#_doActivateExtension vscode.git, startup: true, activationEvent: '*', root cause: vscode.github
[2021-12-14 15:29:41.258] [exthost] [info] ExtensionService#_doActivateExtension vscodevim.vim, startup: true, activationEvent: '*'
[2021-12-14 15:29:41.796] [exthost] [info] ExtensionService#_doActivateExtension ms-toolsai.jupyter-renderers, startup: false, activationEvent: 'api', root cause: ms-toolsai.jupyter
[2021-12-14 15:29:41.798] [exthost] [info] ExtensionService#_doActivateExtension vscode.github, startup: true, activationEvent: '*'
[2021-12-14 15:29:41.942] [exthost] [info] ExtensionService#_doActivateExtension ms-python.vscode-pylance, startup: false, activationEvent: 'onLanguage:python'
[2021-12-14 15:29:42.072] [exthost] [info] Eager extensions activated
[2021-12-14 15:29:42.113] [exthost] [info] ExtensionService#_doActivateExtension vscode.github-authentication, startup: false, activationEvent: 'onAuthenticationRequest:github'
[2021-12-14 15:29:42.123] [exthost] [info] ExtensionService#_doActivateExtension vscode.merge-conflict, startup: false, activationEvent: 'onStartupFinished'
[2021-12-14 15:29:42.127] [exthost] [info] ExtensionService#_doActivateExtension dbaeumer.vscode-eslint, startup: false, activationEvent: 'onStartupFinished'
[2021-12-14 15:29:42.142] [exthost] [info] ExtensionService#_doActivateExtension eamodio.gitlens, startup: false, activationEvent: 'onStartupFinished'
[2021-12-14 15:29:42.186] [exthost] [info] ExtensionService#_doActivateExtension ms-vscode-remote.remote-wsl, startup: false, activationEvent: 'onStartupFinished'
[2021-12-14 15:29:43.076] [exthost] [info] ExtensionService#_doActivateExtension vscode.configuration-editing, startup: false, activationEvent: 'onLanguage:jsonc'
[2021-12-14 15:29:43.079] [exthost] [info] ExtensionService#_doActivateExtension vscode.json-language-features, startup: false, activationEvent: 'onLanguage:jsonc'
[2021-12-14 15:29:43.118] [exthost] [info] ExtensionService#_doActivateExtension vscode.typescript-language-features, startup: false, activationEvent: 'onLanguage:jsonc'
[2021-12-14 15:29:44.433] [exthost] [error] [ms-python.python] provider FAILED
[2021-12-14 15:29:44.436] [exthost] [error] Canceled: Canceled
    at S.makeCancelError (/home/bill/.vscode/extensions/ms-python.python-2021.12.1559732655/out/client/extension.js:24:159824)
    at S.handleFailedRequest (/home/bill/.vscode/extensions/ms-python.python-2021.12.1559732655/out/client/extension.js:24:159675)
    at /home/bill/.vscode/extensions/ms-python.python-2021.12.1559732655/out/client/extension.js:24:124663
    at s.provideDocumentSymbols (/opt/visual-studio-code/resources/app/out/vs/workbench/services/extensions/node/extensionHostProcess.js:94:167312)
[2021-12-14 15:31:19.935] [exthost] [info] ExtensionService#_doActivateExtension vscode.extension-editing, startup: false, activationEvent: 'onLanguage:json'
[2021-12-14 15:31:19.944] [exthost] [info] ExtensionService#_doActivateExtension vscode.npm, startup: false, activationEvent: 'onLanguage:json'
[2021-12-14 15:31:25.588] [exthost] [warning] TextEditor is closed/disposed
[2021-12-14 15:31:25.588] [exthost] [warning] TextEditor is closed/disposed
[2021-12-14 15:31:35.968] [exthost] [warning] TextEditor is closed/disposed
[2021-12-14 15:31:35.968] [exthost] [warning] TextEditor is closed/disposed
[2021-12-14 15:31:39.335] [exthost] [warning] TextEditor is closed/disposed
[2021-12-14 15:31:39.336] [exthost] [warning] TextEditor is closed/disposed
[2021-12-14 15:31:42.139] [exthost] [warning] TextEditor is closed/disposed
[2021-12-14 15:31:42.139] [exthost] [warning] TextEditor is closed/disposed
[2021-12-14 15:31:44.934] [exthost] [warning] TextEditor is closed/disposed
[2021-12-14 15:31:44.934] [exthost] [warning] TextEditor is closed/disposed
[2021-12-14 15:37:33.681] [exthost] [error] [ms-python.python] provider FAILED
[2021-12-14 15:37:33.682] [exthost] [error] Canceled: Canceled
    at S.makeCancelError (/home/bill/.vscode/extensions/ms-python.python-2021.12.1559732655/out/client/extension.js:24:159824)
    at S.handleFailedRequest (/home/bill/.vscode/extensions/ms-python.python-2021.12.1559732655/out/client/extension.js:24:159675)
    at /home/bill/.vscode/extensions/ms-python.python-2021.12.1559732655/out/client/extension.js:24:120017
    at d.provideHover (/opt/visual-studio-code/resources/app/out/vs/workbench/services/extensions/node/extensionHostProcess.js:94:170516)
[2021-12-14 15:41:48.509] [exthost] [warning] TextEditor is closed/disposed
[2021-12-14 15:41:48.509] [exthost] [warning] TextEditor is closed/disposed
[2021-12-14 15:42:22.546] [exthost] [warning] TextEditor is closed/disposed
[2021-12-14 15:42:22.546] [exthost] [warning] TextEditor is closed/disposed
[2021-12-14 15:42:22.560] [exthost] [warning] {"name":"DISPOSED","message":"TextEditor(vs.editor.ICodeEditor:1,$model4) has been disposed"}
[2021-12-14 15:42:27.225] [exthost] [warning] TextEditor is closed/disposed
[2021-12-14 15:42:27.225] [exthost] [warning] TextEditor is closed/disposed
[2021-12-14 15:42:27.255] [exthost] [warning] {"name":"DISPOSED","message":"TextEditor(vs.editor.ICodeEditor:1,$model23) has been disposed"}
[2021-12-14 15:42:29.073] [exthost] [info] extension host terminating: renderer closed the socket
[2021-12-14 15:42:29.584] [exthost] [error] TypeError: r.some is not a function
    at Function.saveToDisk (/home/bill/.vscode/extensions/vscodevim.vim-1.21.10/src/register/register.ts:350:30)
    at Object.e.deactivate (/home/bill/.vscode/extensions/vscodevim.vim-1.21.10/extension.ts:37:18)
    at w._deactivate (/opt/visual-studio-code/resources/app/out/vs/workbench/services/extensions/node/extensionHostProcess.js:99:11449)
    at /opt/visual-studio-code/resources/app/out/vs/workbench/services/extensions/node/extensionHostProcess.js:99:9997
    at Array.map (<anonymous>)
    at w.deactivateAll (/opt/visual-studio-code/resources/app/out/vs/workbench/services/extensions/node/extensionHostProcess.js:99:9985)
    at b.terminate (/opt/visual-studio-code/resources/app/out/vs/workbench/services/extensions/node/extensionHostProcess.js:103:735)
    at o (/opt/visual-studio-code/resources/app/out/vs/workbench/services/extensions/node/extensionHostProcess.js:113:32681)
    at Socket.<anonymous> (/opt/visual-studio-code/resources/app/out/vs/workbench/services/extensions/node/extensionHostProcess.js:113:30296)
    at Socket.emit (events.js:327:22)
    at Pipe.<anonymous> (net.js:673:12)
[2021-12-14 15:42:30.167] [exthost] [info] Extension host with pid 13033 exiting with code 0
