[2021-09-05 03:39:00.394] [sharedprocess] [info] [logs cleanup]: Starting to clean up old logs.
[2021-09-05 03:39:20.394] [sharedprocess] [info] [code cache cleanup]: Starting to clean up old code cache folders.
[2021-09-05 03:39:20.395] [sharedprocess] [info] [storage cleanup]: Starting to clean up storage folders.
[2021-09-05 03:39:30.391] [sharedprocess] [info] [language pack cache cleanup]: Starting to clean up unused language packs.
[2021-09-05 03:39:45.096] [sharedprocess] [info] Installing extension: ms-azuretools.vscode-docker
[2021-09-05 03:39:45.096] [sharedprocess] [info] Installing the extension without checking dependencies and pack ms-azuretools.vscode-docker
[2021-09-05 03:39:45.169] [sharedprocess] [info] Installing extension: esbenp.prettier-vscode
[2021-09-05 03:39:45.170] [sharedprocess] [info] Installing the extension without checking dependencies and pack esbenp.prettier-vscode
[2021-09-05 03:39:45.202] [sharedprocess] [info] Installing extension: ms-vscode-remote.remote-wsl
[2021-09-05 03:39:45.203] [sharedprocess] [info] Installing the extension without checking dependencies and pack ms-vscode-remote.remote-wsl
[2021-09-05 03:39:45.212] [sharedprocess] [info] Installing extension: 2gua.rainbow-brackets
[2021-09-05 03:39:45.212] [sharedprocess] [info] Installing the extension without checking dependencies and pack 2gua.rainbow-brackets
[2021-09-05 03:39:45.262] [sharedprocess] [info] Installing extension: casualjim.gotemplate
[2021-09-05 03:39:45.262] [sharedprocess] [info] Installing the extension without checking dependencies and pack casualjim.gotemplate
[2021-09-05 03:39:45.275] [sharedprocess] [info] Installing extension: theran.ejs-snippets
[2021-09-05 03:39:45.276] [sharedprocess] [info] Installing the extension without checking dependencies and pack theran.ejs-snippets
[2021-09-05 03:39:45.299] [sharedprocess] [info] Installing extension: digitalbrainstem.javascript-ejs-support
[2021-09-05 03:39:45.299] [sharedprocess] [info] Installing the extension without checking dependencies and pack digitalbrainstem.javascript-ejs-support
[2021-09-05 03:39:45.315] [sharedprocess] [info] Installing extension: dbaeumer.vscode-eslint
[2021-09-05 03:39:45.315] [sharedprocess] [info] Installing the extension without checking dependencies and pack dbaeumer.vscode-eslint
[2021-09-05 03:39:45.317] [sharedprocess] [info] Installing extension: ecmel.vscode-html-css
[2021-09-05 03:39:45.317] [sharedprocess] [info] Installing the extension without checking dependencies and pack ecmel.vscode-html-css
[2021-09-05 03:39:45.319] [sharedprocess] [info] Installing extension: ritwickdey.liveserver
[2021-09-05 03:39:45.320] [sharedprocess] [info] Installing the extension without checking dependencies and pack ritwickdey.liveserver
[2021-09-05 03:39:45.323] [sharedprocess] [info] Installing extension: abusaidm.html-snippets
[2021-09-05 03:39:45.323] [sharedprocess] [info] Installing the extension without checking dependencies and pack abusaidm.html-snippets
[2021-09-05 03:39:45.325] [sharedprocess] [info] Installing extension: tomoki1207.pdf
[2021-09-05 03:39:45.325] [sharedprocess] [info] Installing the extension without checking dependencies and pack tomoki1207.pdf
[2021-09-05 03:39:45.328] [sharedprocess] [info] Installing extension: zignd.html-css-class-completion
[2021-09-05 03:39:45.328] [sharedprocess] [info] Installing the extension without checking dependencies and pack zignd.html-css-class-completion
[2021-09-05 03:39:45.330] [sharedprocess] [info] Installing extension: extr0py.vscode-relative-line-numbers
[2021-09-05 03:39:45.331] [sharedprocess] [info] Installing the extension without checking dependencies and pack extr0py.vscode-relative-line-numbers
[2021-09-05 03:39:45.333] [sharedprocess] [info] Installing extension: taodongwu.ejs-snippets
[2021-09-05 03:39:45.333] [sharedprocess] [info] Installing the extension without checking dependencies and pack taodongwu.ejs-snippets
[2021-09-05 03:39:45.581] [sharedprocess] [info] Installing extension: golang.go
[2021-09-05 03:39:45.581] [sharedprocess] [info] Installing the extension without checking dependencies and pack golang.go
[2021-09-05 03:39:45.583] [sharedprocess] [info] Installing extension: ms-vscode-remote.remote-containers
[2021-09-05 03:39:45.584] [sharedprocess] [info] Installing the extension without checking dependencies and pack ms-vscode-remote.remote-containers
[2021-09-05 03:39:45.631] [sharedprocess] [info] Installing extension: vscodevim.vim
[2021-09-05 03:39:45.631] [sharedprocess] [info] Installing the extension without checking dependencies and pack vscodevim.vim
[2021-09-05 03:39:45.786] [sharedprocess] [info] Installing extension: zhuangtongfa.material-theme
[2021-09-05 03:39:45.787] [sharedprocess] [info] Installing the extension without checking dependencies and pack zhuangtongfa.material-theme
[2021-09-05 03:39:45.916] [sharedprocess] [info] Installing extension: eamodio.gitlens
[2021-09-05 03:39:45.917] [sharedprocess] [info] Installing the extension without checking dependencies and pack eamodio.gitlens
[2021-09-05 03:39:46.348] [sharedprocess] [info] Installing extension: ms-vscode.vscode-typescript-next
[2021-09-05 03:39:46.348] [sharedprocess] [info] Installing the extension without checking dependencies and pack ms-vscode.vscode-typescript-next
[2021-09-05 03:39:47.119] [sharedprocess] [info] Downloaded extension: ms-azuretools.vscode-docker /home/bill/.config/Code/CachedExtensionVSIXs/ms-azuretools.vscode-docker-1.16.1
[2021-09-05 03:39:47.378] [sharedprocess] [info] Extracted extension to /home/bill/.vscode/extensions/.5b842462-9a05-4049-b530-7f4eb92d5397: ms-azuretools.vscode-docker
[2021-09-05 03:39:47.424] [sharedprocess] [info] Renamed to /home/bill/.vscode/extensions/ms-azuretools.vscode-docker-1.16.1
[2021-09-05 03:39:47.429] [sharedprocess] [info] Extracting completed. ms-azuretools.vscode-docker
[2021-09-05 03:39:47.471] [sharedprocess] [info] Extension installed successfully: ms-azuretools.vscode-docker
[2021-09-05 03:39:48.714] [sharedprocess] [info] Downloaded extension: eamodio.gitlens /home/bill/.config/Code/CachedExtensionVSIXs/eamodio.gitlens-11.6.0
[2021-09-05 03:39:49.210] [sharedprocess] [info] Extracted extension to /home/bill/.vscode/extensions/.34c5aeee-25c3-441b-bc88-13e18b88bfb8: eamodio.gitlens
[2021-09-05 03:39:49.275] [sharedprocess] [info] Renamed to /home/bill/.vscode/extensions/eamodio.gitlens-11.6.0
[2021-09-05 03:39:49.289] [sharedprocess] [info] Extracting completed. eamodio.gitlens
[2021-09-05 03:39:49.357] [sharedprocess] [info] Extension installed successfully: eamodio.gitlens
[2021-09-05 03:39:52.864] [sharedprocess] [info] Downloaded extension: zhuangtongfa.material-theme /home/bill/.config/Code/CachedExtensionVSIXs/zhuangtongfa.material-theme-3.11.4
[2021-09-05 03:39:53.004] [sharedprocess] [info] Extracted extension to /home/bill/.vscode/extensions/.46ee9f6b-3d94-454f-aefe-b82c0423315b: zhuangtongfa.material-theme
[2021-09-05 03:39:53.038] [sharedprocess] [info] Renamed to /home/bill/.vscode/extensions/zhuangtongfa.material-theme-3.11.4
[2021-09-05 03:39:53.041] [sharedprocess] [info] Extracting completed. zhuangtongfa.material-theme
[2021-09-05 03:39:53.073] [sharedprocess] [info] Extension installed successfully: zhuangtongfa.material-theme
[2021-09-05 03:39:55.634] [sharedprocess] [info] Downloaded extension: ms-vscode.vscode-typescript-next /home/bill/.config/Code/CachedExtensionVSIXs/ms-vscode.vscode-typescript-next-4.5.20210904
[2021-09-05 03:39:56.734] [sharedprocess] [info] Extracted extension to /home/bill/.vscode/extensions/.dc5f7326-a450-4618-b4e0-1073569379fb: ms-vscode.vscode-typescript-next
[2021-09-05 03:39:56.778] [sharedprocess] [info] Renamed to /home/bill/.vscode/extensions/ms-vscode.vscode-typescript-next-4.5.20210904
[2021-09-05 03:39:56.780] [sharedprocess] [info] Extracting completed. ms-vscode.vscode-typescript-next
[2021-09-05 03:39:56.810] [sharedprocess] [info] Extension installed successfully: ms-vscode.vscode-typescript-next
[2021-09-05 03:39:59.476] [sharedprocess] [info] Downloaded extension: esbenp.prettier-vscode /home/bill/.config/Code/CachedExtensionVSIXs/esbenp.prettier-vscode-8.1.0
[2021-09-05 03:39:59.791] [sharedprocess] [info] Extracted extension to /home/bill/.vscode/extensions/.371162e3-cd36-424b-8612-4cd259835e87: esbenp.prettier-vscode
[2021-09-05 03:39:59.842] [sharedprocess] [info] Renamed to /home/bill/.vscode/extensions/esbenp.prettier-vscode-8.1.0
[2021-09-05 03:39:59.845] [sharedprocess] [info] Extracting completed. esbenp.prettier-vscode
[2021-09-05 03:39:59.885] [sharedprocess] [info] Extension installed successfully: esbenp.prettier-vscode
[2021-09-05 03:40:00.066] [sharedprocess] [info] Downloaded extension: zignd.html-css-class-completion /home/bill/.config/Code/CachedExtensionVSIXs/zignd.html-css-class-completion-1.20.0
[2021-09-05 03:40:02.568] [sharedprocess] [info] Extracted extension to /home/bill/.vscode/extensions/.bda3a1e3-b653-4efe-a495-4d59e229972b: zignd.html-css-class-completion
[2021-09-05 03:40:02.624] [sharedprocess] [info] Downloaded extension: casualjim.gotemplate /home/bill/.config/Code/CachedExtensionVSIXs/casualjim.gotemplate-0.4.0
[2021-09-05 03:40:02.642] [sharedprocess] [info] Renamed to /home/bill/.vscode/extensions/zignd.html-css-class-completion-1.20.0
[2021-09-05 03:40:02.646] [sharedprocess] [info] Extracting completed. zignd.html-css-class-completion
[2021-09-05 03:40:02.662] [sharedprocess] [info] Extracted extension to /home/bill/.vscode/extensions/.701aa76d-0b7a-484b-8867-d8cc1d2236cd: casualjim.gotemplate
[2021-09-05 03:40:02.695] [sharedprocess] [info] Downloaded extension: theran.ejs-snippets /home/bill/.config/Code/CachedExtensionVSIXs/theran.ejs-snippets-0.7.0
[2021-09-05 03:40:02.716] [sharedprocess] [info] Extracted extension to /home/bill/.vscode/extensions/.30850003-bbe9-4b77-821d-02c9a1ccb4a7: theran.ejs-snippets
[2021-09-05 03:40:02.718] [sharedprocess] [info] Extension installed successfully: zignd.html-css-class-completion
[2021-09-05 03:40:02.720] [sharedprocess] [info] Renamed to /home/bill/.vscode/extensions/casualjim.gotemplate-0.4.0
[2021-09-05 03:40:02.723] [sharedprocess] [info] Extracting completed. casualjim.gotemplate
[2021-09-05 03:40:02.785] [sharedprocess] [info] Renamed to /home/bill/.vscode/extensions/theran.ejs-snippets-0.7.0
[2021-09-05 03:40:02.818] [sharedprocess] [info] Extension installed successfully: casualjim.gotemplate
[2021-09-05 03:40:02.875] [sharedprocess] [info] Extracting completed. theran.ejs-snippets
[2021-09-05 03:40:02.876] [sharedprocess] [info] Downloaded extension: golang.go /home/bill/.config/Code/CachedExtensionVSIXs/golang.go-0.27.2
[2021-09-05 03:40:02.876] [sharedprocess] [info] Downloaded extension: 2gua.rainbow-brackets /home/bill/.config/Code/CachedExtensionVSIXs/2gua.rainbow-brackets-0.0.6
[2021-09-05 03:40:02.878] [sharedprocess] [info] Downloaded extension: ecmel.vscode-html-css /home/bill/.config/Code/CachedExtensionVSIXs/ecmel.vscode-html-css-1.10.2
[2021-09-05 03:40:02.909] [sharedprocess] [info] Downloaded extension: digitalbrainstem.javascript-ejs-support /home/bill/.config/Code/CachedExtensionVSIXs/digitalbrainstem.javascript-ejs-support-1.3.1
[2021-09-05 03:40:02.910] [sharedprocess] [info] Downloaded extension: taodongwu.ejs-snippets /home/bill/.config/Code/CachedExtensionVSIXs/taodongwu.ejs-snippets-0.1.0
[2021-09-05 03:40:02.911] [sharedprocess] [info] Downloaded extension: dbaeumer.vscode-eslint /home/bill/.config/Code/CachedExtensionVSIXs/dbaeumer.vscode-eslint-2.1.23
[2021-09-05 03:40:02.932] [sharedprocess] [info] Extension installed successfully: theran.ejs-snippets
[2021-09-05 03:40:03.013] [sharedprocess] [info] Extracted extension to /home/bill/.vscode/extensions/.f64a7889-bcc1-490a-9440-c1b2609298fe: 2gua.rainbow-brackets
[2021-09-05 03:40:03.040] [sharedprocess] [info] Extracted extension to /home/bill/.vscode/extensions/.96b1ada2-67a5-4ff5-8efa-d0e2c2a6226f: ecmel.vscode-html-css
[2021-09-05 03:40:03.045] [sharedprocess] [info] Extracted extension to /home/bill/.vscode/extensions/.d8c098e4-9bff-446f-bb73-415f174a45c2: taodongwu.ejs-snippets
[2021-09-05 03:40:03.080] [sharedprocess] [info] Renamed to /home/bill/.vscode/extensions/2gua.rainbow-brackets-0.0.6
[2021-09-05 03:40:03.081] [sharedprocess] [info] Extracted extension to /home/bill/.vscode/extensions/.0541eb48-8e1f-4577-8e2c-154061c5abce: digitalbrainstem.javascript-ejs-support
[2021-09-05 03:40:03.081] [sharedprocess] [info] Extracting completed. 2gua.rainbow-brackets
[2021-09-05 03:40:03.121] [sharedprocess] [info] Renamed to /home/bill/.vscode/extensions/ecmel.vscode-html-css-1.10.2
[2021-09-05 03:40:03.172] [sharedprocess] [info] Extension installed successfully: 2gua.rainbow-brackets
[2021-09-05 03:40:03.176] [sharedprocess] [info] Renamed to /home/bill/.vscode/extensions/digitalbrainstem.javascript-ejs-support-1.3.1
[2021-09-05 03:40:03.177] [sharedprocess] [info] Extracting completed. ecmel.vscode-html-css
[2021-09-05 03:40:03.178] [sharedprocess] [info] Renamed to /home/bill/.vscode/extensions/taodongwu.ejs-snippets-0.1.0
[2021-09-05 03:40:03.207] [sharedprocess] [info] Extracting completed. digitalbrainstem.javascript-ejs-support
[2021-09-05 03:40:03.232] [sharedprocess] [info] Extracting completed. taodongwu.ejs-snippets
[2021-09-05 03:40:03.233] [sharedprocess] [info] Downloaded extension: extr0py.vscode-relative-line-numbers /home/bill/.config/Code/CachedExtensionVSIXs/extr0py.vscode-relative-line-numbers-0.0.5
[2021-09-05 03:40:03.335] [sharedprocess] [info] Extension installed successfully: ecmel.vscode-html-css
[2021-09-05 03:40:03.337] [sharedprocess] [info] Extension installed successfully: digitalbrainstem.javascript-ejs-support
[2021-09-05 03:40:03.341] [sharedprocess] [info] Downloaded extension: abusaidm.html-snippets /home/bill/.config/Code/CachedExtensionVSIXs/abusaidm.html-snippets-0.2.1
[2021-09-05 03:40:03.343] [sharedprocess] [info] Downloaded extension: vscodevim.vim /home/bill/.config/Code/CachedExtensionVSIXs/vscodevim.vim-1.21.7
[2021-09-05 03:40:03.350] [sharedprocess] [info] Extension installed successfully: taodongwu.ejs-snippets
[2021-09-05 03:40:03.359] [sharedprocess] [info] Extracted extension to /home/bill/.vscode/extensions/.154ffa52-4d47-4ee2-9704-73e0f1ef507f: dbaeumer.vscode-eslint
[2021-09-05 03:40:03.401] [sharedprocess] [info] Downloaded extension: ms-vscode-remote.remote-wsl /home/bill/.config/Code/CachedExtensionVSIXs/ms-vscode-remote.remote-wsl-0.58.2
[2021-09-05 03:40:03.418] [sharedprocess] [info] Renamed to /home/bill/.vscode/extensions/dbaeumer.vscode-eslint-2.1.23
[2021-09-05 03:40:03.425] [sharedprocess] [info] Extracting completed. dbaeumer.vscode-eslint
[2021-09-05 03:40:03.431] [sharedprocess] [info] Extracted extension to /home/bill/.vscode/extensions/.bc518903-c7d6-48c1-9689-a19bde9a2344: abusaidm.html-snippets
[2021-09-05 03:40:03.475] [sharedprocess] [info] Extension installed successfully: dbaeumer.vscode-eslint
[2021-09-05 03:40:03.492] [sharedprocess] [info] Renamed to /home/bill/.vscode/extensions/abusaidm.html-snippets-0.2.1
[2021-09-05 03:40:03.503] [sharedprocess] [info] Extracting completed. abusaidm.html-snippets
[2021-09-05 03:40:03.585] [sharedprocess] [info] Extension installed successfully: abusaidm.html-snippets
[2021-09-05 03:40:03.616] [sharedprocess] [info] Downloaded extension: ms-vscode-remote.remote-containers /home/bill/.config/Code/CachedExtensionVSIXs/ms-vscode-remote.remote-containers-0.194.0
[2021-09-05 03:40:03.732] [sharedprocess] [info] Extracted extension to /home/bill/.vscode/extensions/.2eed7791-17f3-43ff-87ba-80f7eeca8275: ms-vscode-remote.remote-wsl
[2021-09-05 03:40:03.773] [sharedprocess] [info] Extracted extension to /home/bill/.vscode/extensions/.03ce857a-41b7-40f5-b348-54f08a656174: golang.go
[2021-09-05 03:40:03.777] [sharedprocess] [info] Renamed to /home/bill/.vscode/extensions/ms-vscode-remote.remote-wsl-0.58.2
[2021-09-05 03:40:03.786] [sharedprocess] [info] Extracting completed. ms-vscode-remote.remote-wsl
[2021-09-05 03:40:03.844] [sharedprocess] [info] Renamed to /home/bill/.vscode/extensions/golang.go-0.27.2
[2021-09-05 03:40:03.849] [sharedprocess] [info] Extension installed successfully: ms-vscode-remote.remote-wsl
[2021-09-05 03:40:03.858] [sharedprocess] [info] Extracting completed. golang.go
[2021-09-05 03:40:03.915] [sharedprocess] [info] Extension installed successfully: golang.go
[2021-09-05 03:40:04.068] [sharedprocess] [info] Downloaded extension: tomoki1207.pdf /home/bill/.config/Code/CachedExtensionVSIXs/tomoki1207.pdf-1.1.0
[2021-09-05 03:40:04.104] [sharedprocess] [info] Extracted extension to /home/bill/.vscode/extensions/.d9e96936-c4cf-4a5d-a016-1ba7b10d5c6a: vscodevim.vim
[2021-09-05 03:40:04.158] [sharedprocess] [info] Downloaded extension: ritwickdey.liveserver /home/bill/.config/Code/CachedExtensionVSIXs/ritwickdey.liveserver-5.6.1
[2021-09-05 03:40:04.171] [sharedprocess] [info] Renamed to /home/bill/.vscode/extensions/vscodevim.vim-1.21.7
[2021-09-05 03:40:04.176] [sharedprocess] [info] Extracting completed. vscodevim.vim
[2021-09-05 03:40:04.221] [sharedprocess] [info] Extension installed successfully: vscodevim.vim
[2021-09-05 03:40:04.229] [sharedprocess] [info] Extracted extension to /home/bill/.vscode/extensions/.f9fb08ed-91d4-4ac7-aa62-b9aaddd041b5: extr0py.vscode-relative-line-numbers
[2021-09-05 03:40:04.276] [sharedprocess] [info] Renamed to /home/bill/.vscode/extensions/extr0py.vscode-relative-line-numbers-0.0.5
[2021-09-05 03:40:04.281] [sharedprocess] [info] Extracting completed. extr0py.vscode-relative-line-numbers
[2021-09-05 03:40:04.332] [sharedprocess] [info] Extension installed successfully: extr0py.vscode-relative-line-numbers
[2021-09-05 03:40:05.724] [sharedprocess] [info] Extracted extension to /home/bill/.vscode/extensions/.14091e47-9e55-4ebc-ae4e-582c3d66efce: ms-vscode-remote.remote-containers
[2021-09-05 03:40:05.820] [sharedprocess] [info] Renamed to /home/bill/.vscode/extensions/ms-vscode-remote.remote-containers-0.194.0
[2021-09-05 03:40:05.824] [sharedprocess] [info] Extracting completed. ms-vscode-remote.remote-containers
[2021-09-05 03:40:05.846] [sharedprocess] [info] Extracted extension to /home/bill/.vscode/extensions/.e877ab5c-bf64-43e2-8f3f-644a66346e04: tomoki1207.pdf
[2021-09-05 03:40:05.883] [sharedprocess] [info] Extension installed successfully: ms-vscode-remote.remote-containers
[2021-09-05 03:40:05.898] [sharedprocess] [info] Renamed to /home/bill/.vscode/extensions/tomoki1207.pdf-1.1.0
[2021-09-05 03:40:05.900] [sharedprocess] [info] Extracting completed. tomoki1207.pdf
[2021-09-05 03:40:05.946] [sharedprocess] [info] Extension installed successfully: tomoki1207.pdf
[2021-09-05 03:40:07.985] [sharedprocess] [info] Extracted extension to /home/bill/.vscode/extensions/.8d9cc331-2a95-4d14-8159-20351690dfc9: ritwickdey.liveserver
[2021-09-05 03:40:08.041] [sharedprocess] [info] Renamed to /home/bill/.vscode/extensions/ritwickdey.liveserver-5.6.1
[2021-09-05 03:40:08.044] [sharedprocess] [info] Extracting completed. ritwickdey.liveserver
[2021-09-05 03:40:08.075] [sharedprocess] [info] Extension installed successfully: ritwickdey.liveserver
