[2021-09-05 03:38:50.565] [settingssync] [info] Using settings sync service https://vscode-sync.trafficmanager.net/
[2021-09-05 03:38:50.565] [settingssync] [info] Auto Sync is disabled.
[2021-09-05 03:39:41.341] [settingssync] [info] Did reset the local sync state.
[2021-09-05 03:39:43.693] [settingssync] [info] Settings: Updated local settings
[2021-09-05 03:39:43.736] [settingssync] [info] Settings: Updated last synchronized settings
[2021-09-05 03:39:43.778] [settingssync] [info] Keybindings: Updated local keybindings
[2021-09-05 03:39:43.820] [settingssync] [info] Keybindings: Updated last synchronized keybindings
[2021-09-05 03:39:43.905] [settingssync] [info] Snippets: Created snippet tags.code-snippets
[2021-09-05 03:39:43.947] [settingssync] [info] Snippets: Created snippet go.json
[2021-09-05 03:39:43.980] [settingssync] [info] Snippets: Updated last synchronized snippets
[2021-09-05 03:39:44.068] [settingssync] [info] GlobalState: Updated global state ["colorThemeData","commandPalette.mru.cache","commandPalette.mru.counter","workbench.view.extensions.state.hidden","fileBasedRecommendations/promptedRecommendations","memento/workbench.editor.keybindings","javascript.1.editedCount","javascript.1.editedDate","hasNotifiedOfSettingsAutosave","terminal.integrated.showTerminalConfigPrompt","nps/isCandidate","nps/skipVersion","javascript.1.isCandidate","javascript.1.skipVersion","extensionsAssistant/importantRecommendationsIgnore","workbench.view.extension.object-explorer.state.hidden","workbench.view.extension.sqltoolsActivityBarContainer.state.hidden","workbench.view.extension.sqltoolsPanelContainer.state.hidden","workbench.view.extension.PowerShellCommandExplorer.state.hidden","extensionsAssistant/ignored_recommendations","scm/input:Git:/c:/Users/willi/Documents/js/jjs/basics/color picker","github-wcstrickland","fileBasedRecommendations/promptedFileExtensions","extensionTips/promptedExecutableTips","workbench.view.remote.state.hidden","remote.explorerType","scm/input:Git:/c:/Users/willi/Documents/js/yelpCamp","workbench.view.extension.go-outliner.state.hidden","expandSuggestionDocs","typescript.1.editedCount","typescript.1.editedDate","scm/input:Git:/c:/Users/willi/Documents/js/yikes","scm/input:Git:/c:/Users/willi/Documents/js/yikers/yikes","scm/input:Git:/c:/Users/willi/Documents/js/Strickland_Projects","scm/input:Git:/c:/Users/Bill/Documents/yikes","typescript.1.isCandidate","typescript.1.skipVersion","workbench.view.sync.state.hidden","scm/input:Git:/c:/Users/willi/Documents/js/reacting/our-first-app","scm/input:Git:/c:/Users/willi/Documents/js/reacting/pokedex","scm/input:Git:/home/bill/Documents/prog/algo","scm/input:Git:/c:/Users/willi/Documents/js/algo","scm/input:Git:/c:/Users/willi/Documents/js/albums","scm/input:Git:/c:/Users/Bill/library/Documents/Albums","scm/input:Git:/c:/Users/willi/Documents/js/reacting/boiler","scm/input:Git:/c:/Users/willi/Documents/js/reacting/dice","scm/input:Git:/c:/Users/willi/Documents/therapy/therapy","scm/input:Git:/c:/Users/willi/Documents/startup","scm/input:Git:/home/bill/startup","workbench.view.extension.gitlens.state.hidden","scm/input:Git:/home/bill/csv-importer","scm/input:Git:/c:/Users/willi/Documents/prog/yikes","scm/input:Git:/c:/Users/willi/Documents/prog/csv_to_sql","scm/input:Git:/home/bill/yikes","scm/input:Git:/home/bill/go/src/legoweb","scm/input:Git:/c:/Users/willi/Documents/prog/legoweb","scm/input:Git:/home/bill/node/yikes","scm/input:Git:/home/bill/node/apollo","scm/input:Git:/home/bill/Portfolio","scm/input:Git:/home/bill/portfolio","scm/input:Git:/home/bill/node/portfolio_site","scm/input:Git:/home/bill/node/resume","scm/input:Git:/home/bill/node/portfolio","workbench.view.extension.dockerView.state.hidden","scm/input:Git:/home/bill/node/templates","scm/input:Git:/home/bill/node/rockPaperScissors","scm/input:Git:/home/bill/node/css","scm/input:Git:/home/bill/web/css","scm/input:Git:/home/bill/web/rockPaperScissors","scm/input:Git:/home/bill/node/encounters","workbench.explorer.views.state.hidden","workbench.scm.views.state.hidden","workbench.activity.pinnedViewlets2","nps/lastSessionDate","nps/sessionCount","cpp.1.lastSessionDate","cpp.1.sessionCount","java.2.lastSessionDate","java.2.sessionCount","javascript.1.lastSessionDate","javascript.1.sessionCount","typescript.1.lastSessionDate","typescript.1.sessionCount","workbench.panel.pinnedPanels","memento/gettingStartedService","workbench.statusbar.hidden","ces/skipSurvey"]
[2021-09-05 03:39:44.069] [settingssync] [info] GlobalState: Updated local ui state
[2021-09-05 03:39:44.105] [settingssync] [info] GlobalState: Updated last synchronized ui state
[2021-09-05 03:39:44.719] [settingssync] [info] Extensions: Enabled extension 2gua.rainbow-brackets 0.0.6
[2021-09-05 03:39:44.726] [settingssync] [info] Extensions: Enabled extension ms-vscode-remote.remote-wsl 0.58.2
[2021-09-05 03:39:44.730] [settingssync] [info] Extensions: Enabled extension ms-azuretools.vscode-docker 1.16.1
[2021-09-05 03:39:44.773] [settingssync] [info] Extensions: Enabled extension abusaidm.html-snippets 0.2.1
[2021-09-05 03:39:44.796] [settingssync] [info] Extensions: Enabled extension casualjim.gotemplate 0.4.0
[2021-09-05 03:39:44.800] [settingssync] [info] Extensions: Enabled extension theran.ejs-snippets 0.7.0
[2021-09-05 03:39:44.814] [settingssync] [info] Extensions: Enabled extension tomoki1207.pdf 1.1.0
[2021-09-05 03:39:44.817] [settingssync] [info] Extensions: Enabled extension taodongwu.ejs-snippets 0.1.0
[2021-09-05 03:39:44.820] [settingssync] [info] Extensions: Enabled extension extr0py.vscode-relative-line-numbers 0.0.5
[2021-09-05 03:39:44.828] [settingssync] [info] Extensions: Enabled extension digitalbrainstem.javascript-ejs-support 1.3.1
[2021-09-05 03:39:44.829] [settingssync] [info] Extensions: Enabled extension zignd.html-css-class-completion 1.20.0
[2021-09-05 03:39:44.834] [settingssync] [info] Extensions: Enabled extension ritwickdey.liveserver 5.6.1
[2021-09-05 03:39:44.841] [settingssync] [info] Extensions: Enabled extension dbaeumer.vscode-eslint 2.1.23
[2021-09-05 03:39:44.858] [settingssync] [info] Extensions: Enabled extension ecmel.vscode-html-css 1.10.2
[2021-09-05 03:39:44.864] [settingssync] [info] Extensions: Enabled extension esbenp.prettier-vscode 8.1.0
[2021-09-05 03:39:45.265] [settingssync] [info] Extensions: Enabled extension golang.go 0.27.2
[2021-09-05 03:39:45.350] [settingssync] [info] Extensions: Enabled extension vscodevim.vim 1.21.7
[2021-09-05 03:39:45.390] [settingssync] [info] Extensions: Enabled extension ms-vscode-remote.remote-containers 0.194.0
[2021-09-05 03:39:45.471] [settingssync] [info] Extensions: Enabled extension eamodio.gitlens 11.6.0
[2021-09-05 03:39:45.499] [settingssync] [info] Extensions: Enabled extension zhuangtongfa.material-theme 3.11.4
[2021-09-05 03:39:46.076] [settingssync] [info] Extensions: Enabled extension ms-vscode.vscode-typescript-next 4.5.20210904
[2021-09-05 03:39:47.472] [settingssync] [info] Extensions: Installed extension. ms-azuretools.vscode-docker 1.16.1
[2021-09-05 03:39:49.358] [settingssync] [info] Extensions: Installed extension. eamodio.gitlens 11.6.0
[2021-09-05 03:39:53.075] [settingssync] [info] Extensions: Installed extension. zhuangtongfa.material-theme 3.11.4
[2021-09-05 03:39:56.811] [settingssync] [info] Extensions: Installed extension. ms-vscode.vscode-typescript-next 4.5.20210904
[2021-09-05 03:39:59.886] [settingssync] [info] Extensions: Installed extension. esbenp.prettier-vscode 8.1.0
[2021-09-05 03:40:02.718] [settingssync] [info] Extensions: Installed extension. zignd.html-css-class-completion 1.20.0
[2021-09-05 03:40:02.819] [settingssync] [info] Extensions: Installed extension. casualjim.gotemplate 0.4.0
[2021-09-05 03:40:02.936] [settingssync] [info] Extensions: Installed extension. theran.ejs-snippets 0.7.0
[2021-09-05 03:40:03.173] [settingssync] [info] Extensions: Installed extension. 2gua.rainbow-brackets 0.0.6
[2021-09-05 03:40:03.335] [settingssync] [info] Extensions: Installed extension. ecmel.vscode-html-css 1.10.2
[2021-09-05 03:40:03.337] [settingssync] [info] Extensions: Installed extension. digitalbrainstem.javascript-ejs-support 1.3.1
[2021-09-05 03:40:03.350] [settingssync] [info] Extensions: Installed extension. taodongwu.ejs-snippets 0.1.0
[2021-09-05 03:40:03.476] [settingssync] [info] Extensions: Installed extension. dbaeumer.vscode-eslint 2.1.23
[2021-09-05 03:40:03.585] [settingssync] [info] Extensions: Installed extension. abusaidm.html-snippets 0.2.1
[2021-09-05 03:40:03.849] [settingssync] [info] Extensions: Installed extension. ms-vscode-remote.remote-wsl 0.58.2
[2021-09-05 03:40:03.915] [settingssync] [info] Extensions: Installed extension. golang.go 0.27.2
[2021-09-05 03:40:04.222] [settingssync] [info] Extensions: Installed extension. vscodevim.vim 1.21.7
[2021-09-05 03:40:04.332] [settingssync] [info] Extensions: Installed extension. extr0py.vscode-relative-line-numbers 0.0.5
[2021-09-05 03:40:05.883] [settingssync] [info] Extensions: Installed extension. ms-vscode-remote.remote-containers 0.194.0
[2021-09-05 03:40:05.946] [settingssync] [info] Extensions: Installed extension. tomoki1207.pdf 1.1.0
[2021-09-05 03:40:08.076] [settingssync] [info] Extensions: Installed extension. ritwickdey.liveserver 5.6.1
[2021-09-05 03:40:08.116] [settingssync] [info] Extensions: Updated last synchronized extensions.
[2021-09-05 03:40:08.224] [settingssync] [info] Auto Sync: Started
[2021-09-05 03:40:08.225] [settingssync] [info] Auto Sync: Triggered by Interval
[2021-09-05 03:40:08.558] [settingssync] [info] Settings: No changes found during synchronizing settings.
[2021-09-05 03:40:08.565] [settingssync] [info] Keybindings: No changes found during synchronizing keybindings.
[2021-09-05 03:40:08.575] [settingssync] [info] Snippets: No changes found during synchronizing snippets.
[2021-09-05 03:40:09.402] [settingssync] [info] GlobalState: Updated remote ui state
[2021-09-05 03:40:09.448] [settingssync] [info] GlobalState: Updated last synchronized ui state
[2021-09-05 03:40:09.580] [settingssync] [info] Extensions: No changes found during synchronizing extensions.
[2021-09-05 03:40:09.582] [settingssync] [info] Sync done. Took 1073ms
[2021-09-05 03:40:11.727] [settingssync] [info] Auto Sync: Triggered by Activity
[2021-09-05 03:40:11.860] [settingssync] [info] Settings: No changes found during synchronizing settings.
[2021-09-05 03:40:11.868] [settingssync] [info] Keybindings: No changes found during synchronizing keybindings.
[2021-09-05 03:40:11.877] [settingssync] [info] Snippets: No changes found during synchronizing snippets.
[2021-09-05 03:40:12.771] [settingssync] [info] GlobalState: Updated remote ui state
[2021-09-05 03:40:12.821] [settingssync] [info] GlobalState: Updated last synchronized ui state
[2021-09-05 03:40:12.966] [settingssync] [info] Extensions: No changes found during synchronizing extensions.
[2021-09-05 03:40:12.968] [settingssync] [info] Sync done. Took 1132ms
[2021-09-05 03:40:33.878] [settingssync] [info] Auto Sync: Triggered by Activity
[2021-09-05 03:40:34.054] [settingssync] [info] Settings: No changes found during synchronizing settings.
[2021-09-05 03:40:34.060] [settingssync] [info] Keybindings: No changes found during synchronizing keybindings.
[2021-09-05 03:40:34.070] [settingssync] [info] Snippets: No changes found during synchronizing snippets.
[2021-09-05 03:40:34.134] [settingssync] [info] GlobalState: No changes found during synchronizing ui state.
[2021-09-05 03:40:34.268] [settingssync] [info] Extensions: No changes found during synchronizing extensions.
[2021-09-05 03:40:34.270] [settingssync] [info] Sync done. Took 280ms
