[2022-01-13 21:47:27.704] [exthost] [info] Extension host with pid 31957 started
[2022-01-13 21:47:27.704] [exthost] [info] Skipping acquiring lock for /home/bill/.config/Code/User/workspaceStorage/1871bede0f8cac87d0570312cfe9aa14.
[2022-01-13 21:47:27.811] [exthost] [info] ExtensionService#_doActivateExtension vscode.microsoft-authentication, startup: false, activationEvent: 'onAuthenticationRequest:microsoft'
[2022-01-13 21:47:27.830] [exthost] [info] ExtensionService#_doActivateExtension vscode.debug-auto-launch, startup: true, activationEvent: '*'
[2022-01-13 21:47:27.835] [exthost] [info] ExtensionService#_doActivateExtension vscode.git-base, startup: true, activationEvent: '*', root cause: vscode.github
[2022-01-13 21:47:27.841] [exthost] [info] ExtensionService#_doActivateExtension oderwat.indent-rainbow, startup: true, activationEvent: '*'
[2022-01-13 21:47:27.844] [exthost] [info] ExtensionService#_doActivateExtension vscodevim.vim, startup: true, activationEvent: '*'
[2022-01-13 21:47:27.945] [exthost] [info] ExtensionService#_doActivateExtension zhuangtongfa.material-theme, startup: true, activationEvent: '*'
[2022-01-13 21:47:28.050] [exthost] [info] ExtensionService#_doActivateExtension vscode.npm, startup: true, activationEvent: 'workspaceContains:package.json'
[2022-01-13 21:47:28.221] [exthost] [info] ExtensionService#_doActivateExtension vscode.git, startup: true, activationEvent: '*'
[2022-01-13 21:47:28.264] [exthost] [info] ExtensionService#_doActivateExtension vscode.github, startup: true, activationEvent: '*'
[2022-01-13 21:47:28.553] [exthost] [info] Eager extensions activated
[2022-01-13 21:47:28.557] [exthost] [info] ExtensionService#_doActivateExtension vscode.github-authentication, startup: false, activationEvent: 'onAuthenticationRequest:github'
[2022-01-13 21:47:28.606] [exthost] [info] ExtensionService#_doActivateExtension vscode.emmet, startup: false, activationEvent: 'onStartupFinished'
[2022-01-13 21:47:28.620] [exthost] [info] ExtensionService#_doActivateExtension vscode.merge-conflict, startup: false, activationEvent: 'onStartupFinished'
[2022-01-13 21:47:28.622] [exthost] [info] ExtensionService#_doActivateExtension dbaeumer.vscode-eslint, startup: false, activationEvent: 'onStartupFinished'
[2022-01-13 21:47:28.636] [exthost] [info] ExtensionService#_doActivateExtension eamodio.gitlens, startup: false, activationEvent: 'onStartupFinished'
[2022-01-13 21:47:28.701] [exthost] [info] ExtensionService#_doActivateExtension esbenp.prettier-vscode, startup: false, activationEvent: 'onStartupFinished'
[2022-01-13 21:47:34.867] [exthost] [info] ExtensionService#_doActivateExtension vscode.configuration-editing, startup: false, activationEvent: 'onLanguage:jsonc'
[2022-01-13 21:47:34.872] [exthost] [info] ExtensionService#_doActivateExtension vscode.json-language-features, startup: false, activationEvent: 'onLanguage:jsonc'
[2022-01-13 21:47:34.938] [exthost] [info] ExtensionService#_doActivateExtension vscode.typescript-language-features, startup: false, activationEvent: 'onLanguage:jsonc'
[2022-01-13 21:47:42.211] [exthost] [info] ExtensionService#_doActivateExtension CoenraadS.bracket-pair-colorizer, startup: false, activationEvent: '*'
[2022-01-13 21:47:44.535] [exthost] [info] ExtensionService#_doActivateExtension PKief.material-icon-theme, startup: false, activationEvent: 'onStartupFinished'
[2022-01-13 21:48:07.446] [exthost] [info] ExtensionService#_doActivateExtension salesforce.salesforce-vscode-slds, startup: false, activationEvent: 'onLanguage:javascript'
[2022-01-13 21:48:21.088] [exthost] [warning] TextEditor is closed/disposed
[2022-01-13 21:48:24.653] [exthost] [info] extension host terminating: renderer closed the socket
[2022-01-13 21:48:24.778] [exthost] [info] Extension host with pid 31957 exiting with code 0
[2022-01-13 21:48:28.456] [exthost] [info] Extension host with pid 32418 started
[2022-01-13 21:48:28.456] [exthost] [info] Skipping acquiring lock for /home/bill/.config/Code/User/workspaceStorage/1871bede0f8cac87d0570312cfe9aa14.
[2022-01-13 21:48:28.659] [exthost] [info] ExtensionService#_doActivateExtension vscode.microsoft-authentication, startup: false, activationEvent: 'onAuthenticationRequest:microsoft'
[2022-01-13 21:48:28.676] [exthost] [info] ExtensionService#_doActivateExtension vscode.debug-auto-launch, startup: true, activationEvent: '*'
[2022-01-13 21:48:28.681] [exthost] [info] ExtensionService#_doActivateExtension vscode.git-base, startup: true, activationEvent: '*', root cause: vscode.github
[2022-01-13 21:48:28.699] [exthost] [info] ExtensionService#_doActivateExtension CoenraadS.bracket-pair-colorizer, startup: true, activationEvent: '*'
[2022-01-13 21:48:28.743] [exthost] [info] ExtensionService#_doActivateExtension vscodevim.vim, startup: true, activationEvent: '*'
[2022-01-13 21:48:28.891] [exthost] [info] ExtensionService#_doActivateExtension zhuangtongfa.material-theme, startup: true, activationEvent: '*'
[2022-01-13 21:48:28.929] [exthost] [info] ExtensionService#_doActivateExtension vscode.npm, startup: true, activationEvent: 'workspaceContains:package.json'
[2022-01-13 21:48:29.289] [exthost] [info] ExtensionService#_doActivateExtension vscode.github-authentication, startup: false, activationEvent: 'onAuthenticationRequest:github'
[2022-01-13 21:48:29.329] [exthost] [info] ExtensionService#_doActivateExtension vscode.git, startup: true, activationEvent: '*'
[2022-01-13 21:48:29.366] [exthost] [info] ExtensionService#_doActivateExtension vscode.github, startup: true, activationEvent: '*'
[2022-01-13 21:48:29.513] [exthost] [info] Eager extensions activated
[2022-01-13 21:48:29.561] [exthost] [info] ExtensionService#_doActivateExtension vscode.emmet, startup: false, activationEvent: 'onStartupFinished'
[2022-01-13 21:48:29.573] [exthost] [info] ExtensionService#_doActivateExtension vscode.merge-conflict, startup: false, activationEvent: 'onStartupFinished'
[2022-01-13 21:48:29.576] [exthost] [info] ExtensionService#_doActivateExtension eamodio.gitlens, startup: false, activationEvent: 'onStartupFinished'
[2022-01-13 21:48:29.665] [exthost] [info] ExtensionService#_doActivateExtension PKief.material-icon-theme, startup: false, activationEvent: 'onStartupFinished'
[2022-01-13 21:48:32.327] [exthost] [info] ExtensionService#_doActivateExtension vscode.typescript-language-features, startup: false, activationEvent: 'onLanguage:javascript'
[2022-01-13 21:48:32.353] [exthost] [info] ExtensionService#_doActivateExtension salesforce.salesforce-vscode-slds, startup: false, activationEvent: 'onLanguage:javascript'
[2022-01-13 22:00:19.771] [exthost] [warning] TextEditor is closed/disposed
[2022-01-13 22:03:39.739] [exthost] [info] ExtensionService#_doActivateExtension ChakrounAnas.turbo-console-log, startup: false, activationEvent: 'onCommand:turboConsoleLog.displayLogMessage'
[2022-01-13 22:03:49.033] [exthost] [warning] TextEditor is closed/disposed
[2022-01-13 22:06:11.265] [exthost] [warning] TextEditor is closed/disposed
[2022-01-13 22:06:11.267] [exthost] [warning] TextEditor is closed/disposed
[2022-01-13 22:06:11.267] [exthost] [warning] TextEditor is closed/disposed
[2022-01-13 22:15:37.693] [exthost] [warning] TextEditor is closed/disposed
[2022-01-13 22:15:41.079] [exthost] [warning] TextEditor is closed/disposed
[2022-01-13 22:15:41.079] [exthost] [warning] TextEditor is closed/disposed
[2022-01-13 22:18:33.052] [exthost] [warning] TextEditor is closed/disposed
[2022-01-13 22:20:16.253] [exthost] [info] ExtensionService#_doActivateExtension vscode.configuration-editing, startup: false, activationEvent: 'onLanguage:jsonc'
[2022-01-13 22:20:16.264] [exthost] [info] ExtensionService#_doActivateExtension vscode.json-language-features, startup: false, activationEvent: 'onLanguage:jsonc'
[2022-01-13 22:21:12.894] [exthost] [warning] TextEditor is closed/disposed
[2022-01-13 22:28:25.204] [exthost] [warning] TextEditor is closed/disposed
[2022-01-13 22:28:25.204] [exthost] [warning] TextEditor is closed/disposed
[2022-01-13 22:28:25.230] [exthost] [warning] ExtHostTextEditorOptions 'setCursorStyle' failed:'
[2022-01-13 22:28:25.230] [exthost] [warning] {"name":"DISPOSED","message":"TextEditor(vs.editor.ICodeEditor:2,$model19) has been disposed"}
[2022-01-13 22:28:49.425] [exthost] [warning] TextEditor is closed/disposed
[2022-01-13 22:28:52.069] [exthost] [warning] TextEditor is closed/disposed
[2022-01-13 22:28:52.073] [exthost] [warning] TextEditor is closed/disposed
[2022-01-13 22:30:40.326] [exthost] [warning] TextEditor is closed/disposed
[2022-01-13 22:31:08.545] [exthost] [warning] TextEditor is closed/disposed
[2022-01-13 22:31:08.545] [exthost] [warning] TextEditor is closed/disposed
[2022-01-13 22:31:26.032] [exthost] [warning] TextEditor is closed/disposed
[2022-01-13 22:31:26.033] [exthost] [warning] TextEditor is closed/disposed
[2022-01-13 22:31:26.033] [exthost] [warning] TextEditor is closed/disposed
[2022-01-13 22:34:46.546] [exthost] [warning] TextEditor is closed/disposed
[2022-01-13 22:35:25.547] [exthost] [warning] TextEditor is closed/disposed
[2022-01-13 22:36:01.708] [exthost] [warning] TextEditor is closed/disposed
[2022-01-13 22:36:01.708] [exthost] [warning] TextEditor is closed/disposed
[2022-01-13 22:36:02.899] [exthost] [warning] TextEditor is closed/disposed
[2022-01-13 22:36:02.900] [exthost] [warning] TextEditor is closed/disposed
[2022-01-13 22:36:02.900] [exthost] [warning] TextEditor is closed/disposed
[2022-01-13 22:36:04.284] [exthost] [warning] TextEditor is closed/disposed
[2022-01-13 22:36:04.284] [exthost] [warning] TextEditor is closed/disposed
[2022-01-13 22:36:04.284] [exthost] [warning] TextEditor is closed/disposed
[2022-01-13 22:36:04.978] [exthost] [warning] TextEditor is closed/disposed
[2022-01-13 22:36:04.978] [exthost] [warning] TextEditor is closed/disposed
[2022-01-13 22:36:07.634] [exthost] [warning] TextEditor is closed/disposed
[2022-01-13 22:36:07.634] [exthost] [warning] TextEditor is closed/disposed
[2022-01-13 22:36:07.634] [exthost] [warning] TextEditor is closed/disposed
[2022-01-13 22:36:08.935] [exthost] [warning] TextEditor is closed/disposed
[2022-01-13 22:36:08.935] [exthost] [warning] TextEditor is closed/disposed
