[2022-01-14 10:25:55.764] [exthost] [info] Extension host with pid 73280 started
[2022-01-14 10:25:55.764] [exthost] [info] Skipping acquiring lock for /home/bill/.config/Code/User/workspaceStorage/1871bede0f8cac87d0570312cfe9aa14.
[2022-01-14 10:25:55.854] [exthost] [info] ExtensionService#_doActivateExtension vscode.microsoft-authentication, startup: false, activationEvent: 'onAuthenticationRequest:microsoft'
[2022-01-14 10:25:55.878] [exthost] [info] ExtensionService#_doActivateExtension vscode.debug-auto-launch, startup: true, activationEvent: '*'
[2022-01-14 10:25:55.884] [exthost] [info] ExtensionService#_doActivateExtension vscode.git-base, startup: true, activationEvent: '*', root cause: vscode.github
[2022-01-14 10:25:55.886] [exthost] [info] ExtensionService#_doActivateExtension CoenraadS.bracket-pair-colorizer, startup: true, activationEvent: '*'
[2022-01-14 10:25:55.902] [exthost] [info] ExtensionService#_doActivateExtension vscodevim.vim, startup: true, activationEvent: '*'
[2022-01-14 10:25:55.976] [exthost] [info] ExtensionService#_doActivateExtension zhuangtongfa.material-theme, startup: true, activationEvent: '*'
[2022-01-14 10:25:55.994] [exthost] [info] ExtensionService#_doActivateExtension vscode.npm, startup: true, activationEvent: 'workspaceContains:package.json'
[2022-01-14 10:25:56.245] [exthost] [info] ExtensionService#_doActivateExtension vscode.git, startup: true, activationEvent: '*'
[2022-01-14 10:25:56.268] [exthost] [info] ExtensionService#_doActivateExtension vscode.github, startup: true, activationEvent: '*'
[2022-01-14 10:25:56.378] [exthost] [info] ExtensionService#_doActivateExtension vscode.github-authentication, startup: false, activationEvent: 'onAuthenticationRequest:github'
[2022-01-14 10:25:56.425] [exthost] [info] Eager extensions activated
[2022-01-14 10:25:56.461] [exthost] [info] ExtensionService#_doActivateExtension vscode.emmet, startup: false, activationEvent: 'onStartupFinished'
[2022-01-14 10:25:56.468] [exthost] [info] ExtensionService#_doActivateExtension vscode.merge-conflict, startup: false, activationEvent: 'onStartupFinished'
[2022-01-14 10:25:56.470] [exthost] [info] ExtensionService#_doActivateExtension eamodio.gitlens, startup: false, activationEvent: 'onStartupFinished'
[2022-01-14 10:25:56.552] [exthost] [info] ExtensionService#_doActivateExtension PKief.material-icon-theme, startup: false, activationEvent: 'onStartupFinished'
[2022-01-14 10:25:57.230] [exthost] [info] ExtensionService#_doActivateExtension vscode.configuration-editing, startup: false, activationEvent: 'onLanguage:jsonc'
[2022-01-14 10:25:57.233] [exthost] [info] ExtensionService#_doActivateExtension vscode.json-language-features, startup: false, activationEvent: 'onLanguage:jsonc'
[2022-01-14 10:25:57.255] [exthost] [info] ExtensionService#_doActivateExtension vscode.typescript-language-features, startup: false, activationEvent: 'onLanguage:jsonc'
[2022-01-14 10:26:02.580] [exthost] [info] ExtensionService#_doActivateExtension salesforce.salesforce-vscode-slds, startup: false, activationEvent: 'onLanguage:javascript'
[2022-01-14 10:35:35.653] [exthost] [warning] TextEditor is closed/disposed
[2022-01-14 10:36:06.403] [exthost] [warning] TextEditor is closed/disposed
[2022-01-14 10:36:06.404] [exthost] [warning] TextEditor is closed/disposed
[2022-01-14 10:36:06.404] [exthost] [warning] TextEditor is closed/disposed
[2022-01-14 10:36:06.447] [exthost] [warning] ExtHostTextEditorOptions 'setCursorStyle' failed:'
[2022-01-14 10:36:06.447] [exthost] [warning] {"name":"DISPOSED","message":"TextEditor(vs.editor.ICodeEditor:1,$model8) has been disposed"}
[2022-01-14 10:39:58.647] [exthost] [warning] TextEditor is closed/disposed
[2022-01-14 10:40:21.042] [exthost] [warning] TextEditor is closed/disposed
[2022-01-14 10:40:21.044] [exthost] [warning] TextEditor is closed/disposed
[2022-01-14 10:40:21.044] [exthost] [warning] TextEditor is closed/disposed
[2022-01-14 11:16:24.767] [exthost] [warning] TextEditor is closed/disposed
[2022-01-14 11:16:57.807] [exthost] [warning] TextEditor is closed/disposed
[2022-01-14 11:17:13.704] [exthost] [warning] TextEditor is closed/disposed
[2022-01-14 11:17:16.702] [exthost] [warning] TextEditor is closed/disposed
[2022-01-14 11:30:57.812] [exthost] [info] extension host terminating: renderer closed the socket
[2022-01-14 11:30:57.863] [exthost] [warning] {"name":"Canceled"}
[2022-01-14 11:30:58.227] [exthost] [error] TypeError: r.some is not a function
    at Function.saveToDisk (/home/bill/.vscode/extensions/vscodevim.vim-1.21.10/src/register/register.ts:350:30)
    at Object.e.deactivate (/home/bill/.vscode/extensions/vscodevim.vim-1.21.10/extension.ts:37:18)
    at v._deactivate (/opt/visual-studio-code/resources/app/out/vs/workbench/services/extensions/node/extensionHostProcess.js:100:11513)
    at /opt/visual-studio-code/resources/app/out/vs/workbench/services/extensions/node/extensionHostProcess.js:100:10061
    at Array.map (<anonymous>)
    at v.deactivateAll (/opt/visual-studio-code/resources/app/out/vs/workbench/services/extensions/node/extensionHostProcess.js:100:10049)
    at p.terminate (/opt/visual-studio-code/resources/app/out/vs/workbench/services/extensions/node/extensionHostProcess.js:104:735)
    at r (/opt/visual-studio-code/resources/app/out/vs/workbench/services/extensions/node/extensionHostProcess.js:114:36400)
    at Socket.<anonymous> (/opt/visual-studio-code/resources/app/out/vs/workbench/services/extensions/node/extensionHostProcess.js:114:34012)
    at Socket.emit (events.js:327:22)
    at Pipe.<anonymous> (net.js:673:12)
[2022-01-14 11:30:58.228] [exthost] [info] Extension host with pid 73280 exiting with code 0
