[Info  - 12:21:25 AM] 2021/09/07 00:21:25 go env for /home/bill/startup
(root /home/bill/startup)
(go version go version go1.17 linux/amd64)
(valid build configuration = false)
(build flags: [])
GOMOD=/dev/null
GOPATH=/home/bill/go
GONOPROXY=
GOPRIVATE=
GO111MODULE=
GOINSECURE=
GOSUMDB=sum.golang.org
GOFLAGS=
GONOSUMDB=
GOPROXY=https://proxy.golang.org,direct
GOCACHE=/home/bill/.cache/go-build
GOMODCACHE=/home/bill/go/pkg/mod
GOROOT=/usr/lib/go


[Info  - 12:21:25 AM] 2021/09/07 00:21:25 go/packages.Load
	snapshot=0
	directory=/home/bill/startup
	query=[./ builtin]
	packages=2

[Info  - 12:21:25 AM] 2021/09/07 00:21:25 go/packages.Load
	snapshot=0
	directory=/home/bill/startup
	query=[./]
	packages=1

[Info  - 12:21:25 AM] 2021/09/07 00:21:25 go/packages.Load
	snapshot=0
	directory=/home/bill/startup
	query=[./]
	packages=1

[Info  - 12:21:25 AM] 2021/09/07 00:21:25 go/packages.Load
	snapshot=0
	directory=/home/bill/startup
	query=[./]
	packages=1

[Info  - 12:21:28 AM] 2021/09/07 00:21:28 go/packages.Load
	snapshot=1
	package="command-line-arguments"
	files=[/home/bill/startup/go/goDoc.go]

[Info  - 12:21:28 AM] 2021/09/07 00:21:28 go/packages.Load
	snapshot=1
	directory=/home/bill/startup
	query=[file=/home/bill/startup/go/goDoc.go]
	packages=1

[Info  - 12:21:28 AM] 2021/09/07 00:21:28 go/packages.Load
	snapshot=1
	package="command-line-arguments"
	files=[/home/bill/startup/go/goDoc.go]

[Info  - 12:21:28 AM] 2021/09/07 00:21:28 go/packages.Load
	snapshot=1
	directory=/home/bill/startup
	query=[file=/home/bill/startup/go/goDoc.go]
	packages=1

[Info  - 12:21:28 AM] 2021/09/07 00:21:28 falling back to safe trimming due to type errors: [/usr/lib/go/src/runtime/vdso_linux.go:55:38: invalid operation: division by zero /usr/lib/go/src/runtime/vdso_linux.go:56:38: invalid operation: division by zero] or still-missing identifiers: map[memRecordCycle:true pageBits:true]
	package="runtime"

[Info  - 12:21:59 AM] 2021/09/07 00:21:59 background imports cache refresh starting

[Info  - 12:21:59 AM] 2021/09/07 00:21:59 background refresh finished after 7.75806ms

