[2022-01-11 12:05:28.721] [exthost] [info] Extension host with pid 238275 started
[2022-01-11 12:05:28.721] [exthost] [info] Skipping acquiring lock for /home/bill/.config/Code/User/workspaceStorage/1871bede0f8cac87d0570312cfe9aa14.
[2022-01-11 12:05:28.980] [exthost] [info] ExtensionService#_doActivateExtension vscode.microsoft-authentication, startup: false, activationEvent: 'onAuthenticationRequest:microsoft'
[2022-01-11 12:05:28.994] [exthost] [info] ExtensionService#_doActivateExtension vscode.typescript-language-features, startup: false, activationEvent: 'onLanguage:javascript'
[2022-01-11 12:05:29.007] [exthost] [info] ExtensionService#_doActivateExtension salesforce.salesforce-vscode-slds, startup: false, activationEvent: 'onLanguage:javascript'
[2022-01-11 12:05:29.096] [exthost] [info] ExtensionService#_doActivateExtension vscode.debug-auto-launch, startup: true, activationEvent: '*'
[2022-01-11 12:05:29.098] [exthost] [info] ExtensionService#_doActivateExtension vscode.git-base, startup: true, activationEvent: '*', root cause: vscode.github
[2022-01-11 12:05:29.100] [exthost] [info] ExtensionService#_doActivateExtension vscodevim.vim, startup: true, activationEvent: '*'
[2022-01-11 12:05:29.158] [exthost] [info] ExtensionService#_doActivateExtension zhuangtongfa.material-theme, startup: true, activationEvent: '*'
[2022-01-11 12:05:29.184] [exthost] [info] ExtensionService#_doActivateExtension vscode.npm, startup: true, activationEvent: 'workspaceContains:package.json'
[2022-01-11 12:05:29.914] [exthost] [info] ExtensionService#_doActivateExtension vscode.git, startup: true, activationEvent: '*'
[2022-01-11 12:05:29.936] [exthost] [info] ExtensionService#_doActivateExtension vscode.github, startup: true, activationEvent: '*'
[2022-01-11 12:05:29.972] [exthost] [info] ExtensionService#_doActivateExtension vscode.github-authentication, startup: false, activationEvent: 'onAuthenticationRequest:github'
[2022-01-11 12:05:30.002] [exthost] [info] Eager extensions activated
[2022-01-11 12:05:30.058] [exthost] [info] ExtensionService#_doActivateExtension vscode.emmet, startup: false, activationEvent: 'onStartupFinished'
[2022-01-11 12:05:30.065] [exthost] [info] ExtensionService#_doActivateExtension vscode.merge-conflict, startup: false, activationEvent: 'onStartupFinished'
[2022-01-11 12:05:30.067] [exthost] [info] ExtensionService#_doActivateExtension dbaeumer.vscode-eslint, startup: false, activationEvent: 'onStartupFinished'
[2022-01-11 12:05:30.087] [exthost] [info] ExtensionService#_doActivateExtension eamodio.gitlens, startup: false, activationEvent: 'onStartupFinished'
[2022-01-11 12:05:30.137] [exthost] [info] ExtensionService#_doActivateExtension esbenp.prettier-vscode, startup: false, activationEvent: 'onStartupFinished'
[2022-01-11 12:05:41.023] [exthost] [info] ExtensionService#_doActivateExtension vscode.configuration-editing, startup: false, activationEvent: 'onLanguage:jsonc'
[2022-01-11 12:05:41.026] [exthost] [info] ExtensionService#_doActivateExtension vscode.json-language-features, startup: false, activationEvent: 'onLanguage:jsonc'
[2022-01-11 12:14:46.604] [exthost] [warning] TextEditor is closed/disposed
[2022-01-11 12:14:56.334] [exthost] [warning] TextEditor is closed/disposed
[2022-01-11 12:14:56.342] [exthost] [warning] TextEditor is closed/disposed
[2022-01-11 12:14:56.342] [exthost] [warning] TextEditor is closed/disposed
[2022-01-11 12:17:22.982] [exthost] [warning] TextEditor is closed/disposed
[2022-01-11 12:17:22.982] [exthost] [warning] TextEditor is closed/disposed
[2022-01-11 12:17:22.983] [exthost] [warning] TextEditor is closed/disposed
[2022-01-11 12:23:21.152] [exthost] [warning] TextEditor is closed/disposed
[2022-01-11 12:23:25.599] [exthost] [warning] TextEditor is closed/disposed
[2022-01-11 12:23:25.602] [exthost] [warning] TextEditor is closed/disposed
[2022-01-11 12:23:25.602] [exthost] [warning] TextEditor is closed/disposed
[2022-01-11 12:23:30.110] [exthost] [warning] TextEditor is closed/disposed
[2022-01-11 12:25:33.994] [exthost] [warning] TextEditor is closed/disposed
[2022-01-11 12:25:33.994] [exthost] [warning] TextEditor is closed/disposed
[2022-01-11 12:25:34.019] [exthost] [warning] ExtHostTextEditorOptions 'setCursorStyle' failed:'
[2022-01-11 12:25:34.020] [exthost] [warning] {"name":"DISPOSED","message":"TextEditor(vs.editor.ICodeEditor:2,$model11) has been disposed"}
[2022-01-11 12:25:51.857] [exthost] [warning] TextEditor is closed/disposed
[2022-01-11 12:26:08.455] [exthost] [warning] TextEditor is closed/disposed
[2022-01-11 12:26:08.455] [exthost] [warning] TextEditor is closed/disposed
[2022-01-11 12:26:08.496] [exthost] [warning] ExtHostTextEditorOptions 'setCursorStyle' failed:'
[2022-01-11 12:26:08.496] [exthost] [warning] {"name":"DISPOSED","message":"TextEditor(vs.editor.ICodeEditor:2,$model21) has been disposed"}
[2022-01-11 12:34:14.872] [exthost] [warning] TextEditor is closed/disposed
[2022-01-11 12:34:14.873] [exthost] [warning] TextEditor is closed/disposed
[2022-01-11 12:34:14.873] [exthost] [warning] TextEditor is closed/disposed
[2022-01-11 12:38:34.432] [exthost] [warning] TextEditor is closed/disposed
[2022-01-11 12:38:34.432] [exthost] [warning] TextEditor is closed/disposed
[2022-01-11 12:38:34.432] [exthost] [warning] TextEditor is closed/disposed
[2022-01-11 12:38:34.433] [exthost] [warning] TextEditor is closed/disposed
[2022-01-11 12:42:48.582] [exthost] [info] extension host terminating: renderer closed the socket
[2022-01-11 12:42:48.641] [exthost] [warning] {"name":"Canceled"}
[2022-01-11 12:42:49.025] [exthost] [error] TypeError: r.some is not a function
    at Function.saveToDisk (/home/bill/.vscode/extensions/vscodevim.vim-1.21.10/src/register/register.ts:350:30)
    at Object.e.deactivate (/home/bill/.vscode/extensions/vscodevim.vim-1.21.10/extension.ts:37:18)
    at v._deactivate (/opt/visual-studio-code/resources/app/out/vs/workbench/services/extensions/node/extensionHostProcess.js:100:11513)
    at /opt/visual-studio-code/resources/app/out/vs/workbench/services/extensions/node/extensionHostProcess.js:100:10061
    at Array.map (<anonymous>)
    at v.deactivateAll (/opt/visual-studio-code/resources/app/out/vs/workbench/services/extensions/node/extensionHostProcess.js:100:10049)
    at p.terminate (/opt/visual-studio-code/resources/app/out/vs/workbench/services/extensions/node/extensionHostProcess.js:104:735)
    at r (/opt/visual-studio-code/resources/app/out/vs/workbench/services/extensions/node/extensionHostProcess.js:114:36400)
    at Socket.<anonymous> (/opt/visual-studio-code/resources/app/out/vs/workbench/services/extensions/node/extensionHostProcess.js:114:34012)
    at Socket.emit (events.js:327:22)
    at Pipe.<anonymous> (net.js:673:12)
[2022-01-11 12:42:49.025] [exthost] [info] Extension host with pid 238275 exiting with code 0
