0 verbose cli [ '/usr/bin/node', '/usr/bin/npm', 'config', 'get', 'prefix' ]
1 info using npm@8.3.0
2 info using node@v17.3.0
3 timing npm:load:whichnode Completed in 1ms
4 timing config:load:defaults Completed in 8ms
5 timing config:load:file:/usr/lib/node_modules/npm/npmrc Completed in 67ms
6 timing config:load:builtin Completed in 67ms
7 timing config:load:cli Completed in 10ms
8 timing config:load:env Completed in 21ms
9 timing config:load:file:/home/bill/sftpsf/.npmrc Completed in 9ms
10 timing config:load:project Completed in 14ms
11 timing config:load:file:/home/bill/.npmrc Completed in 16ms
12 timing config:load:user Completed in 18ms
13 timing config:load:file:/usr/etc/npmrc Completed in 0ms
14 timing config:load:global Completed in 1ms
15 timing config:load:validate Completed in 0ms
16 timing config:load:credentials Completed in 32ms
17 timing config:load:setEnvs Completed in 1ms
18 timing config:load Completed in 173ms
19 timing npm:load:configload Completed in 173ms
20 timing npm:load:setTitle Completed in 1ms
21 timing config:load:flatten Completed in 63ms
22 timing npm:load:display Completed in 65ms
23 verbose logfile /home/bill/.npm/_logs/2022-01-14T03_48_08_745Z-debug-0.log
24 timing npm:load:logFile Completed in 73ms
25 timing npm:load:timers Completed in 0ms
26 timing npm:load:configScope Completed in 0ms
27 timing npm:load Completed in 314ms
28 timing command:config Completed in 20ms
29 verbose exit 0
30 timing npm Completed in 878ms
31 info ok
