0 verbose cli [ '/usr/bin/node', '/usr/bin/npm', 'i', 'ssh2-sftp-client' ]
1 info using npm@8.3.0
2 info using node@v17.3.0
3 timing npm:load:whichnode Completed in 0ms
4 timing config:load:defaults Completed in 2ms
5 timing config:load:file:/usr/lib/node_modules/npm/npmrc Completed in 1ms
6 timing config:load:builtin Completed in 1ms
7 timing config:load:cli Completed in 2ms
8 timing config:load:env Completed in 0ms
9 timing config:load:file:/home/bill/sftpsf/.npmrc Completed in 0ms
10 timing config:load:project Completed in 6ms
11 timing config:load:file:/home/bill/.npmrc Completed in 2ms
12 timing config:load:user Completed in 3ms
13 timing config:load:file:/usr/etc/npmrc Completed in 0ms
14 timing config:load:global Completed in 1ms
15 timing config:load:validate Completed in 0ms
16 timing config:load:credentials Completed in 2ms
17 timing config:load:setEnvs Completed in 2ms
18 timing config:load Completed in 20ms
19 timing npm:load:configload Completed in 20ms
20 timing npm:load:setTitle Completed in 1ms
21 timing config:load:flatten Completed in 4ms
22 timing npm:load:display Completed in 7ms
23 verbose logfile /home/bill/.npm/_logs/2022-01-14T03_49_11_543Z-debug-0.log
24 timing npm:load:logFile Completed in 7ms
25 timing npm:load:timers Completed in 0ms
26 timing npm:load:configScope Completed in 0ms
27 timing npm:load Completed in 36ms
28 timing arborist:ctor Completed in 1ms
29 silly logfile start cleaning logs, removing 1 files
30 timing idealTree:init Completed in 166ms
31 timing idealTree:userRequests Completed in 2ms
32 silly idealTree buildDeps
33 silly fetch manifest ssh2-sftp-client@*
34 timing arborist:ctor Completed in 0ms
35 http fetch GET 200 https://registry.npmjs.org/ssh2-sftp-client 684ms (cache miss)
36 silly placeDep ROOT ssh2-sftp-client@7.2.1 OK for:  want: *
37 silly fetch manifest concat-stream@^2.0.0
38 silly fetch manifest promise-retry@^2.0.1
39 silly fetch manifest ssh2@^1.5.0
40 http fetch GET 200 https://registry.npmjs.org/promise-retry 62ms (cache miss)
41 http fetch GET 200 https://registry.npmjs.org/concat-stream 195ms (cache revalidated)
42 http fetch GET 200 https://registry.npmjs.org/ssh2 195ms (cache miss)
43 timing idealTree:#root Completed in 889ms
44 silly placeDep ROOT concat-stream@2.0.0 OK for: ssh2-sftp-client@7.2.1 want: ^2.0.0
45 silly placeDep ROOT promise-retry@2.0.1 OK for: ssh2-sftp-client@7.2.1 want: ^2.0.1
46 silly placeDep ROOT ssh2@1.5.0 OK for: ssh2-sftp-client@7.2.1 want: ^1.5.0
47 silly fetch manifest buffer-from@^1.0.0
48 silly fetch manifest readable-stream@^3.0.2
49 silly fetch manifest typedarray@^0.0.6
50 silly fetch manifest err-code@^2.0.2
51 silly fetch manifest retry@^0.12.0
52 silly fetch manifest cpu-features@0.0.2
53 silly fetch manifest nan@^2.15.0
54 http fetch GET 200 https://registry.npmjs.org/retry 54ms (cache miss)
55 http fetch GET 200 https://registry.npmjs.org/err-code 67ms (cache miss)
56 http fetch GET 200 https://registry.npmjs.org/buffer-from 183ms (cache revalidated)
57 http fetch GET 200 https://registry.npmjs.org/readable-stream 194ms (cache revalidated)
58 http fetch GET 200 https://registry.npmjs.org/typedarray 210ms (cache revalidated)
59 http fetch GET 200 https://registry.npmjs.org/nan 228ms (cache revalidated)
60 http fetch GET 200 https://registry.npmjs.org/cpu-features 468ms (cache miss)
61 timing idealTree:node_modules/ssh2-sftp-client Completed in 476ms
62 silly placeDep ROOT buffer-from@1.1.2 OK for: concat-stream@2.0.0 want: ^1.0.0
63 silly placeDep node_modules/concat-stream readable-stream@3.6.0 OK for: concat-stream@2.0.0 want: ^3.0.2
64 silly placeDep ROOT typedarray@0.0.6 OK for: concat-stream@2.0.0 want: ^0.0.6
65 timing idealTree:node_modules/concat-stream Completed in 8ms
66 timing idealTree:node_modules/buffer-from Completed in 0ms
67 silly placeDep ROOT err-code@2.0.3 OK for: promise-retry@2.0.1 want: ^2.0.2
68 silly placeDep ROOT retry@0.12.0 OK for: promise-retry@2.0.1 want: ^0.12.0
69 timing idealTree:node_modules/promise-retry Completed in 4ms
70 timing idealTree:node_modules/err-code Completed in 0ms
71 timing idealTree:node_modules/retry Completed in 0ms
72 silly placeDep ROOT cpu-features@0.0.2 OK for: ssh2@1.5.0 want: 0.0.2
73 silly placeDep ROOT nan@2.15.0 OK for: ssh2@1.5.0 want: ^2.15.0
74 timing idealTree:node_modules/ssh2 Completed in 4ms
75 timing idealTree:node_modules/cpu-features Completed in 0ms
76 timing idealTree:node_modules/nan Completed in 0ms
77 timing idealTree:node_modules/typedarray Completed in 0ms
78 timing idealTree:node_modules/concat-stream/node_modules/readable-stream Completed in 0ms
79 timing idealTree:buildDeps Completed in 1384ms
80 timing idealTree:fixDepFlags Completed in 3ms
81 timing idealTree Completed in 1561ms
82 timing reify:loadTrees Completed in 1563ms
83 timing reify:diffTrees Completed in 9ms
84 silly reify moves {}
85 timing reify:retireShallow Completed in 0ms
86 timing reify:createSparse Completed in 9ms
87 timing reify:loadBundles Completed in 0ms
88 silly audit bulk request {
88 silly audit   '@eslint/eslintrc': [ '1.0.5' ],
88 silly audit   debug: [ '4.3.3', '2.6.9' ],
88 silly audit   ms: [ '2.1.2', '2.0.0', '2.1.3' ],
88 silly audit   '@humanwhocodes/config-array': [ '0.9.2' ],
88 silly audit   '@humanwhocodes/object-schema': [ '1.2.1' ],
88 silly audit   accepts: [ '1.3.7' ],
88 silly audit   acorn: [ '8.7.0' ],
88 silly audit   'acorn-jsx': [ '5.3.2' ],
88 silly audit   ajv: [ '6.12.6' ],
88 silly audit   'ansi-colors': [ '4.1.1' ],
88 silly audit   'ansi-regex': [ '5.0.1' ],
88 silly audit   'ansi-styles': [ '4.3.0' ],
88 silly audit   argparse: [ '2.0.1' ],
88 silly audit   'array-flatten': [ '1.1.1' ],
88 silly audit   asap: [ '2.0.6' ],
88 silly audit   asn1: [ '0.2.6' ],
88 silly audit   'assert-plus': [ '1.0.0' ],
88 silly audit   asynckit: [ '0.4.0' ],
88 silly audit   'aws-sign2': [ '0.7.0' ],
88 silly audit   aws4: [ '1.11.0' ],
88 silly audit   'balanced-match': [ '1.0.2' ],
88 silly audit   'base64-url': [ '2.3.3' ],
88 silly audit   'bcrypt-pbkdf': [ '1.0.2' ],
88 silly audit   'body-parser': [ '1.19.1' ],
88 silly audit   'brace-expansion': [ '1.1.11' ],
88 silly audit   bytes: [ '3.1.1' ],
88 silly audit   callsites: [ '3.1.0' ],
88 silly audit   caseless: [ '0.12.0' ],
88 silly audit   chalk: [ '4.1.2' ],
88 silly audit   'co-prompt': [ '1.0.0' ],
88 silly audit   coffeescript: [ '1.12.7' ],
88 silly audit   'color-convert': [ '2.0.1' ],
88 silly audit   'color-name': [ '1.1.4' ],
88 silly audit   'combined-stream': [ '1.0.8' ],
88 silly audit   commander: [ '2.20.3' ],
88 silly audit   'concat-map': [ '0.0.1' ],
88 silly audit   'content-disposition': [ '0.5.4' ],
88 silly audit   'content-type': [ '1.0.4' ],
88 silly audit   cookie: [ '0.4.1' ],
88 silly audit   'cookie-signature': [ '1.0.6' ],
88 silly audit   'core-util-is': [ '1.0.3', '1.0.2' ],
88 silly audit   'cross-spawn': [ '7.0.3' ],
88 silly audit   csprng: [ '0.1.2' ],
88 silly audit   'csv-parse': [ '4.16.3' ],
88 silly audit   'csv-stringify': [ '1.1.2' ],
88 silly audit   dashdash: [ '1.14.1' ],
88 silly audit   'deep-is': [ '0.1.4' ],
88 silly audit   'delayed-stream': [ '1.0.0' ],
88 silly audit   depd: [ '1.1.2' ],
88 silly audit   destroy: [ '1.0.4' ],
88 silly audit   doctrine: [ '3.0.0' ],
88 silly audit   dotenv: [ '10.0.0' ],
88 silly audit   'ecc-jsbn': [ '0.1.2' ],
88 silly audit   'ee-first': [ '1.1.1' ],
88 silly audit   encodeurl: [ '1.0.2' ],
88 silly audit   enquirer: [ '2.3.6' ],
88 silly audit   'escape-html': [ '1.0.3' ],
88 silly audit   'escape-string-regexp': [ '4.0.0' ],
88 silly audit   eslint: [ '8.6.0' ],
88 silly audit   'eslint-scope': [ '7.1.0' ],
88 silly audit   'eslint-utils': [ '3.0.0' ],
88 silly audit   'eslint-visitor-keys': [ '2.1.0', '3.1.0' ],
88 silly audit   espree: [ '9.3.0' ],
88 silly audit   esquery: [ '1.4.0' ],
88 silly audit   esrecurse: [ '4.3.0' ],
88 silly audit   estraverse: [ '5.3.0' ],
88 silly audit   esutils: [ '2.0.3' ],
88 silly audit   etag: [ '1.8.1' ],
88 silly audit   express: [ '4.17.2' ],
88 silly audit   extend: [ '3.0.2' ],
88 silly audit   extsprintf: [ '1.3.0' ],
88 silly audit   'fast-deep-equal': [ '3.1.3' ],
88 silly audit   'fast-json-stable-stringify': [ '2.1.0' ],
88 silly audit   'fast-levenshtein': [ '2.0.6' ],
88 silly audit   faye: [ '1.4.0' ],
88 silly audit   'faye-websocket': [ '0.11.4' ],
88 silly audit   'file-entry-cache': [ '6.0.1' ],
88 silly audit   finalhandler: [ '1.1.2' ],
88 silly audit   'flat-cache': [ '3.0.4' ],
88 silly audit   flatted: [ '3.2.4' ],
88 silly audit   'forever-agent': [ '0.6.1' ],
88 silly audit   'form-data': [ '2.3.3' ],
88 silly audit   forwarded: [ '0.2.0' ],
88 silly audit   fresh: [ '0.5.2' ],
88 silly audit   'fs.realpath': [ '1.0.0' ],
88 silly audit   'functional-red-black-tree': [ '1.0.1' ],
88 silly audit   getpass: [ '0.1.7' ],
88 silly audit   glob: [ '7.2.0' ],
88 silly audit   'glob-parent': [ '6.0.2' ],
88 silly audit   globals: [ '13.12.0' ],
88 silly audit   'har-schema': [ '2.0.0' ],
88 silly audit   'har-validator': [ '5.1.5' ],
88 silly audit   'has-flag': [ '4.0.0' ],
88 silly audit   'http-errors': [ '1.8.1' ],
88 silly audit   'http-parser-js': [ '0.5.5' ],
88 silly audit   'http-signature': [ '1.2.0' ],
88 silly audit   https: [ '1.0.0' ],
88 silly audit   'iconv-lite': [ '0.4.24' ],
88 silly audit   ignore: [ '4.0.6' ],
88 silly audit   'import-fresh': [ '3.3.0' ],
88 silly audit   imurmurhash: [ '0.1.4' ],
88 silly audit   inflight: [ '1.0.6' ],
88 silly audit   inherits: [ '2.0.4' ],
88 silly audit   'ipaddr.js': [ '1.9.1' ],
88 silly audit   'is-extglob': [ '2.1.1' ],
88 silly audit   'is-glob': [ '4.0.3' ],
88 silly audit   'is-typedarray': [ '1.0.0' ],
88 silly audit   'is-wsl': [ '1.1.0' ],
88 silly audit   isarray: [ '1.0.0' ],
88 silly audit   isexe: [ '2.0.0' ],
88 silly audit   isstream: [ '0.1.2' ],
88 silly audit   'js-yaml': [ '4.1.0' ],
88 silly audit   jsbn: [ '0.1.1' ],
88 silly audit   jsforce: [ '1.11.0' ],
88 silly audit   'json-schema': [ '0.4.0' ],
88 silly audit   'json-schema-traverse': [ '0.4.1' ],
88 silly audit   'json-stable-stringify-without-jsonify': [ '1.0.1' ],
88 silly audit   'json-stringify-safe': [ '5.0.1' ],
88 silly audit   jsprim: [ '1.4.2' ],
88 silly audit   keypress: [ '0.2.1' ],
88 silly audit   levn: [ '0.4.1' ],
88 silly audit   lodash: [ '4.17.21' ],
88 silly audit   'lodash.get': [ '4.4.2' ],
88 silly audit   'lodash.merge': [ '4.6.2' ],
88 silly audit   'lru-cache': [ '6.0.0' ],
88 silly audit   'media-typer': [ '0.3.0' ],
88 silly audit   'merge-descriptors': [ '1.0.1' ],
88 silly audit   methods: [ '1.1.2' ],
88 silly audit   mime: [ '1.6.0' ],
88 silly audit   'mime-db': [ '1.51.0' ],
88 silly audit   'mime-types': [ '2.1.34' ],
88 silly audit   minimatch: [ '3.0.4' ],
88 silly audit   multistream: [ '2.1.1' ],
88 silly audit   'natural-compare': [ '1.4.0' ],
88 silly audit   negotiator: [ '0.6.2' ],
88 silly audit   'oauth-sign': [ '0.9.0' ],
88 silly audit   'on-finished': [ '2.3.0' ],
88 silly audit   once: [ '1.4.0' ],
88 silly audit   opn: [ '5.5.0' ],
88 silly audit   optionator: [ '0.9.1' ],
88 silly audit   'parent-module': [ '1.0.1' ],
88 silly audit   parseurl: [ '1.3.3' ],
88 silly audit   'path-is-absolute': [ '1.0.1' ],
88 silly audit   'path-key': [ '3.1.1' ],
88 silly audit   'path-to-regexp': [ '0.1.7' ],
88 silly audit   'performance-now': [ '2.1.0' ],
88 silly audit   'prelude-ls': [ '1.2.1' ],
88 silly audit   'process-nextick-args': [ '2.0.1' ],
88 silly audit   progress: [ '2.0.3' ],
88 silly audit   promise: [ '7.3.1' ],
88 silly audit   'proxy-addr': [ '2.0.7' ],
88 silly audit   psl: [ '1.8.0' ],
88 silly audit   punycode: [ '2.1.1' ],
88 silly audit   qs: [ '6.9.6', '6.5.2' ],
88 silly audit   querystring: [ '0.2.1' ],
88 silly audit   'range-parser': [ '1.2.1' ],
88 silly audit   'raw-body': [ '2.4.2' ],
88 silly audit   'readable-stream': [ '2.3.7', '3.6.0' ],
88 silly audit   'safe-buffer': [ '5.1.2', '5.2.1' ],
88 silly audit   regexpp: [ '3.2.0' ],
88 silly audit   request: [ '2.88.2' ],
88 silly audit   'tough-cookie': [ '2.5.0', '4.0.0' ],
88 silly audit   'resolve-from': [ '4.0.0' ],
88 silly audit   rimraf: [ '3.0.2' ],
88 silly audit   'safer-buffer': [ '2.1.2' ],
88 silly audit   sax: [ '1.2.4' ],
88 silly audit   semver: [ '7.3.5' ],
88 silly audit   send: [ '0.17.2' ],
88 silly audit   sequin: [ '0.1.1' ],
88 silly audit   'serve-static': [ '1.14.2' ],
88 silly audit   setprototypeof: [ '1.2.0' ],
88 silly audit   'shebang-command': [ '2.0.0' ],
88 silly audit   'shebang-regex': [ '3.0.0' ],
88 silly audit   sshpk: [ '1.17.0' ],
88 silly audit   statuses: [ '1.5.0' ],
88 silly audit   string_decoder: [ '1.1.1' ],
88 silly audit   'strip-ansi': [ '6.0.1' ],
88 silly audit   'strip-json-comments': [ '3.1.1' ],
88 silly audit   'supports-color': [ '7.2.0' ],
88 silly audit   'text-table': [ '0.2.0' ],
88 silly audit   toidentifier: [ '1.0.1' ],
88 silly audit   'tunnel-agent': [ '0.6.0' ],
88 silly audit   tweetnacl: [ '0.14.5' ],
88 silly audit   'type-check': [ '0.4.0' ],
88 silly audit   'type-fest': [ '0.20.2' ],
88 silly audit   'type-is': [ '1.6.18' ],
88 silly audit   universalify: [ '0.1.2' ],
88 silly audit   unpipe: [ '1.0.0' ],
88 silly audit   'uri-js': [ '4.4.1' ],
88 silly audit   'util-deprecate': [ '1.0.2' ],
88 silly audit   'utils-merge': [ '1.0.1' ],
88 silly audit   uuid: [ '3.4.0' ],
88 silly audit   'v8-compile-cache': [ '2.3.0' ],
88 silly audit   vary: [ '1.1.2' ],
88 silly audit   verror: [ '1.10.0' ],
88 silly audit   'websocket-driver': [ '0.7.4' ],
88 silly audit   'websocket-extensions': [ '0.1.4' ],
88 silly audit   which: [ '2.0.2' ],
88 silly audit   'word-wrap': [ '1.2.3' ],
88 silly audit   wrappy: [ '1.0.2' ],
88 silly audit   xml2js: [ '0.4.23' ],
88 silly audit   xmlbuilder: [ '11.0.1' ],
88 silly audit   yallist: [ '4.0.0' ],
88 silly audit   'ssh2-sftp-client': [ '7.2.1' ],
88 silly audit   'concat-stream': [ '2.0.0' ],
88 silly audit   'promise-retry': [ '2.0.1' ],
88 silly audit   ssh2: [ '1.5.0' ],
88 silly audit   'buffer-from': [ '1.1.2' ],
88 silly audit   typedarray: [ '0.0.6' ],
88 silly audit   'err-code': [ '2.0.3' ],
88 silly audit   retry: [ '0.12.0' ],
88 silly audit   'cpu-features': [ '0.0.2' ],
88 silly audit   nan: [ '2.15.0' ]
88 silly audit }
89 timing reifyNode:node_modules/buffer-from Completed in 107ms
90 timing reifyNode:node_modules/concat-stream Completed in 107ms
91 timing reifyNode:node_modules/err-code Completed in 115ms
92 timing reifyNode:node_modules/promise-retry Completed in 116ms
93 timing reifyNode:node_modules/typedarray Completed in 118ms
94 timing reifyNode:node_modules/ssh2-sftp-client Completed in 124ms
95 timing reifyNode:node_modules/retry Completed in 126ms
96 timing reifyNode:node_modules/concat-stream/node_modules/readable-stream Completed in 138ms
97 timing reifyNode:node_modules/nan Completed in 157ms
98 timing reifyNode:node_modules/cpu-features Completed in 174ms
99 timing reifyNode:node_modules/ssh2 Completed in 211ms
100 timing reify:unpack Completed in 213ms
101 timing reify:unretire Completed in 0ms
102 timing build:queue Completed in 2ms
103 info run cpu-features@0.0.2 install node_modules/cpu-features node-gyp rebuild
104 info run ssh2@1.5.0 install node_modules/ssh2 node install.js
105 http fetch POST 200 https://registry.npmjs.org/-/npm/v1/security/advisories/bulk 251ms
106 timing auditReport:getReport Completed in 256ms
107 silly audit report {}
108 timing auditReport:init Completed in 0ms
109 timing reify:audit Completed in 257ms
110 info run ssh2@1.5.0 install { code: 0, signal: null }
111 timing build:run:install:node_modules/ssh2 Completed in 3030ms
112 info run cpu-features@0.0.2 install { code: 0, signal: null }
113 timing build:run:install:node_modules/cpu-features Completed in 4735ms
114 timing build:run:install Completed in 4736ms
115 timing build:deps Completed in 4738ms
116 timing build Completed in 4738ms
117 timing reify:build Completed in 4739ms
118 timing reify:trash Completed in 0ms
119 timing reify:save Completed in 94ms
120 timing reify Completed in 6687ms
121 silly ADD node_modules/nan
122 silly ADD node_modules/cpu-features
123 silly ADD node_modules/retry
124 silly ADD node_modules/err-code
125 silly ADD node_modules/typedarray
126 silly ADD node_modules/buffer-from
127 silly ADD node_modules/ssh2
128 silly ADD node_modules/promise-retry
129 silly ADD node_modules/concat-stream
130 silly ADD node_modules/concat-stream/node_modules/readable-stream
131 silly ADD node_modules/ssh2-sftp-client
132 timing command:i Completed in 6699ms
133 verbose exit 0
134 timing npm Completed in 6985ms
135 info ok
