0 verbose cli [
0 verbose cli   '/usr/bin/node',
0 verbose cli   '/usr/bin/npm',
0 verbose cli   'install',
0 verbose cli   '--ignore-scripts',
0 verbose cli   '@types/ssh2-sftp-client@ts4.5',
0 verbose cli   '@types/buffer-from@ts4.5',
0 verbose cli   '@types/concat-stream@ts4.5',
0 verbose cli   '@types/cpu-features@ts4.5',
0 verbose cli   '@types/promise-retry@ts4.5',
0 verbose cli   '@types/retry@ts4.5',
0 verbose cli   '@types/ssh2@ts4.5',
0 verbose cli   '--save-dev',
0 verbose cli   '--user-agent=typesInstaller/4.5.4'
0 verbose cli ]
1 info using npm@8.3.0
2 info using node@v17.3.0
3 timing npm:load:whichnode Completed in 0ms
4 timing config:load:defaults Completed in 2ms
5 timing config:load:file:/usr/lib/node_modules/npm/npmrc Completed in 1ms
6 timing config:load:builtin Completed in 1ms
7 timing config:load:cli Completed in 2ms
8 timing config:load:env Completed in 0ms
9 timing config:load:file:/home/bill/.cache/typescript/4.5/.npmrc Completed in 2ms
10 timing config:load:project Completed in 11ms
11 timing config:load:file:/home/bill/.npmrc Completed in 2ms
12 timing config:load:user Completed in 2ms
13 timing config:load:file:/usr/etc/npmrc Completed in 0ms
14 timing config:load:global Completed in 0ms
15 timing config:load:validate Completed in 0ms
16 timing config:load:credentials Completed in 1ms
17 timing config:load:setEnvs Completed in 1ms
18 timing config:load Completed in 22ms
19 timing npm:load:configload Completed in 22ms
20 timing npm:load:setTitle Completed in 1ms
21 timing config:load:flatten Completed in 2ms
22 timing npm:load:display Completed in 3ms
23 verbose logfile /home/bill/.npm/_logs/2022-01-14T03_49_19_165Z-debug-0.log
24 timing npm:load:logFile Completed in 5ms
25 timing npm:load:timers Completed in 0ms
26 timing npm:load:configScope Completed in 0ms
27 timing npm:load Completed in 32ms
28 timing arborist:ctor Completed in 1ms
29 silly logfile start cleaning logs, removing 1 files
30 timing idealTree:init Completed in 157ms
31 timing arborist:ctor Completed in 1ms
32 http fetch GET 200 https://registry.npmjs.org/@types%2fconcat-stream 356ms (cache miss)
33 http fetch GET 200 https://registry.npmjs.org/@types%2fretry 357ms (cache miss)
34 http fetch GET 200 https://registry.npmjs.org/@types%2fbuffer-from 391ms (cache miss)
35 http fetch GET 200 https://registry.npmjs.org/@types%2fssh2-sftp-client 1128ms (cache miss)
36 http fetch GET 200 https://registry.npmjs.org/@types%2fpromise-retry 1129ms (cache miss)
37 http fetch GET 200 https://registry.npmjs.org/@types%2fcpu-features 1130ms (cache miss)
38 http fetch GET 200 https://registry.npmjs.org/@types%2fssh2 1129ms (cache miss)
39 timing idealTree:userRequests Completed in 1154ms
40 silly idealTree buildDeps
41 silly fetch manifest @types/ssh2-sftp-client@7.0.0
42 silly fetch manifest @types/buffer-from@1.1.0
43 silly fetch manifest @types/concat-stream@1.6.1
44 silly fetch manifest @types/cpu-features@0.0.0
45 silly fetch manifest @types/promise-retry@1.1.3
46 silly fetch manifest @types/retry@0.12.1
47 silly fetch manifest @types/ssh2@0.5.50
48 silly placeDep ROOT @types/buffer-from@1.1.0 OK for:  want: 1.1.0
49 silly placeDep ROOT @types/concat-stream@1.6.1 OK for:  want: 1.6.1
50 silly placeDep ROOT @types/cpu-features@0.0.0 OK for:  want: 0.0.0
51 silly placeDep ROOT @types/promise-retry@1.1.3 OK for:  want: 1.1.3
52 silly placeDep ROOT @types/retry@0.12.1 OK for:  want: 0.12.1
53 silly placeDep ROOT @types/ssh2@0.5.50 OK for:  want: 0.5.50
54 silly placeDep ROOT @types/ssh2-sftp-client@7.0.0 OK for:  want: 7.0.0
55 silly fetch manifest @types/ssh2-streams@*
56 http fetch GET 200 https://registry.npmjs.org/@types%2fssh2-streams 869ms (cache miss)
57 timing idealTree:#root Completed in 890ms
58 timing idealTree:node_modules/@types/buffer-from Completed in 0ms
59 timing idealTree:node_modules/@types/concat-stream Completed in 0ms
60 timing idealTree:node_modules/@types/cpu-features Completed in 0ms
61 timing idealTree:node_modules/@types/promise-retry Completed in 0ms
62 timing idealTree:node_modules/@types/retry Completed in 1ms
63 silly placeDep ROOT @types/ssh2-streams@0.1.9 OK for: @types/ssh2@0.5.50 want: *
64 timing idealTree:node_modules/@types/ssh2 Completed in 1ms
65 timing idealTree:node_modules/@types/ssh2-sftp-client Completed in 0ms
66 timing idealTree:node_modules/@types/ssh2-streams Completed in 0ms
67 timing idealTree:buildDeps Completed in 895ms
68 timing idealTree:fixDepFlags Completed in 1ms
69 timing idealTree Completed in 2210ms
70 timing reify:loadTrees Completed in 2212ms
71 timing reify:diffTrees Completed in 5ms
72 silly reify moves {}
73 timing reify:retireShallow Completed in 0ms
74 timing reify:createSparse Completed in 4ms
75 timing reify:loadBundles Completed in 0ms
76 silly audit bulk request {
76 silly audit   '@babel/code-frame': [ '7.16.7' ],
76 silly audit   '@babel/compat-data': [ '7.16.4' ],
76 silly audit   '@babel/core': [ '7.16.7' ],
76 silly audit   '@babel/generator': [ '7.16.7' ],
76 silly audit   '@babel/helper-compilation-targets': [ '7.16.7' ],
76 silly audit   '@babel/helper-environment-visitor': [ '7.16.7' ],
76 silly audit   '@babel/helper-function-name': [ '7.16.7' ],
76 silly audit   '@babel/helper-get-function-arity': [ '7.16.7' ],
76 silly audit   '@babel/helper-hoist-variables': [ '7.16.7' ],
76 silly audit   '@babel/helper-module-imports': [ '7.16.7' ],
76 silly audit   '@babel/helper-module-transforms': [ '7.16.7' ],
76 silly audit   '@babel/helper-simple-access': [ '7.16.7' ],
76 silly audit   '@babel/helper-split-export-declaration': [ '7.16.7' ],
76 silly audit   '@babel/helper-validator-identifier': [ '7.16.7' ],
76 silly audit   '@babel/helper-validator-option': [ '7.16.7' ],
76 silly audit   '@babel/helpers': [ '7.16.7' ],
76 silly audit   '@babel/highlight': [ '7.16.7' ],
76 silly audit   '@babel/parser': [ '7.16.7' ],
76 silly audit   '@babel/template': [ '7.16.7' ],
76 silly audit   '@babel/traverse': [ '7.16.7' ],
76 silly audit   '@babel/types': [ '7.16.7' ],
76 silly audit   '@types/accepts': [ '1.3.5' ],
76 silly audit   '@types/argparse': [ '2.0.10' ],
76 silly audit   '@types/asap': [ '2.0.0' ],
76 silly audit   '@types/asn1': [ '0.2.0' ],
76 silly audit   '@types/assert-plus': [ '1.0.4' ],
76 silly audit   '@types/aws4': [ '1.11.1' ],
76 silly audit   '@types/babel__code-frame': [ '7.0.3' ],
76 silly audit   '@types/babel__core': [ '7.1.18' ],
76 silly audit   '@types/babel__generator': [ '7.6.4' ],
76 silly audit   '@types/babel__template': [ '7.4.1' ],
76 silly audit   '@types/babel__traverse': [ '7.14.2' ],
76 silly audit   '@types/balanced-match': [ '1.0.2' ],
76 silly audit   '@types/base64-url': [ '2.2.0' ],
76 silly audit   '@types/body': [ '5.1.1' ],
76 silly audit   '@types/body-parser': [ '1.19.2' ],
76 silly audit   '@types/brace-expansion': [ '1.1.0' ],
76 silly audit   '@types/bytes': [ '3.1.1' ],
76 silly audit   '@types/caseless': [ '0.12.2' ],
76 silly audit   '@types/coffeescript': [ '2.5.1' ],
76 silly audit   '@types/color-convert': [ '2.0.0' ],
76 silly audit   '@types/color-name': [ '1.1.1' ],
76 silly audit   '@types/combined-stream': [ '1.0.3' ],
76 silly audit   '@types/concat-map': [ '0.0.1' ],
76 silly audit   '@types/connect': [ '3.4.35' ],
76 silly audit   '@types/content-disposition': [ '0.5.4' ],
76 silly audit   '@types/content-type': [ '1.1.5' ],
76 silly audit   '@types/cookie': [ '0.4.1' ],
76 silly audit   '@types/cookie-signature': [ '1.0.4' ],
76 silly audit   '@types/cross-spawn': [ '6.0.2' ],
76 silly audit   '@types/csprng': [ '0.1.2' ],
76 silly audit   '@types/dashdash': [ '1.14.1' ],
76 silly audit   '@types/debug': [ '4.1.7' ],
76 silly audit   '@types/depd': [ '1.1.32' ],
76 silly audit   '@types/destroy': [ '1.0.0' ],
76 silly audit   '@types/doctrine': [ '0.0.5' ],
76 silly audit   '@types/ee-first': [ '1.1.0' ],
76 silly audit   '@types/encodeurl': [ '1.0.0' ],
76 silly audit   '@types/escape-html': [ '1.0.1' ],
76 silly audit   '@types/eslint': [ '8.2.2' ],
76 silly audit   '@types/eslint-scope': [ '3.7.2' ],
76 silly audit   '@types/eslint-utils': [ '3.0.1' ],
76 silly audit   '@types/eslint-visitor-keys': [ '1.0.0' ],
76 silly audit   '@types/esquery': [ '1.0.2' ],
76 silly audit   '@types/estraverse': [ '5.1.1' ],
76 silly audit   '@types/estree': [ '0.0.50' ],
76 silly audit   '@types/esutils': [ '2.0.0' ],
76 silly audit   '@types/etag': [ '1.8.1' ],
76 silly audit   '@types/express': [ '4.17.13' ],
76 silly audit   '@types/express-serve-static-core': [ '4.17.27' ],
76 silly audit   '@types/extend': [ '3.0.1' ],
76 silly audit   '@types/extsprintf': [ '1.4.2' ],
76 silly audit   '@types/fast-levenshtein': [ '0.0.2' ],
76 silly audit   '@types/file-entry-cache': [ '5.0.2' ],
76 silly audit   '@types/finalhandler': [ '1.1.1' ],
76 silly audit   '@types/flat-cache': [ '2.0.0' ],
76 silly audit   '@types/forever-agent': [ '0.6.1' ],
76 silly audit   '@types/forwarded': [ '0.1.0' ],
76 silly audit   '@types/fresh': [ '0.5.0' ],
76 silly audit   '@types/functional-red-black-tree': [ '1.0.1' ],
76 silly audit   '@types/getpass': [ '0.1.1' ],
76 silly audit   '@types/glob': [ '7.2.0' ],
76 silly audit   '@types/glob-parent': [ '5.1.1' ],
76 silly audit   '@types/http-errors': [ '1.8.1' ],
76 silly audit   '@types/imurmurhash': [ '0.1.1' ],
76 silly audit   '@types/inherits': [ '0.0.30' ],
76 silly audit   '@types/is-glob': [ '4.0.2' ],
76 silly audit   '@types/is-typedarray': [ '1.0.0' ],
76 silly audit   '@types/isarray': [ '2.0.0' ],
76 silly audit   '@types/isexe': [ '2.0.1' ],
76 silly audit   '@types/isstream': [ '0.1.0' ],
76 silly audit   '@types/js-yaml': [ '4.0.5' ],
76 silly audit   '@types/jsbn': [ '1.2.30' ],
76 silly audit   '@types/jsforce': [ '1.9.38' ],
76 silly audit   '@types/json-schema': [ '7.0.9' ],
76 silly audit   '@types/json-stringify-safe': [ '5.0.0' ],
76 silly audit   '@types/lodash': [ '4.14.178' ],
76 silly audit   '@types/lodash.get': [ '4.4.6' ],
76 silly audit   '@types/lodash.merge': [ '4.6.6' ],
76 silly audit   '@types/lru-cache': [ '5.1.1' ],
76 silly audit   '@types/media-typer': [ '1.1.1' ],
76 silly audit   '@types/merge-descriptors': [ '1.0.1' ],
76 silly audit   '@types/methods': [ '1.1.1' ],
76 silly audit   '@types/mime': [ '2.0.3', '1.3.2' ],
76 silly audit   '@types/mime-db': [ '1.43.1' ],
76 silly audit   '@types/mime-types': [ '2.1.1' ],
76 silly audit   '@types/minimatch': [ '3.0.5' ],
76 silly audit   '@types/ms': [ '0.7.31' ],
76 silly audit   '@types/multistream': [ '2.1.2' ],
76 silly audit   '@types/natural-compare': [ '1.4.1' ],
76 silly audit   '@types/negotiator': [ '0.6.1' ],
76 silly audit   '@types/node': [ '17.0.8' ],
76 silly audit   '@types/on-finished': [ '2.3.1' ],
76 silly audit   '@types/once': [ '1.4.0' ],
76 silly audit   '@types/parseurl': [ '1.3.1' ],
76 silly audit   '@types/path-is-absolute': [ '1.0.0' ],
76 silly audit   '@types/prelude-ls': [ '1.1.29' ],
76 silly audit   '@types/progress': [ '2.0.5' ],
76 silly audit   '@types/proxy-addr': [ '2.0.0' ],
76 silly audit   '@types/psl': [ '1.1.0' ],
76 silly audit   '@types/punycode': [ '2.1.0' ],
76 silly audit   '@types/q': [ '1.5.5' ],
76 silly audit   '@types/qs': [ '6.9.7' ],
76 silly audit   '@types/range-parser': [ '1.2.4' ],
76 silly audit   '@types/readable-stream': [ '2.3.13' ],
76 silly audit   '@types/request': [ '2.48.8' ],
76 silly audit   '@types/rimraf': [ '3.0.2' ],
76 silly audit   '@types/safer-buffer': [ '2.1.0' ],
76 silly audit   '@types/sax': [ '1.2.4' ],
76 silly audit   '@types/semver': [ '7.3.9' ],
76 silly audit   '@types/send': [ '0.17.1' ],
76 silly audit   '@types/serve-static': [ '1.13.10' ],
76 silly audit   '@types/shebang-command': [ '1.2.0' ],
76 silly audit   '@types/sshpk': [ '1.10.7' ],
76 silly audit   '@types/statuses': [ '2.0.0' ],
76 silly audit   '@types/supports-color': [ '8.1.1' ],
76 silly audit   '@types/text-table': [ '0.2.2' ],
76 silly audit   '@types/tough-cookie': [ '4.0.1' ],
76 silly audit   '@types/type-check': [ '0.3.27' ],
76 silly audit   '@types/type-is': [ '1.6.3' ],
76 silly audit   '@types/universalify': [ '1.0.0' ],
76 silly audit   '@types/util-deprecate': [ '1.0.0' ],
76 silly audit   '@types/utils-merge': [ '0.0.28' ],
76 silly audit   '@types/uuid': [ '8.3.4' ],
76 silly audit   '@types/vary': [ '1.1.0' ],
76 silly audit   '@types/verror': [ '1.10.5' ],
76 silly audit   '@types/which': [ '2.0.1' ],
76 silly audit   '@types/xml2js': [ '0.4.9' ],
76 silly audit   '@types/yallist': [ '4.0.1' ],
76 silly audit   'ansi-styles': [ '3.2.1' ],
76 silly audit   asynckit: [ '0.4.0' ],
76 silly audit   browserslist: [ '4.19.1' ],
76 silly audit   'caniuse-lite': [ '1.0.30001298' ],
76 silly audit   chalk: [ '2.4.2' ],
76 silly audit   'color-convert': [ '1.9.3' ],
76 silly audit   'color-name': [ '1.1.3' ],
76 silly audit   'combined-stream': [ '1.0.8' ],
76 silly audit   'convert-source-map': [ '1.8.0' ],
76 silly audit   'safe-buffer': [ '5.1.2', '5.2.1' ],
76 silly audit   debug: [ '4.3.3' ],
76 silly audit   'delayed-stream': [ '1.0.0' ],
76 silly audit   'electron-to-chromium': [ '1.4.38' ],
76 silly audit   escalade: [ '3.1.1' ],
76 silly audit   'escape-string-regexp': [ '1.0.5' ],
76 silly audit   'form-data': [ '2.5.1' ],
76 silly audit   gensync: [ '1.0.0-beta.2' ],
76 silly audit   globals: [ '11.12.0' ],
76 silly audit   'has-flag': [ '3.0.0' ],
76 silly audit   'js-tokens': [ '4.0.0' ],
76 silly audit   jsesc: [ '2.5.2' ],
76 silly audit   json5: [ '2.2.0' ],
76 silly audit   'mime-db': [ '1.51.0' ],
76 silly audit   'mime-types': [ '2.1.34' ],
76 silly audit   minimist: [ '1.2.5' ],
76 silly audit   ms: [ '2.1.2' ],
76 silly audit   'node-releases': [ '2.0.1' ],
76 silly audit   picocolors: [ '1.0.0' ],
76 silly audit   semver: [ '6.3.0' ],
76 silly audit   'source-map': [ '0.5.7' ],
76 silly audit   'supports-color': [ '5.5.0' ],
76 silly audit   'to-fast-properties': [ '2.0.0' ],
76 silly audit   'types-registry': [ '0.1.575' ],
76 silly audit   '@types/buffer-from': [ '1.1.0' ],
76 silly audit   '@types/concat-stream': [ '1.6.1' ],
76 silly audit   '@types/cpu-features': [ '0.0.0' ],
76 silly audit   '@types/promise-retry': [ '1.1.3' ],
76 silly audit   '@types/retry': [ '0.12.1' ],
76 silly audit   '@types/ssh2': [ '0.5.50' ],
76 silly audit   '@types/ssh2-sftp-client': [ '7.0.0' ],
76 silly audit   '@types/ssh2-streams': [ '0.1.9' ]
76 silly audit }
77 silly tarball no local data for @types/ssh2@https://registry.npmjs.org/@types/ssh2/-/ssh2-0.5.50.tgz. Extracting by manifest.
78 silly tarball no local data for @types/retry@https://registry.npmjs.org/@types/retry/-/retry-0.12.1.tgz. Extracting by manifest.
79 silly tarball no local data for @types/promise-retry@https://registry.npmjs.org/@types/promise-retry/-/promise-retry-1.1.3.tgz. Extracting by manifest.
80 silly tarball no local data for @types/buffer-from@https://registry.npmjs.org/@types/buffer-from/-/buffer-from-1.1.0.tgz. Extracting by manifest.
81 silly tarball no local data for @types/concat-stream@https://registry.npmjs.org/@types/concat-stream/-/concat-stream-1.6.1.tgz. Extracting by manifest.
82 silly tarball no local data for @types/cpu-features@https://registry.npmjs.org/@types/cpu-features/-/cpu-features-0.0.0.tgz. Extracting by manifest.
83 timing reifyNode:node_modules/@types/ssh2-sftp-client Completed in 89ms
84 timing reifyNode:node_modules/@types/ssh2-streams Completed in 91ms
85 http fetch GET 200 https://registry.npmjs.org/@types/concat-stream/-/concat-stream-1.6.1.tgz 109ms (cache miss)
86 timing reifyNode:node_modules/@types/concat-stream Completed in 154ms
87 http fetch GET 200 https://registry.npmjs.org/@types/retry/-/retry-0.12.1.tgz 133ms (cache miss)
88 timing reifyNode:node_modules/@types/retry Completed in 159ms
89 http fetch POST 200 https://registry.npmjs.org/-/npm/v1/security/advisories/bulk 198ms
90 timing auditReport:getReport Completed in 204ms
91 silly audit report {}
92 timing auditReport:init Completed in 0ms
93 timing reify:audit Completed in 205ms
94 http fetch GET 200 https://registry.npmjs.org/@types/promise-retry/-/promise-retry-1.1.3.tgz 571ms (cache miss)
95 timing reifyNode:node_modules/@types/promise-retry Completed in 603ms
96 http fetch GET 200 https://registry.npmjs.org/@types/buffer-from/-/buffer-from-1.1.0.tgz 570ms (cache miss)
97 timing reifyNode:node_modules/@types/buffer-from Completed in 607ms
98 http fetch GET 200 https://registry.npmjs.org/@types/ssh2/-/ssh2-0.5.50.tgz 615ms (cache miss)
99 timing reifyNode:node_modules/@types/ssh2 Completed in 636ms
100 http fetch GET 200 https://registry.npmjs.org/@types/cpu-features/-/cpu-features-0.0.0.tgz 590ms (cache miss)
101 timing reifyNode:node_modules/@types/cpu-features Completed in 642ms
102 timing reify:unpack Completed in 643ms
103 timing reify:unretire Completed in 0ms
104 timing build:queue Completed in 1ms
105 timing build:deps Completed in 1ms
106 timing build Completed in 1ms
107 timing reify:build Completed in 2ms
108 timing reify:trash Completed in 0ms
109 timing reify:save Completed in 73ms
110 timing reify Completed in 2970ms
111 silly ADD node_modules/@types/ssh2-streams
112 silly ADD node_modules/@types/ssh2-sftp-client
113 silly ADD node_modules/@types/ssh2
114 silly ADD node_modules/@types/retry
115 silly ADD node_modules/@types/promise-retry
116 silly ADD node_modules/@types/cpu-features
117 silly ADD node_modules/@types/concat-stream
118 silly ADD node_modules/@types/buffer-from
119 timing command:install Completed in 2980ms
120 verbose exit 0
121 timing npm Completed in 3279ms
122 info ok
