[2021-12-14 15:23:35.069] [settingssync] [info] Using settings sync service https://vscode-sync.trafficmanager.net/
[2021-12-14 15:23:35.069] [settingssync] [info] Auto Sync is enabled.
[2021-12-14 15:23:35.069] [settingssync] [info] Auto Sync: Suspended until auth token is available.
[2021-12-14 15:23:37.578] [settingssync] [info] Auto Sync: Started
[2021-12-14 15:23:37.579] [settingssync] [info] Auto Sync: Triggered by Interval
[2021-12-14 15:23:43.201] [settingssync] [info] Settings: No changes found during synchronizing settings.
[2021-12-14 15:23:43.414] [settingssync] [info] Keybindings: No changes found during synchronizing keybindings.
[2021-12-14 15:23:43.425] [settingssync] [info] Snippets: No changes found during synchronizing snippets.
[2021-12-14 15:23:43.462] [settingssync] [info] GlobalState: No changes found during synchronizing ui state.
[2021-12-14 15:23:43.619] [settingssync] [info] Extensions: No changes found during synchronizing extensions.
[2021-12-14 15:23:43.620] [settingssync] [info] Sync done. Took 614ms
[2021-12-14 15:23:43.622] [settingssync] [info] Auto Sync: Triggered by Activity
[2021-12-14 15:23:43.743] [settingssync] [info] Settings: No changes found during synchronizing settings.
[2021-12-14 15:23:43.748] [settingssync] [info] Keybindings: No changes found during synchronizing keybindings.
[2021-12-14 15:23:43.755] [settingssync] [info] Snippets: No changes found during synchronizing snippets.
[2021-12-14 15:23:43.792] [settingssync] [info] GlobalState: No changes found during synchronizing ui state.
[2021-12-14 15:23:43.932] [settingssync] [info] Extensions: No changes found during synchronizing extensions.
[2021-12-14 15:23:43.937] [settingssync] [info] Sync done. Took 221ms
[2021-12-14 15:24:43.291] [settingssync] [info] Auto Sync: Triggered by Activity
[2021-12-14 15:24:43.506] [settingssync] [info] Settings: No changes found during synchronizing settings.
[2021-12-14 15:24:43.509] [settingssync] [info] Keybindings: No changes found during synchronizing keybindings.
[2021-12-14 15:24:43.513] [settingssync] [info] Snippets: No changes found during synchronizing snippets.
[2021-12-14 15:24:43.545] [settingssync] [info] GlobalState: No changes found during synchronizing ui state.
[2021-12-14 15:24:43.683] [settingssync] [info] Extensions: No changes found during synchronizing extensions.
[2021-12-14 15:24:43.685] [settingssync] [info] Sync done. Took 276ms
[2021-12-14 15:25:36.857] [settingssync] [info] Auto Sync: Triggered by Activity
[2021-12-14 15:25:37.100] [settingssync] [info] Settings: No changes found during synchronizing settings.
[2021-12-14 15:25:37.103] [settingssync] [info] Keybindings: No changes found during synchronizing keybindings.
[2021-12-14 15:25:37.106] [settingssync] [info] Snippets: No changes found during synchronizing snippets.
[2021-12-14 15:25:37.138] [settingssync] [info] GlobalState: No changes found during synchronizing ui state.
[2021-12-14 15:25:37.231] [settingssync] [info] Extensions: No changes found during synchronizing extensions.
[2021-12-14 15:25:37.237] [settingssync] [info] Sync done. Took 266ms
[2021-12-14 15:26:54.328] [settingssync] [info] Auto Sync: Triggered by Activity
[2021-12-14 15:26:54.574] [settingssync] [info] Settings: No changes found during synchronizing settings.
[2021-12-14 15:26:54.577] [settingssync] [info] Keybindings: No changes found during synchronizing keybindings.
[2021-12-14 15:26:54.580] [settingssync] [info] Snippets: No changes found during synchronizing snippets.
[2021-12-14 15:26:54.611] [settingssync] [info] GlobalState: No changes found during synchronizing ui state.
[2021-12-14 15:26:54.703] [settingssync] [info] Extensions: No changes found during synchronizing extensions.
[2021-12-14 15:26:54.709] [settingssync] [info] Sync done. Took 261ms
[2021-12-14 15:27:06.155] [settingssync] [info] Auto Sync: Triggered by Activity
[2021-12-14 15:27:06.412] [settingssync] [info] Settings: No changes found during synchronizing settings.
[2021-12-14 15:27:06.415] [settingssync] [info] Keybindings: No changes found during synchronizing keybindings.
[2021-12-14 15:27:06.418] [settingssync] [info] Snippets: No changes found during synchronizing snippets.
[2021-12-14 15:27:06.445] [settingssync] [info] GlobalState: No changes found during synchronizing ui state.
[2021-12-14 15:27:06.548] [settingssync] [info] Extensions: No changes found during synchronizing extensions.
[2021-12-14 15:27:06.556] [settingssync] [info] Sync done. Took 272ms
[2021-12-14 15:27:32.759] [settingssync] [info] Auto Sync: Triggered by Activity
[2021-12-14 15:27:33.374] [settingssync] [info] Settings: Updated remote settings
[2021-12-14 15:27:33.394] [settingssync] [info] Settings: Updated last synchronized settings
[2021-12-14 15:27:33.411] [settingssync] [info] Keybindings: No changes found during synchronizing keybindings.
[2021-12-14 15:27:33.428] [settingssync] [info] Snippets: No changes found during synchronizing snippets.
[2021-12-14 15:27:33.489] [settingssync] [info] GlobalState: No changes found during synchronizing ui state.
[2021-12-14 15:27:33.580] [settingssync] [info] Extensions: No changes found during synchronizing extensions.
[2021-12-14 15:27:33.583] [settingssync] [info] Sync done. Took 703ms
[2021-12-14 15:28:00.066] [settingssync] [info] Auto Sync: Triggered by Activity
[2021-12-14 15:28:00.714] [settingssync] [info] Settings: No changes found during synchronizing settings.
[2021-12-14 15:28:00.717] [settingssync] [info] Keybindings: No changes found during synchronizing keybindings.
[2021-12-14 15:28:00.721] [settingssync] [info] Snippets: No changes found during synchronizing snippets.
[2021-12-14 15:28:00.757] [settingssync] [info] GlobalState: No changes found during synchronizing ui state.
[2021-12-14 15:28:00.862] [settingssync] [info] Extensions: No changes found during synchronizing extensions.
[2021-12-14 15:28:00.864] [settingssync] [info] Sync done. Took 241ms
[2021-12-14 15:28:36.239] [settingssync] [info] Auto Sync: Triggered by Activity
[2021-12-14 15:28:36.475] [settingssync] [info] Settings: No changes found during synchronizing settings.
[2021-12-14 15:28:36.478] [settingssync] [info] Keybindings: No changes found during synchronizing keybindings.
[2021-12-14 15:28:36.482] [settingssync] [info] Snippets: No changes found during synchronizing snippets.
[2021-12-14 15:28:36.884] [settingssync] [info] GlobalState: Updated remote ui state
[2021-12-14 15:28:36.884] [settingssync] [info] GlobalState: Updated last synchronized ui state
[2021-12-14 15:28:36.996] [settingssync] [info] Extensions: No changes found during synchronizing extensions.
[2021-12-14 15:28:36.999] [settingssync] [info] Sync done. Took 631ms
[2021-12-14 15:28:47.077] [settingssync] [info] Auto Sync: Triggered by Activity
[2021-12-14 15:28:47.322] [settingssync] [info] Settings: No changes found during synchronizing settings.
[2021-12-14 15:28:47.511] [settingssync] [info] Keybindings: Updated remote keybindings
[2021-12-14 15:28:47.531] [settingssync] [info] Keybindings: Updated last synchronized keybindings
[2021-12-14 15:28:47.546] [settingssync] [info] Snippets: No changes found during synchronizing snippets.
[2021-12-14 15:28:47.584] [settingssync] [info] GlobalState: No changes found during synchronizing ui state.
[2021-12-14 15:28:47.671] [settingssync] [info] Extensions: No changes found during synchronizing extensions.
[2021-12-14 15:28:47.675] [settingssync] [info] Sync done. Took 454ms
