[2021-12-14 13:31:22.720] [exthost] [info] Extension host with pid 6695 started
[2021-12-14 13:31:22.720] [exthost] [info] Skipping acquiring lock for /home/bill/.config/Code/User/workspaceStorage/fda22da6af18ee518be015fe47648571.
[2021-12-14 13:31:23.001] [exthost] [info] ExtensionService#_doActivateExtension vscode.microsoft-authentication, startup: false, activationEvent: 'onAuthenticationRequest:microsoft'
[2021-12-14 13:31:23.012] [exthost] [info] ExtensionService#_doActivateExtension vscode.configuration-editing, startup: false, activationEvent: 'onLanguage:jsonc'
[2021-12-14 13:31:23.015] [exthost] [info] ExtensionService#_doActivateExtension vscode.json-language-features, startup: false, activationEvent: 'onLanguage:jsonc'
[2021-12-14 13:31:23.031] [exthost] [info] ExtensionService#_doActivateExtension vscode.typescript-language-features, startup: false, activationEvent: 'onLanguage:jsonc'
[2021-12-14 13:31:23.043] [exthost] [info] ExtensionService#_doActivateExtension vscodevim.vim, startup: false, activationEvent: 'onCommand:type'
[2021-12-14 13:31:23.088] [exthost] [info] ExtensionService#_doActivateExtension vscode.debug-auto-launch, startup: true, activationEvent: '*'
[2021-12-14 13:31:23.091] [exthost] [info] ExtensionService#_doActivateExtension vscode.git, startup: true, activationEvent: '*', root cause: vscode.github
[2021-12-14 13:31:23.113] [exthost] [info] ExtensionService#_doActivateExtension ms-python.python, startup: true, activationEvent: 'workspaceContains:Pipfile'
[2021-12-14 13:31:23.577] [exthost] [info] ExtensionService#_doActivateExtension vscode.github, startup: true, activationEvent: '*'
[2021-12-14 13:31:23.690] [exthost] [info] Eager extensions activated
[2021-12-14 13:31:23.853] [exthost] [info] ExtensionService#_doActivateExtension vscode.merge-conflict, startup: false, activationEvent: 'onStartupFinished'
[2021-12-14 13:31:23.855] [exthost] [info] ExtensionService#_doActivateExtension dbaeumer.vscode-eslint, startup: false, activationEvent: 'onStartupFinished'
[2021-12-14 13:31:23.862] [exthost] [info] ExtensionService#_doActivateExtension eamodio.gitlens, startup: false, activationEvent: 'onStartupFinished'
[2021-12-14 13:31:23.890] [exthost] [info] ExtensionService#_doActivateExtension ms-vscode-remote.remote-wsl, startup: false, activationEvent: 'onStartupFinished'
[2021-12-14 13:31:24.060] [exthost] [info] ExtensionService#_doActivateExtension vscode.github-authentication, startup: false, activationEvent: 'onAuthenticationRequest:github'
[2021-12-14 13:31:24.606] [exthost] [info] ExtensionService#_doActivateExtension ms-python.vscode-pylance, startup: false, activationEvent: 'api', root cause: ms-python.python
[2021-12-14 13:31:24.780] [exthost] [error] [vscode.json-language-features] provider FAILED
[2021-12-14 13:31:24.780] [exthost] [error] Canceled: Canceled
    at b.makeCancelError (/opt/visual-studio-code/resources/app/extensions/json-language-features/client/dist/node/jsonClientMain.js:1:458291)
    at b.handleFailedRequest (/opt/visual-studio-code/resources/app/extensions/json-language-features/client/dist/node/jsonClientMain.js:1:458142)
    at /opt/visual-studio-code/resources/app/extensions/json-language-features/client/dist/node/jsonClientMain.js:1:417165
    at x.provideCompletionItems (/opt/visual-studio-code/resources/app/out/vs/workbench/services/extensions/node/extensionHostProcess.js:94:181124)
[2021-12-14 13:32:18.946] [exthost] [info] ExtensionService#_doActivateExtension vscode.extension-editing, startup: false, activationEvent: 'onLanguage:json'
[2021-12-14 13:32:18.950] [exthost] [info] ExtensionService#_doActivateExtension vscode.npm, startup: false, activationEvent: 'onLanguage:json'
[2021-12-14 13:33:17.074] [exthost] [warning] TextEditor is closed/disposed
[2021-12-14 13:33:17.074] [exthost] [warning] TextEditor is closed/disposed
[2021-12-14 13:41:19.103] [exthost] [info] ExtensionService#_doActivateExtension ms-toolsai.jupyter, startup: false, activationEvent: 'onLanguage:python'
[2021-12-14 13:41:19.724] [exthost] [info] ExtensionService#_doActivateExtension ms-toolsai.jupyter-renderers, startup: false, activationEvent: 'api', root cause: ms-toolsai.jupyter
[2021-12-14 13:41:31.357] [exthost] [error] [ms-python.python] provider FAILED
[2021-12-14 13:41:31.357] [exthost] [error] Canceled: Canceled
    at S.makeCancelError (/home/bill/.vscode/extensions/ms-python.python-2021.12.1559732655/out/client/extension.js:24:159824)
    at S.handleFailedRequest (/home/bill/.vscode/extensions/ms-python.python-2021.12.1559732655/out/client/extension.js:24:159675)
    at /home/bill/.vscode/extensions/ms-python.python-2021.12.1559732655/out/client/extension.js:24:123609
    at m.provideDocumentHighlights (/opt/visual-studio-code/resources/app/out/vs/workbench/services/extensions/node/extensionHostProcess.js:94:171454)
[2021-12-14 13:41:31.374] [exthost] [error] [ms-python.python] provider FAILED
[2021-12-14 13:41:31.375] [exthost] [error] Canceled: Canceled
    at S.makeCancelError (/home/bill/.vscode/extensions/ms-python.python-2021.12.1559732655/out/client/extension.js:24:159824)
    at S.handleFailedRequest (/home/bill/.vscode/extensions/ms-python.python-2021.12.1559732655/out/client/extension.js:24:159675)
    at /home/bill/.vscode/extensions/ms-python.python-2021.12.1559732655/out/client/extension.js:24:123609
    at m.provideDocumentHighlights (/opt/visual-studio-code/resources/app/out/vs/workbench/services/extensions/node/extensionHostProcess.js:94:171454)
[2021-12-14 13:41:39.713] [exthost] [error] [ms-python.python] provider FAILED
[2021-12-14 13:41:39.714] [exthost] [error] Canceled: Canceled
    at S.makeCancelError (/home/bill/.vscode/extensions/ms-python.python-2021.12.1559732655/out/client/extension.js:24:159824)
    at S.handleFailedRequest (/home/bill/.vscode/extensions/ms-python.python-2021.12.1559732655/out/client/extension.js:24:159675)
    at /home/bill/.vscode/extensions/ms-python.python-2021.12.1559732655/out/client/extension.js:24:123609
    at m.provideDocumentHighlights (/opt/visual-studio-code/resources/app/out/vs/workbench/services/extensions/node/extensionHostProcess.js:94:171454)
[2021-12-14 13:41:39.761] [exthost] [error] [ms-python.python] provider FAILED
[2021-12-14 13:41:39.761] [exthost] [error] Canceled: Canceled
    at S.makeCancelError (/home/bill/.vscode/extensions/ms-python.python-2021.12.1559732655/out/client/extension.js:24:159824)
    at S.handleFailedRequest (/home/bill/.vscode/extensions/ms-python.python-2021.12.1559732655/out/client/extension.js:24:159675)
    at /home/bill/.vscode/extensions/ms-python.python-2021.12.1559732655/out/client/extension.js:24:123609
    at m.provideDocumentHighlights (/opt/visual-studio-code/resources/app/out/vs/workbench/services/extensions/node/extensionHostProcess.js:94:171454)
[2021-12-14 13:44:08.675] [exthost] [error] [ms-python.python] provider FAILED
[2021-12-14 13:44:08.675] [exthost] [error] TypeError: Cannot read property 'length' of undefined
    at /home/bill/.vscode/extensions/ms-python.python-2021.12.1559732655/out/client/extension.js:67:257359
    at p (/home/bill/.vscode/extensions/ms-python.python-2021.12.1559732655/out/client/extension.js:67:262355)
    at x.provideCompletionItems (/opt/visual-studio-code/resources/app/out/vs/workbench/services/extensions/node/extensionHostProcess.js:94:181124)
[2021-12-14 13:55:02.279] [exthost] [info] extension host terminating: renderer closed the socket
[2021-12-14 13:55:02.718] [exthost] [error] TypeError: r.some is not a function
    at Function.saveToDisk (/home/bill/.vscode/extensions/vscodevim.vim-1.21.10/src/register/register.ts:350:30)
    at Object.e.deactivate (/home/bill/.vscode/extensions/vscodevim.vim-1.21.10/extension.ts:37:18)
    at w._deactivate (/opt/visual-studio-code/resources/app/out/vs/workbench/services/extensions/node/extensionHostProcess.js:99:11449)
    at /opt/visual-studio-code/resources/app/out/vs/workbench/services/extensions/node/extensionHostProcess.js:99:9997
    at Array.map (<anonymous>)
    at w.deactivateAll (/opt/visual-studio-code/resources/app/out/vs/workbench/services/extensions/node/extensionHostProcess.js:99:9985)
    at b.terminate (/opt/visual-studio-code/resources/app/out/vs/workbench/services/extensions/node/extensionHostProcess.js:103:735)
    at o (/opt/visual-studio-code/resources/app/out/vs/workbench/services/extensions/node/extensionHostProcess.js:113:32681)
    at Socket.<anonymous> (/opt/visual-studio-code/resources/app/out/vs/workbench/services/extensions/node/extensionHostProcess.js:113:30296)
    at Socket.emit (events.js:327:22)
    at Pipe.<anonymous> (net.js:673:12)
[2021-12-14 13:55:03.337] [exthost] [info] Extension host with pid 6695 exiting with code 0
