[2022-01-11 20:28:11.239] [settingssync] [info] Using settings sync service https://vscode-sync.trafficmanager.net/
[2022-01-11 20:28:11.239] [settingssync] [info] Auto Sync is enabled.
[2022-01-11 20:28:11.239] [settingssync] [info] Auto Sync: Suspended until auth token is available.
[2022-01-11 20:28:14.239] [settingssync] [info] Auto Sync: Started
[2022-01-11 20:28:14.239] [settingssync] [info] Auto Sync: Triggered by Interval
[2022-01-11 20:28:15.261] [settingssync] [info] Settings: No changes found during synchronizing settings.
[2022-01-11 20:28:15.416] [settingssync] [info] Keybindings: No changes found during synchronizing keybindings.
[2022-01-11 20:28:15.475] [settingssync] [info] Snippets: No changes found during synchronizing snippets.
[2022-01-11 20:28:15.604] [settingssync] [info] GlobalState: No changes found during synchronizing ui state.
[2022-01-11 20:28:15.967] [settingssync] [info] Extensions: No changes found during synchronizing extensions.
[2022-01-11 20:28:15.968] [settingssync] [info] Sync done. Took 820ms
[2022-01-11 20:33:15.983] [settingssync] [info] Auto Sync: Triggered by Interval
[2022-01-11 20:33:16.479] [settingssync] [info] Settings: No changes found during synchronizing settings.
[2022-01-11 20:33:16.485] [settingssync] [info] Keybindings: No changes found during synchronizing keybindings.
[2022-01-11 20:33:16.488] [settingssync] [info] Snippets: No changes found during synchronizing snippets.
[2022-01-11 20:33:16.524] [settingssync] [info] GlobalState: No changes found during synchronizing ui state.
[2022-01-11 20:33:16.618] [settingssync] [info] Extensions: No changes found during synchronizing extensions.
[2022-01-11 20:33:16.620] [settingssync] [info] Sync done. Took 185ms
[2022-01-11 20:33:57.115] [settingssync] [info] Auto Sync: Triggered by Activity
[2022-01-11 20:33:57.282] [settingssync] [info] Settings: No changes found during synchronizing settings.
[2022-01-11 20:33:57.284] [settingssync] [info] Keybindings: No changes found during synchronizing keybindings.
[2022-01-11 20:33:57.287] [settingssync] [info] Snippets: No changes found during synchronizing snippets.
[2022-01-11 20:33:57.319] [settingssync] [info] GlobalState: No changes found during synchronizing ui state.
[2022-01-11 20:33:57.415] [settingssync] [info] Extensions: No changes found during synchronizing extensions.
[2022-01-11 20:33:57.418] [settingssync] [info] Sync done. Took 189ms
[2022-01-11 20:37:25.097] [settingssync] [info] Auto Sync: Triggered by Activity
[2022-01-11 20:37:25.647] [settingssync] [info] Settings: No changes found during synchronizing settings.
[2022-01-11 20:37:25.649] [settingssync] [info] Keybindings: No changes found during synchronizing keybindings.
[2022-01-11 20:37:25.652] [settingssync] [info] Snippets: No changes found during synchronizing snippets.
[2022-01-11 20:37:25.680] [settingssync] [info] GlobalState: No changes found during synchronizing ui state.
[2022-01-11 20:37:25.757] [settingssync] [info] Extensions: No changes found during synchronizing extensions.
[2022-01-11 20:37:25.760] [settingssync] [info] Sync done. Took 177ms
[2022-01-11 20:42:25.771] [settingssync] [info] Auto Sync: Triggered by Interval
[2022-01-11 20:42:26.183] [settingssync] [info] Settings: No changes found during synchronizing settings.
[2022-01-11 20:42:26.186] [settingssync] [info] Keybindings: No changes found during synchronizing keybindings.
[2022-01-11 20:42:26.189] [settingssync] [info] Snippets: No changes found during synchronizing snippets.
[2022-01-11 20:42:26.229] [settingssync] [info] GlobalState: No changes found during synchronizing ui state.
[2022-01-11 20:42:26.332] [settingssync] [info] Extensions: No changes found during synchronizing extensions.
[2022-01-11 20:42:26.333] [settingssync] [info] Sync done. Took 245ms
[2022-01-11 20:43:09.155] [settingssync] [info] Auto Sync: Triggered by Activity
[2022-01-11 20:43:09.321] [settingssync] [info] Settings: No changes found during synchronizing settings.
[2022-01-11 20:43:09.327] [settingssync] [info] Keybindings: No changes found during synchronizing keybindings.
[2022-01-11 20:43:09.331] [settingssync] [info] Snippets: No changes found during synchronizing snippets.
[2022-01-11 20:43:09.655] [settingssync] [info] GlobalState: Updated remote ui state
[2022-01-11 20:43:09.669] [settingssync] [info] GlobalState: Updated last synchronized ui state
[2022-01-11 20:43:09.848] [settingssync] [info] Extensions: No changes found during synchronizing extensions.
[2022-01-11 20:43:09.849] [settingssync] [info] Sync done. Took 583ms
[2022-01-11 20:43:10.362] [settingssync] [info] Auto Sync: Triggered by Activity
[2022-01-11 20:43:10.527] [settingssync] [info] Settings: No changes found during synchronizing settings.
[2022-01-11 20:43:10.531] [settingssync] [info] Keybindings: No changes found during synchronizing keybindings.
[2022-01-11 20:43:10.534] [settingssync] [info] Snippets: No changes found during synchronizing snippets.
[2022-01-11 20:43:10.555] [settingssync] [info] GlobalState: No changes found during synchronizing ui state.
[2022-01-11 20:43:10.623] [settingssync] [info] Extensions: No changes found during synchronizing extensions.
[2022-01-11 20:43:10.624] [settingssync] [info] Sync done. Took 145ms
[2022-01-11 20:44:13.458] [settingssync] [info] Auto Sync: Triggered by Activity
[2022-01-11 20:44:13.792] [settingssync] [info] Settings: Updated remote settings
[2022-01-11 20:44:13.810] [settingssync] [info] Settings: Updated last synchronized settings
[2022-01-11 20:44:13.820] [settingssync] [info] Keybindings: No changes found during synchronizing keybindings.
[2022-01-11 20:44:13.835] [settingssync] [info] Snippets: No changes found during synchronizing snippets.
[2022-01-11 20:44:13.879] [settingssync] [info] GlobalState: No changes found during synchronizing ui state.
[2022-01-11 20:44:13.943] [settingssync] [info] Extensions: No changes found during synchronizing extensions.
[2022-01-11 20:44:13.943] [settingssync] [info] Sync done. Took 372ms
[2022-01-11 20:45:04.403] [settingssync] [info] Auto Sync: Triggered by Activity
[2022-01-11 20:45:04.737] [settingssync] [info] Settings: Updated remote settings
[2022-01-11 20:45:04.753] [settingssync] [info] Settings: Updated last synchronized settings
[2022-01-11 20:45:04.763] [settingssync] [info] Keybindings: No changes found during synchronizing keybindings.
[2022-01-11 20:45:04.777] [settingssync] [info] Snippets: No changes found during synchronizing snippets.
[2022-01-11 20:45:04.813] [settingssync] [info] GlobalState: No changes found during synchronizing ui state.
[2022-01-11 20:45:04.902] [settingssync] [info] Extensions: No changes found during synchronizing extensions.
[2022-01-11 20:45:04.903] [settingssync] [info] Sync done. Took 391ms
[2022-01-11 20:45:41.053] [settingssync] [info] Auto Sync: Triggered by Activity
[2022-01-11 20:45:41.240] [settingssync] [info] Settings: No changes found during synchronizing settings.
[2022-01-11 20:45:41.243] [settingssync] [info] Keybindings: No changes found during synchronizing keybindings.
[2022-01-11 20:45:41.248] [settingssync] [info] Snippets: No changes found during synchronizing snippets.
[2022-01-11 20:45:41.284] [settingssync] [info] GlobalState: No changes found during synchronizing ui state.
[2022-01-11 20:45:41.376] [settingssync] [info] Extensions: No changes found during synchronizing extensions.
[2022-01-11 20:45:41.377] [settingssync] [info] Sync done. Took 188ms
[2022-01-11 20:47:07.985] [settingssync] [info] Auto Sync: Triggered by Activity
[2022-01-11 20:47:08.151] [settingssync] [info] Settings: No changes found during synchronizing settings.
[2022-01-11 20:47:08.154] [settingssync] [info] Keybindings: No changes found during synchronizing keybindings.
[2022-01-11 20:47:08.156] [settingssync] [info] Snippets: No changes found during synchronizing snippets.
[2022-01-11 20:47:08.187] [settingssync] [info] GlobalState: No changes found during synchronizing ui state.
[2022-01-11 20:47:08.259] [settingssync] [info] Extensions: No changes found during synchronizing extensions.
[2022-01-11 20:47:08.261] [settingssync] [info] Sync done. Took 155ms
[2022-01-11 20:49:20.410] [settingssync] [info] Auto Sync: Triggered by Activity
[2022-01-11 20:49:20.862] [settingssync] [info] Settings: No changes found during synchronizing settings.
[2022-01-11 20:49:20.866] [settingssync] [info] Keybindings: No changes found during synchronizing keybindings.
[2022-01-11 20:49:20.872] [settingssync] [info] Snippets: No changes found during synchronizing snippets.
[2022-01-11 20:49:21.209] [settingssync] [info] GlobalState: Updated remote ui state
[2022-01-11 20:49:21.210] [settingssync] [info] GlobalState: Updated last synchronized ui state
[2022-01-11 20:49:21.307] [settingssync] [info] Extensions: No changes found during synchronizing extensions.
[2022-01-11 20:49:21.308] [settingssync] [info] Sync done. Took 468ms
[2022-01-11 20:49:29.309] [settingssync] [info] Auto Sync: Triggered by Activity
[2022-01-11 20:49:29.459] [settingssync] [info] Settings: No changes found during synchronizing settings.
[2022-01-11 20:49:29.462] [settingssync] [info] Keybindings: No changes found during synchronizing keybindings.
[2022-01-11 20:49:29.466] [settingssync] [info] Snippets: No changes found during synchronizing snippets.
[2022-01-11 20:49:30.132] [settingssync] [info] GlobalState: Updated remote ui state
[2022-01-11 20:49:30.151] [settingssync] [info] GlobalState: Updated last synchronized ui state
[2022-01-11 20:49:30.241] [settingssync] [info] Extensions: No changes found during synchronizing extensions.
[2022-01-11 20:49:30.241] [settingssync] [info] Sync done. Took 821ms
[2022-01-11 20:50:02.969] [settingssync] [info] Auto Sync: Triggered by Activity
[2022-01-11 20:50:03.116] [settingssync] [info] Settings: No changes found during synchronizing settings.
[2022-01-11 20:50:03.119] [settingssync] [info] Keybindings: No changes found during synchronizing keybindings.
[2022-01-11 20:50:03.122] [settingssync] [info] Snippets: No changes found during synchronizing snippets.
[2022-01-11 20:50:03.158] [settingssync] [info] GlobalState: No changes found during synchronizing ui state.
[2022-01-11 20:50:03.242] [settingssync] [info] Extensions: No changes found during synchronizing extensions.
[2022-01-11 20:50:03.243] [settingssync] [info] Sync done. Took 164ms
[2022-01-11 20:50:26.693] [settingssync] [info] Auto Sync: Triggered by Activity
[2022-01-11 20:50:26.843] [settingssync] [info] Settings: No changes found during synchronizing settings.
[2022-01-11 20:50:26.857] [settingssync] [info] Keybindings: No changes found during synchronizing keybindings.
[2022-01-11 20:50:26.867] [settingssync] [info] Snippets: No changes found during synchronizing snippets.
[2022-01-11 20:50:26.951] [settingssync] [info] GlobalState: No changes found during synchronizing ui state.
[2022-01-11 20:50:27.018] [settingssync] [info] Extensions: No changes found during synchronizing extensions.
[2022-01-11 20:50:27.020] [settingssync] [info] Sync done. Took 209ms
[2022-01-11 20:51:02.101] [settingssync] [info] Auto Sync: Triggered by Activity
[2022-01-11 20:51:03.414] [settingssync] [info] Settings: Updated remote settings
[2022-01-11 20:51:03.432] [settingssync] [info] Settings: Updated last synchronized settings
[2022-01-11 20:51:03.441] [settingssync] [info] Keybindings: No changes found during synchronizing keybindings.
[2022-01-11 20:51:03.455] [settingssync] [info] Snippets: No changes found during synchronizing snippets.
[2022-01-11 20:51:03.492] [settingssync] [info] GlobalState: No changes found during synchronizing ui state.
[2022-01-11 20:51:03.564] [settingssync] [info] Extensions: No changes found during synchronizing extensions.
[2022-01-11 20:51:03.571] [settingssync] [info] Sync done. Took 1362ms
[2022-01-11 20:51:18.353] [settingssync] [info] Auto Sync: Triggered by Activity
[2022-01-11 20:51:18.514] [settingssync] [info] Settings: No changes found during synchronizing settings.
[2022-01-11 20:51:18.519] [settingssync] [info] Keybindings: No changes found during synchronizing keybindings.
[2022-01-11 20:51:18.524] [settingssync] [info] Snippets: No changes found during synchronizing snippets.
[2022-01-11 20:51:18.846] [settingssync] [info] GlobalState: Updated remote ui state
[2022-01-11 20:51:18.860] [settingssync] [info] GlobalState: Updated last synchronized ui state
[2022-01-11 20:51:18.932] [settingssync] [info] Extensions: No changes found during synchronizing extensions.
[2022-01-11 20:51:18.939] [settingssync] [info] Sync done. Took 473ms
[2022-01-11 20:51:26.622] [settingssync] [info] Auto Sync: Triggered by Activity
[2022-01-11 20:51:26.772] [settingssync] [info] Settings: No changes found during synchronizing settings.
[2022-01-11 20:51:26.775] [settingssync] [info] Keybindings: No changes found during synchronizing keybindings.
[2022-01-11 20:51:26.778] [settingssync] [info] Snippets: No changes found during synchronizing snippets.
[2022-01-11 20:51:27.136] [settingssync] [info] GlobalState: Updated remote ui state
[2022-01-11 20:51:27.150] [settingssync] [info] GlobalState: Updated last synchronized ui state
[2022-01-11 20:51:27.260] [settingssync] [info] Extensions: No changes found during synchronizing extensions.
[2022-01-11 20:51:27.266] [settingssync] [info] Sync done. Took 527ms
[2022-01-11 20:51:47.757] [settingssync] [info] Auto Sync: Triggered by Activity
[2022-01-11 20:51:47.922] [settingssync] [info] Settings: No changes found during synchronizing settings.
[2022-01-11 20:51:47.928] [settingssync] [info] Keybindings: No changes found during synchronizing keybindings.
[2022-01-11 20:51:47.931] [settingssync] [info] Snippets: No changes found during synchronizing snippets.
[2022-01-11 20:51:47.962] [settingssync] [info] GlobalState: No changes found during synchronizing ui state.
[2022-01-11 20:51:48.051] [settingssync] [info] Extensions: No changes found during synchronizing extensions.
[2022-01-11 20:51:48.054] [settingssync] [info] Sync done. Took 184ms
[2022-01-11 20:52:12.307] [settingssync] [info] Auto Sync: Triggered by Activity
[2022-01-11 20:52:12.432] [settingssync] [info] Settings: No changes found during synchronizing settings.
[2022-01-11 20:52:12.434] [settingssync] [info] Keybindings: No changes found during synchronizing keybindings.
[2022-01-11 20:52:12.436] [settingssync] [info] Snippets: No changes found during synchronizing snippets.
[2022-01-11 20:52:12.742] [settingssync] [info] GlobalState: Updated remote ui state
[2022-01-11 20:52:12.755] [settingssync] [info] GlobalState: Updated last synchronized ui state
[2022-01-11 20:52:12.829] [settingssync] [info] Extensions: No changes found during synchronizing extensions.
[2022-01-11 20:52:12.837] [settingssync] [info] Sync done. Took 419ms
[2022-01-11 20:53:00.106] [settingssync] [info] Auto Sync: Triggered by Activity
[2022-01-11 20:53:00.269] [settingssync] [info] Settings: No changes found during synchronizing settings.
[2022-01-11 20:53:00.276] [settingssync] [info] Keybindings: No changes found during synchronizing keybindings.
[2022-01-11 20:53:00.285] [settingssync] [info] Snippets: No changes found during synchronizing snippets.
[2022-01-11 20:53:00.603] [settingssync] [info] GlobalState: Updated remote ui state
[2022-01-11 20:53:00.615] [settingssync] [info] GlobalState: Updated last synchronized ui state
[2022-01-11 20:53:00.697] [settingssync] [info] Extensions: No changes found during synchronizing extensions.
[2022-01-11 20:53:00.702] [settingssync] [info] Sync done. Took 484ms
[2022-01-11 20:53:01.418] [settingssync] [info] Auto Sync: Triggered by Activity
[2022-01-11 20:53:01.635] [settingssync] [info] Settings: No changes found during synchronizing settings.
[2022-01-11 20:53:01.639] [settingssync] [info] Keybindings: No changes found during synchronizing keybindings.
[2022-01-11 20:53:01.644] [settingssync] [info] Snippets: No changes found during synchronizing snippets.
[2022-01-11 20:53:01.671] [settingssync] [info] GlobalState: No changes found during synchronizing ui state.
[2022-01-11 20:53:01.747] [settingssync] [info] Extensions: No changes found during synchronizing extensions.
[2022-01-11 20:53:01.747] [settingssync] [info] Sync done. Took 225ms
[2022-01-11 20:53:12.320] [settingssync] [info] Auto Sync: Triggered by Activity
[2022-01-11 20:53:12.442] [settingssync] [info] Settings: No changes found during synchronizing settings.
[2022-01-11 20:53:12.447] [settingssync] [info] Keybindings: No changes found during synchronizing keybindings.
[2022-01-11 20:53:12.451] [settingssync] [info] Snippets: No changes found during synchronizing snippets.
[2022-01-11 20:53:12.801] [settingssync] [info] GlobalState: Updated remote ui state
[2022-01-11 20:53:12.824] [settingssync] [info] GlobalState: Updated last synchronized ui state
[2022-01-11 20:53:12.937] [settingssync] [info] Extensions: No changes found during synchronizing extensions.
[2022-01-11 20:53:12.937] [settingssync] [info] Sync done. Took 513ms
[2022-01-11 20:53:33.796] [settingssync] [info] Auto Sync: Triggered by Activity
[2022-01-11 20:53:33.937] [settingssync] [info] Settings: No changes found during synchronizing settings.
[2022-01-11 20:53:33.943] [settingssync] [info] Keybindings: No changes found during synchronizing keybindings.
[2022-01-11 20:53:33.947] [settingssync] [info] Snippets: No changes found during synchronizing snippets.
[2022-01-11 20:53:33.983] [settingssync] [info] GlobalState: No changes found during synchronizing ui state.
[2022-01-11 20:53:34.040] [settingssync] [info] Extensions: No changes found during synchronizing extensions.
[2022-01-11 20:53:34.041] [settingssync] [info] Sync done. Took 131ms
[2022-01-11 20:53:55.881] [settingssync] [info] Auto Sync: Triggered by Activity
[2022-01-11 20:53:56.019] [settingssync] [info] Settings: No changes found during synchronizing settings.
[2022-01-11 20:53:56.026] [settingssync] [info] Keybindings: No changes found during synchronizing keybindings.
[2022-01-11 20:53:56.030] [settingssync] [info] Snippets: No changes found during synchronizing snippets.
[2022-01-11 20:53:56.071] [settingssync] [info] GlobalState: No changes found during synchronizing ui state.
[2022-01-11 20:53:56.151] [settingssync] [info] Extensions: No changes found during synchronizing extensions.
[2022-01-11 20:53:56.153] [settingssync] [info] Sync done. Took 156ms
[2022-01-11 20:54:06.584] [settingssync] [info] Auto Sync: Triggered by Activity
[2022-01-11 20:54:07.072] [settingssync] [info] Settings: Updated remote settings
[2022-01-11 20:54:07.089] [settingssync] [info] Settings: Updated last synchronized settings
[2022-01-11 20:54:07.099] [settingssync] [info] Keybindings: No changes found during synchronizing keybindings.
[2022-01-11 20:54:07.108] [settingssync] [info] Snippets: No changes found during synchronizing snippets.
[2022-01-11 20:54:07.168] [settingssync] [info] GlobalState: No changes found during synchronizing ui state.
[2022-01-11 20:54:07.236] [settingssync] [info] Extensions: No changes found during synchronizing extensions.
[2022-01-11 20:54:07.243] [settingssync] [info] Sync done. Took 474ms
[2022-01-11 20:54:17.366] [settingssync] [info] Auto Sync: Triggered by Activity
[2022-01-11 20:54:17.526] [settingssync] [info] Settings: No changes found during synchronizing settings.
[2022-01-11 20:54:17.529] [settingssync] [info] Keybindings: No changes found during synchronizing keybindings.
[2022-01-11 20:54:17.532] [settingssync] [info] Snippets: No changes found during synchronizing snippets.
[2022-01-11 20:54:17.557] [settingssync] [info] GlobalState: No changes found during synchronizing ui state.
[2022-01-11 20:54:17.628] [settingssync] [info] Extensions: No changes found during synchronizing extensions.
[2022-01-11 20:54:17.636] [settingssync] [info] Sync done. Took 155ms
[2022-01-11 20:54:31.835] [settingssync] [info] Auto Sync: Triggered by Activity
[2022-01-11 20:54:32.008] [settingssync] [info] Settings: No changes found during synchronizing settings.
[2022-01-11 20:54:32.011] [settingssync] [info] Keybindings: No changes found during synchronizing keybindings.
[2022-01-11 20:54:32.014] [settingssync] [info] Snippets: No changes found during synchronizing snippets.
[2022-01-11 20:54:32.045] [settingssync] [info] GlobalState: No changes found during synchronizing ui state.
[2022-01-11 20:54:32.116] [settingssync] [info] Extensions: No changes found during synchronizing extensions.
[2022-01-11 20:54:32.118] [settingssync] [info] Sync done. Took 166ms
[2022-01-11 20:55:08.307] [settingssync] [info] Auto Sync: Triggered by Activity
[2022-01-11 20:55:08.549] [settingssync] [info] Settings: No changes found during synchronizing settings.
[2022-01-11 20:55:08.553] [settingssync] [info] Keybindings: No changes found during synchronizing keybindings.
[2022-01-11 20:55:08.555] [settingssync] [info] Snippets: No changes found during synchronizing snippets.
[2022-01-11 20:55:08.590] [settingssync] [info] GlobalState: No changes found during synchronizing ui state.
[2022-01-11 20:55:08.673] [settingssync] [info] Extensions: No changes found during synchronizing extensions.
[2022-01-11 20:55:08.678] [settingssync] [info] Sync done. Took 255ms
[2022-01-11 20:57:22.289] [settingssync] [info] Auto Sync: Triggered by Activity
[2022-01-11 20:57:22.618] [settingssync] [info] Settings: No changes found during synchronizing settings.
[2022-01-11 20:57:22.621] [settingssync] [info] Keybindings: No changes found during synchronizing keybindings.
[2022-01-11 20:57:22.625] [settingssync] [info] Snippets: No changes found during synchronizing snippets.
[2022-01-11 20:57:22.658] [settingssync] [info] GlobalState: No changes found during synchronizing ui state.
[2022-01-11 20:57:22.749] [settingssync] [info] Extensions: No changes found during synchronizing extensions.
[2022-01-11 20:57:22.757] [settingssync] [info] Sync done. Took 199ms
[2022-01-11 20:59:58.644] [settingssync] [info] Auto Sync: Triggered by Activity
[2022-01-11 21:00:00.192] [settingssync] [info] Settings: Updated remote settings
[2022-01-11 21:00:00.208] [settingssync] [info] Settings: Updated last synchronized settings
[2022-01-11 21:00:00.213] [settingssync] [info] Keybindings: No changes found during synchronizing keybindings.
[2022-01-11 21:00:00.215] [settingssync] [info] Snippets: No changes found during synchronizing snippets.
[2022-01-11 21:00:00.243] [settingssync] [info] GlobalState: No changes found during synchronizing ui state.
[2022-01-11 21:00:00.329] [settingssync] [info] Extensions: No changes found during synchronizing extensions.
[2022-01-11 21:00:00.329] [settingssync] [info] Sync done. Took 1355ms
[2022-01-11 21:00:00.331] [settingssync] [info] Auto Sync: Triggered by Activity
[2022-01-11 21:00:00.467] [settingssync] [info] Settings: No changes found during synchronizing settings.
[2022-01-11 21:00:00.470] [settingssync] [info] Keybindings: No changes found during synchronizing keybindings.
[2022-01-11 21:00:00.473] [settingssync] [info] Snippets: No changes found during synchronizing snippets.
[2022-01-11 21:00:00.498] [settingssync] [info] GlobalState: No changes found during synchronizing ui state.
[2022-01-11 21:00:00.562] [settingssync] [info] Extensions: No changes found during synchronizing extensions.
[2022-01-11 21:00:00.562] [settingssync] [info] Sync done. Took 128ms
[2022-01-11 21:01:06.032] [settingssync] [info] Auto Sync: Triggered by Activity
[2022-01-11 21:01:06.185] [settingssync] [info] Settings: No changes found during synchronizing settings.
[2022-01-11 21:01:06.198] [settingssync] [info] Keybindings: No changes found during synchronizing keybindings.
[2022-01-11 21:01:06.209] [settingssync] [info] Snippets: No changes found during synchronizing snippets.
[2022-01-11 21:01:06.275] [settingssync] [info] GlobalState: No changes found during synchronizing ui state.
[2022-01-11 21:01:06.351] [settingssync] [info] Extensions: No changes found during synchronizing extensions.
[2022-01-11 21:01:06.357] [settingssync] [info] Sync done. Took 214ms
[2022-01-11 21:01:35.824] [settingssync] [info] Auto Sync: Triggered by Activity
[2022-01-11 21:01:35.989] [settingssync] [info] Settings: No changes found during synchronizing settings.
[2022-01-11 21:01:35.993] [settingssync] [info] Keybindings: No changes found during synchronizing keybindings.
[2022-01-11 21:01:35.997] [settingssync] [info] Snippets: No changes found during synchronizing snippets.
[2022-01-11 21:01:36.031] [settingssync] [info] GlobalState: No changes found during synchronizing ui state.
[2022-01-11 21:01:36.102] [settingssync] [info] Extensions: No changes found during synchronizing extensions.
[2022-01-11 21:01:36.104] [settingssync] [info] Sync done. Took 169ms
[2022-01-11 21:01:53.471] [settingssync] [info] Auto Sync: Triggered by Activity
[2022-01-11 21:01:53.649] [settingssync] [info] Settings: No changes found during synchronizing settings.
[2022-01-11 21:01:53.651] [settingssync] [info] Keybindings: No changes found during synchronizing keybindings.
[2022-01-11 21:01:53.653] [settingssync] [info] Snippets: No changes found during synchronizing snippets.
[2022-01-11 21:01:53.685] [settingssync] [info] GlobalState: No changes found during synchronizing ui state.
[2022-01-11 21:01:53.757] [settingssync] [info] Extensions: No changes found during synchronizing extensions.
[2022-01-11 21:01:53.759] [settingssync] [info] Sync done. Took 166ms
[2022-01-11 21:02:43.752] [settingssync] [info] Auto Sync: Triggered by Activity
[2022-01-11 21:02:43.966] [settingssync] [info] Settings: No changes found during synchronizing settings.
[2022-01-11 21:02:43.968] [settingssync] [info] Keybindings: No changes found during synchronizing keybindings.
[2022-01-11 21:02:43.972] [settingssync] [info] Snippets: No changes found during synchronizing snippets.
[2022-01-11 21:02:44.007] [settingssync] [info] GlobalState: No changes found during synchronizing ui state.
[2022-01-11 21:02:44.092] [settingssync] [info] Extensions: No changes found during synchronizing extensions.
[2022-01-11 21:02:44.100] [settingssync] [info] Sync done. Took 226ms
[2022-01-11 21:04:19.412] [settingssync] [info] Auto Sync: Triggered by Activity
[2022-01-11 21:04:19.552] [settingssync] [info] Settings: No changes found during synchronizing settings.
[2022-01-11 21:04:19.554] [settingssync] [info] Keybindings: No changes found during synchronizing keybindings.
[2022-01-11 21:04:19.557] [settingssync] [info] Snippets: No changes found during synchronizing snippets.
[2022-01-11 21:04:19.586] [settingssync] [info] GlobalState: No changes found during synchronizing ui state.
[2022-01-11 21:04:19.688] [settingssync] [info] Extensions: No changes found during synchronizing extensions.
[2022-01-11 21:04:19.689] [settingssync] [info] Sync done. Took 169ms
[2022-01-11 21:06:27.239] [settingssync] [info] Auto Sync: Triggered by Activity
[2022-01-11 21:06:27.547] [settingssync] [info] Settings: No changes found during synchronizing settings.
[2022-01-11 21:06:27.553] [settingssync] [info] Keybindings: No changes found during synchronizing keybindings.
[2022-01-11 21:06:27.557] [settingssync] [info] Snippets: No changes found during synchronizing snippets.
[2022-01-11 21:06:27.590] [settingssync] [info] GlobalState: No changes found during synchronizing ui state.
[2022-01-11 21:06:27.655] [settingssync] [info] Extensions: No changes found during synchronizing extensions.
[2022-01-11 21:06:27.661] [settingssync] [info] Sync done. Took 145ms
[2022-01-11 21:11:27.667] [settingssync] [info] Auto Sync: Triggered by Interval
[2022-01-11 21:11:28.195] [settingssync] [info] Settings: No changes found during synchronizing settings.
[2022-01-11 21:11:28.198] [settingssync] [info] Keybindings: No changes found during synchronizing keybindings.
[2022-01-11 21:11:28.201] [settingssync] [info] Snippets: No changes found during synchronizing snippets.
[2022-01-11 21:11:28.234] [settingssync] [info] GlobalState: No changes found during synchronizing ui state.
[2022-01-11 21:11:28.299] [settingssync] [info] Extensions: No changes found during synchronizing extensions.
[2022-01-11 21:11:28.301] [settingssync] [info] Sync done. Took 156ms
[2022-01-11 21:12:26.127] [settingssync] [info] Auto Sync: Triggered by Activity
[2022-01-11 21:12:26.293] [settingssync] [info] Settings: No changes found during synchronizing settings.
[2022-01-11 21:12:26.296] [settingssync] [info] Keybindings: No changes found during synchronizing keybindings.
[2022-01-11 21:12:26.300] [settingssync] [info] Snippets: No changes found during synchronizing snippets.
[2022-01-11 21:12:26.331] [settingssync] [info] GlobalState: No changes found during synchronizing ui state.
[2022-01-11 21:12:26.403] [settingssync] [info] Extensions: No changes found during synchronizing extensions.
[2022-01-11 21:12:26.405] [settingssync] [info] Sync done. Took 165ms
[2022-01-11 21:17:26.407] [settingssync] [info] Auto Sync: Triggered by Interval
[2022-01-11 21:17:26.717] [settingssync] [info] Settings: No changes found during synchronizing settings.
[2022-01-11 21:17:26.720] [settingssync] [info] Keybindings: No changes found during synchronizing keybindings.
[2022-01-11 21:17:26.723] [settingssync] [info] Snippets: No changes found during synchronizing snippets.
[2022-01-11 21:17:26.755] [settingssync] [info] GlobalState: No changes found during synchronizing ui state.
[2022-01-11 21:17:26.845] [settingssync] [info] Extensions: No changes found during synchronizing extensions.
[2022-01-11 21:17:26.846] [settingssync] [info] Sync done. Took 167ms
[2022-01-11 21:19:00.406] [settingssync] [info] Auto Sync: Triggered by Activity
[2022-01-11 21:19:00.639] [settingssync] [info] Settings: No changes found during synchronizing settings.
[2022-01-11 21:19:00.642] [settingssync] [info] Keybindings: No changes found during synchronizing keybindings.
[2022-01-11 21:19:00.646] [settingssync] [info] Snippets: No changes found during synchronizing snippets.
[2022-01-11 21:19:00.676] [settingssync] [info] GlobalState: No changes found during synchronizing ui state.
[2022-01-11 21:19:00.734] [settingssync] [info] Extensions: No changes found during synchronizing extensions.
[2022-01-11 21:19:00.734] [settingssync] [info] Sync done. Took 125ms
[2022-01-11 21:21:59.977] [settingssync] [info] Auto Sync: Triggered by Activity
[2022-01-11 21:22:00.535] [settingssync] [info] Settings: No changes found during synchronizing settings.
[2022-01-11 21:22:00.537] [settingssync] [info] Keybindings: No changes found during synchronizing keybindings.
[2022-01-11 21:22:00.542] [settingssync] [info] Snippets: No changes found during synchronizing snippets.
[2022-01-11 21:22:00.572] [settingssync] [info] GlobalState: No changes found during synchronizing ui state.
[2022-01-11 21:22:00.665] [settingssync] [info] Extensions: No changes found during synchronizing extensions.
[2022-01-11 21:22:00.667] [settingssync] [info] Sync done. Took 266ms
[2022-01-11 21:22:11.516] [settingssync] [info] Auto Sync: Triggered by Activity
[2022-01-11 21:22:11.771] [settingssync] [info] Settings: No changes found during synchronizing settings.
[2022-01-11 21:22:11.773] [settingssync] [info] Keybindings: No changes found during synchronizing keybindings.
[2022-01-11 21:22:11.776] [settingssync] [info] Snippets: No changes found during synchronizing snippets.
[2022-01-11 21:22:11.801] [settingssync] [info] GlobalState: No changes found during synchronizing ui state.
[2022-01-11 21:22:11.871] [settingssync] [info] Extensions: No changes found during synchronizing extensions.
[2022-01-11 21:22:11.873] [settingssync] [info] Sync done. Took 125ms
[2022-01-11 21:24:14.545] [settingssync] [info] Auto Sync: Triggered by Activity
[2022-01-11 21:24:14.753] [settingssync] [info] Settings: No changes found during synchronizing settings.
[2022-01-11 21:24:14.757] [settingssync] [info] Keybindings: No changes found during synchronizing keybindings.
[2022-01-11 21:24:14.759] [settingssync] [info] Snippets: No changes found during synchronizing snippets.
[2022-01-11 21:24:14.792] [settingssync] [info] GlobalState: No changes found during synchronizing ui state.
[2022-01-11 21:24:14.866] [settingssync] [info] Extensions: No changes found during synchronizing extensions.
[2022-01-11 21:24:14.868] [settingssync] [info] Sync done. Took 208ms
[2022-01-11 21:24:41.334] [settingssync] [info] Auto Sync: Triggered by Activity
[2022-01-11 21:24:41.496] [settingssync] [info] Settings: No changes found during synchronizing settings.
[2022-01-11 21:24:41.499] [settingssync] [info] Keybindings: No changes found during synchronizing keybindings.
[2022-01-11 21:24:41.504] [settingssync] [info] Snippets: No changes found during synchronizing snippets.
[2022-01-11 21:24:41.525] [settingssync] [info] GlobalState: No changes found during synchronizing ui state.
[2022-01-11 21:24:41.808] [settingssync] [info] Extensions: Updated remote extensions. Added: ["oderwat.indent-rainbow"].
[2022-01-11 21:24:41.820] [settingssync] [info] Extensions: Updated last synchronized extensions. Skipped: ["vscjava.vscode-java-debug","redhat.java","vscjava.vscode-maven","vscjava.vscode-java-pack","visualstudioexptteam.vscodeintellicode","esbenp.prettier-vscode","eamodio.gitlens"].
[2022-01-11 21:24:41.824] [settingssync] [info] Sync done. Took 376ms
[2022-01-11 21:29:41.831] [settingssync] [info] Auto Sync: Triggered by Interval
[2022-01-11 21:29:42.400] [settingssync] [info] Settings: No changes found during synchronizing settings.
[2022-01-11 21:29:42.403] [settingssync] [info] Keybindings: No changes found during synchronizing keybindings.
[2022-01-11 21:29:42.407] [settingssync] [info] Snippets: No changes found during synchronizing snippets.
[2022-01-11 21:29:42.439] [settingssync] [info] GlobalState: No changes found during synchronizing ui state.
[2022-01-11 21:29:42.512] [settingssync] [info] Extensions: No changes found during synchronizing extensions.
[2022-01-11 21:29:42.514] [settingssync] [info] Sync done. Took 177ms
[2022-01-11 21:34:42.517] [settingssync] [info] Auto Sync: Triggered by Interval
[2022-01-11 21:34:42.887] [settingssync] [info] Settings: No changes found during synchronizing settings.
[2022-01-11 21:34:42.890] [settingssync] [info] Keybindings: No changes found during synchronizing keybindings.
[2022-01-11 21:34:42.893] [settingssync] [info] Snippets: No changes found during synchronizing snippets.
[2022-01-11 21:34:42.925] [settingssync] [info] GlobalState: No changes found during synchronizing ui state.
[2022-01-11 21:34:42.995] [settingssync] [info] Extensions: No changes found during synchronizing extensions.
[2022-01-11 21:34:42.997] [settingssync] [info] Sync done. Took 143ms
[2022-01-11 21:39:43.000] [settingssync] [info] Auto Sync: Triggered by Interval
[2022-01-11 21:39:43.407] [settingssync] [info] Settings: No changes found during synchronizing settings.
[2022-01-11 21:39:43.409] [settingssync] [info] Keybindings: No changes found during synchronizing keybindings.
[2022-01-11 21:39:43.412] [settingssync] [info] Snippets: No changes found during synchronizing snippets.
[2022-01-11 21:39:43.442] [settingssync] [info] GlobalState: No changes found during synchronizing ui state.
[2022-01-11 21:39:43.510] [settingssync] [info] Extensions: No changes found during synchronizing extensions.
[2022-01-11 21:39:43.512] [settingssync] [info] Sync done. Took 167ms
[2022-01-11 21:44:40.340] [settingssync] [info] Auto Sync: Triggered by Activity
[2022-01-11 21:44:40.877] [settingssync] [info] Settings: No changes found during synchronizing settings.
[2022-01-11 21:44:40.879] [settingssync] [info] Keybindings: No changes found during synchronizing keybindings.
[2022-01-11 21:44:40.881] [settingssync] [info] Snippets: No changes found during synchronizing snippets.
[2022-01-11 21:44:40.910] [settingssync] [info] GlobalState: No changes found during synchronizing ui state.
[2022-01-11 21:44:40.980] [settingssync] [info] Extensions: No changes found during synchronizing extensions.
[2022-01-11 21:44:40.986] [settingssync] [info] Sync done. Took 149ms
[2022-01-11 21:45:17.550] [settingssync] [info] Auto Sync: Triggered by Activity
[2022-01-11 21:45:17.803] [settingssync] [info] Settings: No changes found during synchronizing settings.
[2022-01-11 21:45:17.808] [settingssync] [info] Keybindings: No changes found during synchronizing keybindings.
[2022-01-11 21:45:17.817] [settingssync] [info] Snippets: No changes found during synchronizing snippets.
[2022-01-11 21:45:17.858] [settingssync] [info] GlobalState: No changes found during synchronizing ui state.
[2022-01-11 21:45:17.954] [settingssync] [info] Extensions: No changes found during synchronizing extensions.
[2022-01-11 21:45:17.963] [settingssync] [info] Sync done. Took 292ms
[2022-01-11 21:45:45.922] [settingssync] [info] Auto Sync: Triggered by Activity
[2022-01-11 21:45:46.063] [settingssync] [info] Settings: No changes found during synchronizing settings.
[2022-01-11 21:45:46.067] [settingssync] [info] Keybindings: No changes found during synchronizing keybindings.
[2022-01-11 21:45:46.070] [settingssync] [info] Snippets: No changes found during synchronizing snippets.
[2022-01-11 21:45:47.375] [settingssync] [info] GlobalState: Updated remote ui state
[2022-01-11 21:45:47.388] [settingssync] [info] GlobalState: Updated last synchronized ui state
[2022-01-11 21:45:47.514] [settingssync] [info] Extensions: No changes found during synchronizing extensions.
[2022-01-11 21:45:47.515] [settingssync] [info] Sync done. Took 1490ms
[2022-01-11 21:45:47.516] [settingssync] [info] Auto Sync: Triggered by Activity
[2022-01-11 21:45:47.722] [settingssync] [info] Settings: No changes found during synchronizing settings.
[2022-01-11 21:45:47.728] [settingssync] [info] Keybindings: No changes found during synchronizing keybindings.
[2022-01-11 21:45:47.735] [settingssync] [info] Snippets: No changes found during synchronizing snippets.
[2022-01-11 21:45:47.765] [settingssync] [info] GlobalState: No changes found during synchronizing ui state.
[2022-01-11 21:45:47.861] [settingssync] [info] Extensions: No changes found during synchronizing extensions.
[2022-01-11 21:45:47.862] [settingssync] [info] Sync done. Took 230ms
[2022-01-11 21:46:30.799] [settingssync] [info] Auto Sync: Triggered by Activity
[2022-01-11 21:46:30.952] [settingssync] [info] Settings: No changes found during synchronizing settings.
[2022-01-11 21:46:30.958] [settingssync] [info] Keybindings: No changes found during synchronizing keybindings.
[2022-01-11 21:46:30.962] [settingssync] [info] Snippets: No changes found during synchronizing snippets.
[2022-01-11 21:46:30.995] [settingssync] [info] GlobalState: No changes found during synchronizing ui state.
[2022-01-11 21:46:31.080] [settingssync] [info] Extensions: No changes found during synchronizing extensions.
[2022-01-11 21:46:31.081] [settingssync] [info] Sync done. Took 157ms
[2022-01-11 21:46:44.483] [settingssync] [info] Auto Sync: Triggered by Activity
[2022-01-11 21:46:44.653] [settingssync] [info] Settings: No changes found during synchronizing settings.
[2022-01-11 21:46:44.658] [settingssync] [info] Keybindings: No changes found during synchronizing keybindings.
[2022-01-11 21:46:44.661] [settingssync] [info] Snippets: No changes found during synchronizing snippets.
[2022-01-11 21:46:44.696] [settingssync] [info] GlobalState: No changes found during synchronizing ui state.
[2022-01-11 21:46:44.765] [settingssync] [info] Extensions: No changes found during synchronizing extensions.
[2022-01-11 21:46:44.767] [settingssync] [info] Sync done. Took 151ms
[2022-01-11 21:47:06.642] [settingssync] [info] Auto Sync: Triggered by Activity
[2022-01-11 21:47:06.788] [settingssync] [info] Settings: No changes found during synchronizing settings.
[2022-01-11 21:47:06.790] [settingssync] [info] Keybindings: No changes found during synchronizing keybindings.
[2022-01-11 21:47:06.793] [settingssync] [info] Snippets: No changes found during synchronizing snippets.
[2022-01-11 21:47:06.822] [settingssync] [info] GlobalState: No changes found during synchronizing ui state.
[2022-01-11 21:47:06.899] [settingssync] [info] Extensions: No changes found during synchronizing extensions.
[2022-01-11 21:47:06.901] [settingssync] [info] Sync done. Took 140ms
[2022-01-11 21:47:09.930] [settingssync] [info] Auto Sync: Triggered by Activity
[2022-01-11 21:47:10.316] [settingssync] [info] Settings: Updated remote settings
[2022-01-11 21:47:10.335] [settingssync] [info] Settings: Updated last synchronized settings
[2022-01-11 21:47:10.411] [settingssync] [info] Keybindings: No changes found during synchronizing keybindings.
[2022-01-11 21:47:10.411] [settingssync] [info] Snippets: No changes found during synchronizing snippets.
[2022-01-11 21:47:10.426] [settingssync] [info] GlobalState: No changes found during synchronizing ui state.
[2022-01-11 21:47:10.499] [settingssync] [info] Extensions: No changes found during synchronizing extensions.
[2022-01-11 21:47:10.499] [settingssync] [info] Sync done. Took 436ms
[2022-01-11 21:47:19.560] [settingssync] [info] Auto Sync: Triggered by Activity
[2022-01-11 21:47:19.889] [settingssync] [info] Settings: Updated remote settings
[2022-01-11 21:47:19.896] [settingssync] [info] Settings: Updated last synchronized settings
[2022-01-11 21:47:19.902] [settingssync] [info] Keybindings: No changes found during synchronizing keybindings.
[2022-01-11 21:47:19.907] [settingssync] [info] Snippets: No changes found during synchronizing snippets.
[2022-01-11 21:47:19.943] [settingssync] [info] GlobalState: No changes found during synchronizing ui state.
[2022-01-11 21:47:20.012] [settingssync] [info] Extensions: No changes found during synchronizing extensions.
[2022-01-11 21:47:20.023] [settingssync] [info] Sync done. Took 355ms
[2022-01-11 21:48:21.860] [settingssync] [info] Auto Sync: Triggered by Activity
[2022-01-11 21:48:23.126] [settingssync] [info] Settings: Updated remote settings
[2022-01-11 21:48:23.143] [settingssync] [info] Settings: Updated last synchronized settings
[2022-01-11 21:48:23.149] [settingssync] [info] Keybindings: No changes found during synchronizing keybindings.
[2022-01-11 21:48:23.156] [settingssync] [info] Snippets: No changes found during synchronizing snippets.
[2022-01-11 21:48:23.198] [settingssync] [info] GlobalState: No changes found during synchronizing ui state.
[2022-01-11 21:48:23.272] [settingssync] [info] Extensions: No changes found during synchronizing extensions.
[2022-01-11 21:48:23.282] [settingssync] [info] Sync done. Took 1316ms
[2022-01-11 21:51:59.703] [settingssync] [info] Auto Sync: Triggered by Activity
[2022-01-11 21:52:00.102] [settingssync] [info] Settings: No changes found during synchronizing settings.
[2022-01-11 21:52:00.107] [settingssync] [info] Keybindings: No changes found during synchronizing keybindings.
[2022-01-11 21:52:00.112] [settingssync] [info] Snippets: No changes found during synchronizing snippets.
[2022-01-11 21:52:00.149] [settingssync] [info] GlobalState: No changes found during synchronizing ui state.
[2022-01-11 21:52:00.252] [settingssync] [info] Extensions: No changes found during synchronizing extensions.
[2022-01-11 21:52:00.257] [settingssync] [info] Sync done. Took 268ms
[2022-01-11 21:55:33.432] [settingssync] [info] Auto Sync: Triggered by Activity
[2022-01-11 21:55:34.086] [settingssync] [info] Settings: No changes found during synchronizing settings.
[2022-01-11 21:55:34.089] [settingssync] [info] Keybindings: No changes found during synchronizing keybindings.
[2022-01-11 21:55:34.093] [settingssync] [info] Snippets: No changes found during synchronizing snippets.
[2022-01-11 21:55:34.120] [settingssync] [info] GlobalState: No changes found during synchronizing ui state.
[2022-01-11 21:55:34.191] [settingssync] [info] Extensions: No changes found during synchronizing extensions.
[2022-01-11 21:55:34.194] [settingssync] [info] Sync done. Took 242ms
[2022-01-11 21:56:31.823] [settingssync] [info] Auto Sync: Triggered by Activity
[2022-01-11 21:56:31.997] [settingssync] [info] Settings: No changes found during synchronizing settings.
[2022-01-11 21:56:32.000] [settingssync] [info] Keybindings: No changes found during synchronizing keybindings.
[2022-01-11 21:56:32.004] [settingssync] [info] Snippets: No changes found during synchronizing snippets.
[2022-01-11 21:56:32.030] [settingssync] [info] GlobalState: No changes found during synchronizing ui state.
[2022-01-11 21:56:33.316] [settingssync] [info] Extensions: Updated remote extensions. Added: ["chakrounanas.turbo-console-log"].
[2022-01-11 21:56:33.330] [settingssync] [info] Extensions: Updated last synchronized extensions. Skipped: ["vscjava.vscode-java-debug","redhat.java","vscjava.vscode-maven","vscjava.vscode-java-pack","visualstudioexptteam.vscodeintellicode","esbenp.prettier-vscode","eamodio.gitlens"].
[2022-01-11 21:56:33.337] [settingssync] [info] Sync done. Took 1373ms
[2022-01-11 21:58:53.020] [settingssync] [info] Auto Sync: Triggered by Activity
[2022-01-11 21:58:53.424] [settingssync] [info] Settings: No changes found during synchronizing settings.
[2022-01-11 21:58:53.431] [settingssync] [info] Keybindings: No changes found during synchronizing keybindings.
[2022-01-11 21:58:53.431] [settingssync] [info] Snippets: No changes found during synchronizing snippets.
[2022-01-11 21:58:53.467] [settingssync] [info] GlobalState: No changes found during synchronizing ui state.
[2022-01-11 21:58:53.560] [settingssync] [info] Extensions: No changes found during synchronizing extensions.
[2022-01-11 21:58:53.561] [settingssync] [info] Sync done. Took 267ms
[2022-01-11 21:59:31.181] [settingssync] [info] Auto Sync: Triggered by Activity
[2022-01-11 21:59:31.319] [settingssync] [info] Settings: No changes found during synchronizing settings.
[2022-01-11 21:59:31.322] [settingssync] [info] Keybindings: No changes found during synchronizing keybindings.
[2022-01-11 21:59:31.326] [settingssync] [info] Snippets: No changes found during synchronizing snippets.
[2022-01-11 21:59:31.356] [settingssync] [info] GlobalState: No changes found during synchronizing ui state.
[2022-01-11 21:59:31.426] [settingssync] [info] Extensions: No changes found during synchronizing extensions.
[2022-01-11 21:59:31.428] [settingssync] [info] Sync done. Took 143ms
[2022-01-11 22:00:12.509] [settingssync] [info] Auto Sync: Triggered by Activity
[2022-01-11 22:00:12.700] [settingssync] [info] Settings: No changes found during synchronizing settings.
[2022-01-11 22:00:12.706] [settingssync] [info] Keybindings: No changes found during synchronizing keybindings.
[2022-01-11 22:00:12.709] [settingssync] [info] Snippets: No changes found during synchronizing snippets.
[2022-01-11 22:00:12.750] [settingssync] [info] GlobalState: No changes found during synchronizing ui state.
[2022-01-11 22:00:12.852] [settingssync] [info] Extensions: No changes found during synchronizing extensions.
[2022-01-11 22:00:12.853] [settingssync] [info] Sync done. Took 226ms
[2022-01-11 22:05:12.865] [settingssync] [info] Auto Sync: Triggered by Interval
[2022-01-11 22:05:13.272] [settingssync] [info] Settings: No changes found during synchronizing settings.
[2022-01-11 22:05:13.274] [settingssync] [info] Keybindings: No changes found during synchronizing keybindings.
[2022-01-11 22:05:13.276] [settingssync] [info] Snippets: No changes found during synchronizing snippets.
[2022-01-11 22:05:13.305] [settingssync] [info] GlobalState: No changes found during synchronizing ui state.
[2022-01-11 22:05:13.379] [settingssync] [info] Extensions: No changes found during synchronizing extensions.
[2022-01-11 22:05:13.381] [settingssync] [info] Sync done. Took 165ms
[2022-01-11 22:07:29.200] [settingssync] [info] Auto Sync: Triggered by Activity
[2022-01-11 22:07:29.776] [settingssync] [info] Settings: No changes found during synchronizing settings.
[2022-01-11 22:07:29.779] [settingssync] [info] Keybindings: No changes found during synchronizing keybindings.
[2022-01-11 22:07:29.784] [settingssync] [info] Snippets: No changes found during synchronizing snippets.
[2022-01-11 22:07:29.816] [settingssync] [info] GlobalState: No changes found during synchronizing ui state.
[2022-01-11 22:07:29.895] [settingssync] [info] Extensions: No changes found during synchronizing extensions.
[2022-01-11 22:07:29.897] [settingssync] [info] Sync done. Took 177ms
[2022-01-11 22:08:45.596] [settingssync] [info] Auto Sync: Triggered by Activity
[2022-01-11 22:08:45.773] [settingssync] [info] Settings: No changes found during synchronizing settings.
[2022-01-11 22:08:45.775] [settingssync] [info] Keybindings: No changes found during synchronizing keybindings.
[2022-01-11 22:08:45.778] [settingssync] [info] Snippets: No changes found during synchronizing snippets.
[2022-01-11 22:08:45.808] [settingssync] [info] GlobalState: No changes found during synchronizing ui state.
[2022-01-11 22:08:45.880] [settingssync] [info] Extensions: No changes found during synchronizing extensions.
[2022-01-11 22:08:45.882] [settingssync] [info] Sync done. Took 169ms
[2022-01-11 22:08:56.280] [settingssync] [info] Auto Sync: Triggered by Activity
[2022-01-11 22:08:56.472] [settingssync] [info] Settings: No changes found during synchronizing settings.
[2022-01-11 22:08:56.475] [settingssync] [info] Keybindings: No changes found during synchronizing keybindings.
[2022-01-11 22:08:56.478] [settingssync] [info] Snippets: No changes found during synchronizing snippets.
[2022-01-11 22:08:56.504] [settingssync] [info] GlobalState: No changes found during synchronizing ui state.
[2022-01-11 22:08:56.620] [settingssync] [info] Extensions: No changes found during synchronizing extensions.
[2022-01-11 22:08:56.633] [settingssync] [info] Sync done. Took 239ms
[2022-01-11 22:10:26.058] [settingssync] [info] Auto Sync: Triggered by Activity
[2022-01-11 22:10:26.234] [settingssync] [info] Settings: No changes found during synchronizing settings.
[2022-01-11 22:10:26.236] [settingssync] [info] Keybindings: No changes found during synchronizing keybindings.
[2022-01-11 22:10:26.241] [settingssync] [info] Snippets: No changes found during synchronizing snippets.
[2022-01-11 22:10:26.272] [settingssync] [info] GlobalState: No changes found during synchronizing ui state.
[2022-01-11 22:10:26.382] [settingssync] [info] Extensions: No changes found during synchronizing extensions.
[2022-01-11 22:10:26.387] [settingssync] [info] Sync done. Took 220ms
[2022-01-11 22:12:00.030] [settingssync] [info] Auto Sync: Triggered by Activity
[2022-01-11 22:12:00.148] [settingssync] [info] Settings: No changes found during synchronizing settings.
[2022-01-11 22:12:00.157] [settingssync] [info] Keybindings: No changes found during synchronizing keybindings.
[2022-01-11 22:12:00.159] [settingssync] [info] Snippets: No changes found during synchronizing snippets.
[2022-01-11 22:12:00.202] [settingssync] [info] GlobalState: No changes found during synchronizing ui state.
[2022-01-11 22:12:00.287] [settingssync] [info] Extensions: No changes found during synchronizing extensions.
[2022-01-11 22:12:00.293] [settingssync] [info] Sync done. Took 157ms
[2022-01-11 22:14:21.600] [settingssync] [info] Auto Sync: Triggered by Activity
[2022-01-11 22:14:22.052] [settingssync] [info] Settings: No changes found during synchronizing settings.
[2022-01-11 22:14:22.057] [settingssync] [info] Keybindings: No changes found during synchronizing keybindings.
[2022-01-11 22:14:22.065] [settingssync] [info] Snippets: No changes found during synchronizing snippets.
[2022-01-11 22:14:22.101] [settingssync] [info] GlobalState: No changes found during synchronizing ui state.
[2022-01-11 22:14:22.181] [settingssync] [info] Extensions: No changes found during synchronizing extensions.
[2022-01-11 22:14:22.190] [settingssync] [info] Sync done. Took 233ms
[2022-01-11 22:16:50.654] [settingssync] [info] Auto Sync: Triggered by Activity
[2022-01-11 22:16:50.984] [settingssync] [info] Settings: No changes found during synchronizing settings.
[2022-01-11 22:16:50.987] [settingssync] [info] Keybindings: No changes found during synchronizing keybindings.
[2022-01-11 22:16:50.989] [settingssync] [info] Snippets: No changes found during synchronizing snippets.
[2022-01-11 22:16:51.020] [settingssync] [info] GlobalState: No changes found during synchronizing ui state.
[2022-01-11 22:16:51.120] [settingssync] [info] Extensions: No changes found during synchronizing extensions.
[2022-01-11 22:16:51.121] [settingssync] [info] Sync done. Took 192ms
[2022-01-11 22:20:03.640] [settingssync] [info] Auto Sync: Triggered by Activity
[2022-01-11 22:20:04.160] [settingssync] [info] Settings: No changes found during synchronizing settings.
[2022-01-11 22:20:04.165] [settingssync] [info] Keybindings: No changes found during synchronizing keybindings.
[2022-01-11 22:20:04.170] [settingssync] [info] Snippets: No changes found during synchronizing snippets.
[2022-01-11 22:20:05.412] [settingssync] [info] GlobalState: Updated remote ui state
[2022-01-11 22:20:05.423] [settingssync] [info] GlobalState: Updated last synchronized ui state
[2022-01-11 22:20:05.508] [settingssync] [info] Extensions: No changes found during synchronizing extensions.
[2022-01-11 22:20:05.509] [settingssync] [info] Sync done. Took 1393ms
[2022-01-11 22:20:05.510] [settingssync] [info] Auto Sync: Triggered by Activity
[2022-01-11 22:20:05.686] [settingssync] [info] Settings: No changes found during synchronizing settings.
[2022-01-11 22:20:05.691] [settingssync] [info] Keybindings: No changes found during synchronizing keybindings.
[2022-01-11 22:20:05.699] [settingssync] [info] Snippets: No changes found during synchronizing snippets.
[2022-01-11 22:20:05.723] [settingssync] [info] GlobalState: No changes found during synchronizing ui state.
[2022-01-11 22:20:05.785] [settingssync] [info] Extensions: No changes found during synchronizing extensions.
[2022-01-11 22:20:05.785] [settingssync] [info] Sync done. Took 173ms
[2022-01-11 22:21:55.933] [settingssync] [info] Auto Sync: Triggered by Activity
[2022-01-11 22:21:56.047] [settingssync] [info] Settings: No changes found during synchronizing settings.
[2022-01-11 22:21:56.051] [settingssync] [info] Keybindings: No changes found during synchronizing keybindings.
[2022-01-11 22:21:56.057] [settingssync] [info] Snippets: No changes found during synchronizing snippets.
[2022-01-11 22:21:57.332] [settingssync] [info] GlobalState: Updated remote ui state
[2022-01-11 22:21:57.347] [settingssync] [info] GlobalState: Updated last synchronized ui state
[2022-01-11 22:21:57.449] [settingssync] [info] Extensions: No changes found during synchronizing extensions.
[2022-01-11 22:21:57.449] [settingssync] [info] Sync done. Took 1415ms
[2022-01-11 22:22:48.883] [settingssync] [info] Auto Sync: Triggered by Activity
[2022-01-11 22:22:49.018] [settingssync] [info] Settings: No changes found during synchronizing settings.
[2022-01-11 22:22:49.021] [settingssync] [info] Keybindings: No changes found during synchronizing keybindings.
[2022-01-11 22:22:49.024] [settingssync] [info] Snippets: No changes found during synchronizing snippets.
[2022-01-11 22:22:50.385] [settingssync] [info] GlobalState: Updated remote ui state
[2022-01-11 22:22:50.401] [settingssync] [info] GlobalState: Updated last synchronized ui state
[2022-01-11 22:22:50.561] [settingssync] [info] Extensions: No changes found during synchronizing extensions.
[2022-01-11 22:22:50.562] [settingssync] [info] Sync done. Took 1568ms
[2022-01-11 22:23:53.148] [settingssync] [info] Auto Sync: Triggered by Activity
[2022-01-11 22:23:53.299] [settingssync] [info] Settings: No changes found during synchronizing settings.
[2022-01-11 22:23:53.302] [settingssync] [info] Keybindings: No changes found during synchronizing keybindings.
[2022-01-11 22:23:53.306] [settingssync] [info] Snippets: No changes found during synchronizing snippets.
[2022-01-11 22:23:53.335] [settingssync] [info] GlobalState: No changes found during synchronizing ui state.
[2022-01-11 22:23:53.399] [settingssync] [info] Extensions: No changes found during synchronizing extensions.
[2022-01-11 22:23:53.401] [settingssync] [info] Sync done. Took 146ms
[2022-01-11 22:24:17.362] [settingssync] [info] Auto Sync: Triggered by Activity
[2022-01-11 22:24:17.499] [settingssync] [info] Settings: No changes found during synchronizing settings.
[2022-01-11 22:24:17.501] [settingssync] [info] Keybindings: No changes found during synchronizing keybindings.
[2022-01-11 22:24:17.504] [settingssync] [info] Snippets: No changes found during synchronizing snippets.
[2022-01-11 22:24:17.545] [settingssync] [info] GlobalState: No changes found during synchronizing ui state.
[2022-01-11 22:24:17.626] [settingssync] [info] Extensions: No changes found during synchronizing extensions.
[2022-01-11 22:24:17.630] [settingssync] [info] Sync done. Took 164ms
[2022-01-11 22:26:29.507] [settingssync] [info] Auto Sync: Triggered by Activity
[2022-01-11 22:26:30.010] [settingssync] [info] Settings: No changes found during synchronizing settings.
[2022-01-11 22:26:30.014] [settingssync] [info] Keybindings: No changes found during synchronizing keybindings.
[2022-01-11 22:26:30.018] [settingssync] [info] Snippets: No changes found during synchronizing snippets.
[2022-01-11 22:26:30.050] [settingssync] [info] GlobalState: No changes found during synchronizing ui state.
[2022-01-11 22:26:30.131] [settingssync] [info] Extensions: No changes found during synchronizing extensions.
[2022-01-11 22:26:30.133] [settingssync] [info] Sync done. Took 178ms
[2022-01-11 22:27:19.177] [settingssync] [info] Auto Sync: Triggered by Activity
[2022-01-11 22:27:19.340] [settingssync] [info] Settings: No changes found during synchronizing settings.
[2022-01-11 22:27:19.342] [settingssync] [info] Keybindings: No changes found during synchronizing keybindings.
[2022-01-11 22:27:19.355] [settingssync] [info] Snippets: No changes found during synchronizing snippets.
[2022-01-11 22:27:19.392] [settingssync] [info] GlobalState: No changes found during synchronizing ui state.
[2022-01-11 22:27:19.476] [settingssync] [info] Extensions: No changes found during synchronizing extensions.
[2022-01-11 22:27:19.478] [settingssync] [info] Sync done. Took 193ms
[2022-01-11 22:28:21.913] [settingssync] [info] Auto Sync: Triggered by Activity
[2022-01-11 22:28:22.075] [settingssync] [info] Settings: No changes found during synchronizing settings.
[2022-01-11 22:28:22.079] [settingssync] [info] Keybindings: No changes found during synchronizing keybindings.
[2022-01-11 22:28:22.082] [settingssync] [info] Snippets: No changes found during synchronizing snippets.
[2022-01-11 22:28:22.116] [settingssync] [info] GlobalState: No changes found during synchronizing ui state.
[2022-01-11 22:28:22.199] [settingssync] [info] Extensions: No changes found during synchronizing extensions.
[2022-01-11 22:28:22.200] [settingssync] [info] Sync done. Took 176ms
[2022-01-11 22:28:43.645] [settingssync] [info] Auto Sync: Triggered by Activity
[2022-01-11 22:28:43.801] [settingssync] [info] Settings: No changes found during synchronizing settings.
[2022-01-11 22:28:43.803] [settingssync] [info] Keybindings: No changes found during synchronizing keybindings.
[2022-01-11 22:28:43.807] [settingssync] [info] Snippets: No changes found during synchronizing snippets.
[2022-01-11 22:28:43.836] [settingssync] [info] GlobalState: No changes found during synchronizing ui state.
[2022-01-11 22:28:43.908] [settingssync] [info] Extensions: No changes found during synchronizing extensions.
[2022-01-11 22:28:43.910] [settingssync] [info] Sync done. Took 160ms
[2022-01-11 22:29:20.569] [settingssync] [info] Auto Sync: Triggered by Activity
[2022-01-11 22:29:20.744] [settingssync] [info] Settings: No changes found during synchronizing settings.
[2022-01-11 22:29:20.747] [settingssync] [info] Keybindings: No changes found during synchronizing keybindings.
[2022-01-11 22:29:20.749] [settingssync] [info] Snippets: No changes found during synchronizing snippets.
[2022-01-11 22:29:20.786] [settingssync] [info] GlobalState: No changes found during synchronizing ui state.
[2022-01-11 22:29:20.868] [settingssync] [info] Extensions: No changes found during synchronizing extensions.
[2022-01-11 22:29:20.869] [settingssync] [info] Sync done. Took 188ms
[2022-01-11 22:29:46.733] [settingssync] [info] Auto Sync: Triggered by Activity
[2022-01-11 22:29:46.980] [settingssync] [info] Settings: No changes found during synchronizing settings.
[2022-01-11 22:29:46.984] [settingssync] [info] Keybindings: No changes found during synchronizing keybindings.
[2022-01-11 22:29:46.989] [settingssync] [info] Snippets: No changes found during synchronizing snippets.
[2022-01-11 22:29:47.019] [settingssync] [info] GlobalState: No changes found during synchronizing ui state.
[2022-01-11 22:29:47.093] [settingssync] [info] Extensions: No changes found during synchronizing extensions.
[2022-01-11 22:29:47.095] [settingssync] [info] Sync done. Took 229ms
[2022-01-11 22:34:47.102] [settingssync] [info] Auto Sync: Triggered by Interval
[2022-01-11 22:34:47.576] [settingssync] [info] Settings: No changes found during synchronizing settings.
[2022-01-11 22:34:47.578] [settingssync] [info] Keybindings: No changes found during synchronizing keybindings.
[2022-01-11 22:34:47.581] [settingssync] [info] Snippets: No changes found during synchronizing snippets.
[2022-01-11 22:34:47.611] [settingssync] [info] GlobalState: No changes found during synchronizing ui state.
[2022-01-11 22:34:47.682] [settingssync] [info] Extensions: No changes found during synchronizing extensions.
[2022-01-11 22:34:47.684] [settingssync] [info] Sync done. Took 167ms
[2022-01-11 22:39:47.686] [settingssync] [info] Auto Sync: Triggered by Interval
[2022-01-11 22:39:48.225] [settingssync] [info] Settings: No changes found during synchronizing settings.
[2022-01-11 22:39:48.227] [settingssync] [info] Keybindings: No changes found during synchronizing keybindings.
[2022-01-11 22:39:48.230] [settingssync] [info] Snippets: No changes found during synchronizing snippets.
[2022-01-11 22:39:48.261] [settingssync] [info] GlobalState: No changes found during synchronizing ui state.
[2022-01-11 22:39:48.330] [settingssync] [info] Extensions: No changes found during synchronizing extensions.
[2022-01-11 22:39:48.332] [settingssync] [info] Sync done. Took 161ms
[2022-01-11 22:44:48.335] [settingssync] [info] Auto Sync: Triggered by Interval
[2022-01-11 22:44:48.647] [settingssync] [info] Settings: No changes found during synchronizing settings.
[2022-01-11 22:44:48.649] [settingssync] [info] Keybindings: No changes found during synchronizing keybindings.
[2022-01-11 22:44:48.652] [settingssync] [info] Snippets: No changes found during synchronizing snippets.
[2022-01-11 22:44:48.680] [settingssync] [info] GlobalState: No changes found during synchronizing ui state.
[2022-01-11 22:44:48.753] [settingssync] [info] Extensions: No changes found during synchronizing extensions.
[2022-01-11 22:44:48.755] [settingssync] [info] Sync done. Took 155ms
[2022-01-11 22:46:00.720] [settingssync] [info] Auto Sync: Triggered by Activity
[2022-01-11 22:46:00.880] [settingssync] [info] Settings: No changes found during synchronizing settings.
[2022-01-11 22:46:00.883] [settingssync] [info] Keybindings: No changes found during synchronizing keybindings.
[2022-01-11 22:46:00.886] [settingssync] [info] Snippets: No changes found during synchronizing snippets.
[2022-01-11 22:46:00.916] [settingssync] [info] GlobalState: No changes found during synchronizing ui state.
[2022-01-11 22:46:00.988] [settingssync] [info] Extensions: No changes found during synchronizing extensions.
[2022-01-11 22:46:00.989] [settingssync] [info] Sync done. Took 160ms
[2022-01-11 22:48:18.145] [settingssync] [info] Auto Sync: Triggered by Activity
[2022-01-11 22:48:18.549] [settingssync] [info] Settings: No changes found during synchronizing settings.
[2022-01-11 22:48:18.551] [settingssync] [info] Keybindings: No changes found during synchronizing keybindings.
[2022-01-11 22:48:18.562] [settingssync] [info] Snippets: No changes found during synchronizing snippets.
[2022-01-11 22:48:18.602] [settingssync] [info] GlobalState: No changes found during synchronizing ui state.
[2022-01-11 22:48:18.750] [settingssync] [info] Extensions: No changes found during synchronizing extensions.
[2022-01-11 22:48:18.755] [settingssync] [info] Sync done. Took 282ms
[2022-01-11 22:49:16.433] [settingssync] [info] Auto Sync: Triggered by Activity
[2022-01-11 22:49:16.593] [settingssync] [info] Settings: No changes found during synchronizing settings.
[2022-01-11 22:49:16.595] [settingssync] [info] Keybindings: No changes found during synchronizing keybindings.
[2022-01-11 22:49:16.598] [settingssync] [info] Snippets: No changes found during synchronizing snippets.
[2022-01-11 22:49:16.628] [settingssync] [info] GlobalState: No changes found during synchronizing ui state.
[2022-01-11 22:49:16.699] [settingssync] [info] Extensions: No changes found during synchronizing extensions.
[2022-01-11 22:49:16.702] [settingssync] [info] Sync done. Took 163ms
[2022-01-11 22:50:11.154] [settingssync] [info] Auto Sync: Triggered by Activity
[2022-01-11 22:50:11.320] [settingssync] [info] Settings: No changes found during synchronizing settings.
[2022-01-11 22:50:11.322] [settingssync] [info] Keybindings: No changes found during synchronizing keybindings.
[2022-01-11 22:50:11.324] [settingssync] [info] Snippets: No changes found during synchronizing snippets.
[2022-01-11 22:50:11.353] [settingssync] [info] GlobalState: No changes found during synchronizing ui state.
[2022-01-11 22:50:11.428] [settingssync] [info] Extensions: No changes found during synchronizing extensions.
[2022-01-11 22:50:11.430] [settingssync] [info] Sync done. Took 163ms
[2022-01-11 22:52:36.214] [settingssync] [info] Auto Sync: Triggered by Activity
[2022-01-11 22:52:36.798] [settingssync] [info] Settings: No changes found during synchronizing settings.
[2022-01-11 22:52:36.817] [settingssync] [info] Keybindings: No changes found during synchronizing keybindings.
[2022-01-11 22:52:36.820] [settingssync] [info] Snippets: No changes found during synchronizing snippets.
[2022-01-11 22:52:36.863] [settingssync] [info] GlobalState: No changes found during synchronizing ui state.
[2022-01-11 22:52:36.943] [settingssync] [info] Extensions: No changes found during synchronizing extensions.
[2022-01-11 22:52:36.946] [settingssync] [info] Sync done. Took 261ms
[2022-01-11 22:56:12.905] [settingssync] [info] Auto Sync: Triggered by Activity
[2022-01-11 22:56:13.411] [settingssync] [info] Settings: No changes found during synchronizing settings.
[2022-01-11 22:56:13.413] [settingssync] [info] Keybindings: No changes found during synchronizing keybindings.
[2022-01-11 22:56:13.416] [settingssync] [info] Snippets: No changes found during synchronizing snippets.
[2022-01-11 22:56:13.454] [settingssync] [info] GlobalState: No changes found during synchronizing ui state.
[2022-01-11 22:56:13.562] [settingssync] [info] Extensions: No changes found during synchronizing extensions.
[2022-01-11 22:56:13.563] [settingssync] [info] Sync done. Took 213ms
[2022-01-11 22:56:24.335] [settingssync] [info] Auto Sync: Triggered by Activity
[2022-01-11 22:56:24.465] [settingssync] [info] Settings: No changes found during synchronizing settings.
[2022-01-11 22:56:24.468] [settingssync] [info] Keybindings: No changes found during synchronizing keybindings.
[2022-01-11 22:56:24.471] [settingssync] [info] Snippets: No changes found during synchronizing snippets.
[2022-01-11 22:56:24.498] [settingssync] [info] GlobalState: No changes found during synchronizing ui state.
[2022-01-11 22:56:24.559] [settingssync] [info] Extensions: No changes found during synchronizing extensions.
[2022-01-11 22:56:24.560] [settingssync] [info] Sync done. Took 106ms
[2022-01-11 22:57:12.015] [settingssync] [info] Auto Sync: Triggered by Activity
[2022-01-11 22:57:12.158] [settingssync] [info] Settings: No changes found during synchronizing settings.
[2022-01-11 22:57:12.162] [settingssync] [info] Keybindings: No changes found during synchronizing keybindings.
[2022-01-11 22:57:12.165] [settingssync] [info] Snippets: No changes found during synchronizing snippets.
[2022-01-11 22:57:12.196] [settingssync] [info] GlobalState: No changes found during synchronizing ui state.
[2022-01-11 22:57:12.281] [settingssync] [info] Extensions: No changes found during synchronizing extensions.
[2022-01-11 22:57:12.281] [settingssync] [info] Sync done. Took 156ms
[2022-01-11 22:58:38.116] [settingssync] [info] Auto Sync: Triggered by Activity
[2022-01-11 22:58:38.247] [settingssync] [info] Settings: No changes found during synchronizing settings.
[2022-01-11 22:58:38.250] [settingssync] [info] Keybindings: No changes found during synchronizing keybindings.
[2022-01-11 22:58:38.252] [settingssync] [info] Snippets: No changes found during synchronizing snippets.
[2022-01-11 22:58:38.291] [settingssync] [info] GlobalState: No changes found during synchronizing ui state.
[2022-01-11 22:58:38.395] [settingssync] [info] Extensions: No changes found during synchronizing extensions.
[2022-01-11 22:58:38.396] [settingssync] [info] Sync done. Took 168ms
[2022-01-11 22:59:11.230] [settingssync] [info] Auto Sync: Triggered by Activity
[2022-01-11 22:59:11.357] [settingssync] [info] Settings: No changes found during synchronizing settings.
[2022-01-11 22:59:11.360] [settingssync] [info] Keybindings: No changes found during synchronizing keybindings.
[2022-01-11 22:59:11.364] [settingssync] [info] Snippets: No changes found during synchronizing snippets.
[2022-01-11 22:59:11.428] [settingssync] [info] GlobalState: No changes found during synchronizing ui state.
[2022-01-11 22:59:11.514] [settingssync] [info] Extensions: No changes found during synchronizing extensions.
[2022-01-11 22:59:11.515] [settingssync] [info] Sync done. Took 180ms
[2022-01-11 23:00:06.027] [settingssync] [info] Auto Sync: Triggered by Activity
[2022-01-11 23:00:06.159] [settingssync] [info] Settings: No changes found during synchronizing settings.
[2022-01-11 23:00:06.163] [settingssync] [info] Keybindings: No changes found during synchronizing keybindings.
[2022-01-11 23:00:06.166] [settingssync] [info] Snippets: No changes found during synchronizing snippets.
[2022-01-11 23:00:06.198] [settingssync] [info] GlobalState: No changes found during synchronizing ui state.
[2022-01-11 23:00:06.258] [settingssync] [info] Extensions: No changes found during synchronizing extensions.
[2022-01-11 23:00:06.259] [settingssync] [info] Sync done. Took 129ms
[2022-01-11 23:00:27.059] [settingssync] [info] Auto Sync: Triggered by Activity
[2022-01-11 23:00:27.194] [settingssync] [info] Settings: No changes found during synchronizing settings.
[2022-01-11 23:00:27.197] [settingssync] [info] Keybindings: No changes found during synchronizing keybindings.
[2022-01-11 23:00:27.201] [settingssync] [info] Snippets: No changes found during synchronizing snippets.
[2022-01-11 23:00:27.232] [settingssync] [info] GlobalState: No changes found during synchronizing ui state.
[2022-01-11 23:00:27.289] [settingssync] [info] Extensions: No changes found during synchronizing extensions.
[2022-01-11 23:00:27.290] [settingssync] [info] Sync done. Took 120ms
[2022-01-11 23:03:02.641] [settingssync] [info] Auto Sync: Triggered by Activity
[2022-01-11 23:03:02.931] [settingssync] [info] Settings: No changes found during synchronizing settings.
[2022-01-11 23:03:02.934] [settingssync] [info] Keybindings: No changes found during synchronizing keybindings.
[2022-01-11 23:03:02.938] [settingssync] [info] Snippets: No changes found during synchronizing snippets.
[2022-01-11 23:03:02.968] [settingssync] [info] GlobalState: No changes found during synchronizing ui state.
[2022-01-11 23:03:03.046] [settingssync] [info] Extensions: No changes found during synchronizing extensions.
[2022-01-11 23:03:03.048] [settingssync] [info] Sync done. Took 148ms
[2022-01-11 23:03:17.123] [settingssync] [info] Auto Sync: Triggered by Activity
[2022-01-11 23:03:17.292] [settingssync] [info] Settings: No changes found during synchronizing settings.
[2022-01-11 23:03:17.294] [settingssync] [info] Keybindings: No changes found during synchronizing keybindings.
[2022-01-11 23:03:17.296] [settingssync] [info] Snippets: No changes found during synchronizing snippets.
[2022-01-11 23:03:17.325] [settingssync] [info] GlobalState: No changes found during synchronizing ui state.
[2022-01-11 23:03:17.389] [settingssync] [info] Extensions: No changes found during synchronizing extensions.
[2022-01-11 23:03:17.397] [settingssync] [info] Sync done. Took 153ms
[2022-01-11 23:04:37.482] [settingssync] [info] Auto Sync: Triggered by Activity
[2022-01-11 23:04:37.640] [settingssync] [info] Settings: No changes found during synchronizing settings.
[2022-01-11 23:04:37.642] [settingssync] [info] Keybindings: No changes found during synchronizing keybindings.
[2022-01-11 23:04:37.646] [settingssync] [info] Snippets: No changes found during synchronizing snippets.
[2022-01-11 23:04:37.676] [settingssync] [info] GlobalState: No changes found during synchronizing ui state.
[2022-01-11 23:04:37.747] [settingssync] [info] Extensions: No changes found during synchronizing extensions.
[2022-01-11 23:04:37.749] [settingssync] [info] Sync done. Took 146ms
[2022-01-11 23:05:06.583] [settingssync] [info] Auto Sync: Triggered by Activity
[2022-01-11 23:05:06.742] [settingssync] [info] Settings: No changes found during synchronizing settings.
[2022-01-11 23:05:06.745] [settingssync] [info] Keybindings: No changes found during synchronizing keybindings.
[2022-01-11 23:05:06.749] [settingssync] [info] Snippets: No changes found during synchronizing snippets.
[2022-01-11 23:05:06.781] [settingssync] [info] GlobalState: No changes found during synchronizing ui state.
[2022-01-11 23:05:06.855] [settingssync] [info] Extensions: No changes found during synchronizing extensions.
[2022-01-11 23:05:06.862] [settingssync] [info] Sync done. Took 175ms
[2022-01-11 23:07:21.363] [settingssync] [info] Auto Sync: Triggered by Activity
[2022-01-11 23:07:21.745] [settingssync] [info] Settings: No changes found during synchronizing settings.
[2022-01-11 23:07:21.747] [settingssync] [info] Keybindings: No changes found during synchronizing keybindings.
[2022-01-11 23:07:21.749] [settingssync] [info] Snippets: No changes found during synchronizing snippets.
[2022-01-11 23:07:21.780] [settingssync] [info] GlobalState: No changes found during synchronizing ui state.
[2022-01-11 23:07:21.854] [settingssync] [info] Extensions: No changes found during synchronizing extensions.
[2022-01-11 23:07:21.856] [settingssync] [info] Sync done. Took 170ms
[2022-01-11 23:08:58.832] [settingssync] [info] Auto Sync: Triggered by Activity
[2022-01-11 23:08:58.996] [settingssync] [info] Settings: No changes found during synchronizing settings.
[2022-01-11 23:08:58.998] [settingssync] [info] Keybindings: No changes found during synchronizing keybindings.
[2022-01-11 23:08:59.001] [settingssync] [info] Snippets: No changes found during synchronizing snippets.
[2022-01-11 23:08:59.031] [settingssync] [info] GlobalState: No changes found during synchronizing ui state.
[2022-01-11 23:08:59.123] [settingssync] [info] Extensions: No changes found during synchronizing extensions.
[2022-01-11 23:08:59.124] [settingssync] [info] Sync done. Took 185ms
[2022-01-11 23:13:59.147] [settingssync] [info] Auto Sync: Triggered by Interval
[2022-01-11 23:13:59.900] [settingssync] [info] Settings: No changes found during synchronizing settings.
[2022-01-11 23:13:59.903] [settingssync] [info] Keybindings: No changes found during synchronizing keybindings.
[2022-01-11 23:13:59.908] [settingssync] [info] Snippets: No changes found during synchronizing snippets.
[2022-01-11 23:13:59.947] [settingssync] [info] GlobalState: No changes found during synchronizing ui state.
[2022-01-11 23:14:00.015] [settingssync] [info] Extensions: No changes found during synchronizing extensions.
[2022-01-11 23:14:00.016] [settingssync] [info] Sync done. Took 213ms
[2022-01-11 23:17:56.698] [settingssync] [info] Auto Sync: Triggered by Activity
[2022-01-11 23:17:57.155] [settingssync] [info] Settings: No changes found during synchronizing settings.
[2022-01-11 23:17:57.163] [settingssync] [info] Keybindings: No changes found during synchronizing keybindings.
[2022-01-11 23:17:57.174] [settingssync] [info] Snippets: No changes found during synchronizing snippets.
[2022-01-11 23:17:57.256] [settingssync] [info] GlobalState: No changes found during synchronizing ui state.
[2022-01-11 23:17:57.340] [settingssync] [info] Extensions: No changes found during synchronizing extensions.
[2022-01-11 23:17:57.340] [settingssync] [info] Sync done. Took 226ms
[2022-01-11 23:20:10.074] [settingssync] [info] Auto Sync: Triggered by Activity
[2022-01-11 23:20:10.398] [settingssync] [info] Settings: No changes found during synchronizing settings.
[2022-01-11 23:20:10.400] [settingssync] [info] Keybindings: No changes found during synchronizing keybindings.
[2022-01-11 23:20:10.406] [settingssync] [info] Snippets: No changes found during synchronizing snippets.
[2022-01-11 23:20:10.436] [settingssync] [info] GlobalState: No changes found during synchronizing ui state.
[2022-01-11 23:20:10.512] [settingssync] [info] Extensions: No changes found during synchronizing extensions.
[2022-01-11 23:20:10.513] [settingssync] [info] Sync done. Took 173ms
[2022-01-11 23:20:52.434] [settingssync] [info] Auto Sync: Triggered by Activity
[2022-01-11 23:20:52.603] [settingssync] [info] Settings: No changes found during synchronizing settings.
[2022-01-11 23:20:52.605] [settingssync] [info] Keybindings: No changes found during synchronizing keybindings.
[2022-01-11 23:20:52.607] [settingssync] [info] Snippets: No changes found during synchronizing snippets.
[2022-01-11 23:20:52.637] [settingssync] [info] GlobalState: No changes found during synchronizing ui state.
[2022-01-11 23:20:52.708] [settingssync] [info] Extensions: No changes found during synchronizing extensions.
[2022-01-11 23:20:52.710] [settingssync] [info] Sync done. Took 164ms
[2022-01-11 23:22:27.615] [settingssync] [info] Auto Sync: Triggered by Activity
[2022-01-11 23:22:27.772] [settingssync] [info] Settings: No changes found during synchronizing settings.
[2022-01-11 23:22:27.775] [settingssync] [info] Keybindings: No changes found during synchronizing keybindings.
[2022-01-11 23:22:27.779] [settingssync] [info] Snippets: No changes found during synchronizing snippets.
[2022-01-11 23:22:27.810] [settingssync] [info] GlobalState: No changes found during synchronizing ui state.
[2022-01-11 23:22:27.914] [settingssync] [info] Extensions: No changes found during synchronizing extensions.
[2022-01-11 23:22:27.915] [settingssync] [info] Sync done. Took 183ms
[2022-01-11 23:23:09.251] [settingssync] [info] Auto Sync: Triggered by Activity
[2022-01-11 23:23:09.397] [settingssync] [info] Settings: No changes found during synchronizing settings.
[2022-01-11 23:23:09.402] [settingssync] [info] Keybindings: No changes found during synchronizing keybindings.
[2022-01-11 23:23:09.407] [settingssync] [info] Snippets: No changes found during synchronizing snippets.
[2022-01-11 23:23:09.442] [settingssync] [info] GlobalState: No changes found during synchronizing ui state.
[2022-01-11 23:23:09.527] [settingssync] [info] Extensions: No changes found during synchronizing extensions.
[2022-01-11 23:23:09.534] [settingssync] [info] Sync done. Took 166ms
[2022-01-11 23:23:59.707] [settingssync] [info] Auto Sync: Triggered by Activity
[2022-01-11 23:23:59.916] [settingssync] [info] Settings: No changes found during synchronizing settings.
[2022-01-11 23:23:59.918] [settingssync] [info] Keybindings: No changes found during synchronizing keybindings.
[2022-01-11 23:23:59.921] [settingssync] [info] Snippets: No changes found during synchronizing snippets.
[2022-01-11 23:23:59.952] [settingssync] [info] GlobalState: No changes found during synchronizing ui state.
[2022-01-11 23:24:00.018] [settingssync] [info] Extensions: No changes found during synchronizing extensions.
[2022-01-11 23:24:00.020] [settingssync] [info] Sync done. Took 206ms
[2022-01-11 23:26:13.092] [settingssync] [info] Auto Sync: Triggered by Activity
[2022-01-11 23:26:13.642] [settingssync] [info] Settings: No changes found during synchronizing settings.
[2022-01-11 23:26:13.646] [settingssync] [info] Keybindings: No changes found during synchronizing keybindings.
[2022-01-11 23:26:13.649] [settingssync] [info] Snippets: No changes found during synchronizing snippets.
[2022-01-11 23:26:13.686] [settingssync] [info] GlobalState: No changes found during synchronizing ui state.
[2022-01-11 23:26:13.764] [settingssync] [info] Extensions: No changes found during synchronizing extensions.
[2022-01-11 23:26:13.766] [settingssync] [info] Sync done. Took 241ms
