Info 2021-12-14 15:23:36: Experimentation service retrieved: [object Object]
User belongs to experiment group 'jupyterTest'
User belongs to experiment group 'jupyterEnhancedDataViewer'
Info 2021-12-14 15:23:36: ZMQ install verified.
Info 2021-12-14 15:23:36: Experiment status for python is {"enabled":true,"optInto":[],"optOutFrom":[]}
Info 2021-12-14 15:23:37: Process Execution: > /bin/python -m pip list
> /bin/python -m pip list
Info 2021-12-14 15:23:37: Process Execution: > /bin/python -m pip list
> /bin/python -m pip list
Info 2021-12-14 15:23:37: Process Execution: > /bin/python -c "import jupyter"
> /bin/python -c "import jupyter"
Info 2021-12-14 15:23:37: Process Execution: > /bin/python -c "import jupyter"
> /bin/python -c "import jupyter"
Info 2021-12-14 15:23:37: Process Execution: > /bin/python -c "import notebook"
> /bin/python -c "import notebook"
Info 2021-12-14 15:23:37: Process Execution: > /bin/python -c "import notebook"
> /bin/python -c "import notebook"
Info 2021-12-14 15:29:06: Shutting down notebooks for be3febf1-b1e6-4332-aed5-3c1acbe083c9
Info 2021-12-14 15:29:06: Disposing HostJupyterExecution b8fd89e2-fb97-4980-afb2-6934b1ef5a6a
Info 2021-12-14 15:29:06: Disposing super HostJupyterExecution b8fd89e2-fb97-4980-afb2-6934b1ef5a6a
Info 2021-12-14 15:29:06: Disposing HostJupyterExecution b8fd89e2-fb97-4980-afb2-6934b1ef5a6a
Info 2021-12-14 15:29:06: Finished disposing HostJupyterExecution  b8fd89e2-fb97-4980-afb2-6934b1ef5a6a
Info 2021-12-14 15:29:06: Cleaning up server cache b8fd89e2-fb97-4980-afb2-6934b1ef5a6a
Info 2021-12-14 15:29:06: Finished disposing HostJupyterExecution  b8fd89e2-fb97-4980-afb2-6934b1ef5a6a
