[2022-01-13 22:58:33.753] [settingssync] [info] Using settings sync service https://vscode-sync.trafficmanager.net/
[2022-01-13 22:58:33.753] [settingssync] [info] Auto Sync is enabled.
[2022-01-13 22:58:33.753] [settingssync] [info] Auto Sync: Suspended until auth token is available.
[2022-01-13 22:58:36.875] [settingssync] [info] Auto Sync: Started
[2022-01-13 22:58:36.875] [settingssync] [info] Auto Sync: Triggered by Interval
[2022-01-13 22:58:37.872] [settingssync] [info] Settings: No changes found during synchronizing settings.
[2022-01-13 22:58:38.064] [settingssync] [info] Keybindings: No changes found during synchronizing keybindings.
[2022-01-13 22:58:38.169] [settingssync] [info] Snippets: No changes found during synchronizing snippets.
[2022-01-13 22:58:38.330] [settingssync] [info] GlobalState: No changes found during synchronizing ui state.
[2022-01-13 22:58:38.545] [settingssync] [info] Extensions: No changes found during synchronizing extensions.
[2022-01-13 22:58:38.547] [settingssync] [info] Sync done. Took 779ms
[2022-01-13 22:59:58.905] [settingssync] [info] Auto Sync: Triggered by Activity
[2022-01-13 22:59:59.064] [settingssync] [info] Settings: No changes found during synchronizing settings.
[2022-01-13 22:59:59.066] [settingssync] [info] Keybindings: No changes found during synchronizing keybindings.
[2022-01-13 22:59:59.079] [settingssync] [info] Snippets: No changes found during synchronizing snippets.
[2022-01-13 22:59:59.184] [settingssync] [info] GlobalState: No changes found during synchronizing ui state.
[2022-01-13 22:59:59.562] [settingssync] [info] Extensions: No changes found during synchronizing extensions.
[2022-01-13 22:59:59.586] [settingssync] [info] Sync done. Took 570ms
[2022-01-13 23:00:51.175] [settingssync] [info] Auto Sync: Triggered by Activity
[2022-01-13 23:00:51.350] [settingssync] [info] Settings: No changes found during synchronizing settings.
[2022-01-13 23:00:51.354] [settingssync] [info] Keybindings: No changes found during synchronizing keybindings.
[2022-01-13 23:00:51.358] [settingssync] [info] Snippets: No changes found during synchronizing snippets.
[2022-01-13 23:00:51.407] [settingssync] [info] GlobalState: No changes found during synchronizing ui state.
[2022-01-13 23:00:51.504] [settingssync] [info] Extensions: No changes found during synchronizing extensions.
[2022-01-13 23:00:51.505] [settingssync] [info] Sync done. Took 209ms
[2022-01-13 23:01:50.629] [settingssync] [info] Auto Sync: Triggered by Activity
[2022-01-13 23:01:51.078] [settingssync] [info] Settings: No changes found during synchronizing settings.
[2022-01-13 23:01:51.088] [settingssync] [info] Keybindings: No changes found during synchronizing keybindings.
[2022-01-13 23:01:51.098] [settingssync] [info] Snippets: No changes found during synchronizing snippets.
[2022-01-13 23:01:51.163] [settingssync] [info] GlobalState: No changes found during synchronizing ui state.
[2022-01-13 23:01:51.277] [settingssync] [info] Extensions: No changes found during synchronizing extensions.
[2022-01-13 23:01:51.280] [settingssync] [info] Sync done. Took 327ms
[2022-01-13 23:02:16.236] [settingssync] [info] Auto Sync: Triggered by Activity
[2022-01-13 23:02:16.469] [settingssync] [info] Settings: No changes found during synchronizing settings.
[2022-01-13 23:02:16.472] [settingssync] [info] Keybindings: No changes found during synchronizing keybindings.
[2022-01-13 23:02:16.475] [settingssync] [info] Snippets: No changes found during synchronizing snippets.
[2022-01-13 23:02:16.522] [settingssync] [info] GlobalState: No changes found during synchronizing ui state.
[2022-01-13 23:02:16.601] [settingssync] [info] Extensions: No changes found during synchronizing extensions.
[2022-01-13 23:02:16.603] [settingssync] [info] Sync done. Took 253ms
[2022-01-13 23:02:45.230] [settingssync] [info] Auto Sync: Triggered by Activity
[2022-01-13 23:02:45.463] [settingssync] [info] Settings: No changes found during synchronizing settings.
[2022-01-13 23:02:45.468] [settingssync] [info] Keybindings: No changes found during synchronizing keybindings.
[2022-01-13 23:02:45.473] [settingssync] [info] Snippets: No changes found during synchronizing snippets.
[2022-01-13 23:02:45.531] [settingssync] [info] GlobalState: No changes found during synchronizing ui state.
[2022-01-13 23:02:45.648] [settingssync] [info] Extensions: No changes found during synchronizing extensions.
[2022-01-13 23:02:45.651] [settingssync] [info] Sync done. Took 306ms
[2022-01-13 23:03:47.809] [settingssync] [info] Auto Sync: Triggered by Activity
[2022-01-13 23:03:48.025] [settingssync] [info] Settings: No changes found during synchronizing settings.
[2022-01-13 23:03:48.031] [settingssync] [info] Keybindings: No changes found during synchronizing keybindings.
[2022-01-13 23:03:48.034] [settingssync] [info] Snippets: No changes found during synchronizing snippets.
[2022-01-13 23:03:48.085] [settingssync] [info] GlobalState: No changes found during synchronizing ui state.
[2022-01-13 23:03:48.168] [settingssync] [info] Extensions: No changes found during synchronizing extensions.
[2022-01-13 23:03:48.172] [settingssync] [info] Sync done. Took 249ms
[2022-01-13 23:08:48.177] [settingssync] [info] Auto Sync: Triggered by Interval
[2022-01-13 23:08:48.645] [settingssync] [info] Settings: No changes found during synchronizing settings.
[2022-01-13 23:08:48.648] [settingssync] [info] Keybindings: No changes found during synchronizing keybindings.
[2022-01-13 23:08:48.650] [settingssync] [info] Snippets: No changes found during synchronizing snippets.
[2022-01-13 23:08:48.700] [settingssync] [info] GlobalState: No changes found during synchronizing ui state.
[2022-01-13 23:08:48.807] [settingssync] [info] Extensions: No changes found during synchronizing extensions.
[2022-01-13 23:08:48.810] [settingssync] [info] Sync done. Took 194ms
[2022-01-13 23:09:13.452] [settingssync] [info] Auto Sync: Triggered by Activity
[2022-01-13 23:09:13.602] [settingssync] [info] Settings: No changes found during synchronizing settings.
[2022-01-13 23:09:13.606] [settingssync] [info] Keybindings: No changes found during synchronizing keybindings.
[2022-01-13 23:09:13.612] [settingssync] [info] Snippets: No changes found during synchronizing snippets.
[2022-01-13 23:09:13.680] [settingssync] [info] GlobalState: No changes found during synchronizing ui state.
[2022-01-13 23:09:13.816] [settingssync] [info] Extensions: No changes found during synchronizing extensions.
[2022-01-13 23:09:13.819] [settingssync] [info] Sync done. Took 243ms
[2022-01-13 23:10:05.508] [settingssync] [info] Auto Sync: Triggered by Activity
[2022-01-13 23:10:05.774] [settingssync] [info] Settings: No changes found during synchronizing settings.
[2022-01-13 23:10:05.781] [settingssync] [info] Keybindings: No changes found during synchronizing keybindings.
[2022-01-13 23:10:05.787] [settingssync] [info] Snippets: No changes found during synchronizing snippets.
[2022-01-13 23:10:05.841] [settingssync] [info] GlobalState: No changes found during synchronizing ui state.
[2022-01-13 23:10:05.930] [settingssync] [info] Extensions: No changes found during synchronizing extensions.
[2022-01-13 23:10:05.931] [settingssync] [info] Sync done. Took 259ms
[2022-01-13 23:10:32.097] [settingssync] [info] Auto Sync: Triggered by Activity
[2022-01-13 23:10:32.279] [settingssync] [info] Settings: No changes found during synchronizing settings.
[2022-01-13 23:10:32.291] [settingssync] [info] Keybindings: No changes found during synchronizing keybindings.
[2022-01-13 23:10:32.302] [settingssync] [info] Snippets: No changes found during synchronizing snippets.
[2022-01-13 23:10:32.376] [settingssync] [info] GlobalState: No changes found during synchronizing ui state.
[2022-01-13 23:10:32.482] [settingssync] [info] Extensions: No changes found during synchronizing extensions.
[2022-01-13 23:10:32.484] [settingssync] [info] Sync done. Took 271ms
[2022-01-13 23:10:59.323] [settingssync] [info] Auto Sync: Triggered by Activity
[2022-01-13 23:10:59.647] [settingssync] [info] Settings: No changes found during synchronizing settings.
[2022-01-13 23:10:59.660] [settingssync] [info] Keybindings: No changes found during synchronizing keybindings.
[2022-01-13 23:10:59.679] [settingssync] [info] Snippets: No changes found during synchronizing snippets.
[2022-01-13 23:10:59.742] [settingssync] [info] GlobalState: No changes found during synchronizing ui state.
[2022-01-13 23:10:59.891] [settingssync] [info] Extensions: No changes found during synchronizing extensions.
[2022-01-13 23:10:59.893] [settingssync] [info] Sync done. Took 320ms
[2022-01-13 23:11:18.539] [settingssync] [info] Auto Sync: Triggered by Activity
[2022-01-13 23:11:18.728] [settingssync] [info] Settings: No changes found during synchronizing settings.
[2022-01-13 23:11:18.736] [settingssync] [info] Keybindings: No changes found during synchronizing keybindings.
[2022-01-13 23:11:18.746] [settingssync] [info] Snippets: No changes found during synchronizing snippets.
[2022-01-13 23:11:18.832] [settingssync] [info] GlobalState: No changes found during synchronizing ui state.
[2022-01-13 23:11:18.921] [settingssync] [info] Extensions: No changes found during synchronizing extensions.
[2022-01-13 23:11:18.922] [settingssync] [info] Sync done. Took 251ms
[2022-01-13 23:11:46.036] [settingssync] [info] Auto Sync: Triggered by Activity
[2022-01-13 23:11:46.228] [settingssync] [info] Settings: No changes found during synchronizing settings.
[2022-01-13 23:11:46.229] [settingssync] [info] Keybindings: No changes found during synchronizing keybindings.
[2022-01-13 23:11:46.235] [settingssync] [info] Snippets: No changes found during synchronizing snippets.
[2022-01-13 23:11:46.285] [settingssync] [info] GlobalState: No changes found during synchronizing ui state.
[2022-01-13 23:11:46.374] [settingssync] [info] Extensions: No changes found during synchronizing extensions.
[2022-01-13 23:11:46.375] [settingssync] [info] Sync done. Took 222ms
[2022-01-13 23:12:02.677] [settingssync] [info] Auto Sync: Triggered by Activity
[2022-01-13 23:12:02.828] [settingssync] [info] Settings: No changes found during synchronizing settings.
[2022-01-13 23:12:02.834] [settingssync] [info] Keybindings: No changes found during synchronizing keybindings.
[2022-01-13 23:12:02.843] [settingssync] [info] Snippets: No changes found during synchronizing snippets.
[2022-01-13 23:12:02.912] [settingssync] [info] GlobalState: No changes found during synchronizing ui state.
[2022-01-13 23:12:03.000] [settingssync] [info] Extensions: No changes found during synchronizing extensions.
[2022-01-13 23:12:03.001] [settingssync] [info] Sync done. Took 217ms
[2022-01-13 23:12:46.404] [settingssync] [info] Auto Sync: Triggered by Activity
[2022-01-13 23:12:46.528] [settingssync] [info] Settings: No changes found during synchronizing settings.
[2022-01-13 23:12:46.534] [settingssync] [info] Keybindings: No changes found during synchronizing keybindings.
[2022-01-13 23:12:46.538] [settingssync] [info] Snippets: No changes found during synchronizing snippets.
[2022-01-13 23:12:46.600] [settingssync] [info] GlobalState: No changes found during synchronizing ui state.
[2022-01-13 23:12:46.695] [settingssync] [info] Extensions: No changes found during synchronizing extensions.
[2022-01-13 23:12:46.695] [settingssync] [info] Sync done. Took 190ms
[2022-01-13 23:13:44.036] [settingssync] [info] Auto Sync: Triggered by Activity
[2022-01-13 23:13:44.234] [settingssync] [info] Settings: No changes found during synchronizing settings.
[2022-01-13 23:13:44.242] [settingssync] [info] Keybindings: No changes found during synchronizing keybindings.
[2022-01-13 23:13:44.249] [settingssync] [info] Snippets: No changes found during synchronizing snippets.
[2022-01-13 23:13:44.302] [settingssync] [info] GlobalState: No changes found during synchronizing ui state.
[2022-01-13 23:13:44.389] [settingssync] [info] Extensions: No changes found during synchronizing extensions.
[2022-01-13 23:13:44.390] [settingssync] [info] Sync done. Took 237ms
[2022-01-13 23:13:58.376] [settingssync] [info] Auto Sync: Triggered by Activity
[2022-01-13 23:13:58.558] [settingssync] [info] Settings: No changes found during synchronizing settings.
[2022-01-13 23:13:58.568] [settingssync] [info] Keybindings: No changes found during synchronizing keybindings.
[2022-01-13 23:13:58.588] [settingssync] [info] Snippets: No changes found during synchronizing snippets.
[2022-01-13 23:13:58.661] [settingssync] [info] GlobalState: No changes found during synchronizing ui state.
[2022-01-13 23:13:58.749] [settingssync] [info] Extensions: No changes found during synchronizing extensions.
[2022-01-13 23:13:58.750] [settingssync] [info] Sync done. Took 267ms
[2022-01-13 23:14:19.911] [settingssync] [info] Auto Sync: Triggered by Activity
[2022-01-13 23:14:20.091] [settingssync] [info] Settings: No changes found during synchronizing settings.
[2022-01-13 23:14:20.096] [settingssync] [info] Keybindings: No changes found during synchronizing keybindings.
[2022-01-13 23:14:20.104] [settingssync] [info] Snippets: No changes found during synchronizing snippets.
[2022-01-13 23:14:20.158] [settingssync] [info] GlobalState: No changes found during synchronizing ui state.
[2022-01-13 23:14:20.245] [settingssync] [info] Extensions: No changes found during synchronizing extensions.
[2022-01-13 23:14:20.245] [settingssync] [info] Sync done. Took 222ms
[2022-01-13 23:14:46.493] [settingssync] [info] Auto Sync: Triggered by Activity
[2022-01-13 23:14:46.690] [settingssync] [info] Settings: No changes found during synchronizing settings.
[2022-01-13 23:14:46.697] [settingssync] [info] Keybindings: No changes found during synchronizing keybindings.
[2022-01-13 23:14:46.705] [settingssync] [info] Snippets: No changes found during synchronizing snippets.
[2022-01-13 23:14:46.758] [settingssync] [info] GlobalState: No changes found during synchronizing ui state.
[2022-01-13 23:14:46.846] [settingssync] [info] Extensions: No changes found during synchronizing extensions.
[2022-01-13 23:14:46.847] [settingssync] [info] Sync done. Took 240ms
[2022-01-13 23:15:14.280] [settingssync] [info] Auto Sync: Triggered by Activity
[2022-01-13 23:15:14.493] [settingssync] [info] Settings: No changes found during synchronizing settings.
[2022-01-13 23:15:14.505] [settingssync] [info] Keybindings: No changes found during synchronizing keybindings.
[2022-01-13 23:15:14.517] [settingssync] [info] Snippets: No changes found during synchronizing snippets.
[2022-01-13 23:15:14.587] [settingssync] [info] GlobalState: No changes found during synchronizing ui state.
[2022-01-13 23:15:14.723] [settingssync] [info] Extensions: No changes found during synchronizing extensions.
[2022-01-13 23:15:14.723] [settingssync] [info] Sync done. Took 280ms
[2022-01-13 23:15:45.907] [settingssync] [info] Auto Sync: Triggered by Activity
[2022-01-13 23:15:46.060] [settingssync] [info] Settings: No changes found during synchronizing settings.
[2022-01-13 23:15:46.070] [settingssync] [info] Keybindings: No changes found during synchronizing keybindings.
[2022-01-13 23:15:46.080] [settingssync] [info] Snippets: No changes found during synchronizing snippets.
[2022-01-13 23:15:46.161] [settingssync] [info] GlobalState: No changes found during synchronizing ui state.
[2022-01-13 23:15:46.290] [settingssync] [info] Extensions: No changes found during synchronizing extensions.
[2022-01-13 23:15:46.291] [settingssync] [info] Sync done. Took 273ms
[2022-01-13 23:18:26.369] [settingssync] [info] Auto Sync: Triggered by Activity
[2022-01-13 23:18:26.956] [settingssync] [info] Settings: No changes found during synchronizing settings.
[2022-01-13 23:18:26.970] [settingssync] [info] Keybindings: No changes found during synchronizing keybindings.
[2022-01-13 23:18:26.977] [settingssync] [info] Snippets: No changes found during synchronizing snippets.
[2022-01-13 23:18:27.031] [settingssync] [info] GlobalState: No changes found during synchronizing ui state.
[2022-01-13 23:18:27.113] [settingssync] [info] Extensions: No changes found during synchronizing extensions.
[2022-01-13 23:18:27.113] [settingssync] [info] Sync done. Took 240ms
[2022-01-13 23:20:02.425] [settingssync] [info] Auto Sync: Triggered by Activity
[2022-01-13 23:20:02.572] [settingssync] [info] Settings: No changes found during synchronizing settings.
[2022-01-13 23:20:02.577] [settingssync] [info] Keybindings: No changes found during synchronizing keybindings.
[2022-01-13 23:20:02.580] [settingssync] [info] Snippets: No changes found during synchronizing snippets.
[2022-01-13 23:20:02.648] [settingssync] [info] GlobalState: No changes found during synchronizing ui state.
[2022-01-13 23:20:02.758] [settingssync] [info] Extensions: No changes found during synchronizing extensions.
[2022-01-13 23:20:02.759] [settingssync] [info] Sync done. Took 235ms
[2022-01-13 23:20:34.456] [settingssync] [info] Auto Sync: Triggered by Activity
[2022-01-13 23:20:34.610] [settingssync] [info] Settings: No changes found during synchronizing settings.
[2022-01-13 23:20:34.619] [settingssync] [info] Keybindings: No changes found during synchronizing keybindings.
[2022-01-13 23:20:34.631] [settingssync] [info] Snippets: No changes found during synchronizing snippets.
[2022-01-13 23:20:34.693] [settingssync] [info] GlobalState: No changes found during synchronizing ui state.
[2022-01-13 23:20:34.774] [settingssync] [info] Extensions: No changes found during synchronizing extensions.
[2022-01-13 23:20:34.775] [settingssync] [info] Sync done. Took 207ms
[2022-01-13 23:21:37.061] [settingssync] [info] Auto Sync: Triggered by Activity
[2022-01-13 23:21:37.194] [settingssync] [info] Settings: No changes found during synchronizing settings.
[2022-01-13 23:21:37.198] [settingssync] [info] Keybindings: No changes found during synchronizing keybindings.
[2022-01-13 23:21:37.203] [settingssync] [info] Snippets: No changes found during synchronizing snippets.
[2022-01-13 23:21:37.265] [settingssync] [info] GlobalState: No changes found during synchronizing ui state.
[2022-01-13 23:21:37.358] [settingssync] [info] Extensions: No changes found during synchronizing extensions.
[2022-01-13 23:21:37.359] [settingssync] [info] Sync done. Took 188ms
[2022-01-13 23:22:08.206] [settingssync] [info] Auto Sync: Triggered by Activity
[2022-01-13 23:22:08.330] [settingssync] [info] Settings: No changes found during synchronizing settings.
[2022-01-13 23:22:08.335] [settingssync] [info] Keybindings: No changes found during synchronizing keybindings.
[2022-01-13 23:22:08.338] [settingssync] [info] Snippets: No changes found during synchronizing snippets.
[2022-01-13 23:22:08.394] [settingssync] [info] GlobalState: No changes found during synchronizing ui state.
[2022-01-13 23:22:08.499] [settingssync] [info] Extensions: No changes found during synchronizing extensions.
[2022-01-13 23:22:08.502] [settingssync] [info] Sync done. Took 190ms
[2022-01-13 23:22:38.409] [settingssync] [info] Auto Sync: Triggered by Activity
[2022-01-13 23:22:38.611] [settingssync] [info] Settings: No changes found during synchronizing settings.
[2022-01-13 23:22:38.620] [settingssync] [info] Keybindings: No changes found during synchronizing keybindings.
[2022-01-13 23:22:38.629] [settingssync] [info] Snippets: No changes found during synchronizing snippets.
[2022-01-13 23:22:38.680] [settingssync] [info] GlobalState: No changes found during synchronizing ui state.
[2022-01-13 23:22:38.784] [settingssync] [info] Extensions: No changes found during synchronizing extensions.
[2022-01-13 23:22:38.785] [settingssync] [info] Sync done. Took 264ms
[2022-01-13 23:25:43.290] [settingssync] [info] Auto Sync: Triggered by Activity
[2022-01-13 23:25:44.092] [settingssync] [info] Settings: No changes found during synchronizing settings.
[2022-01-13 23:25:44.094] [settingssync] [info] Keybindings: No changes found during synchronizing keybindings.
[2022-01-13 23:25:44.098] [settingssync] [info] Snippets: No changes found during synchronizing snippets.
[2022-01-13 23:25:44.148] [settingssync] [info] GlobalState: No changes found during synchronizing ui state.
[2022-01-13 23:25:44.237] [settingssync] [info] Extensions: No changes found during synchronizing extensions.
[2022-01-13 23:25:44.238] [settingssync] [info] Sync done. Took 187ms
[2022-01-13 23:27:33.389] [settingssync] [info] Auto Sync: Triggered by Activity
[2022-01-13 23:27:33.608] [settingssync] [info] Settings: No changes found during synchronizing settings.
[2022-01-13 23:27:33.613] [settingssync] [info] Keybindings: No changes found during synchronizing keybindings.
[2022-01-13 23:27:33.620] [settingssync] [info] Snippets: No changes found during synchronizing snippets.
[2022-01-13 23:27:33.673] [settingssync] [info] GlobalState: No changes found during synchronizing ui state.
[2022-01-13 23:27:33.738] [settingssync] [info] Extensions: No changes found during synchronizing extensions.
[2022-01-13 23:27:33.741] [settingssync] [info] Sync done. Took 246ms
[2022-01-13 23:29:25.365] [settingssync] [info] Auto Sync: Triggered by Activity
[2022-01-13 23:29:25.540] [settingssync] [info] Settings: No changes found during synchronizing settings.
[2022-01-13 23:29:25.545] [settingssync] [info] Keybindings: No changes found during synchronizing keybindings.
[2022-01-13 23:29:25.548] [settingssync] [info] Snippets: No changes found during synchronizing snippets.
[2022-01-13 23:29:25.598] [settingssync] [info] GlobalState: No changes found during synchronizing ui state.
[2022-01-13 23:29:25.719] [settingssync] [info] Extensions: No changes found during synchronizing extensions.
[2022-01-13 23:29:25.720] [settingssync] [info] Sync done. Took 244ms
[2022-01-13 23:31:46.888] [settingssync] [info] Auto Sync: Triggered by Activity
[2022-01-13 23:31:47.272] [settingssync] [info] Settings: No changes found during synchronizing settings.
[2022-01-13 23:31:47.279] [settingssync] [info] Keybindings: No changes found during synchronizing keybindings.
[2022-01-13 23:31:47.286] [settingssync] [info] Snippets: No changes found during synchronizing snippets.
[2022-01-13 23:31:47.338] [settingssync] [info] GlobalState: No changes found during synchronizing ui state.
[2022-01-13 23:31:47.432] [settingssync] [info] Extensions: No changes found during synchronizing extensions.
[2022-01-13 23:31:47.433] [settingssync] [info] Sync done. Took 265ms
[2022-01-13 23:34:01.418] [settingssync] [info] Auto Sync: Triggered by Activity
[2022-01-13 23:34:01.804] [settingssync] [info] Settings: No changes found during synchronizing settings.
[2022-01-13 23:34:01.816] [settingssync] [info] Keybindings: No changes found during synchronizing keybindings.
[2022-01-13 23:34:01.819] [settingssync] [info] Snippets: No changes found during synchronizing snippets.
[2022-01-13 23:34:01.877] [settingssync] [info] GlobalState: No changes found during synchronizing ui state.
[2022-01-13 23:34:01.980] [settingssync] [info] Extensions: No changes found during synchronizing extensions.
[2022-01-13 23:34:01.981] [settingssync] [info] Sync done. Took 287ms
[2022-01-13 23:35:49.171] [settingssync] [info] Auto Sync: Triggered by Activity
[2022-01-13 23:35:49.347] [settingssync] [info] Settings: No changes found during synchronizing settings.
[2022-01-13 23:35:49.355] [settingssync] [info] Keybindings: No changes found during synchronizing keybindings.
[2022-01-13 23:35:49.367] [settingssync] [info] Snippets: No changes found during synchronizing snippets.
[2022-01-13 23:35:49.421] [settingssync] [info] GlobalState: No changes found during synchronizing ui state.
[2022-01-13 23:35:49.517] [settingssync] [info] Extensions: No changes found during synchronizing extensions.
[2022-01-13 23:35:49.519] [settingssync] [info] Sync done. Took 236ms
[2022-01-13 23:36:07.614] [settingssync] [info] Auto Sync: Triggered by Activity
[2022-01-13 23:36:07.806] [settingssync] [info] Settings: No changes found during synchronizing settings.
[2022-01-13 23:36:07.820] [settingssync] [info] Keybindings: No changes found during synchronizing keybindings.
[2022-01-13 23:36:07.831] [settingssync] [info] Snippets: No changes found during synchronizing snippets.
[2022-01-13 23:36:07.904] [settingssync] [info] GlobalState: No changes found during synchronizing ui state.
[2022-01-13 23:36:07.991] [settingssync] [info] Extensions: No changes found during synchronizing extensions.
[2022-01-13 23:36:07.993] [settingssync] [info] Sync done. Took 265ms
[2022-01-13 23:36:31.993] [settingssync] [info] Auto Sync: Triggered by Activity
[2022-01-13 23:36:32.176] [settingssync] [info] Settings: No changes found during synchronizing settings.
[2022-01-13 23:36:32.180] [settingssync] [info] Keybindings: No changes found during synchronizing keybindings.
[2022-01-13 23:36:32.195] [settingssync] [info] Snippets: No changes found during synchronizing snippets.
[2022-01-13 23:36:32.264] [settingssync] [info] GlobalState: No changes found during synchronizing ui state.
[2022-01-13 23:36:32.402] [settingssync] [info] Extensions: No changes found during synchronizing extensions.
[2022-01-13 23:36:32.403] [settingssync] [info] Sync done. Took 290ms
[2022-01-13 23:37:10.859] [settingssync] [info] Auto Sync: Triggered by Activity
[2022-01-13 23:37:11.061] [settingssync] [info] Settings: No changes found during synchronizing settings.
[2022-01-13 23:37:11.072] [settingssync] [info] Keybindings: No changes found during synchronizing keybindings.
[2022-01-13 23:37:11.086] [settingssync] [info] Snippets: No changes found during synchronizing snippets.
[2022-01-13 23:37:11.169] [settingssync] [info] GlobalState: No changes found during synchronizing ui state.
[2022-01-13 23:37:11.259] [settingssync] [info] Extensions: No changes found during synchronizing extensions.
[2022-01-13 23:37:11.260] [settingssync] [info] Sync done. Took 287ms
[2022-01-13 23:37:23.469] [settingssync] [info] Auto Sync: Triggered by Activity
[2022-01-13 23:37:23.681] [settingssync] [info] Settings: No changes found during synchronizing settings.
[2022-01-13 23:37:23.696] [settingssync] [info] Keybindings: No changes found during synchronizing keybindings.
[2022-01-13 23:37:23.705] [settingssync] [info] Snippets: No changes found during synchronizing snippets.
[2022-01-13 23:37:23.766] [settingssync] [info] GlobalState: No changes found during synchronizing ui state.
[2022-01-13 23:37:23.829] [settingssync] [info] Extensions: No changes found during synchronizing extensions.
[2022-01-13 23:37:23.831] [settingssync] [info] Sync done. Took 223ms
[2022-01-13 23:38:39.313] [settingssync] [info] Auto Sync: Triggered by Activity
[2022-01-13 23:38:39.556] [settingssync] [info] Settings: No changes found during synchronizing settings.
[2022-01-13 23:38:39.559] [settingssync] [info] Keybindings: No changes found during synchronizing keybindings.
[2022-01-13 23:38:39.562] [settingssync] [info] Snippets: No changes found during synchronizing snippets.
[2022-01-13 23:38:39.605] [settingssync] [info] GlobalState: No changes found during synchronizing ui state.
[2022-01-13 23:38:39.697] [settingssync] [info] Extensions: No changes found during synchronizing extensions.
[2022-01-13 23:38:39.698] [settingssync] [info] Sync done. Took 244ms
[2022-01-13 23:38:54.921] [settingssync] [info] Auto Sync: Triggered by Activity
[2022-01-13 23:38:55.145] [settingssync] [info] Settings: No changes found during synchronizing settings.
[2022-01-13 23:38:55.148] [settingssync] [info] Keybindings: No changes found during synchronizing keybindings.
[2022-01-13 23:38:55.151] [settingssync] [info] Snippets: No changes found during synchronizing snippets.
[2022-01-13 23:38:55.213] [settingssync] [info] GlobalState: No changes found during synchronizing ui state.
[2022-01-13 23:38:55.308] [settingssync] [info] Extensions: No changes found during synchronizing extensions.
[2022-01-13 23:38:55.309] [settingssync] [info] Sync done. Took 266ms
[2022-01-13 23:39:20.066] [settingssync] [info] Auto Sync: Triggered by Activity
[2022-01-13 23:39:20.254] [settingssync] [info] Settings: No changes found during synchronizing settings.
[2022-01-13 23:39:20.269] [settingssync] [info] Keybindings: No changes found during synchronizing keybindings.
[2022-01-13 23:39:20.279] [settingssync] [info] Snippets: No changes found during synchronizing snippets.
[2022-01-13 23:39:20.339] [settingssync] [info] GlobalState: No changes found during synchronizing ui state.
[2022-01-13 23:39:20.430] [settingssync] [info] Extensions: No changes found during synchronizing extensions.
[2022-01-13 23:39:20.431] [settingssync] [info] Sync done. Took 250ms
[2022-01-13 23:39:36.720] [settingssync] [info] Auto Sync: Triggered by Activity
[2022-01-13 23:39:36.844] [settingssync] [info] Settings: No changes found during synchronizing settings.
[2022-01-13 23:39:36.845] [settingssync] [info] Keybindings: No changes found during synchronizing keybindings.
[2022-01-13 23:39:36.848] [settingssync] [info] Snippets: No changes found during synchronizing snippets.
[2022-01-13 23:39:36.892] [settingssync] [info] GlobalState: No changes found during synchronizing ui state.
[2022-01-13 23:39:36.981] [settingssync] [info] Extensions: No changes found during synchronizing extensions.
[2022-01-13 23:39:36.981] [settingssync] [info] Sync done. Took 154ms
[2022-01-13 23:39:50.517] [settingssync] [info] Auto Sync: Triggered by Activity
[2022-01-13 23:39:50.687] [settingssync] [info] Settings: No changes found during synchronizing settings.
[2022-01-13 23:39:50.690] [settingssync] [info] Keybindings: No changes found during synchronizing keybindings.
[2022-01-13 23:39:50.695] [settingssync] [info] Snippets: No changes found during synchronizing snippets.
[2022-01-13 23:39:50.747] [settingssync] [info] GlobalState: No changes found during synchronizing ui state.
[2022-01-13 23:39:50.832] [settingssync] [info] Extensions: No changes found during synchronizing extensions.
[2022-01-13 23:39:50.833] [settingssync] [info] Sync done. Took 191ms
[2022-01-13 23:40:02.270] [settingssync] [info] Auto Sync: Triggered by Activity
[2022-01-13 23:40:02.459] [settingssync] [info] Settings: No changes found during synchronizing settings.
[2022-01-13 23:40:02.467] [settingssync] [info] Keybindings: No changes found during synchronizing keybindings.
[2022-01-13 23:40:02.477] [settingssync] [info] Snippets: No changes found during synchronizing snippets.
[2022-01-13 23:40:02.543] [settingssync] [info] GlobalState: No changes found during synchronizing ui state.
[2022-01-13 23:40:02.634] [settingssync] [info] Extensions: No changes found during synchronizing extensions.
[2022-01-13 23:40:02.637] [settingssync] [info] Sync done. Took 247ms
[2022-01-13 23:40:31.500] [settingssync] [info] Auto Sync: Triggered by Activity
[2022-01-13 23:40:31.703] [settingssync] [info] Settings: No changes found during synchronizing settings.
[2022-01-13 23:40:31.709] [settingssync] [info] Keybindings: No changes found during synchronizing keybindings.
[2022-01-13 23:40:31.717] [settingssync] [info] Snippets: No changes found during synchronizing snippets.
[2022-01-13 23:40:31.789] [settingssync] [info] GlobalState: No changes found during synchronizing ui state.
[2022-01-13 23:40:31.889] [settingssync] [info] Extensions: No changes found during synchronizing extensions.
[2022-01-13 23:40:31.894] [settingssync] [info] Sync done. Took 280ms
[2022-01-13 23:40:44.811] [settingssync] [info] Auto Sync: Triggered by Activity
[2022-01-13 23:40:45.029] [settingssync] [info] Settings: No changes found during synchronizing settings.
[2022-01-13 23:40:45.033] [settingssync] [info] Keybindings: No changes found during synchronizing keybindings.
[2022-01-13 23:40:45.040] [settingssync] [info] Snippets: No changes found during synchronizing snippets.
[2022-01-13 23:40:45.092] [settingssync] [info] GlobalState: No changes found during synchronizing ui state.
[2022-01-13 23:40:45.176] [settingssync] [info] Extensions: No changes found during synchronizing extensions.
[2022-01-13 23:40:45.178] [settingssync] [info] Sync done. Took 226ms
[2022-01-13 23:42:19.261] [settingssync] [info] Auto Sync: Triggered by Activity
[2022-01-13 23:42:19.489] [settingssync] [info] Settings: No changes found during synchronizing settings.
[2022-01-13 23:42:19.494] [settingssync] [info] Keybindings: No changes found during synchronizing keybindings.
[2022-01-13 23:42:19.499] [settingssync] [info] Snippets: No changes found during synchronizing snippets.
[2022-01-13 23:42:19.546] [settingssync] [info] GlobalState: No changes found during synchronizing ui state.
[2022-01-13 23:42:19.617] [settingssync] [info] Extensions: No changes found during synchronizing extensions.
[2022-01-13 23:42:19.618] [settingssync] [info] Sync done. Took 237ms
[2022-01-13 23:43:06.354] [settingssync] [info] Auto Sync: Triggered by Activity
[2022-01-13 23:43:06.591] [settingssync] [info] Settings: No changes found during synchronizing settings.
[2022-01-13 23:43:06.594] [settingssync] [info] Keybindings: No changes found during synchronizing keybindings.
[2022-01-13 23:43:06.598] [settingssync] [info] Snippets: No changes found during synchronizing snippets.
[2022-01-13 23:43:06.670] [settingssync] [info] GlobalState: No changes found during synchronizing ui state.
[2022-01-13 23:43:06.781] [settingssync] [info] Extensions: No changes found during synchronizing extensions.
[2022-01-13 23:43:06.785] [settingssync] [info] Sync done. Took 320ms
[2022-01-13 23:43:47.688] [settingssync] [info] Auto Sync: Triggered by Activity
[2022-01-13 23:43:47.914] [settingssync] [info] Settings: No changes found during synchronizing settings.
[2022-01-13 23:43:47.917] [settingssync] [info] Keybindings: No changes found during synchronizing keybindings.
[2022-01-13 23:43:47.921] [settingssync] [info] Snippets: No changes found during synchronizing snippets.
[2022-01-13 23:43:47.971] [settingssync] [info] GlobalState: No changes found during synchronizing ui state.
[2022-01-13 23:43:48.065] [settingssync] [info] Extensions: No changes found during synchronizing extensions.
[2022-01-13 23:43:48.066] [settingssync] [info] Sync done. Took 265ms
[2022-01-13 23:44:12.499] [settingssync] [info] Auto Sync: Triggered by Activity
[2022-01-13 23:44:12.638] [settingssync] [info] Settings: No changes found during synchronizing settings.
[2022-01-13 23:44:12.645] [settingssync] [info] Keybindings: No changes found during synchronizing keybindings.
[2022-01-13 23:44:12.651] [settingssync] [info] Snippets: No changes found during synchronizing snippets.
[2022-01-13 23:44:12.708] [settingssync] [info] GlobalState: No changes found during synchronizing ui state.
[2022-01-13 23:44:12.810] [settingssync] [info] Extensions: No changes found during synchronizing extensions.
[2022-01-13 23:44:12.812] [settingssync] [info] Sync done. Took 201ms
[2022-01-13 23:44:28.394] [settingssync] [info] Auto Sync: Triggered by Activity
[2022-01-13 23:44:28.572] [settingssync] [info] Settings: No changes found during synchronizing settings.
[2022-01-13 23:44:28.591] [settingssync] [info] Keybindings: No changes found during synchronizing keybindings.
[2022-01-13 23:44:28.601] [settingssync] [info] Snippets: No changes found during synchronizing snippets.
[2022-01-13 23:44:28.693] [settingssync] [info] GlobalState: No changes found during synchronizing ui state.
[2022-01-13 23:44:28.776] [settingssync] [info] Extensions: No changes found during synchronizing extensions.
[2022-01-13 23:44:28.777] [settingssync] [info] Sync done. Took 270ms
[2022-01-13 23:45:27.954] [settingssync] [info] Auto Sync: Triggered by Activity
[2022-01-13 23:45:28.163] [settingssync] [info] Settings: No changes found during synchronizing settings.
[2022-01-13 23:45:28.178] [settingssync] [info] Keybindings: No changes found during synchronizing keybindings.
[2022-01-13 23:45:28.190] [settingssync] [info] Snippets: No changes found during synchronizing snippets.
[2022-01-13 23:45:28.257] [settingssync] [info] GlobalState: No changes found during synchronizing ui state.
[2022-01-13 23:45:28.340] [settingssync] [info] Extensions: No changes found during synchronizing extensions.
[2022-01-13 23:45:28.340] [settingssync] [info] Sync done. Took 236ms
[2022-01-13 23:45:40.118] [settingssync] [info] Auto Sync: Triggered by Activity
[2022-01-13 23:45:40.307] [settingssync] [info] Settings: No changes found during synchronizing settings.
[2022-01-13 23:45:40.314] [settingssync] [info] Keybindings: No changes found during synchronizing keybindings.
[2022-01-13 23:45:40.324] [settingssync] [info] Snippets: No changes found during synchronizing snippets.
[2022-01-13 23:45:40.394] [settingssync] [info] GlobalState: No changes found during synchronizing ui state.
[2022-01-13 23:45:40.455] [settingssync] [info] Extensions: No changes found during synchronizing extensions.
[2022-01-13 23:45:40.457] [settingssync] [info] Sync done. Took 224ms
[2022-01-13 23:45:58.589] [settingssync] [info] Auto Sync: Triggered by Activity
[2022-01-13 23:45:58.814] [settingssync] [info] Settings: No changes found during synchronizing settings.
[2022-01-13 23:45:58.828] [settingssync] [info] Keybindings: No changes found during synchronizing keybindings.
[2022-01-13 23:45:58.831] [settingssync] [info] Snippets: No changes found during synchronizing snippets.
[2022-01-13 23:45:58.876] [settingssync] [info] GlobalState: No changes found during synchronizing ui state.
[2022-01-13 23:45:58.951] [settingssync] [info] Extensions: No changes found during synchronizing extensions.
[2022-01-13 23:45:58.957] [settingssync] [info] Sync done. Took 256ms
[2022-01-13 23:46:26.827] [settingssync] [info] Auto Sync: Triggered by Activity
[2022-01-13 23:46:27.053] [settingssync] [info] Settings: No changes found during synchronizing settings.
[2022-01-13 23:46:27.056] [settingssync] [info] Keybindings: No changes found during synchronizing keybindings.
[2022-01-13 23:46:27.061] [settingssync] [info] Snippets: No changes found during synchronizing snippets.
[2022-01-13 23:46:27.109] [settingssync] [info] GlobalState: No changes found during synchronizing ui state.
[2022-01-13 23:46:27.194] [settingssync] [info] Extensions: No changes found during synchronizing extensions.
[2022-01-13 23:46:27.196] [settingssync] [info] Sync done. Took 246ms
[2022-01-13 23:46:51.888] [settingssync] [info] Auto Sync: Triggered by Activity
[2022-01-13 23:46:52.030] [settingssync] [info] Settings: No changes found during synchronizing settings.
[2022-01-13 23:46:52.033] [settingssync] [info] Keybindings: No changes found during synchronizing keybindings.
[2022-01-13 23:46:52.036] [settingssync] [info] Snippets: No changes found during synchronizing snippets.
[2022-01-13 23:46:52.083] [settingssync] [info] GlobalState: No changes found during synchronizing ui state.
[2022-01-13 23:46:52.160] [settingssync] [info] Extensions: No changes found during synchronizing extensions.
[2022-01-13 23:46:52.164] [settingssync] [info] Sync done. Took 170ms
[2022-01-13 23:47:10.020] [settingssync] [info] Auto Sync: Triggered by Activity
[2022-01-13 23:47:10.207] [settingssync] [info] Settings: No changes found during synchronizing settings.
[2022-01-13 23:47:10.215] [settingssync] [info] Keybindings: No changes found during synchronizing keybindings.
[2022-01-13 23:47:10.222] [settingssync] [info] Snippets: No changes found during synchronizing snippets.
[2022-01-13 23:47:10.278] [settingssync] [info] GlobalState: No changes found during synchronizing ui state.
[2022-01-13 23:47:10.348] [settingssync] [info] Extensions: No changes found during synchronizing extensions.
[2022-01-13 23:47:10.350] [settingssync] [info] Sync done. Took 219ms
[2022-01-13 23:47:31.670] [settingssync] [info] Auto Sync: Triggered by Activity
[2022-01-13 23:47:31.901] [settingssync] [info] Settings: No changes found during synchronizing settings.
[2022-01-13 23:47:31.904] [settingssync] [info] Keybindings: No changes found during synchronizing keybindings.
[2022-01-13 23:47:31.909] [settingssync] [info] Snippets: No changes found during synchronizing snippets.
[2022-01-13 23:47:31.954] [settingssync] [info] GlobalState: No changes found during synchronizing ui state.
[2022-01-13 23:47:32.024] [settingssync] [info] Extensions: No changes found during synchronizing extensions.
[2022-01-13 23:47:32.027] [settingssync] [info] Sync done. Took 241ms
[2022-01-13 23:49:00.173] [settingssync] [info] Auto Sync: Triggered by Activity
[2022-01-13 23:49:00.412] [settingssync] [info] Settings: No changes found during synchronizing settings.
[2022-01-13 23:49:00.423] [settingssync] [info] Keybindings: No changes found during synchronizing keybindings.
[2022-01-13 23:49:00.427] [settingssync] [info] Snippets: No changes found during synchronizing snippets.
[2022-01-13 23:49:00.473] [settingssync] [info] GlobalState: No changes found during synchronizing ui state.
[2022-01-13 23:49:00.566] [settingssync] [info] Extensions: No changes found during synchronizing extensions.
[2022-01-13 23:49:00.567] [settingssync] [info] Sync done. Took 277ms
[2022-01-13 23:49:27.576] [settingssync] [info] Auto Sync: Triggered by Activity
[2022-01-13 23:49:27.778] [settingssync] [info] Settings: No changes found during synchronizing settings.
[2022-01-13 23:49:27.784] [settingssync] [info] Keybindings: No changes found during synchronizing keybindings.
[2022-01-13 23:49:27.791] [settingssync] [info] Snippets: No changes found during synchronizing snippets.
[2022-01-13 23:49:27.846] [settingssync] [info] GlobalState: No changes found during synchronizing ui state.
[2022-01-13 23:49:27.941] [settingssync] [info] Extensions: No changes found during synchronizing extensions.
[2022-01-13 23:49:27.941] [settingssync] [info] Sync done. Took 251ms
[2022-01-13 23:49:43.670] [settingssync] [info] Auto Sync: Triggered by Activity
[2022-01-13 23:49:43.833] [settingssync] [info] Settings: No changes found during synchronizing settings.
[2022-01-13 23:49:43.836] [settingssync] [info] Keybindings: No changes found during synchronizing keybindings.
[2022-01-13 23:49:43.843] [settingssync] [info] Snippets: No changes found during synchronizing snippets.
[2022-01-13 23:49:43.900] [settingssync] [info] GlobalState: No changes found during synchronizing ui state.
[2022-01-13 23:49:43.995] [settingssync] [info] Extensions: No changes found during synchronizing extensions.
[2022-01-13 23:49:43.996] [settingssync] [info] Sync done. Took 183ms
[2022-01-13 23:50:11.285] [settingssync] [info] Auto Sync: Triggered by Activity
[2022-01-13 23:50:11.489] [settingssync] [info] Settings: No changes found during synchronizing settings.
[2022-01-13 23:50:11.501] [settingssync] [info] Keybindings: No changes found during synchronizing keybindings.
[2022-01-13 23:50:11.505] [settingssync] [info] Snippets: No changes found during synchronizing snippets.
[2022-01-13 23:50:11.560] [settingssync] [info] GlobalState: No changes found during synchronizing ui state.
[2022-01-13 23:50:11.662] [settingssync] [info] Extensions: No changes found during synchronizing extensions.
[2022-01-13 23:50:11.663] [settingssync] [info] Sync done. Took 264ms
[2022-01-13 23:50:22.304] [settingssync] [info] Auto Sync: Triggered by Activity
[2022-01-13 23:50:22.491] [settingssync] [info] Settings: No changes found during synchronizing settings.
[2022-01-13 23:50:22.498] [settingssync] [info] Keybindings: No changes found during synchronizing keybindings.
[2022-01-13 23:50:22.506] [settingssync] [info] Snippets: No changes found during synchronizing snippets.
[2022-01-13 23:50:22.561] [settingssync] [info] GlobalState: No changes found during synchronizing ui state.
[2022-01-13 23:50:22.623] [settingssync] [info] Extensions: No changes found during synchronizing extensions.
[2022-01-13 23:50:22.630] [settingssync] [info] Sync done. Took 203ms
[2022-01-13 23:51:34.765] [settingssync] [info] Auto Sync: Triggered by Activity
[2022-01-13 23:51:34.932] [settingssync] [info] Settings: No changes found during synchronizing settings.
[2022-01-13 23:51:34.939] [settingssync] [info] Keybindings: No changes found during synchronizing keybindings.
[2022-01-13 23:51:34.941] [settingssync] [info] Snippets: No changes found during synchronizing snippets.
[2022-01-13 23:51:34.993] [settingssync] [info] GlobalState: No changes found during synchronizing ui state.
[2022-01-13 23:51:35.073] [settingssync] [info] Extensions: No changes found during synchronizing extensions.
[2022-01-13 23:51:35.081] [settingssync] [info] Sync done. Took 192ms
[2022-01-13 23:51:58.044] [settingssync] [info] Auto Sync: Triggered by Activity
[2022-01-13 23:51:58.270] [settingssync] [info] Settings: No changes found during synchronizing settings.
[2022-01-13 23:51:58.275] [settingssync] [info] Keybindings: No changes found during synchronizing keybindings.
[2022-01-13 23:51:58.279] [settingssync] [info] Snippets: No changes found during synchronizing snippets.
[2022-01-13 23:51:58.323] [settingssync] [info] GlobalState: No changes found during synchronizing ui state.
[2022-01-13 23:51:58.410] [settingssync] [info] Extensions: No changes found during synchronizing extensions.
[2022-01-13 23:51:58.412] [settingssync] [info] Sync done. Took 242ms
[2022-01-13 23:52:47.178] [settingssync] [info] Auto Sync: Triggered by Activity
[2022-01-13 23:52:47.415] [settingssync] [info] Settings: No changes found during synchronizing settings.
[2022-01-13 23:52:47.418] [settingssync] [info] Keybindings: No changes found during synchronizing keybindings.
[2022-01-13 23:52:47.421] [settingssync] [info] Snippets: No changes found during synchronizing snippets.
[2022-01-13 23:52:47.484] [settingssync] [info] GlobalState: No changes found during synchronizing ui state.
[2022-01-13 23:52:47.571] [settingssync] [info] Extensions: No changes found during synchronizing extensions.
[2022-01-13 23:52:47.573] [settingssync] [info] Sync done. Took 192ms
[2022-01-13 23:54:17.470] [settingssync] [info] Auto Sync: Triggered by Activity
[2022-01-13 23:54:17.714] [settingssync] [info] Settings: No changes found during synchronizing settings.
[2022-01-13 23:54:17.719] [settingssync] [info] Keybindings: No changes found during synchronizing keybindings.
[2022-01-13 23:54:17.722] [settingssync] [info] Snippets: No changes found during synchronizing snippets.
[2022-01-13 23:54:17.766] [settingssync] [info] GlobalState: No changes found during synchronizing ui state.
[2022-01-13 23:54:17.852] [settingssync] [info] Extensions: No changes found during synchronizing extensions.
[2022-01-13 23:54:17.854] [settingssync] [info] Sync done. Took 266ms
[2022-01-13 23:54:30.635] [settingssync] [info] Auto Sync: Triggered by Activity
[2022-01-13 23:54:30.811] [settingssync] [info] Settings: No changes found during synchronizing settings.
[2022-01-13 23:54:30.821] [settingssync] [info] Keybindings: No changes found during synchronizing keybindings.
[2022-01-13 23:54:30.827] [settingssync] [info] Snippets: No changes found during synchronizing snippets.
[2022-01-13 23:54:30.872] [settingssync] [info] GlobalState: No changes found during synchronizing ui state.
[2022-01-13 23:54:30.954] [settingssync] [info] Extensions: No changes found during synchronizing extensions.
[2022-01-13 23:54:30.955] [settingssync] [info] Sync done. Took 201ms
[2022-01-13 23:54:57.900] [settingssync] [info] Auto Sync: Triggered by Activity
[2022-01-13 23:54:58.057] [settingssync] [info] Settings: No changes found during synchronizing settings.
[2022-01-13 23:54:58.059] [settingssync] [info] Keybindings: No changes found during synchronizing keybindings.
[2022-01-13 23:54:58.061] [settingssync] [info] Snippets: No changes found during synchronizing snippets.
[2022-01-13 23:54:58.112] [settingssync] [info] GlobalState: No changes found during synchronizing ui state.
[2022-01-13 23:54:58.231] [settingssync] [info] Extensions: No changes found during synchronizing extensions.
[2022-01-13 23:54:58.232] [settingssync] [info] Sync done. Took 215ms
[2022-01-13 23:55:25.488] [settingssync] [info] Auto Sync: Triggered by Activity
[2022-01-13 23:55:25.865] [settingssync] [info] Settings: No changes found during synchronizing settings.
[2022-01-13 23:55:25.875] [settingssync] [info] Keybindings: No changes found during synchronizing keybindings.
[2022-01-13 23:55:25.886] [settingssync] [info] Snippets: No changes found during synchronizing snippets.
[2022-01-13 23:55:25.957] [settingssync] [info] GlobalState: No changes found during synchronizing ui state.
[2022-01-13 23:55:26.038] [settingssync] [info] Extensions: No changes found during synchronizing extensions.
[2022-01-13 23:55:26.039] [settingssync] [info] Sync done. Took 266ms
[2022-01-13 23:56:02.934] [settingssync] [info] Auto Sync: Triggered by Activity
[2022-01-13 23:56:03.095] [settingssync] [info] Settings: No changes found during synchronizing settings.
[2022-01-13 23:56:03.105] [settingssync] [info] Keybindings: No changes found during synchronizing keybindings.
[2022-01-13 23:56:03.110] [settingssync] [info] Snippets: No changes found during synchronizing snippets.
[2022-01-13 23:56:03.209] [settingssync] [info] GlobalState: No changes found during synchronizing ui state.
[2022-01-13 23:56:03.301] [settingssync] [info] Extensions: No changes found during synchronizing extensions.
[2022-01-13 23:56:03.302] [settingssync] [info] Sync done. Took 245ms
[2022-01-13 23:56:36.319] [settingssync] [info] Auto Sync: Triggered by Activity
[2022-01-13 23:56:36.527] [settingssync] [info] Settings: No changes found during synchronizing settings.
[2022-01-13 23:56:36.531] [settingssync] [info] Keybindings: No changes found during synchronizing keybindings.
[2022-01-13 23:56:36.537] [settingssync] [info] Snippets: No changes found during synchronizing snippets.
[2022-01-13 23:56:36.585] [settingssync] [info] GlobalState: No changes found during synchronizing ui state.
[2022-01-13 23:56:36.669] [settingssync] [info] Extensions: No changes found during synchronizing extensions.
[2022-01-13 23:56:36.670] [settingssync] [info] Sync done. Took 233ms
[2022-01-13 23:57:51.901] [settingssync] [info] Auto Sync: Triggered by Activity
[2022-01-13 23:57:52.058] [settingssync] [info] Settings: No changes found during synchronizing settings.
[2022-01-13 23:57:52.065] [settingssync] [info] Keybindings: No changes found during synchronizing keybindings.
[2022-01-13 23:57:52.073] [settingssync] [info] Snippets: No changes found during synchronizing snippets.
[2022-01-13 23:57:52.136] [settingssync] [info] GlobalState: No changes found during synchronizing ui state.
[2022-01-13 23:57:52.239] [settingssync] [info] Extensions: No changes found during synchronizing extensions.
[2022-01-13 23:57:52.242] [settingssync] [info] Sync done. Took 231ms
[2022-01-13 23:58:16.810] [settingssync] [info] Auto Sync: Triggered by Activity
[2022-01-13 23:58:17.010] [settingssync] [info] Settings: No changes found during synchronizing settings.
[2022-01-13 23:58:17.024] [settingssync] [info] Keybindings: No changes found during synchronizing keybindings.
[2022-01-13 23:58:17.036] [settingssync] [info] Snippets: No changes found during synchronizing snippets.
[2022-01-13 23:58:17.126] [settingssync] [info] GlobalState: No changes found during synchronizing ui state.
[2022-01-13 23:58:17.209] [settingssync] [info] Extensions: No changes found during synchronizing extensions.
[2022-01-13 23:58:17.211] [settingssync] [info] Sync done. Took 274ms
[2022-01-13 23:58:30.273] [settingssync] [info] Auto Sync: Triggered by Activity
[2022-01-13 23:58:30.402] [settingssync] [info] Settings: No changes found during synchronizing settings.
[2022-01-13 23:58:30.416] [settingssync] [info] Keybindings: No changes found during synchronizing keybindings.
[2022-01-13 23:58:30.421] [settingssync] [info] Snippets: No changes found during synchronizing snippets.
[2022-01-13 23:58:30.482] [settingssync] [info] GlobalState: No changes found during synchronizing ui state.
[2022-01-13 23:58:30.611] [settingssync] [info] Extensions: No changes found during synchronizing extensions.
[2022-01-13 23:58:30.613] [settingssync] [info] Sync done. Took 240ms
[2022-01-13 23:59:06.896] [settingssync] [info] Auto Sync: Triggered by Activity
[2022-01-13 23:59:07.157] [settingssync] [info] Settings: No changes found during synchronizing settings.
[2022-01-13 23:59:07.170] [settingssync] [info] Keybindings: No changes found during synchronizing keybindings.
[2022-01-13 23:59:07.173] [settingssync] [info] Snippets: No changes found during synchronizing snippets.
[2022-01-13 23:59:07.221] [settingssync] [info] GlobalState: No changes found during synchronizing ui state.
[2022-01-13 23:59:07.297] [settingssync] [info] Extensions: No changes found during synchronizing extensions.
[2022-01-13 23:59:07.298] [settingssync] [info] Sync done. Took 218ms
[2022-01-14 00:00:26.591] [settingssync] [info] Auto Sync: Triggered by Activity
[2022-01-14 00:00:26.722] [settingssync] [info] Settings: No changes found during synchronizing settings.
[2022-01-14 00:00:26.725] [settingssync] [info] Keybindings: No changes found during synchronizing keybindings.
[2022-01-14 00:00:26.728] [settingssync] [info] Snippets: No changes found during synchronizing snippets.
[2022-01-14 00:00:26.776] [settingssync] [info] GlobalState: No changes found during synchronizing ui state.
[2022-01-14 00:00:26.884] [settingssync] [info] Extensions: No changes found during synchronizing extensions.
[2022-01-14 00:00:26.885] [settingssync] [info] Sync done. Took 180ms
[2022-01-14 00:01:21.005] [settingssync] [info] Auto Sync: Triggered by Activity
[2022-01-14 00:01:21.125] [settingssync] [info] Settings: No changes found during synchronizing settings.
[2022-01-14 00:01:21.128] [settingssync] [info] Keybindings: No changes found during synchronizing keybindings.
[2022-01-14 00:01:21.131] [settingssync] [info] Snippets: No changes found during synchronizing snippets.
[2022-01-14 00:01:21.183] [settingssync] [info] GlobalState: No changes found during synchronizing ui state.
[2022-01-14 00:01:21.285] [settingssync] [info] Extensions: No changes found during synchronizing extensions.
[2022-01-14 00:01:21.286] [settingssync] [info] Sync done. Took 179ms
[2022-01-14 00:01:32.593] [settingssync] [info] Auto Sync: Triggered by Activity
[2022-01-14 00:01:32.711] [settingssync] [info] Settings: No changes found during synchronizing settings.
[2022-01-14 00:01:32.715] [settingssync] [info] Keybindings: No changes found during synchronizing keybindings.
[2022-01-14 00:01:32.718] [settingssync] [info] Snippets: No changes found during synchronizing snippets.
[2022-01-14 00:01:32.763] [settingssync] [info] GlobalState: No changes found during synchronizing ui state.
[2022-01-14 00:01:32.840] [settingssync] [info] Extensions: No changes found during synchronizing extensions.
[2022-01-14 00:01:32.843] [settingssync] [info] Sync done. Took 144ms
[2022-01-14 00:02:37.843] [settingssync] [info] Auto Sync: Triggered by Activity
[2022-01-14 00:02:38.014] [settingssync] [info] Settings: No changes found during synchronizing settings.
[2022-01-14 00:02:38.017] [settingssync] [info] Keybindings: No changes found during synchronizing keybindings.
[2022-01-14 00:02:38.023] [settingssync] [info] Snippets: No changes found during synchronizing snippets.
[2022-01-14 00:02:38.083] [settingssync] [info] GlobalState: No changes found during synchronizing ui state.
[2022-01-14 00:02:38.207] [settingssync] [info] Extensions: No changes found during synchronizing extensions.
[2022-01-14 00:02:38.212] [settingssync] [info] Sync done. Took 245ms
[2022-01-14 00:03:02.367] [settingssync] [info] Auto Sync: Triggered by Activity
[2022-01-14 00:03:02.504] [settingssync] [info] Settings: No changes found during synchronizing settings.
[2022-01-14 00:03:02.512] [settingssync] [info] Keybindings: No changes found during synchronizing keybindings.
[2022-01-14 00:03:02.519] [settingssync] [info] Snippets: No changes found during synchronizing snippets.
[2022-01-14 00:03:02.577] [settingssync] [info] GlobalState: No changes found during synchronizing ui state.
[2022-01-14 00:03:02.679] [settingssync] [info] Extensions: No changes found during synchronizing extensions.
[2022-01-14 00:03:02.689] [settingssync] [info] Sync done. Took 220ms
[2022-01-14 00:03:17.902] [settingssync] [info] Auto Sync: Triggered by Activity
[2022-01-14 00:03:18.047] [settingssync] [info] Settings: No changes found during synchronizing settings.
[2022-01-14 00:03:18.050] [settingssync] [info] Keybindings: No changes found during synchronizing keybindings.
[2022-01-14 00:03:18.054] [settingssync] [info] Snippets: No changes found during synchronizing snippets.
[2022-01-14 00:03:18.109] [settingssync] [info] GlobalState: No changes found during synchronizing ui state.
[2022-01-14 00:03:18.190] [settingssync] [info] Extensions: No changes found during synchronizing extensions.
[2022-01-14 00:03:18.192] [settingssync] [info] Sync done. Took 188ms
[2022-01-14 00:04:07.979] [settingssync] [info] Auto Sync: Triggered by Activity
[2022-01-14 00:04:08.126] [settingssync] [info] Settings: No changes found during synchronizing settings.
[2022-01-14 00:04:08.129] [settingssync] [info] Keybindings: No changes found during synchronizing keybindings.
[2022-01-14 00:04:08.132] [settingssync] [info] Snippets: No changes found during synchronizing snippets.
[2022-01-14 00:04:08.183] [settingssync] [info] GlobalState: No changes found during synchronizing ui state.
[2022-01-14 00:04:08.283] [settingssync] [info] Extensions: No changes found during synchronizing extensions.
[2022-01-14 00:04:08.284] [settingssync] [info] Sync done. Took 200ms
[2022-01-14 00:04:28.594] [settingssync] [info] Auto Sync: Triggered by Activity
[2022-01-14 00:04:28.710] [settingssync] [info] Settings: No changes found during synchronizing settings.
[2022-01-14 00:04:28.713] [settingssync] [info] Keybindings: No changes found during synchronizing keybindings.
[2022-01-14 00:04:28.717] [settingssync] [info] Snippets: No changes found during synchronizing snippets.
[2022-01-14 00:04:28.765] [settingssync] [info] GlobalState: No changes found during synchronizing ui state.
[2022-01-14 00:04:28.841] [settingssync] [info] Extensions: No changes found during synchronizing extensions.
[2022-01-14 00:04:28.845] [settingssync] [info] Sync done. Took 148ms
[2022-01-14 00:05:03.841] [settingssync] [info] Auto Sync: Triggered by Activity
[2022-01-14 00:05:04.006] [settingssync] [info] Settings: No changes found during synchronizing settings.
[2022-01-14 00:05:04.008] [settingssync] [info] Keybindings: No changes found during synchronizing keybindings.
[2022-01-14 00:05:04.012] [settingssync] [info] Snippets: No changes found during synchronizing snippets.
[2022-01-14 00:05:04.063] [settingssync] [info] GlobalState: No changes found during synchronizing ui state.
[2022-01-14 00:05:04.135] [settingssync] [info] Extensions: No changes found during synchronizing extensions.
[2022-01-14 00:05:04.137] [settingssync] [info] Sync done. Took 181ms
[2022-01-14 00:05:50.028] [settingssync] [info] Auto Sync: Triggered by Activity
[2022-01-14 00:05:50.195] [settingssync] [info] Settings: No changes found during synchronizing settings.
[2022-01-14 00:05:50.197] [settingssync] [info] Keybindings: No changes found during synchronizing keybindings.
[2022-01-14 00:05:50.199] [settingssync] [info] Snippets: No changes found during synchronizing snippets.
[2022-01-14 00:05:50.242] [settingssync] [info] GlobalState: No changes found during synchronizing ui state.
[2022-01-14 00:05:50.309] [settingssync] [info] Extensions: No changes found during synchronizing extensions.
[2022-01-14 00:05:50.312] [settingssync] [info] Sync done. Took 171ms
[2022-01-14 00:06:22.725] [settingssync] [info] Auto Sync: Triggered by Activity
[2022-01-14 00:06:22.869] [settingssync] [info] Settings: No changes found during synchronizing settings.
[2022-01-14 00:06:22.876] [settingssync] [info] Keybindings: No changes found during synchronizing keybindings.
[2022-01-14 00:06:22.882] [settingssync] [info] Snippets: No changes found during synchronizing snippets.
[2022-01-14 00:06:22.938] [settingssync] [info] GlobalState: No changes found during synchronizing ui state.
[2022-01-14 00:06:23.013] [settingssync] [info] Extensions: No changes found during synchronizing extensions.
[2022-01-14 00:06:23.015] [settingssync] [info] Sync done. Took 185ms
[2022-01-14 00:07:21.666] [settingssync] [info] Auto Sync: Triggered by Activity
[2022-01-14 00:07:21.823] [settingssync] [info] Settings: No changes found during synchronizing settings.
[2022-01-14 00:07:21.825] [settingssync] [info] Keybindings: No changes found during synchronizing keybindings.
[2022-01-14 00:07:21.829] [settingssync] [info] Snippets: No changes found during synchronizing snippets.
[2022-01-14 00:07:21.875] [settingssync] [info] GlobalState: No changes found during synchronizing ui state.
[2022-01-14 00:07:21.954] [settingssync] [info] Extensions: No changes found during synchronizing extensions.
[2022-01-14 00:07:21.956] [settingssync] [info] Sync done. Took 181ms
[2022-01-14 00:07:34.426] [settingssync] [info] Auto Sync: Triggered by Activity
[2022-01-14 00:07:34.753] [settingssync] [info] Settings: No changes found during synchronizing settings.
[2022-01-14 00:07:34.758] [settingssync] [info] Keybindings: No changes found during synchronizing keybindings.
[2022-01-14 00:07:34.761] [settingssync] [info] Snippets: No changes found during synchronizing snippets.
[2022-01-14 00:07:34.805] [settingssync] [info] GlobalState: No changes found during synchronizing ui state.
[2022-01-14 00:07:34.881] [settingssync] [info] Extensions: No changes found during synchronizing extensions.
[2022-01-14 00:07:34.883] [settingssync] [info] Sync done. Took 241ms
[2022-01-14 00:08:28.777] [settingssync] [info] Auto Sync: Triggered by Activity
[2022-01-14 00:08:28.963] [settingssync] [info] Settings: No changes found during synchronizing settings.
[2022-01-14 00:08:28.965] [settingssync] [info] Keybindings: No changes found during synchronizing keybindings.
[2022-01-14 00:08:28.968] [settingssync] [info] Snippets: No changes found during synchronizing snippets.
[2022-01-14 00:08:29.012] [settingssync] [info] GlobalState: No changes found during synchronizing ui state.
[2022-01-14 00:08:29.080] [settingssync] [info] Extensions: No changes found during synchronizing extensions.
[2022-01-14 00:08:29.083] [settingssync] [info] Sync done. Took 192ms
[2022-01-14 00:08:41.635] [settingssync] [info] Auto Sync: Triggered by Activity
[2022-01-14 00:08:41.852] [settingssync] [info] Settings: No changes found during synchronizing settings.
[2022-01-14 00:08:41.860] [settingssync] [info] Keybindings: No changes found during synchronizing keybindings.
[2022-01-14 00:08:41.864] [settingssync] [info] Snippets: No changes found during synchronizing snippets.
[2022-01-14 00:08:41.908] [settingssync] [info] GlobalState: No changes found during synchronizing ui state.
[2022-01-14 00:08:41.980] [settingssync] [info] Extensions: No changes found during synchronizing extensions.
[2022-01-14 00:08:41.982] [settingssync] [info] Sync done. Took 241ms
[2022-01-14 00:09:47.196] [settingssync] [info] Auto Sync: Triggered by Activity
[2022-01-14 00:09:47.356] [settingssync] [info] Settings: No changes found during synchronizing settings.
[2022-01-14 00:09:47.358] [settingssync] [info] Keybindings: No changes found during synchronizing keybindings.
[2022-01-14 00:09:47.361] [settingssync] [info] Snippets: No changes found during synchronizing snippets.
[2022-01-14 00:09:47.405] [settingssync] [info] GlobalState: No changes found during synchronizing ui state.
[2022-01-14 00:09:47.485] [settingssync] [info] Extensions: No changes found during synchronizing extensions.
[2022-01-14 00:09:47.486] [settingssync] [info] Sync done. Took 175ms
[2022-01-14 00:09:58.999] [settingssync] [info] Auto Sync: Triggered by Activity
[2022-01-14 00:09:59.148] [settingssync] [info] Settings: No changes found during synchronizing settings.
[2022-01-14 00:09:59.150] [settingssync] [info] Keybindings: No changes found during synchronizing keybindings.
[2022-01-14 00:09:59.153] [settingssync] [info] Snippets: No changes found during synchronizing snippets.
[2022-01-14 00:09:59.194] [settingssync] [info] GlobalState: No changes found during synchronizing ui state.
[2022-01-14 00:09:59.271] [settingssync] [info] Extensions: No changes found during synchronizing extensions.
[2022-01-14 00:09:59.272] [settingssync] [info] Sync done. Took 161ms
[2022-01-14 00:10:13.570] [settingssync] [info] Auto Sync: Triggered by Activity
[2022-01-14 00:10:13.734] [settingssync] [info] Settings: No changes found during synchronizing settings.
[2022-01-14 00:10:13.737] [settingssync] [info] Keybindings: No changes found during synchronizing keybindings.
[2022-01-14 00:10:13.741] [settingssync] [info] Snippets: No changes found during synchronizing snippets.
[2022-01-14 00:10:13.786] [settingssync] [info] GlobalState: No changes found during synchronizing ui state.
[2022-01-14 00:10:13.865] [settingssync] [info] Extensions: No changes found during synchronizing extensions.
[2022-01-14 00:10:13.865] [settingssync] [info] Sync done. Took 178ms
[2022-01-14 00:10:45.419] [settingssync] [info] Auto Sync: Triggered by Activity
[2022-01-14 00:10:45.616] [settingssync] [info] Settings: No changes found during synchronizing settings.
[2022-01-14 00:10:45.619] [settingssync] [info] Keybindings: No changes found during synchronizing keybindings.
[2022-01-14 00:10:45.621] [settingssync] [info] Snippets: No changes found during synchronizing snippets.
[2022-01-14 00:10:45.668] [settingssync] [info] GlobalState: No changes found during synchronizing ui state.
[2022-01-14 00:10:45.750] [settingssync] [info] Extensions: No changes found during synchronizing extensions.
[2022-01-14 00:10:45.751] [settingssync] [info] Sync done. Took 148ms
[2022-01-14 00:10:56.439] [settingssync] [info] Auto Sync: Triggered by Activity
[2022-01-14 00:10:56.597] [settingssync] [info] Settings: No changes found during synchronizing settings.
[2022-01-14 00:10:56.599] [settingssync] [info] Keybindings: No changes found during synchronizing keybindings.
[2022-01-14 00:10:56.602] [settingssync] [info] Snippets: No changes found during synchronizing snippets.
[2022-01-14 00:10:56.642] [settingssync] [info] GlobalState: No changes found during synchronizing ui state.
[2022-01-14 00:10:56.700] [settingssync] [info] Extensions: No changes found during synchronizing extensions.
[2022-01-14 00:10:56.703] [settingssync] [info] Sync done. Took 141ms
[2022-01-14 00:11:10.066] [settingssync] [info] Auto Sync: Triggered by Activity
[2022-01-14 00:11:10.305] [settingssync] [info] Settings: No changes found during synchronizing settings.
[2022-01-14 00:11:10.308] [settingssync] [info] Keybindings: No changes found during synchronizing keybindings.
[2022-01-14 00:11:10.311] [settingssync] [info] Snippets: No changes found during synchronizing snippets.
[2022-01-14 00:11:10.354] [settingssync] [info] GlobalState: No changes found during synchronizing ui state.
[2022-01-14 00:11:10.426] [settingssync] [info] Extensions: No changes found during synchronizing extensions.
[2022-01-14 00:11:10.428] [settingssync] [info] Sync done. Took 238ms
[2022-01-14 00:11:25.225] [settingssync] [info] Auto Sync: Triggered by Activity
[2022-01-14 00:11:25.390] [settingssync] [info] Settings: No changes found during synchronizing settings.
[2022-01-14 00:11:25.392] [settingssync] [info] Keybindings: No changes found during synchronizing keybindings.
[2022-01-14 00:11:25.395] [settingssync] [info] Snippets: No changes found during synchronizing snippets.
[2022-01-14 00:11:25.439] [settingssync] [info] GlobalState: No changes found during synchronizing ui state.
[2022-01-14 00:11:25.508] [settingssync] [info] Extensions: No changes found during synchronizing extensions.
[2022-01-14 00:11:25.510] [settingssync] [info] Sync done. Took 178ms
[2022-01-14 00:13:31.478] [settingssync] [info] Auto Sync: Triggered by Activity
[2022-01-14 00:13:31.683] [settingssync] [info] Settings: No changes found during synchronizing settings.
[2022-01-14 00:13:31.688] [settingssync] [info] Keybindings: No changes found during synchronizing keybindings.
[2022-01-14 00:13:31.694] [settingssync] [info] Snippets: No changes found during synchronizing snippets.
[2022-01-14 00:13:31.742] [settingssync] [info] GlobalState: No changes found during synchronizing ui state.
[2022-01-14 00:13:31.818] [settingssync] [info] Extensions: No changes found during synchronizing extensions.
[2022-01-14 00:13:31.823] [settingssync] [info] Sync done. Took 233ms
[2022-01-14 00:14:12.663] [settingssync] [info] Auto Sync: Triggered by Activity
[2022-01-14 00:14:12.875] [settingssync] [info] Settings: No changes found during synchronizing settings.
[2022-01-14 00:14:12.886] [settingssync] [info] Keybindings: No changes found during synchronizing keybindings.
[2022-01-14 00:14:12.891] [settingssync] [info] Snippets: No changes found during synchronizing snippets.
[2022-01-14 00:14:12.943] [settingssync] [info] GlobalState: No changes found during synchronizing ui state.
[2022-01-14 00:14:13.032] [settingssync] [info] Extensions: No changes found during synchronizing extensions.
[2022-01-14 00:14:13.033] [settingssync] [info] Sync done. Took 244ms
[2022-01-14 00:14:43.353] [settingssync] [info] Auto Sync: Triggered by Activity
[2022-01-14 00:14:43.496] [settingssync] [info] Settings: No changes found during synchronizing settings.
[2022-01-14 00:14:43.501] [settingssync] [info] Keybindings: No changes found during synchronizing keybindings.
[2022-01-14 00:14:43.506] [settingssync] [info] Snippets: No changes found during synchronizing snippets.
[2022-01-14 00:14:43.583] [settingssync] [info] GlobalState: No changes found during synchronizing ui state.
[2022-01-14 00:14:43.691] [settingssync] [info] Extensions: No changes found during synchronizing extensions.
[2022-01-14 00:14:43.692] [settingssync] [info] Sync done. Took 217ms
[2022-01-14 00:19:43.699] [settingssync] [info] Auto Sync: Triggered by Interval
[2022-01-14 00:19:44.067] [settingssync] [info] Settings: No changes found during synchronizing settings.
[2022-01-14 00:19:44.073] [settingssync] [info] Keybindings: No changes found during synchronizing keybindings.
[2022-01-14 00:19:44.078] [settingssync] [info] Snippets: No changes found during synchronizing snippets.
[2022-01-14 00:19:44.129] [settingssync] [info] GlobalState: No changes found during synchronizing ui state.
[2022-01-14 00:19:44.267] [settingssync] [info] Extensions: No changes found during synchronizing extensions.
[2022-01-14 00:19:44.271] [settingssync] [info] Sync done. Took 249ms
