[256953][1641960807718][main][info]["Booting Postman 9.8.2, linux-5.15.12-arch1-1 on x64"]
[256953][1641960807721][main][info]["EventBus~initialize - Success"]
[256953][1641960807723][main][info]["Proxy configuration has not been setup"]
[256953][1641960807724][main][info]["CloudProxyManager~init - Success"]
[256953][1641960807731][main][info]["UpdateHandler~init - Success"]
[256953][1641960808075][main][info]["RuntimeIPCAgent~started: Success"]
[256953][1641960808077][main][info]["LinuxAutoUpdater~Cleanup - Initial cleanup successful"]
[256953][1641960808080][main][info]["LeaderSelection: Initialized successfully"]
[256953][1641960808162][main][info]["Generated root certificate for linux"]
[256953][1641960808201][main][info]["GPU detected VID 32902 DID 6422 ACTIVE true"]
[256953][1641960808231][main][info]["Bootstrap-models~bootstrap - Success"]
[256953][1641960808462][main][info]["window-manager~newSharedWindow: Shell loaded"]
[256953][1641960811265][main][info]["UpdateHandler~app-update-events - Received event",{"name":"checkForElectronVersionUpdated","namespace":"appUpdate"}]
[256953][1641960811288][main][info]["windowManager: First requester booted successfully."]
[256953][1641960811289][main][info]["windowManager~restoreWindows: Restoring requester windows"]
[256953][1641960811289][main][info]["Main~AppEvents - Received booted event for process requester"]
[256953][1641960814273][main][warn]["AuthHandler~open: Current app is not default protocol client - Falling back to polling mechanism."]
[256953][1641960817172][main][info]["UpdateHandler~app-update-events - Received event",{"name":"checkForElectronVersionUpdated","namespace":"appUpdate"}]
[256953][1641960817190][main][info]["windowManager: First requester booted successfully."]
[256953][1641960817190][main][info]["windowManager~restoreWindows: Restoring requester windows"]
[256953][1641960817191][main][info]["Main~AppEvents - Received booted event for process requester"]
[256953][1641960827570][main][info]["UpdateHandler~app-update-events - Received event",{"name":"updateElectron","namespace":"appUpdate","data":{"channel":"stable","version":"9.8.2","downloadVersion":"9.8.3","appId":"f1bc316f-d493-4eca-bb49-a7255b59ca6c","userAgent":"Mozilla/5.0 (X11; Linux x86_64) AppleWebKit/537.36 (KHTML, like Gecko) Postman/9.8.2 Chrome/87.0.4280.88 Electron/11.1.1 Safari/537.36","platform":"LINUX","arch":"64","downloadURL":"https://dl.pstmn.io/download/version/9.8.3/linux_64","updateServerDomain":"https://dl.pstmn.io/","additionalParamsString":"installationId=f1bc316f-d493-4eca-bb49-a7255b59ca6c&userId=0&syncEnabled=false&teamPlan=&teamId=0","userId":"0"}}]
[256953][1641960827576][main][info]["LinuxUpdater~downloadUpdate - UpdateInfo received",{"channel":"stable","version":"9.8.2","downloadVersion":"9.8.3","appId":"f1bc316f-d493-4eca-bb49-a7255b59ca6c","userAgent":"Mozilla/5.0 (X11; Linux x86_64) AppleWebKit/537.36 (KHTML, like Gecko) Postman/9.8.2 Chrome/87.0.4280.88 Electron/11.1.1 Safari/537.36","platform":"LINUX","arch":"64","downloadURL":"https://dl.pstmn.io/download/version/9.8.3/linux_64","updateServerDomain":"https://dl.pstmn.io/","additionalParamsString":"installationId=f1bc316f-d493-4eca-bb49-a7255b59ca6c&userId=0&syncEnabled=false&teamPlan=&teamId=0","userId":"0"}]
[256953][1641960828085][main][info]["@postman/app-updater: error",{"errno":-13,"code":"EACCES","syscall":"open","path":"/opt/postman/Postman-1641960827579.tar.gz","name":"Error","message":"EACCES: permission denied, open '/opt/postman/Postman-1641960827579.tar.gz'","stack":"Error: EACCES: permission denied, open '/opt/postman/Postman-1641960827579.tar.gz'"},{"packageName":"Postman","eID":"Postman-1641960827579","downloadURL":"https://dl.pstmn.io/download/version/9.8.3/linux_64","downloadDirectory":"/opt/postman","downloadInfo":{"status":"DOWNLOAD_ERROR","error":{"errno":-13,"code":"EACCES","syscall":"open","path":"/opt/postman/Postman-1641960827579.tar.gz"},"downloadDirectory":"/opt/postman"}}]
[256953][1641960828088][main][info]["UpdateHandler~app-update-events - Received event",{"name":"electronAppUpdateError","namespace":"appUpdate","data":{"error":{"errno":-13,"code":"EACCES","syscall":"open","path":"/opt/postman/Postman-1641960827579.tar.gz","name":"Error","message":"EACCES: permission denied, open '/opt/postman/Postman-1641960827579.tar.gz'","stack":"Error: EACCES: permission denied, open '/opt/postman/Postman-1641960827579.tar.gz'"},"updateData":{"packageName":"Postman","eID":"Postman-1641960827579","downloadURL":"https://dl.pstmn.io/download/version/9.8.3/linux_64","downloadDirectory":"/opt/postman","downloadInfo":{"status":"DOWNLOAD_ERROR","error":{"errno":-13,"code":"EACCES","syscall":"open","path":"/opt/postman/Postman-1641960827579.tar.gz"},"downloadDirectory":"/opt/postman"}}}}]
[256953][1641960833652][main][info]["UpdateHandler~app-update-events - Received event",{"name":"checkForElectronVersionUpdated","namespace":"appUpdate"}]
[256953][1641960833703][main][info]["windowManager: First requester booted successfully."]
[256953][1641960833704][main][info]["windowManager~restoreWindows: Restoring requester windows"]
[256953][1641960833704][main][info]["Main~AppEvents - Received booted event for process requester"]
[256953][1641960843892][main][info]["UpdateHandler~app-update-events - Received event",{"name":"updateElectron","namespace":"appUpdate","data":{"channel":"stable","version":"9.8.2","downloadVersion":"9.8.3","appId":"f1bc316f-d493-4eca-bb49-a7255b59ca6c","userAgent":"Mozilla/5.0 (X11; Linux x86_64) AppleWebKit/537.36 (KHTML, like Gecko) Postman/9.8.2 Chrome/87.0.4280.88 Electron/11.1.1 Safari/537.36","platform":"LINUX","arch":"64","downloadURL":"https://dl.pstmn.io/download/version/9.8.3/linux_64","updateServerDomain":"https://dl.pstmn.io/","additionalParamsString":"installationId=f1bc316f-d493-4eca-bb49-a7255b59ca6c&userId=18991058&syncEnabled=true&teamPlan=&teamId=0","userId":"18991058"}}]
[256953][1641960843893][main][info]["LinuxUpdater~downloadUpdate - UpdateInfo received",{"channel":"stable","version":"9.8.2","downloadVersion":"9.8.3","appId":"f1bc316f-d493-4eca-bb49-a7255b59ca6c","userAgent":"Mozilla/5.0 (X11; Linux x86_64) AppleWebKit/537.36 (KHTML, like Gecko) Postman/9.8.2 Chrome/87.0.4280.88 Electron/11.1.1 Safari/537.36","platform":"LINUX","arch":"64","downloadURL":"https://dl.pstmn.io/download/version/9.8.3/linux_64","updateServerDomain":"https://dl.pstmn.io/","additionalParamsString":"installationId=f1bc316f-d493-4eca-bb49-a7255b59ca6c&userId=18991058&syncEnabled=true&teamPlan=&teamId=0","userId":"18991058"}]
[256953][1641960844337][main][info]["@postman/app-updater: error",{"errno":-13,"code":"EACCES","syscall":"open","path":"/opt/postman/Postman-1641960843895.tar.gz","name":"Error","message":"EACCES: permission denied, open '/opt/postman/Postman-1641960843895.tar.gz'","stack":"Error: EACCES: permission denied, open '/opt/postman/Postman-1641960843895.tar.gz'"},{"packageName":"Postman","eID":"Postman-1641960843895","downloadURL":"https://dl.pstmn.io/download/version/9.8.3/linux_64","downloadDirectory":"/opt/postman","downloadInfo":{"status":"DOWNLOAD_ERROR","error":{"errno":-13,"code":"EACCES","syscall":"open","path":"/opt/postman/Postman-1641960843895.tar.gz"},"downloadDirectory":"/opt/postman"}}]
[256953][1641960844338][main][info]["UpdateHandler~app-update-events - Received event",{"name":"electronAppUpdateError","namespace":"appUpdate","data":{"error":{"errno":-13,"code":"EACCES","syscall":"open","path":"/opt/postman/Postman-1641960843895.tar.gz","name":"Error","message":"EACCES: permission denied, open '/opt/postman/Postman-1641960843895.tar.gz'","stack":"Error: EACCES: permission denied, open '/opt/postman/Postman-1641960843895.tar.gz'"},"updateData":{"packageName":"Postman","eID":"Postman-1641960843895","downloadURL":"https://dl.pstmn.io/download/version/9.8.3/linux_64","downloadDirectory":"/opt/postman","downloadInfo":{"status":"DOWNLOAD_ERROR","error":{"errno":-13,"code":"EACCES","syscall":"open","path":"/opt/postman/Postman-1641960843895.tar.gz"},"downloadDirectory":"/opt/postman"}}}}]
[256953][1641962915507][main][info]["WindowManager~closeHandler - Closed Window (id: 6 )"]
[256953][1641962915538][main][info]["Quitting app"]
[35567][1642134550938][main][info]["Booting Postman 9.8.3, linux-5.15.13-arch1-1 on x64"]
[35567][1642134550944][main][info]["EventBus~initialize - Success"]
[35567][1642134550946][main][info]["Proxy configuration has not been setup"]
[35567][1642134550947][main][info]["CloudProxyManager~init - Success"]
[35567][1642134550959][main][info]["UpdateHandler~init - Success"]
[35567][1642134551408][main][info]["RuntimeIPCAgent~started: Success"]
[35567][1642134551410][main][info]["LinuxAutoUpdater~Cleanup - Initial cleanup successful"]
[35567][1642134551411][main][info]["LeaderSelection: Initialized successfully"]
[35567][1642134551448][main][info]["Bootstrap-models~bootstrap - Success"]
[35567][1642134551552][main][info]["GPU detected VID 32902 DID 6422 ACTIVE true"]
[35567][1642134551919][main][info]["window-manager~newSharedWindow: Shell loaded"]
[35567][1642134555522][main][info]["UpdateHandler~app-update-events - Received event",{"name":"checkForElectronVersionUpdated","namespace":"appUpdate"}]
[35567][1642134555526][main][info]["@postman/app-updater: version Updated","9.8.2","9.8.3"]
[35567][1642134555527][main][info]["UpdateHandler~app-update-events - Received event",{"name":"electronVersionUpdated","namespace":"appUpdate","data":{"lastKnownVersion":"9.8.2","currentVersion":"9.8.3"}}]
[35567][1642134555549][main][info]["Main~AppEvents - Received booted event for process requester"]
[35567][1642134555550][main][info]["windowManager: First requester booted successfully."]
[35567][1642134555551][main][info]["windowManager~restoreWindows: Restoring requester windows"]
[35567][1642134565853][main][info]["UpdateHandler~app-update-events - Received event",{"name":"updateElectron","namespace":"appUpdate","data":{"channel":"stable","version":"9.8.3","downloadVersion":"9.9.0","appId":"f1bc316f-d493-4eca-bb49-a7255b59ca6c","userAgent":"Mozilla/5.0 (X11; Linux x86_64) AppleWebKit/537.36 (KHTML, like Gecko) Postman/9.8.3 Chrome/87.0.4280.88 Electron/11.1.1 Safari/537.36","platform":"LINUX","arch":"64","downloadURL":"https://dl.pstmn.io/download/version/9.9.0/linux_64","updateServerDomain":"https://dl.pstmn.io/","additionalParamsString":"installationId=f1bc316f-d493-4eca-bb49-a7255b59ca6c&userId=18991058&syncEnabled=true&teamPlan=&teamId=0","userId":"18991058"}}]
[35567][1642134565854][main][info]["LinuxUpdater~downloadUpdate - UpdateInfo received",{"channel":"stable","version":"9.8.3","downloadVersion":"9.9.0","appId":"f1bc316f-d493-4eca-bb49-a7255b59ca6c","userAgent":"Mozilla/5.0 (X11; Linux x86_64) AppleWebKit/537.36 (KHTML, like Gecko) Postman/9.8.3 Chrome/87.0.4280.88 Electron/11.1.1 Safari/537.36","platform":"LINUX","arch":"64","downloadURL":"https://dl.pstmn.io/download/version/9.9.0/linux_64","updateServerDomain":"https://dl.pstmn.io/","additionalParamsString":"installationId=f1bc316f-d493-4eca-bb49-a7255b59ca6c&userId=18991058&syncEnabled=true&teamPlan=&teamId=0","userId":"18991058"}]
[35567][1642134566299][main][info]["@postman/app-updater: error",{"errno":-13,"code":"EACCES","syscall":"open","path":"/opt/postman/Postman-1642134565855.tar.gz","name":"Error","message":"EACCES: permission denied, open '/opt/postman/Postman-1642134565855.tar.gz'","stack":"Error: EACCES: permission denied, open '/opt/postman/Postman-1642134565855.tar.gz'"},{"packageName":"Postman","eID":"Postman-1642134565855","downloadURL":"https://dl.pstmn.io/download/version/9.9.0/linux_64","downloadDirectory":"/opt/postman","downloadInfo":{"status":"DOWNLOAD_ERROR","error":{"errno":-13,"code":"EACCES","syscall":"open","path":"/opt/postman/Postman-1642134565855.tar.gz"},"downloadDirectory":"/opt/postman"}}]
[35567][1642134566301][main][info]["UpdateHandler~app-update-events - Received event",{"name":"electronAppUpdateError","namespace":"appUpdate","data":{"error":{"errno":-13,"code":"EACCES","syscall":"open","path":"/opt/postman/Postman-1642134565855.tar.gz","name":"Error","message":"EACCES: permission denied, open '/opt/postman/Postman-1642134565855.tar.gz'","stack":"Error: EACCES: permission denied, open '/opt/postman/Postman-1642134565855.tar.gz'"},"updateData":{"packageName":"Postman","eID":"Postman-1642134565855","downloadURL":"https://dl.pstmn.io/download/version/9.9.0/linux_64","downloadDirectory":"/opt/postman","downloadInfo":{"status":"DOWNLOAD_ERROR","error":{"errno":-13,"code":"EACCES","syscall":"open","path":"/opt/postman/Postman-1642134565855.tar.gz"},"downloadDirectory":"/opt/postman"}}}}]
[35567][1642135651712][main][info]["Quitting app"]
[2463][1642136126893][main][info]["Booting Postman 9.8.3, linux-5.16.0-arch1-1 on x64"]
[2463][1642136126896][main][info]["EventBus~initialize - Success"]
[2463][1642136126900][main][info]["Proxy configuration has not been setup"]
[2463][1642136126901][main][info]["CloudProxyManager~init - Success"]
[2463][1642136126913][main][info]["UpdateHandler~init - Success"]
[2463][1642136127526][main][info]["RuntimeIPCAgent~started: Success"]
[2463][1642136127528][main][info]["LinuxAutoUpdater~Cleanup - Initial cleanup successful"]
[2463][1642136127530][main][info]["LeaderSelection: Initialized successfully"]
[2463][1642136127570][main][info]["Bootstrap-models~bootstrap - Success"]
[2463][1642136127804][main][info]["GPU detected VID 32902 DID 6422 ACTIVE true"]
[2463][1642136128119][main][info]["window-manager~newSharedWindow: Shell loaded"]
[2463][1642136131719][main][info]["UpdateHandler~app-update-events - Received event",{"name":"checkForElectronVersionUpdated","namespace":"appUpdate"}]
[2463][1642136131745][main][info]["Main~AppEvents - Received booted event for process requester"]
[2463][1642136131745][main][info]["windowManager: First requester booted successfully."]
[2463][1642136131745][main][info]["windowManager~restoreWindows: Restoring requester windows"]
[2463][1642136142044][main][info]["UpdateHandler~app-update-events - Received event",{"name":"updateElectron","namespace":"appUpdate","data":{"channel":"stable","version":"9.8.3","downloadVersion":"9.9.0","appId":"f1bc316f-d493-4eca-bb49-a7255b59ca6c","userAgent":"Mozilla/5.0 (X11; Linux x86_64) AppleWebKit/537.36 (KHTML, like Gecko) Postman/9.8.3 Chrome/87.0.4280.88 Electron/11.1.1 Safari/537.36","platform":"LINUX","arch":"64","downloadURL":"https://dl.pstmn.io/download/version/9.9.0/linux_64","updateServerDomain":"https://dl.pstmn.io/","additionalParamsString":"installationId=f1bc316f-d493-4eca-bb49-a7255b59ca6c&userId=18991058&syncEnabled=true&teamPlan=&teamId=0","userId":"18991058"}}]
[2463][1642136142045][main][info]["LinuxUpdater~downloadUpdate - UpdateInfo received",{"channel":"stable","version":"9.8.3","downloadVersion":"9.9.0","appId":"f1bc316f-d493-4eca-bb49-a7255b59ca6c","userAgent":"Mozilla/5.0 (X11; Linux x86_64) AppleWebKit/537.36 (KHTML, like Gecko) Postman/9.8.3 Chrome/87.0.4280.88 Electron/11.1.1 Safari/537.36","platform":"LINUX","arch":"64","downloadURL":"https://dl.pstmn.io/download/version/9.9.0/linux_64","updateServerDomain":"https://dl.pstmn.io/","additionalParamsString":"installationId=f1bc316f-d493-4eca-bb49-a7255b59ca6c&userId=18991058&syncEnabled=true&teamPlan=&teamId=0","userId":"18991058"}]
[2463][1642136142568][main][info]["@postman/app-updater: error",{"errno":-13,"code":"EACCES","syscall":"open","path":"/opt/postman/Postman-1642136142046.tar.gz","name":"Error","message":"EACCES: permission denied, open '/opt/postman/Postman-1642136142046.tar.gz'","stack":"Error: EACCES: permission denied, open '/opt/postman/Postman-1642136142046.tar.gz'"},{"packageName":"Postman","eID":"Postman-1642136142046","downloadURL":"https://dl.pstmn.io/download/version/9.9.0/linux_64","downloadDirectory":"/opt/postman","downloadInfo":{"status":"DOWNLOAD_ERROR","error":{"errno":-13,"code":"EACCES","syscall":"open","path":"/opt/postman/Postman-1642136142046.tar.gz"},"downloadDirectory":"/opt/postman"}}]
[2463][1642136142570][main][info]["UpdateHandler~app-update-events - Received event",{"name":"electronAppUpdateError","namespace":"appUpdate","data":{"error":{"errno":-13,"code":"EACCES","syscall":"open","path":"/opt/postman/Postman-1642136142046.tar.gz","name":"Error","message":"EACCES: permission denied, open '/opt/postman/Postman-1642136142046.tar.gz'","stack":"Error: EACCES: permission denied, open '/opt/postman/Postman-1642136142046.tar.gz'"},"updateData":{"packageName":"Postman","eID":"Postman-1642136142046","downloadURL":"https://dl.pstmn.io/download/version/9.9.0/linux_64","downloadDirectory":"/opt/postman","downloadInfo":{"status":"DOWNLOAD_ERROR","error":{"errno":-13,"code":"EACCES","syscall":"open","path":"/opt/postman/Postman-1642136142046.tar.gz"},"downloadDirectory":"/opt/postman"}}}}]
[2463][1642141458145][main][info]["WindowManager~closeHandler - Closed Window (id: 3 )"]
[2463][1642141458192][main][info]["Quitting app"]
[73510][1642177567213][main][info]["Booting Postman 9.8.3, linux-5.16.0-arch1-1 on x64"]
[73510][1642177567216][main][info]["EventBus~initialize - Success"]
[73510][1642177567218][main][info]["Proxy configuration has not been setup"]
[73510][1642177567219][main][info]["CloudProxyManager~init - Success"]
[73510][1642177567227][main][info]["UpdateHandler~init - Success"]
[73510][1642177567751][main][info]["RuntimeIPCAgent~started: Success"]
[73510][1642177567754][main][info]["LinuxAutoUpdater~Cleanup - Initial cleanup successful"]
[73510][1642177567760][main][info]["LeaderSelection: Initialized successfully"]
[73510][1642177567806][main][info]["Bootstrap-models~bootstrap - Success"]
[73510][1642177567912][main][info]["GPU detected VID 32902 DID 6422 ACTIVE true"]
[73510][1642177568289][main][info]["window-manager~newSharedWindow: Shell loaded"]
[73510][1642177571742][main][info]["UpdateHandler~app-update-events - Received event",{"name":"checkForElectronVersionUpdated","namespace":"appUpdate"}]
[73510][1642177571764][main][info]["Main~AppEvents - Received booted event for process requester"]
[73510][1642177571764][main][info]["windowManager: First requester booted successfully."]
[73510][1642177571764][main][info]["windowManager~restoreWindows: Restoring requester windows"]
[73510][1642177582019][main][info]["UpdateHandler~app-update-events - Received event",{"name":"updateElectron","namespace":"appUpdate","data":{"channel":"stable","version":"9.8.3","downloadVersion":"9.9.0","appId":"f1bc316f-d493-4eca-bb49-a7255b59ca6c","userAgent":"Mozilla/5.0 (X11; Linux x86_64) AppleWebKit/537.36 (KHTML, like Gecko) Postman/9.8.3 Chrome/87.0.4280.88 Electron/11.1.1 Safari/537.36","platform":"LINUX","arch":"64","downloadURL":"https://dl.pstmn.io/download/version/9.9.0/linux_64","updateServerDomain":"https://dl.pstmn.io/","additionalParamsString":"installationId=f1bc316f-d493-4eca-bb49-a7255b59ca6c&userId=18991058&syncEnabled=true&teamPlan=&teamId=0","userId":"18991058"}}]
[73510][1642177582020][main][info]["LinuxUpdater~downloadUpdate - UpdateInfo received",{"channel":"stable","version":"9.8.3","downloadVersion":"9.9.0","appId":"f1bc316f-d493-4eca-bb49-a7255b59ca6c","userAgent":"Mozilla/5.0 (X11; Linux x86_64) AppleWebKit/537.36 (KHTML, like Gecko) Postman/9.8.3 Chrome/87.0.4280.88 Electron/11.1.1 Safari/537.36","platform":"LINUX","arch":"64","downloadURL":"https://dl.pstmn.io/download/version/9.9.0/linux_64","updateServerDomain":"https://dl.pstmn.io/","additionalParamsString":"installationId=f1bc316f-d493-4eca-bb49-a7255b59ca6c&userId=18991058&syncEnabled=true&teamPlan=&teamId=0","userId":"18991058"}]
[73510][1642177582188][main][info]["@postman/app-updater: error",{"errno":-13,"code":"EACCES","syscall":"open","path":"/opt/postman/Postman-1642177582021.tar.gz","name":"Error","message":"EACCES: permission denied, open '/opt/postman/Postman-1642177582021.tar.gz'","stack":"Error: EACCES: permission denied, open '/opt/postman/Postman-1642177582021.tar.gz'"},{"packageName":"Postman","eID":"Postman-1642177582021","downloadURL":"https://dl.pstmn.io/download/version/9.9.0/linux_64","downloadDirectory":"/opt/postman","downloadInfo":{"status":"DOWNLOAD_ERROR","error":{"errno":-13,"code":"EACCES","syscall":"open","path":"/opt/postman/Postman-1642177582021.tar.gz"},"downloadDirectory":"/opt/postman"}}]
[73510][1642177582190][main][info]["UpdateHandler~app-update-events - Received event",{"name":"electronAppUpdateError","namespace":"appUpdate","data":{"error":{"errno":-13,"code":"EACCES","syscall":"open","path":"/opt/postman/Postman-1642177582021.tar.gz","name":"Error","message":"EACCES: permission denied, open '/opt/postman/Postman-1642177582021.tar.gz'","stack":"Error: EACCES: permission denied, open '/opt/postman/Postman-1642177582021.tar.gz'"},"updateData":{"packageName":"Postman","eID":"Postman-1642177582021","downloadURL":"https://dl.pstmn.io/download/version/9.9.0/linux_64","downloadDirectory":"/opt/postman","downloadInfo":{"status":"DOWNLOAD_ERROR","error":{"errno":-13,"code":"EACCES","syscall":"open","path":"/opt/postman/Postman-1642177582021.tar.gz"},"downloadDirectory":"/opt/postman"}}}}]
[73510][1642181459956][main][info]["WindowManager~closeHandler - Closed Window (id: 3 )"]
[73510][1642181460016][main][info]["Quitting app"]
