[256953][1641960808444][shell][info]["EventBus~initialize - Success"]
[256953][1641960808452][shell][info]["bootShellCrashReporter~ Success"]
[256953][1641960808467][shell][info]["shellController~init: Success"]
[256953][1641960808468][shell][info]["shellMeta~init: Success"]
[256953][1641960808468][shell][info]["partitionMigrationService: State of V7 partition:"]
[256953][1641960808468][shell][info]["partitionMigrationService: V7 partitions",[]]
[256953][1641960808468][shell][info]["partitionMigrationService: V7 lastActiveUser",null]
[256953][1641960808469][shell][info]["partitionMigrationService: V7 activePartition",null]
[256953][1641960808469][shell][info]["partitionMigrationService: V7 isPartitionDirty",null]
[256953][1641960808469][shell][info]["partitionMigrationService~rectifyNamespaceOfScratchPadPartition: There is no partition with scratchpad namespace"]
[256953][1641960808469][shell][info]["partitionMigrationService~rectifyNamespaceOfScratchPadPartition: There is no transit partition which could have been used for scratchpad"]
[256953][1641960808470][shell][info]["partitionMigrationService~init: Success"]
[256953][1641960808470][shell][info]["partitionMigrationService~runV8PartitionsIntegrity: Two way migration~ removing the following partitions from v8",[]]
[256953][1641960808470][shell][info]["userPartitionService~_rectifyTheActivePartitionOfApplication: Setting the active partition to ",null]
[256953][1641960808471][shell][info]["userPartitionService~init: Success"]
[256953][1641960808472][shell][info]["userPartitionService: State of v8 partition system:"]
[256953][1641960808473][shell][info]["userPartitionService: List of partitions:",[]]
[256953][1641960808473][shell][info]["userPartitionService: users global meta:",{"activePartition":null}]
[256953][1641960808474][shell][info]["shell~init~loadView: loading scratchpad partition"]
[256953][1641960808751][shell][info]["EventBus~initialize - Success"]
[256953][1641960808761][shell][info]["bootShellCrashReporter~ Success"]
[256953][1641960808774][shell][info]["userPartitionService: State of v8 partition system:"]
[256953][1641960808775][shell][info]["userPartitionService: List of partitions:",[{"partitionId":"bc0322a6-5a0e-4d69-b9b2-28c0bae66ec6","namespace":"scratchPad","userId":0,"teamId":0,"isDirty":false}]]
[256953][1641960808775][shell][info]["userPartitionService: users global meta:",{"activePartition":"bc0322a6-5a0e-4d69-b9b2-28c0bae66ec6"}]
[256953][1641960808776][shell][info]["shell~init~loadView: loading active partition"]
[256953][1641960808776][shell][info]["shell~init~loadView: loading active partition","bc0322a6-5a0e-4d69-b9b2-28c0bae66ec6"]
[256953][1641960808777][shell][info]["init~setViewAttributes - Initializing view with opts:",{"id":3,"type":"requester","startTime":1641960808496,"devtools":false,"primaryId":3,"allIds":[3],"isFirstRequester":true,"partitionId":"bc0322a6-5a0e-4d69-b9b2-28c0bae66ec6"}]
[256953][1641960808778][shell][info]["Shell~init~setViewAttributes: passing scratchpad partition id as ","bc0322a6-5a0e-4d69-b9b2-28c0bae66ec6"]
[256953][1641960808778][shell][info]["Shell~init~setViewAttributes: do we have any logged in users? ",false]
[256953][1641960808779][shell][info]["init~setViewAttributes - Success"]
[256953][1641960811289][shell][info]["Shell~init~sendUsersDataToRenderer",[]]
[256953][1641960811290][shell][info]["Shell~init~requestTeamIdIfV7Partition: requesting user context from requester web view"]
[256953][1641960811332][shell][info]["Shell~init~sendUsersDataToRenderer",[]]
[256953][1641960811609][shell][info]["Shell~init~attachShellIPCListeners: Received user context from requester web view",{"userId":"0","teamId":"0"}]
[256953][1641960813765][shell][info]["Shell~init~addNewUser: using transit partition","81a1844e-c994-4d21-b3bd-c6098918691b"]
[256953][1641960814119][shell][info]["EventBus~initialize - Success"]
[256953][1641960814129][shell][info]["bootShellCrashReporter~ Success"]
[256953][1641960814146][shell][info]["userPartitionService: State of v8 partition system:"]
[256953][1641960814148][shell][info]["userPartitionService: List of partitions:",[{"partitionId":"81a1844e-c994-4d21-b3bd-c6098918691b","namespace":"users","userId":0,"teamId":0,"lastUpdated":"2022-01-12T04:13:33.764Z"},{"partitionId":"bc0322a6-5a0e-4d69-b9b2-28c0bae66ec6","namespace":"scratchPad","userId":0,"teamId":0,"isDirty":false}]]
[256953][1641960814148][shell][info]["userPartitionService: users global meta:",{"activePartition":"81a1844e-c994-4d21-b3bd-c6098918691b"}]
[256953][1641960814149][shell][info]["shell~init~loadView: loading active partition"]
[256953][1641960814149][shell][info]["shell~init~loadView: loading active partition","81a1844e-c994-4d21-b3bd-c6098918691b"]
[256953][1641960814151][shell][info]["init~setViewAttributes - Initializing view with opts:",{"id":6,"type":"requester","startTime":1641960813833,"devtools":false,"primaryId":6,"allIds":[6],"isFirstRequester":true,"partitionId":"81a1844e-c994-4d21-b3bd-c6098918691b"}]
[256953][1641960814152][shell][info]["Shell~init~setViewAttributes: passing scratchpad partition id as ","bc0322a6-5a0e-4d69-b9b2-28c0bae66ec6"]
[256953][1641960814153][shell][info]["Shell~init~setViewAttributes: do we have any logged in users? ",false]
[256953][1641960814154][shell][info]["init~setViewAttributes - Success"]
[256953][1641960817191][shell][info]["Shell~init~sendUsersDataToRenderer",[]]
[256953][1641960817254][shell][info]["Shell~init~sendUsersDataToRenderer",[]]
[256953][1641960830272][shell][info]["Shell~init~loginUser"]
[256953][1641960830273][shell][info]["Shell~init~loginUser: associating the user ","18991058"," with current partition ","81a1844e-c994-4d21-b3bd-c6098918691b"]
[256953][1641960830275][shell][info]["userPartitionService~associateTransitPartition: ",{"partitionId":"81a1844e-c994-4d21-b3bd-c6098918691b","context":{"namespace":"users","userId":"18991058","teamId":"0"}}]
[256953][1641960830276][shell][info]["userPartitionService: State of v8 partition system:"]
[256953][1641960830277][shell][info]["userPartitionService: List of partitions:",[{"partitionId":"81a1844e-c994-4d21-b3bd-c6098918691b","namespace":"users","userId":"18991058","teamId":"0","lastUpdated":"2022-01-12T04:13:50.275Z"},{"partitionId":"bc0322a6-5a0e-4d69-b9b2-28c0bae66ec6","namespace":"scratchPad","userId":0,"teamId":0,"isDirty":false}]]
[256953][1641960830278][shell][info]["userPartitionService: users global meta:",{"activePartition":"81a1844e-c994-4d21-b3bd-c6098918691b"}]
[256953][1641960830419][shell][info]["EventBus~initialize - Success"]
[256953][1641960830421][shell][info]["bootShellCrashReporter~ Success"]
[256953][1641960830434][shell][info]["userPartitionService: State of v8 partition system:"]
[256953][1641960830434][shell][info]["userPartitionService: List of partitions:",[{"partitionId":"81a1844e-c994-4d21-b3bd-c6098918691b","namespace":"users","userId":"18991058","teamId":"0","lastUpdated":"2022-01-12T04:13:50.275Z"},{"partitionId":"bc0322a6-5a0e-4d69-b9b2-28c0bae66ec6","namespace":"scratchPad","userId":0,"teamId":0,"isDirty":false}]]
[256953][1641960830435][shell][info]["userPartitionService: users global meta:",{"activePartition":"81a1844e-c994-4d21-b3bd-c6098918691b"}]
[256953][1641960830435][shell][info]["shell~init~loadView: loading active partition"]
[256953][1641960830435][shell][info]["shell~init~loadView: loading active partition","81a1844e-c994-4d21-b3bd-c6098918691b"]
[256953][1641960830436][shell][info]["init~setViewAttributes - Initializing view with opts:",{"id":6,"type":"requester","startTime":1641960813833,"devtools":false,"primaryId":6,"allIds":[6],"isFirstRequester":true,"partitionId":"81a1844e-c994-4d21-b3bd-c6098918691b"}]
[256953][1641960830437][shell][info]["Shell~init~setViewAttributes: passing scratchpad partition id as ","bc0322a6-5a0e-4d69-b9b2-28c0bae66ec6"]
[256953][1641960830437][shell][info]["Shell~init~setViewAttributes: do we have any logged in users? ",true]
[256953][1641960830438][shell][info]["init~setViewAttributes - Success"]
[256953][1641960833703][shell][info]["Shell~init~sendUsersDataToRenderer",["18991058"]]
[256953][1641960833760][shell][info]["Shell~init~sendUsersDataToRenderer",["18991058"]]
[256953][1641960834748][shell][info]["model-events~user - bootstrapUser received"]
[256953][1641960834751][shell][info]["userPartitionService~associateTransitPartition: ",{"partitionId":"81a1844e-c994-4d21-b3bd-c6098918691b","context":{"namespace":"users","userId":"18991058","teamId":"0"}}]
[256953][1641960834751][shell][info]["userPartitionService: State of v8 partition system:"]
[256953][1641960834751][shell][info]["userPartitionService: List of partitions:",[{"partitionId":"81a1844e-c994-4d21-b3bd-c6098918691b","namespace":"users","userId":"18991058","teamId":"0","lastUpdated":"2022-01-12T04:13:54.751Z"},{"partitionId":"bc0322a6-5a0e-4d69-b9b2-28c0bae66ec6","namespace":"scratchPad","userId":0,"teamId":0,"isDirty":false}]]
[256953][1641960834751][shell][info]["userPartitionService: users global meta:",{"activePartition":"81a1844e-c994-4d21-b3bd-c6098918691b"}]
[35567][1642134551893][shell][info]["EventBus~initialize - Success"]
[35567][1642134551905][shell][info]["bootShellCrashReporter~ Success"]
[35567][1642134551925][shell][info]["shellController~init: Success"]
[35567][1642134551926][shell][info]["shellMeta~init: Success"]
[35567][1642134551927][shell][info]["partitionMigrationService: State of V7 partition:"]
[35567][1642134551927][shell][info]["partitionMigrationService: V7 partitions",[]]
[35567][1642134551928][shell][info]["partitionMigrationService: V7 lastActiveUser",null]
[35567][1642134551928][shell][info]["partitionMigrationService: V7 activePartition",null]
[35567][1642134551929][shell][info]["partitionMigrationService: V7 isPartitionDirty",null]
[35567][1642134551930][shell][info]["partitionMigrationService~init: Success"]
[35567][1642134551931][shell][info]["partitionMigrationService~runV8PartitionsIntegrity: Two way migration~ removing the following partitions from v8",[]]
[35567][1642134551932][shell][info]["userPartitionService~getRecentV8UserPartition: recent v8 user context partition ","81a1844e-c994-4d21-b3bd-c6098918691b"]
[35567][1642134551933][shell][info]["userPartitionService~_rectifyTheActivePartitionOfApplication: Setting the active partition to ","81a1844e-c994-4d21-b3bd-c6098918691b"]
[35567][1642134551933][shell][info]["userPartitionService~init: Success"]
[35567][1642134551935][shell][info]["userPartitionService: State of v8 partition system:"]
[35567][1642134551935][shell][info]["userPartitionService: List of partitions:",[{"partitionId":"81a1844e-c994-4d21-b3bd-c6098918691b","namespace":"users","userId":"18991058","teamId":"0","lastUpdated":"2022-01-12T04:13:54.751Z"},{"partitionId":"bc0322a6-5a0e-4d69-b9b2-28c0bae66ec6","namespace":"scratchPad","userId":0,"teamId":0,"isDirty":false}]]
[35567][1642134551936][shell][info]["userPartitionService: users global meta:",{"activePartition":"81a1844e-c994-4d21-b3bd-c6098918691b"}]
[35567][1642134551937][shell][info]["shell~init~loadView: loading active partition"]
[35567][1642134552226][shell][info]["EventBus~initialize - Success"]
[35567][1642134552234][shell][info]["bootShellCrashReporter~ Success"]
[35567][1642134552250][shell][info]["userPartitionService: State of v8 partition system:"]
[35567][1642134552251][shell][info]["userPartitionService: List of partitions:",[{"partitionId":"81a1844e-c994-4d21-b3bd-c6098918691b","namespace":"users","userId":"18991058","teamId":"0","lastUpdated":"2022-01-12T04:13:54.751Z"},{"partitionId":"bc0322a6-5a0e-4d69-b9b2-28c0bae66ec6","namespace":"scratchPad","userId":0,"teamId":0,"isDirty":false}]]
[35567][1642134552252][shell][info]["userPartitionService: users global meta:",{"activePartition":"81a1844e-c994-4d21-b3bd-c6098918691b"}]
[35567][1642134552253][shell][info]["shell~init~loadView: loading active partition"]
[35567][1642134552253][shell][info]["shell~init~loadView: loading active partition","81a1844e-c994-4d21-b3bd-c6098918691b"]
[35567][1642134552255][shell][info]["init~setViewAttributes - Initializing view with opts:",{"id":3,"type":"requester","startTime":1642134551963,"devtools":false,"primaryId":3,"allIds":[3],"isFirstRequester":true,"partitionId":"81a1844e-c994-4d21-b3bd-c6098918691b"}]
[35567][1642134552256][shell][info]["Shell~init~setViewAttributes: passing scratchpad partition id as ","bc0322a6-5a0e-4d69-b9b2-28c0bae66ec6"]
[35567][1642134552256][shell][info]["Shell~init~setViewAttributes: do we have any logged in users? ",true]
[35567][1642134552257][shell][info]["init~setViewAttributes - Success"]
[35567][1642134555546][shell][info]["Shell~init~sendUsersDataToRenderer",["18991058"]]
[35567][1642134555615][shell][info]["Shell~init~sendUsersDataToRenderer",["18991058"]]
[35567][1642134556698][shell][info]["model-events~user - bootstrapUser received"]
[35567][1642134556699][shell][info]["userPartitionService~associateTransitPartition: ",{"partitionId":"81a1844e-c994-4d21-b3bd-c6098918691b","context":{"namespace":"users","userId":"18991058","teamId":"0"}}]
[35567][1642134556700][shell][info]["userPartitionService: State of v8 partition system:"]
[35567][1642134556700][shell][info]["userPartitionService: List of partitions:",[{"partitionId":"81a1844e-c994-4d21-b3bd-c6098918691b","namespace":"users","userId":"18991058","teamId":"0","lastUpdated":"2022-01-14T04:29:16.699Z"},{"partitionId":"bc0322a6-5a0e-4d69-b9b2-28c0bae66ec6","namespace":"scratchPad","userId":0,"teamId":0,"isDirty":false}]]
[35567][1642134556701][shell][info]["userPartitionService: users global meta:",{"activePartition":"81a1844e-c994-4d21-b3bd-c6098918691b"}]
[2463][1642136128095][shell][info]["EventBus~initialize - Success"]
[2463][1642136128110][shell][info]["bootShellCrashReporter~ Success"]
[2463][1642136128124][shell][info]["shellController~init: Success"]
[2463][1642136128124][shell][info]["shellMeta~init: Success"]
[2463][1642136128124][shell][info]["partitionMigrationService: State of V7 partition:"]
[2463][1642136128125][shell][info]["partitionMigrationService: V7 partitions",[]]
[2463][1642136128125][shell][info]["partitionMigrationService: V7 lastActiveUser",null]
[2463][1642136128125][shell][info]["partitionMigrationService: V7 activePartition",null]
[2463][1642136128125][shell][info]["partitionMigrationService: V7 isPartitionDirty",null]
[2463][1642136128126][shell][info]["partitionMigrationService~init: Success"]
[2463][1642136128127][shell][info]["partitionMigrationService~runV8PartitionsIntegrity: Two way migration~ removing the following partitions from v8",[]]
[2463][1642136128128][shell][info]["userPartitionService~getRecentV8UserPartition: recent v8 user context partition ","81a1844e-c994-4d21-b3bd-c6098918691b"]
[2463][1642136128128][shell][info]["userPartitionService~_rectifyTheActivePartitionOfApplication: Setting the active partition to ","81a1844e-c994-4d21-b3bd-c6098918691b"]
[2463][1642136128128][shell][info]["userPartitionService~init: Success"]
[2463][1642136128129][shell][info]["userPartitionService: State of v8 partition system:"]
[2463][1642136128129][shell][info]["userPartitionService: List of partitions:",[{"partitionId":"81a1844e-c994-4d21-b3bd-c6098918691b","namespace":"users","userId":"18991058","teamId":"0","lastUpdated":"2022-01-14T04:29:16.699Z"},{"partitionId":"bc0322a6-5a0e-4d69-b9b2-28c0bae66ec6","namespace":"scratchPad","userId":0,"teamId":0,"isDirty":false}]]
[2463][1642136128130][shell][info]["userPartitionService: users global meta:",{"activePartition":"81a1844e-c994-4d21-b3bd-c6098918691b"}]
[2463][1642136128130][shell][info]["shell~init~loadView: loading active partition"]
[2463][1642136128454][shell][info]["EventBus~initialize - Success"]
[2463][1642136128462][shell][info]["bootShellCrashReporter~ Success"]
[2463][1642136128476][shell][info]["userPartitionService: State of v8 partition system:"]
[2463][1642136128477][shell][info]["userPartitionService: List of partitions:",[{"partitionId":"81a1844e-c994-4d21-b3bd-c6098918691b","namespace":"users","userId":"18991058","teamId":"0","lastUpdated":"2022-01-14T04:29:16.699Z"},{"partitionId":"bc0322a6-5a0e-4d69-b9b2-28c0bae66ec6","namespace":"scratchPad","userId":0,"teamId":0,"isDirty":false}]]
[2463][1642136128477][shell][info]["userPartitionService: users global meta:",{"activePartition":"81a1844e-c994-4d21-b3bd-c6098918691b"}]
[2463][1642136128477][shell][info]["shell~init~loadView: loading active partition"]
[2463][1642136128478][shell][info]["shell~init~loadView: loading active partition","81a1844e-c994-4d21-b3bd-c6098918691b"]
[2463][1642136128479][shell][info]["init~setViewAttributes - Initializing view with opts:",{"id":3,"type":"requester","startTime":1642136128156,"devtools":false,"primaryId":3,"allIds":[3],"isFirstRequester":true,"partitionId":"81a1844e-c994-4d21-b3bd-c6098918691b"}]
[2463][1642136128479][shell][info]["Shell~init~setViewAttributes: passing scratchpad partition id as ","bc0322a6-5a0e-4d69-b9b2-28c0bae66ec6"]
[2463][1642136128480][shell][info]["Shell~init~setViewAttributes: do we have any logged in users? ",true]
[2463][1642136128480][shell][info]["init~setViewAttributes - Success"]
[2463][1642136131742][shell][info]["Shell~init~sendUsersDataToRenderer",["18991058"]]
[2463][1642136131790][shell][info]["Shell~init~sendUsersDataToRenderer",["18991058"]]
[2463][1642136133997][shell][info]["model-events~user - bootstrapUser received"]
[2463][1642136133998][shell][info]["userPartitionService~associateTransitPartition: ",{"partitionId":"81a1844e-c994-4d21-b3bd-c6098918691b","context":{"namespace":"users","userId":"18991058","teamId":"0"}}]
[2463][1642136133999][shell][info]["userPartitionService: State of v8 partition system:"]
[2463][1642136133999][shell][info]["userPartitionService: List of partitions:",[{"partitionId":"81a1844e-c994-4d21-b3bd-c6098918691b","namespace":"users","userId":"18991058","teamId":"0","lastUpdated":"2022-01-14T04:55:33.998Z"},{"partitionId":"bc0322a6-5a0e-4d69-b9b2-28c0bae66ec6","namespace":"scratchPad","userId":0,"teamId":0,"isDirty":false}]]
[2463][1642136133999][shell][info]["userPartitionService: users global meta:",{"activePartition":"81a1844e-c994-4d21-b3bd-c6098918691b"}]
[73510][1642177568260][shell][info]["EventBus~initialize - Success"]
[73510][1642177568276][shell][info]["bootShellCrashReporter~ Success"]
[73510][1642177568297][shell][info]["shellController~init: Success"]
[73510][1642177568298][shell][info]["shellMeta~init: Success"]
[73510][1642177568298][shell][info]["partitionMigrationService: State of V7 partition:"]
[73510][1642177568299][shell][info]["partitionMigrationService: V7 partitions",[]]
[73510][1642177568299][shell][info]["partitionMigrationService: V7 lastActiveUser",null]
[73510][1642177568299][shell][info]["partitionMigrationService: V7 activePartition",null]
[73510][1642177568300][shell][info]["partitionMigrationService: V7 isPartitionDirty",null]
[73510][1642177568301][shell][info]["partitionMigrationService~init: Success"]
[73510][1642177568302][shell][info]["partitionMigrationService~runV8PartitionsIntegrity: Two way migration~ removing the following partitions from v8",[]]
[73510][1642177568304][shell][info]["userPartitionService~getRecentV8UserPartition: recent v8 user context partition ","81a1844e-c994-4d21-b3bd-c6098918691b"]
[73510][1642177568304][shell][info]["userPartitionService~_rectifyTheActivePartitionOfApplication: Setting the active partition to ","81a1844e-c994-4d21-b3bd-c6098918691b"]
[73510][1642177568305][shell][info]["userPartitionService~init: Success"]
[73510][1642177568306][shell][info]["userPartitionService: State of v8 partition system:"]
[73510][1642177568307][shell][info]["userPartitionService: List of partitions:",[{"partitionId":"81a1844e-c994-4d21-b3bd-c6098918691b","namespace":"users","userId":"18991058","teamId":"0","lastUpdated":"2022-01-14T04:55:33.998Z"},{"partitionId":"bc0322a6-5a0e-4d69-b9b2-28c0bae66ec6","namespace":"scratchPad","userId":0,"teamId":0,"isDirty":false}]]
[73510][1642177568308][shell][info]["userPartitionService: users global meta:",{"activePartition":"81a1844e-c994-4d21-b3bd-c6098918691b"}]
[73510][1642177568314][shell][info]["shell~init~loadView: loading active partition"]
[73510][1642177568658][shell][info]["EventBus~initialize - Success"]
[73510][1642177568666][shell][info]["bootShellCrashReporter~ Success"]
[73510][1642177568679][shell][info]["userPartitionService: State of v8 partition system:"]
[73510][1642177568679][shell][info]["userPartitionService: List of partitions:",[{"partitionId":"81a1844e-c994-4d21-b3bd-c6098918691b","namespace":"users","userId":"18991058","teamId":"0","lastUpdated":"2022-01-14T04:55:33.998Z"},{"partitionId":"bc0322a6-5a0e-4d69-b9b2-28c0bae66ec6","namespace":"scratchPad","userId":0,"teamId":0,"isDirty":false}]]
[73510][1642177568680][shell][info]["userPartitionService: users global meta:",{"activePartition":"81a1844e-c994-4d21-b3bd-c6098918691b"}]
[73510][1642177568680][shell][info]["shell~init~loadView: loading active partition"]
[73510][1642177568680][shell][info]["shell~init~loadView: loading active partition","81a1844e-c994-4d21-b3bd-c6098918691b"]
[73510][1642177568682][shell][info]["init~setViewAttributes - Initializing view with opts:",{"id":3,"type":"requester","startTime":1642177568352,"devtools":false,"primaryId":3,"allIds":[3],"isFirstRequester":true,"partitionId":"81a1844e-c994-4d21-b3bd-c6098918691b"}]
[73510][1642177568682][shell][info]["Shell~init~setViewAttributes: passing scratchpad partition id as ","bc0322a6-5a0e-4d69-b9b2-28c0bae66ec6"]
[73510][1642177568683][shell][info]["Shell~init~setViewAttributes: do we have any logged in users? ",true]
[73510][1642177568683][shell][info]["init~setViewAttributes - Success"]
[73510][1642177571761][shell][info]["Shell~init~sendUsersDataToRenderer",["18991058"]]
[73510][1642177571807][shell][info]["Shell~init~sendUsersDataToRenderer",["18991058"]]
[73510][1642177573807][shell][info]["model-events~user - bootstrapUser received"]
[73510][1642177573809][shell][info]["userPartitionService~associateTransitPartition: ",{"partitionId":"81a1844e-c994-4d21-b3bd-c6098918691b","context":{"namespace":"users","userId":"18991058","teamId":"0"}}]
[73510][1642177573809][shell][info]["userPartitionService: State of v8 partition system:"]
[73510][1642177573810][shell][info]["userPartitionService: List of partitions:",[{"partitionId":"81a1844e-c994-4d21-b3bd-c6098918691b","namespace":"users","userId":"18991058","teamId":"0","lastUpdated":"2022-01-14T16:26:13.809Z"},{"partitionId":"bc0322a6-5a0e-4d69-b9b2-28c0bae66ec6","namespace":"scratchPad","userId":0,"teamId":0,"isDirty":false}]]
[73510][1642177573810][shell][info]["userPartitionService: users global meta:",{"activePartition":"81a1844e-c994-4d21-b3bd-c6098918691b"}]
