[2022-01-09 16:01:34.480] [exthost] [info] Extension host with pid 167721 started
[2022-01-09 16:01:34.480] [exthost] [info] Skipping acquiring lock for /home/bill/.config/Code/User/workspaceStorage/8254cc3d1b194499b518f7979a2f7254.
[2022-01-09 16:01:35.023] [exthost] [info] ExtensionService#_doActivateExtension vscode.microsoft-authentication, startup: false, activationEvent: 'onAuthenticationRequest:microsoft'
[2022-01-09 16:01:35.035] [exthost] [info] ExtensionService#_doActivateExtension vscode.typescript-language-features, startup: false, activationEvent: 'onLanguage:typescript'
[2022-01-09 16:01:35.061] [exthost] [info] ExtensionService#_doActivateExtension vscode.debug-auto-launch, startup: true, activationEvent: '*'
[2022-01-09 16:01:35.064] [exthost] [info] ExtensionService#_doActivateExtension vscode.git-base, startup: true, activationEvent: '*', root cause: vscode.github
[2022-01-09 16:01:35.076] [exthost] [info] ExtensionService#_doActivateExtension vscodevim.vim, startup: true, activationEvent: '*'
[2022-01-09 16:01:35.225] [exthost] [info] ExtensionService#_doActivateExtension zhuangtongfa.material-theme, startup: true, activationEvent: '*'
[2022-01-09 16:01:35.268] [exthost] [info] ExtensionService#_doActivateExtension vscode.npm, startup: true, activationEvent: 'workspaceContains:package.json'
[2022-01-09 16:01:35.926] [exthost] [info] ExtensionService#_doActivateExtension vscode.git, startup: true, activationEvent: '*'
[2022-01-09 16:01:35.985] [exthost] [info] ExtensionService#_doActivateExtension vscode.github, startup: true, activationEvent: '*'
[2022-01-09 16:01:36.127] [exthost] [info] ExtensionService#_doActivateExtension vscode.github-authentication, startup: false, activationEvent: 'onAuthenticationRequest:github'
[2022-01-09 16:01:36.210] [exthost] [info] Eager extensions activated
[2022-01-09 16:01:36.325] [exthost] [info] ExtensionService#_doActivateExtension vscode.emmet, startup: false, activationEvent: 'onStartupFinished'
[2022-01-09 16:01:36.343] [exthost] [info] ExtensionService#_doActivateExtension vscode.merge-conflict, startup: false, activationEvent: 'onStartupFinished'
[2022-01-09 16:01:36.346] [exthost] [info] ExtensionService#_doActivateExtension eamodio.gitlens, startup: false, activationEvent: 'onStartupFinished'
[2022-01-09 16:01:36.512] [exthost] [info] ExtensionService#_doActivateExtension esbenp.prettier-vscode, startup: false, activationEvent: 'onStartupFinished'
[2022-01-09 16:01:38.409] [exthost] [info] ExtensionService#_doActivateExtension vscode.configuration-editing, startup: false, activationEvent: 'onLanguage:jsonc'
[2022-01-09 16:01:38.412] [exthost] [info] ExtensionService#_doActivateExtension vscode.json-language-features, startup: false, activationEvent: 'onLanguage:jsonc'
[2022-01-09 16:02:21.051] [exthost] [info] ExtensionService#_doActivateExtension dbaeumer.vscode-eslint, startup: false, activationEvent: 'onStartupFinished'
[2022-01-09 16:05:48.393] [exthost] [info] ExtensionService#_doActivateExtension salesforce.salesforce-vscode-slds, startup: false, activationEvent: 'onLanguage:javascript'
[2022-01-09 16:05:48.897] [exthost] [error] [dbaeumer.vscode-eslint] provider FAILED
[2022-01-09 16:05:49.078] [exthost] [error] Error: Request textDocument/codeAction failed with message: No ESLint configuration found in /home/bill/sftpsf.
    at /home/bill/.vscode/extensions/dbaeumer.vscode-eslint-2.2.2/client/out/webpack:/client/node_modules/vscode-jsonrpc/lib/common/connection.js:500:57
    at undefined (/home/bill/.vscode/extensions/dbaeumer.vscode-eslint-2.2.2/client/out/webpack:/client/node_modules/vscode-jsonrpc/lib/common/connection.js:587:26)
    at Immediate.<anonymous> (/home/bill/.vscode/extensions/dbaeumer.vscode-eslint-2.2.2/client/out/webpack:/client/node_modules/vscode-jsonrpc/lib/common/connection.js:265:35)
    at processImmediate (internal/timers.js:461:21)
[2022-01-09 16:07:03.530] [exthost] [error] [dbaeumer.vscode-eslint] provider FAILED
[2022-01-09 16:07:03.530] [exthost] [error] Error: Request textDocument/codeAction failed with message: No ESLint configuration found in /home/bill/sftpsf.
    at /home/bill/.vscode/extensions/dbaeumer.vscode-eslint-2.2.2/client/out/webpack:/client/node_modules/vscode-jsonrpc/lib/common/connection.js:500:57
    at undefined (/home/bill/.vscode/extensions/dbaeumer.vscode-eslint-2.2.2/client/out/webpack:/client/node_modules/vscode-jsonrpc/lib/common/connection.js:587:26)
    at Immediate.<anonymous> (/home/bill/.vscode/extensions/dbaeumer.vscode-eslint-2.2.2/client/out/webpack:/client/node_modules/vscode-jsonrpc/lib/common/connection.js:265:35)
    at processImmediate (internal/timers.js:461:21)
[2022-01-09 16:08:29.606] [exthost] [error] [dbaeumer.vscode-eslint] provider FAILED
[2022-01-09 16:08:29.607] [exthost] [error] Error: Request textDocument/codeAction failed with message: No ESLint configuration found in /home/bill/sftpsf.
    at /home/bill/.vscode/extensions/dbaeumer.vscode-eslint-2.2.2/client/out/webpack:/client/node_modules/vscode-jsonrpc/lib/common/connection.js:500:57
    at undefined (/home/bill/.vscode/extensions/dbaeumer.vscode-eslint-2.2.2/client/out/webpack:/client/node_modules/vscode-jsonrpc/lib/common/connection.js:587:26)
    at Immediate.<anonymous> (/home/bill/.vscode/extensions/dbaeumer.vscode-eslint-2.2.2/client/out/webpack:/client/node_modules/vscode-jsonrpc/lib/common/connection.js:265:35)
    at processImmediate (internal/timers.js:461:21)
[2022-01-09 16:20:30.782] [exthost] [info] ExtensionService#_doActivateExtension vscode.simple-browser, startup: false, activationEvent: 'onOpenExternalUri:https'
[2022-01-09 16:24:38.835] [exthost] [warning] TextEditor is closed/disposed
[2022-01-09 16:24:38.968] [exthost] [info] ExtensionService#_doActivateExtension humao.rest-client, startup: false, activationEvent: 'onLanguage:http'
[2022-01-09 16:24:44.263] [exthost] [warning] TextEditor is closed/disposed
[2022-01-09 16:45:44.412] [exthost] [error] [dbaeumer.vscode-eslint] provider FAILED
[2022-01-09 16:45:44.414] [exthost] [error] Error: Request textDocument/codeAction failed with message: No ESLint configuration found in /home/bill/sftpsf.
    at /home/bill/.vscode/extensions/dbaeumer.vscode-eslint-2.2.2/client/out/webpack:/client/node_modules/vscode-jsonrpc/lib/common/connection.js:500:57
    at undefined (/home/bill/.vscode/extensions/dbaeumer.vscode-eslint-2.2.2/client/out/webpack:/client/node_modules/vscode-jsonrpc/lib/common/connection.js:587:26)
    at Immediate.<anonymous> (/home/bill/.vscode/extensions/dbaeumer.vscode-eslint-2.2.2/client/out/webpack:/client/node_modules/vscode-jsonrpc/lib/common/connection.js:265:35)
    at processImmediate (internal/timers.js:461:21)
[2022-01-09 16:45:47.266] [exthost] [error] [dbaeumer.vscode-eslint] provider FAILED
[2022-01-09 16:45:47.268] [exthost] [error] Error: Request textDocument/codeAction failed with message: No ESLint configuration found in /home/bill/sftpsf.
    at /home/bill/.vscode/extensions/dbaeumer.vscode-eslint-2.2.2/client/out/webpack:/client/node_modules/vscode-jsonrpc/lib/common/connection.js:500:57
    at undefined (/home/bill/.vscode/extensions/dbaeumer.vscode-eslint-2.2.2/client/out/webpack:/client/node_modules/vscode-jsonrpc/lib/common/connection.js:587:26)
    at Immediate.<anonymous> (/home/bill/.vscode/extensions/dbaeumer.vscode-eslint-2.2.2/client/out/webpack:/client/node_modules/vscode-jsonrpc/lib/common/connection.js:265:35)
    at processImmediate (internal/timers.js:461:21)
[2022-01-09 16:46:05.728] [exthost] [error] [dbaeumer.vscode-eslint] provider FAILED
[2022-01-09 16:46:05.730] [exthost] [error] Error: Request textDocument/codeAction failed with message: No ESLint configuration found in /home/bill/sftpsf.
    at /home/bill/.vscode/extensions/dbaeumer.vscode-eslint-2.2.2/client/out/webpack:/client/node_modules/vscode-jsonrpc/lib/common/connection.js:500:57
    at undefined (/home/bill/.vscode/extensions/dbaeumer.vscode-eslint-2.2.2/client/out/webpack:/client/node_modules/vscode-jsonrpc/lib/common/connection.js:587:26)
    at Immediate.<anonymous> (/home/bill/.vscode/extensions/dbaeumer.vscode-eslint-2.2.2/client/out/webpack:/client/node_modules/vscode-jsonrpc/lib/common/connection.js:265:35)
    at processImmediate (internal/timers.js:461:21)
[2022-01-09 16:46:30.565] [exthost] [error] [dbaeumer.vscode-eslint] provider FAILED
[2022-01-09 16:46:30.566] [exthost] [error] Error: Request textDocument/codeAction failed with message: No ESLint configuration found in /home/bill/sftpsf.
    at /home/bill/.vscode/extensions/dbaeumer.vscode-eslint-2.2.2/client/out/webpack:/client/node_modules/vscode-jsonrpc/lib/common/connection.js:500:57
    at undefined (/home/bill/.vscode/extensions/dbaeumer.vscode-eslint-2.2.2/client/out/webpack:/client/node_modules/vscode-jsonrpc/lib/common/connection.js:587:26)
    at Immediate.<anonymous> (/home/bill/.vscode/extensions/dbaeumer.vscode-eslint-2.2.2/client/out/webpack:/client/node_modules/vscode-jsonrpc/lib/common/connection.js:265:35)
    at processImmediate (internal/timers.js:461:21)
[2022-01-09 16:47:07.170] [exthost] [error] [dbaeumer.vscode-eslint] provider FAILED
[2022-01-09 16:47:07.171] [exthost] [error] Error: Request textDocument/codeAction failed with message: No ESLint configuration found in /home/bill/sftpsf.
    at /home/bill/.vscode/extensions/dbaeumer.vscode-eslint-2.2.2/client/out/webpack:/client/node_modules/vscode-jsonrpc/lib/common/connection.js:500:57
    at undefined (/home/bill/.vscode/extensions/dbaeumer.vscode-eslint-2.2.2/client/out/webpack:/client/node_modules/vscode-jsonrpc/lib/common/connection.js:587:26)
    at Immediate.<anonymous> (/home/bill/.vscode/extensions/dbaeumer.vscode-eslint-2.2.2/client/out/webpack:/client/node_modules/vscode-jsonrpc/lib/common/connection.js:265:35)
    at processImmediate (internal/timers.js:461:21)
[2022-01-09 16:47:08.790] [exthost] [error] [dbaeumer.vscode-eslint] provider FAILED
[2022-01-09 16:47:08.791] [exthost] [error] Error: Request textDocument/codeAction failed with message: No ESLint configuration found in /home/bill/sftpsf.
    at /home/bill/.vscode/extensions/dbaeumer.vscode-eslint-2.2.2/client/out/webpack:/client/node_modules/vscode-jsonrpc/lib/common/connection.js:500:57
    at undefined (/home/bill/.vscode/extensions/dbaeumer.vscode-eslint-2.2.2/client/out/webpack:/client/node_modules/vscode-jsonrpc/lib/common/connection.js:587:26)
    at Immediate.<anonymous> (/home/bill/.vscode/extensions/dbaeumer.vscode-eslint-2.2.2/client/out/webpack:/client/node_modules/vscode-jsonrpc/lib/common/connection.js:265:35)
    at processImmediate (internal/timers.js:461:21)
[2022-01-09 16:48:30.796] [exthost] [error] [dbaeumer.vscode-eslint] provider FAILED
[2022-01-09 16:48:30.797] [exthost] [error] Error: Request textDocument/codeAction failed with message: No ESLint configuration found in /home/bill/sftpsf.
    at /home/bill/.vscode/extensions/dbaeumer.vscode-eslint-2.2.2/client/out/webpack:/client/node_modules/vscode-jsonrpc/lib/common/connection.js:500:57
    at undefined (/home/bill/.vscode/extensions/dbaeumer.vscode-eslint-2.2.2/client/out/webpack:/client/node_modules/vscode-jsonrpc/lib/common/connection.js:587:26)
    at Immediate.<anonymous> (/home/bill/.vscode/extensions/dbaeumer.vscode-eslint-2.2.2/client/out/webpack:/client/node_modules/vscode-jsonrpc/lib/common/connection.js:265:35)
    at processImmediate (internal/timers.js:461:21)
[2022-01-09 16:48:32.127] [exthost] [error] [dbaeumer.vscode-eslint] provider FAILED
[2022-01-09 16:48:32.130] [exthost] [error] Error: Request textDocument/codeAction failed with message: No ESLint configuration found in /home/bill/sftpsf.
    at /home/bill/.vscode/extensions/dbaeumer.vscode-eslint-2.2.2/client/out/webpack:/client/node_modules/vscode-jsonrpc/lib/common/connection.js:500:57
    at undefined (/home/bill/.vscode/extensions/dbaeumer.vscode-eslint-2.2.2/client/out/webpack:/client/node_modules/vscode-jsonrpc/lib/common/connection.js:587:26)
    at Immediate.<anonymous> (/home/bill/.vscode/extensions/dbaeumer.vscode-eslint-2.2.2/client/out/webpack:/client/node_modules/vscode-jsonrpc/lib/common/connection.js:265:35)
    at processImmediate (internal/timers.js:461:21)
[2022-01-09 16:48:33.680] [exthost] [error] [dbaeumer.vscode-eslint] provider FAILED
[2022-01-09 16:48:33.681] [exthost] [error] Error: Request textDocument/codeAction failed with message: No ESLint configuration found in /home/bill/sftpsf.
    at /home/bill/.vscode/extensions/dbaeumer.vscode-eslint-2.2.2/client/out/webpack:/client/node_modules/vscode-jsonrpc/lib/common/connection.js:500:57
    at undefined (/home/bill/.vscode/extensions/dbaeumer.vscode-eslint-2.2.2/client/out/webpack:/client/node_modules/vscode-jsonrpc/lib/common/connection.js:587:26)
    at Immediate.<anonymous> (/home/bill/.vscode/extensions/dbaeumer.vscode-eslint-2.2.2/client/out/webpack:/client/node_modules/vscode-jsonrpc/lib/common/connection.js:265:35)
    at processImmediate (internal/timers.js:461:21)
[2022-01-09 16:48:34.624] [exthost] [error] [dbaeumer.vscode-eslint] provider FAILED
[2022-01-09 16:48:34.624] [exthost] [error] Error: Request textDocument/codeAction failed with message: No ESLint configuration found in /home/bill/sftpsf.
    at /home/bill/.vscode/extensions/dbaeumer.vscode-eslint-2.2.2/client/out/webpack:/client/node_modules/vscode-jsonrpc/lib/common/connection.js:500:57
    at undefined (/home/bill/.vscode/extensions/dbaeumer.vscode-eslint-2.2.2/client/out/webpack:/client/node_modules/vscode-jsonrpc/lib/common/connection.js:587:26)
    at Immediate.<anonymous> (/home/bill/.vscode/extensions/dbaeumer.vscode-eslint-2.2.2/client/out/webpack:/client/node_modules/vscode-jsonrpc/lib/common/connection.js:265:35)
    at processImmediate (internal/timers.js:461:21)
[2022-01-09 16:48:44.573] [exthost] [error] [dbaeumer.vscode-eslint] provider FAILED
[2022-01-09 16:48:44.573] [exthost] [error] Error: Request textDocument/codeAction failed with message: No ESLint configuration found in /home/bill/sftpsf.
    at /home/bill/.vscode/extensions/dbaeumer.vscode-eslint-2.2.2/client/out/webpack:/client/node_modules/vscode-jsonrpc/lib/common/connection.js:500:57
    at undefined (/home/bill/.vscode/extensions/dbaeumer.vscode-eslint-2.2.2/client/out/webpack:/client/node_modules/vscode-jsonrpc/lib/common/connection.js:587:26)
    at Immediate.<anonymous> (/home/bill/.vscode/extensions/dbaeumer.vscode-eslint-2.2.2/client/out/webpack:/client/node_modules/vscode-jsonrpc/lib/common/connection.js:265:35)
    at processImmediate (internal/timers.js:461:21)
[2022-01-09 16:48:49.791] [exthost] [error] [dbaeumer.vscode-eslint] provider FAILED
[2022-01-09 16:48:49.792] [exthost] [error] Error: Request textDocument/codeAction failed with message: No ESLint configuration found in /home/bill/sftpsf.
    at /home/bill/.vscode/extensions/dbaeumer.vscode-eslint-2.2.2/client/out/webpack:/client/node_modules/vscode-jsonrpc/lib/common/connection.js:500:57
    at undefined (/home/bill/.vscode/extensions/dbaeumer.vscode-eslint-2.2.2/client/out/webpack:/client/node_modules/vscode-jsonrpc/lib/common/connection.js:587:26)
    at Immediate.<anonymous> (/home/bill/.vscode/extensions/dbaeumer.vscode-eslint-2.2.2/client/out/webpack:/client/node_modules/vscode-jsonrpc/lib/common/connection.js:265:35)
    at processImmediate (internal/timers.js:461:21)
[2022-01-09 16:48:50.595] [exthost] [error] [dbaeumer.vscode-eslint] provider FAILED
[2022-01-09 16:48:50.596] [exthost] [error] Error: Request textDocument/codeAction failed with message: No ESLint configuration found in /home/bill/sftpsf.
    at /home/bill/.vscode/extensions/dbaeumer.vscode-eslint-2.2.2/client/out/webpack:/client/node_modules/vscode-jsonrpc/lib/common/connection.js:500:57
    at undefined (/home/bill/.vscode/extensions/dbaeumer.vscode-eslint-2.2.2/client/out/webpack:/client/node_modules/vscode-jsonrpc/lib/common/connection.js:587:26)
    at Immediate.<anonymous> (/home/bill/.vscode/extensions/dbaeumer.vscode-eslint-2.2.2/client/out/webpack:/client/node_modules/vscode-jsonrpc/lib/common/connection.js:265:35)
    at processImmediate (internal/timers.js:461:21)
[2022-01-09 16:50:55.153] [exthost] [error] [dbaeumer.vscode-eslint] provider FAILED
[2022-01-09 16:50:55.154] [exthost] [error] Error: Request textDocument/codeAction failed with message: No ESLint configuration found in /home/bill/sftpsf.
    at /home/bill/.vscode/extensions/dbaeumer.vscode-eslint-2.2.2/client/out/webpack:/client/node_modules/vscode-jsonrpc/lib/common/connection.js:500:57
    at undefined (/home/bill/.vscode/extensions/dbaeumer.vscode-eslint-2.2.2/client/out/webpack:/client/node_modules/vscode-jsonrpc/lib/common/connection.js:587:26)
    at Immediate.<anonymous> (/home/bill/.vscode/extensions/dbaeumer.vscode-eslint-2.2.2/client/out/webpack:/client/node_modules/vscode-jsonrpc/lib/common/connection.js:265:35)
    at processImmediate (internal/timers.js:461:21)
[2022-01-09 16:50:58.105] [exthost] [error] [dbaeumer.vscode-eslint] provider FAILED
[2022-01-09 16:50:58.107] [exthost] [error] Error: Request textDocument/codeAction failed with message: No ESLint configuration found in /home/bill/sftpsf.
    at /home/bill/.vscode/extensions/dbaeumer.vscode-eslint-2.2.2/client/out/webpack:/client/node_modules/vscode-jsonrpc/lib/common/connection.js:500:57
    at undefined (/home/bill/.vscode/extensions/dbaeumer.vscode-eslint-2.2.2/client/out/webpack:/client/node_modules/vscode-jsonrpc/lib/common/connection.js:587:26)
    at Immediate.<anonymous> (/home/bill/.vscode/extensions/dbaeumer.vscode-eslint-2.2.2/client/out/webpack:/client/node_modules/vscode-jsonrpc/lib/common/connection.js:265:35)
    at processImmediate (internal/timers.js:461:21)
[2022-01-09 16:51:08.028] [exthost] [error] [dbaeumer.vscode-eslint] provider FAILED
[2022-01-09 16:51:08.028] [exthost] [error] Error: Request textDocument/codeAction failed with message: No ESLint configuration found in /home/bill/sftpsf.
    at /home/bill/.vscode/extensions/dbaeumer.vscode-eslint-2.2.2/client/out/webpack:/client/node_modules/vscode-jsonrpc/lib/common/connection.js:500:57
    at undefined (/home/bill/.vscode/extensions/dbaeumer.vscode-eslint-2.2.2/client/out/webpack:/client/node_modules/vscode-jsonrpc/lib/common/connection.js:587:26)
    at Immediate.<anonymous> (/home/bill/.vscode/extensions/dbaeumer.vscode-eslint-2.2.2/client/out/webpack:/client/node_modules/vscode-jsonrpc/lib/common/connection.js:265:35)
    at processImmediate (internal/timers.js:461:21)
[2022-01-09 16:51:10.662] [exthost] [error] [dbaeumer.vscode-eslint] provider FAILED
[2022-01-09 16:51:10.663] [exthost] [error] Error: Request textDocument/codeAction failed with message: No ESLint configuration found in /home/bill/sftpsf.
    at /home/bill/.vscode/extensions/dbaeumer.vscode-eslint-2.2.2/client/out/webpack:/client/node_modules/vscode-jsonrpc/lib/common/connection.js:500:57
    at undefined (/home/bill/.vscode/extensions/dbaeumer.vscode-eslint-2.2.2/client/out/webpack:/client/node_modules/vscode-jsonrpc/lib/common/connection.js:587:26)
    at Immediate.<anonymous> (/home/bill/.vscode/extensions/dbaeumer.vscode-eslint-2.2.2/client/out/webpack:/client/node_modules/vscode-jsonrpc/lib/common/connection.js:265:35)
    at processImmediate (internal/timers.js:461:21)
[2022-01-09 16:51:46.283] [exthost] [error] [dbaeumer.vscode-eslint] provider FAILED
[2022-01-09 16:51:46.283] [exthost] [error] Error: Request textDocument/codeAction failed with message: No ESLint configuration found in /home/bill/sftpsf.
    at /home/bill/.vscode/extensions/dbaeumer.vscode-eslint-2.2.2/client/out/webpack:/client/node_modules/vscode-jsonrpc/lib/common/connection.js:500:57
    at undefined (/home/bill/.vscode/extensions/dbaeumer.vscode-eslint-2.2.2/client/out/webpack:/client/node_modules/vscode-jsonrpc/lib/common/connection.js:587:26)
    at Immediate.<anonymous> (/home/bill/.vscode/extensions/dbaeumer.vscode-eslint-2.2.2/client/out/webpack:/client/node_modules/vscode-jsonrpc/lib/common/connection.js:265:35)
    at processImmediate (internal/timers.js:461:21)
[2022-01-09 16:51:47.098] [exthost] [error] [dbaeumer.vscode-eslint] provider FAILED
[2022-01-09 16:51:47.098] [exthost] [error] Error: Request textDocument/codeAction failed with message: No ESLint configuration found in /home/bill/sftpsf.
    at /home/bill/.vscode/extensions/dbaeumer.vscode-eslint-2.2.2/client/out/webpack:/client/node_modules/vscode-jsonrpc/lib/common/connection.js:500:57
    at undefined (/home/bill/.vscode/extensions/dbaeumer.vscode-eslint-2.2.2/client/out/webpack:/client/node_modules/vscode-jsonrpc/lib/common/connection.js:587:26)
    at Immediate.<anonymous> (/home/bill/.vscode/extensions/dbaeumer.vscode-eslint-2.2.2/client/out/webpack:/client/node_modules/vscode-jsonrpc/lib/common/connection.js:265:35)
    at processImmediate (internal/timers.js:461:21)
[2022-01-09 16:52:01.560] [exthost] [error] [dbaeumer.vscode-eslint] provider FAILED
[2022-01-09 16:52:01.560] [exthost] [error] Error: Request textDocument/codeAction failed with message: No ESLint configuration found in /home/bill/sftpsf.
    at /home/bill/.vscode/extensions/dbaeumer.vscode-eslint-2.2.2/client/out/webpack:/client/node_modules/vscode-jsonrpc/lib/common/connection.js:500:57
    at undefined (/home/bill/.vscode/extensions/dbaeumer.vscode-eslint-2.2.2/client/out/webpack:/client/node_modules/vscode-jsonrpc/lib/common/connection.js:587:26)
    at Immediate.<anonymous> (/home/bill/.vscode/extensions/dbaeumer.vscode-eslint-2.2.2/client/out/webpack:/client/node_modules/vscode-jsonrpc/lib/common/connection.js:265:35)
    at processImmediate (internal/timers.js:461:21)
[2022-01-09 16:52:02.891] [exthost] [error] [dbaeumer.vscode-eslint] provider FAILED
[2022-01-09 16:52:02.892] [exthost] [error] Error: Request textDocument/codeAction failed with message: No ESLint configuration found in /home/bill/sftpsf.
    at /home/bill/.vscode/extensions/dbaeumer.vscode-eslint-2.2.2/client/out/webpack:/client/node_modules/vscode-jsonrpc/lib/common/connection.js:500:57
    at undefined (/home/bill/.vscode/extensions/dbaeumer.vscode-eslint-2.2.2/client/out/webpack:/client/node_modules/vscode-jsonrpc/lib/common/connection.js:587:26)
    at Immediate.<anonymous> (/home/bill/.vscode/extensions/dbaeumer.vscode-eslint-2.2.2/client/out/webpack:/client/node_modules/vscode-jsonrpc/lib/common/connection.js:265:35)
    at processImmediate (internal/timers.js:461:21)
[2022-01-09 16:52:02.995] [exthost] [error] [dbaeumer.vscode-eslint] provider FAILED
[2022-01-09 16:52:02.996] [exthost] [error] Error: Request textDocument/codeAction failed with message: No ESLint configuration found in /home/bill/sftpsf.
    at /home/bill/.vscode/extensions/dbaeumer.vscode-eslint-2.2.2/client/out/webpack:/client/node_modules/vscode-jsonrpc/lib/common/connection.js:500:57
    at undefined (/home/bill/.vscode/extensions/dbaeumer.vscode-eslint-2.2.2/client/out/webpack:/client/node_modules/vscode-jsonrpc/lib/common/connection.js:587:26)
    at Immediate.<anonymous> (/home/bill/.vscode/extensions/dbaeumer.vscode-eslint-2.2.2/client/out/webpack:/client/node_modules/vscode-jsonrpc/lib/common/connection.js:265:35)
    at processImmediate (internal/timers.js:461:21)
[2022-01-09 16:52:03.317] [exthost] [error] [dbaeumer.vscode-eslint] provider FAILED
[2022-01-09 16:52:03.317] [exthost] [error] Error: Request textDocument/codeAction failed with message: No ESLint configuration found in /home/bill/sftpsf.
    at /home/bill/.vscode/extensions/dbaeumer.vscode-eslint-2.2.2/client/out/webpack:/client/node_modules/vscode-jsonrpc/lib/common/connection.js:500:57
    at undefined (/home/bill/.vscode/extensions/dbaeumer.vscode-eslint-2.2.2/client/out/webpack:/client/node_modules/vscode-jsonrpc/lib/common/connection.js:587:26)
    at Immediate.<anonymous> (/home/bill/.vscode/extensions/dbaeumer.vscode-eslint-2.2.2/client/out/webpack:/client/node_modules/vscode-jsonrpc/lib/common/connection.js:265:35)
    at processImmediate (internal/timers.js:461:21)
[2022-01-09 16:52:13.376] [exthost] [error] [dbaeumer.vscode-eslint] provider FAILED
[2022-01-09 16:52:13.376] [exthost] [error] Error: Request textDocument/codeAction failed with message: No ESLint configuration found in /home/bill/sftpsf.
    at /home/bill/.vscode/extensions/dbaeumer.vscode-eslint-2.2.2/client/out/webpack:/client/node_modules/vscode-jsonrpc/lib/common/connection.js:500:57
    at undefined (/home/bill/.vscode/extensions/dbaeumer.vscode-eslint-2.2.2/client/out/webpack:/client/node_modules/vscode-jsonrpc/lib/common/connection.js:587:26)
    at Immediate.<anonymous> (/home/bill/.vscode/extensions/dbaeumer.vscode-eslint-2.2.2/client/out/webpack:/client/node_modules/vscode-jsonrpc/lib/common/connection.js:265:35)
    at processImmediate (internal/timers.js:461:21)
[2022-01-09 16:52:16.359] [exthost] [error] [dbaeumer.vscode-eslint] provider FAILED
[2022-01-09 16:52:16.359] [exthost] [error] Error: Request textDocument/codeAction failed with message: No ESLint configuration found in /home/bill/sftpsf.
    at /home/bill/.vscode/extensions/dbaeumer.vscode-eslint-2.2.2/client/out/webpack:/client/node_modules/vscode-jsonrpc/lib/common/connection.js:500:57
    at undefined (/home/bill/.vscode/extensions/dbaeumer.vscode-eslint-2.2.2/client/out/webpack:/client/node_modules/vscode-jsonrpc/lib/common/connection.js:587:26)
    at Immediate.<anonymous> (/home/bill/.vscode/extensions/dbaeumer.vscode-eslint-2.2.2/client/out/webpack:/client/node_modules/vscode-jsonrpc/lib/common/connection.js:265:35)
    at processImmediate (internal/timers.js:461:21)
[2022-01-09 16:52:50.767] [exthost] [error] [dbaeumer.vscode-eslint] provider FAILED
[2022-01-09 16:52:50.767] [exthost] [error] Error: Request textDocument/codeAction failed with message: No ESLint configuration found in /home/bill/sftpsf.
    at /home/bill/.vscode/extensions/dbaeumer.vscode-eslint-2.2.2/client/out/webpack:/client/node_modules/vscode-jsonrpc/lib/common/connection.js:500:57
    at undefined (/home/bill/.vscode/extensions/dbaeumer.vscode-eslint-2.2.2/client/out/webpack:/client/node_modules/vscode-jsonrpc/lib/common/connection.js:587:26)
    at Immediate.<anonymous> (/home/bill/.vscode/extensions/dbaeumer.vscode-eslint-2.2.2/client/out/webpack:/client/node_modules/vscode-jsonrpc/lib/common/connection.js:265:35)
    at processImmediate (internal/timers.js:461:21)
[2022-01-09 16:52:52.820] [exthost] [error] [dbaeumer.vscode-eslint] provider FAILED
[2022-01-09 16:52:52.820] [exthost] [error] Error: Request textDocument/codeAction failed with message: No ESLint configuration found in /home/bill/sftpsf.
    at /home/bill/.vscode/extensions/dbaeumer.vscode-eslint-2.2.2/client/out/webpack:/client/node_modules/vscode-jsonrpc/lib/common/connection.js:500:57
    at undefined (/home/bill/.vscode/extensions/dbaeumer.vscode-eslint-2.2.2/client/out/webpack:/client/node_modules/vscode-jsonrpc/lib/common/connection.js:587:26)
    at Immediate.<anonymous> (/home/bill/.vscode/extensions/dbaeumer.vscode-eslint-2.2.2/client/out/webpack:/client/node_modules/vscode-jsonrpc/lib/common/connection.js:265:35)
    at processImmediate (internal/timers.js:461:21)
[2022-01-09 16:53:07.655] [exthost] [error] [dbaeumer.vscode-eslint] provider FAILED
[2022-01-09 16:53:07.655] [exthost] [error] Error: Request textDocument/codeAction failed with message: No ESLint configuration found in /home/bill/sftpsf.
    at /home/bill/.vscode/extensions/dbaeumer.vscode-eslint-2.2.2/client/out/webpack:/client/node_modules/vscode-jsonrpc/lib/common/connection.js:500:57
    at undefined (/home/bill/.vscode/extensions/dbaeumer.vscode-eslint-2.2.2/client/out/webpack:/client/node_modules/vscode-jsonrpc/lib/common/connection.js:587:26)
    at Immediate.<anonymous> (/home/bill/.vscode/extensions/dbaeumer.vscode-eslint-2.2.2/client/out/webpack:/client/node_modules/vscode-jsonrpc/lib/common/connection.js:265:35)
    at processImmediate (internal/timers.js:461:21)
[2022-01-09 16:54:26.176] [exthost] [error] [dbaeumer.vscode-eslint] provider FAILED
[2022-01-09 16:54:26.178] [exthost] [error] Error: Request textDocument/codeAction failed with message: No ESLint configuration found in /home/bill/sftpsf.
    at /home/bill/.vscode/extensions/dbaeumer.vscode-eslint-2.2.2/client/out/webpack:/client/node_modules/vscode-jsonrpc/lib/common/connection.js:500:57
    at undefined (/home/bill/.vscode/extensions/dbaeumer.vscode-eslint-2.2.2/client/out/webpack:/client/node_modules/vscode-jsonrpc/lib/common/connection.js:587:26)
    at Immediate.<anonymous> (/home/bill/.vscode/extensions/dbaeumer.vscode-eslint-2.2.2/client/out/webpack:/client/node_modules/vscode-jsonrpc/lib/common/connection.js:265:35)
    at processImmediate (internal/timers.js:461:21)
[2022-01-09 16:56:10.364] [exthost] [error] [dbaeumer.vscode-eslint] provider FAILED
[2022-01-09 16:56:10.365] [exthost] [error] Error: Request textDocument/codeAction failed with message: No ESLint configuration found in /home/bill/sftpsf.
    at /home/bill/.vscode/extensions/dbaeumer.vscode-eslint-2.2.2/client/out/webpack:/client/node_modules/vscode-jsonrpc/lib/common/connection.js:500:57
    at undefined (/home/bill/.vscode/extensions/dbaeumer.vscode-eslint-2.2.2/client/out/webpack:/client/node_modules/vscode-jsonrpc/lib/common/connection.js:587:26)
    at Immediate.<anonymous> (/home/bill/.vscode/extensions/dbaeumer.vscode-eslint-2.2.2/client/out/webpack:/client/node_modules/vscode-jsonrpc/lib/common/connection.js:265:35)
    at processImmediate (internal/timers.js:461:21)
[2022-01-09 16:57:08.391] [exthost] [error] [dbaeumer.vscode-eslint] provider FAILED
[2022-01-09 16:57:08.392] [exthost] [error] Error: Request textDocument/codeAction failed with message: No ESLint configuration found in /home/bill/sftpsf.
    at /home/bill/.vscode/extensions/dbaeumer.vscode-eslint-2.2.2/client/out/webpack:/client/node_modules/vscode-jsonrpc/lib/common/connection.js:500:57
    at undefined (/home/bill/.vscode/extensions/dbaeumer.vscode-eslint-2.2.2/client/out/webpack:/client/node_modules/vscode-jsonrpc/lib/common/connection.js:587:26)
    at Immediate.<anonymous> (/home/bill/.vscode/extensions/dbaeumer.vscode-eslint-2.2.2/client/out/webpack:/client/node_modules/vscode-jsonrpc/lib/common/connection.js:265:35)
    at processImmediate (internal/timers.js:461:21)
[2022-01-09 16:57:11.101] [exthost] [error] [dbaeumer.vscode-eslint] provider FAILED
[2022-01-09 16:57:11.103] [exthost] [error] Error: Request textDocument/codeAction failed with message: No ESLint configuration found in /home/bill/sftpsf.
    at /home/bill/.vscode/extensions/dbaeumer.vscode-eslint-2.2.2/client/out/webpack:/client/node_modules/vscode-jsonrpc/lib/common/connection.js:500:57
    at undefined (/home/bill/.vscode/extensions/dbaeumer.vscode-eslint-2.2.2/client/out/webpack:/client/node_modules/vscode-jsonrpc/lib/common/connection.js:587:26)
    at Immediate.<anonymous> (/home/bill/.vscode/extensions/dbaeumer.vscode-eslint-2.2.2/client/out/webpack:/client/node_modules/vscode-jsonrpc/lib/common/connection.js:265:35)
    at processImmediate (internal/timers.js:461:21)
[2022-01-09 16:58:11.950] [exthost] [error] [dbaeumer.vscode-eslint] provider FAILED
[2022-01-09 16:58:11.950] [exthost] [error] Error: Request textDocument/codeAction failed with message: No ESLint configuration found in /home/bill/sftpsf.
    at /home/bill/.vscode/extensions/dbaeumer.vscode-eslint-2.2.2/client/out/webpack:/client/node_modules/vscode-jsonrpc/lib/common/connection.js:500:57
    at undefined (/home/bill/.vscode/extensions/dbaeumer.vscode-eslint-2.2.2/client/out/webpack:/client/node_modules/vscode-jsonrpc/lib/common/connection.js:587:26)
    at Immediate.<anonymous> (/home/bill/.vscode/extensions/dbaeumer.vscode-eslint-2.2.2/client/out/webpack:/client/node_modules/vscode-jsonrpc/lib/common/connection.js:265:35)
    at processImmediate (internal/timers.js:461:21)
[2022-01-09 16:58:15.799] [exthost] [error] [dbaeumer.vscode-eslint] provider FAILED
[2022-01-09 16:58:15.800] [exthost] [error] Error: Request textDocument/codeAction failed with message: No ESLint configuration found in /home/bill/sftpsf.
    at /home/bill/.vscode/extensions/dbaeumer.vscode-eslint-2.2.2/client/out/webpack:/client/node_modules/vscode-jsonrpc/lib/common/connection.js:500:57
    at undefined (/home/bill/.vscode/extensions/dbaeumer.vscode-eslint-2.2.2/client/out/webpack:/client/node_modules/vscode-jsonrpc/lib/common/connection.js:587:26)
    at Immediate.<anonymous> (/home/bill/.vscode/extensions/dbaeumer.vscode-eslint-2.2.2/client/out/webpack:/client/node_modules/vscode-jsonrpc/lib/common/connection.js:265:35)
    at processImmediate (internal/timers.js:461:21)
[2022-01-09 16:58:51.081] [exthost] [error] [dbaeumer.vscode-eslint] provider FAILED
[2022-01-09 16:58:51.082] [exthost] [error] Error: Request textDocument/codeAction failed with message: No ESLint configuration found in /home/bill/sftpsf.
    at /home/bill/.vscode/extensions/dbaeumer.vscode-eslint-2.2.2/client/out/webpack:/client/node_modules/vscode-jsonrpc/lib/common/connection.js:500:57
    at undefined (/home/bill/.vscode/extensions/dbaeumer.vscode-eslint-2.2.2/client/out/webpack:/client/node_modules/vscode-jsonrpc/lib/common/connection.js:587:26)
    at Immediate.<anonymous> (/home/bill/.vscode/extensions/dbaeumer.vscode-eslint-2.2.2/client/out/webpack:/client/node_modules/vscode-jsonrpc/lib/common/connection.js:265:35)
    at processImmediate (internal/timers.js:461:21)
[2022-01-09 16:58:52.120] [exthost] [error] [dbaeumer.vscode-eslint] provider FAILED
[2022-01-09 16:58:52.120] [exthost] [error] Error: Request textDocument/codeAction failed with message: No ESLint configuration found in /home/bill/sftpsf.
    at /home/bill/.vscode/extensions/dbaeumer.vscode-eslint-2.2.2/client/out/webpack:/client/node_modules/vscode-jsonrpc/lib/common/connection.js:500:57
    at undefined (/home/bill/.vscode/extensions/dbaeumer.vscode-eslint-2.2.2/client/out/webpack:/client/node_modules/vscode-jsonrpc/lib/common/connection.js:587:26)
    at Immediate.<anonymous> (/home/bill/.vscode/extensions/dbaeumer.vscode-eslint-2.2.2/client/out/webpack:/client/node_modules/vscode-jsonrpc/lib/common/connection.js:265:35)
    at processImmediate (internal/timers.js:461:21)
[2022-01-09 17:04:44.468] [exthost] [error] [dbaeumer.vscode-eslint] provider FAILED
[2022-01-09 17:04:44.469] [exthost] [error] Error: Request textDocument/codeAction failed with message: No ESLint configuration found in /home/bill/sftpsf.
    at /home/bill/.vscode/extensions/dbaeumer.vscode-eslint-2.2.2/client/out/webpack:/client/node_modules/vscode-jsonrpc/lib/common/connection.js:500:57
    at undefined (/home/bill/.vscode/extensions/dbaeumer.vscode-eslint-2.2.2/client/out/webpack:/client/node_modules/vscode-jsonrpc/lib/common/connection.js:587:26)
    at Immediate.<anonymous> (/home/bill/.vscode/extensions/dbaeumer.vscode-eslint-2.2.2/client/out/webpack:/client/node_modules/vscode-jsonrpc/lib/common/connection.js:265:35)
    at processImmediate (internal/timers.js:461:21)
[2022-01-09 17:04:45.715] [exthost] [error] [dbaeumer.vscode-eslint] provider FAILED
[2022-01-09 17:04:45.715] [exthost] [error] Error: Request textDocument/codeAction failed with message: No ESLint configuration found in /home/bill/sftpsf.
    at /home/bill/.vscode/extensions/dbaeumer.vscode-eslint-2.2.2/client/out/webpack:/client/node_modules/vscode-jsonrpc/lib/common/connection.js:500:57
    at undefined (/home/bill/.vscode/extensions/dbaeumer.vscode-eslint-2.2.2/client/out/webpack:/client/node_modules/vscode-jsonrpc/lib/common/connection.js:587:26)
    at Immediate.<anonymous> (/home/bill/.vscode/extensions/dbaeumer.vscode-eslint-2.2.2/client/out/webpack:/client/node_modules/vscode-jsonrpc/lib/common/connection.js:265:35)
    at processImmediate (internal/timers.js:461:21)
[2022-01-09 17:04:46.495] [exthost] [error] [dbaeumer.vscode-eslint] provider FAILED
[2022-01-09 17:04:46.496] [exthost] [error] Error: Request textDocument/codeAction failed with message: No ESLint configuration found in /home/bill/sftpsf.
    at /home/bill/.vscode/extensions/dbaeumer.vscode-eslint-2.2.2/client/out/webpack:/client/node_modules/vscode-jsonrpc/lib/common/connection.js:500:57
    at undefined (/home/bill/.vscode/extensions/dbaeumer.vscode-eslint-2.2.2/client/out/webpack:/client/node_modules/vscode-jsonrpc/lib/common/connection.js:587:26)
    at Immediate.<anonymous> (/home/bill/.vscode/extensions/dbaeumer.vscode-eslint-2.2.2/client/out/webpack:/client/node_modules/vscode-jsonrpc/lib/common/connection.js:265:35)
    at processImmediate (internal/timers.js:461:21)
[2022-01-09 17:08:42.135] [exthost] [error] [dbaeumer.vscode-eslint] provider FAILED
[2022-01-09 17:08:42.136] [exthost] [error] Error: Request textDocument/codeAction failed with message: No ESLint configuration found in /home/bill/sftpsf.
    at /home/bill/.vscode/extensions/dbaeumer.vscode-eslint-2.2.2/client/out/webpack:/client/node_modules/vscode-jsonrpc/lib/common/connection.js:500:57
    at undefined (/home/bill/.vscode/extensions/dbaeumer.vscode-eslint-2.2.2/client/out/webpack:/client/node_modules/vscode-jsonrpc/lib/common/connection.js:587:26)
    at Immediate.<anonymous> (/home/bill/.vscode/extensions/dbaeumer.vscode-eslint-2.2.2/client/out/webpack:/client/node_modules/vscode-jsonrpc/lib/common/connection.js:265:35)
    at processImmediate (internal/timers.js:461:21)
[2022-01-09 17:08:45.065] [exthost] [error] [dbaeumer.vscode-eslint] provider FAILED
[2022-01-09 17:08:45.065] [exthost] [error] Error: Request textDocument/codeAction failed with message: No ESLint configuration found in /home/bill/sftpsf.
    at /home/bill/.vscode/extensions/dbaeumer.vscode-eslint-2.2.2/client/out/webpack:/client/node_modules/vscode-jsonrpc/lib/common/connection.js:500:57
    at undefined (/home/bill/.vscode/extensions/dbaeumer.vscode-eslint-2.2.2/client/out/webpack:/client/node_modules/vscode-jsonrpc/lib/common/connection.js:587:26)
    at Immediate.<anonymous> (/home/bill/.vscode/extensions/dbaeumer.vscode-eslint-2.2.2/client/out/webpack:/client/node_modules/vscode-jsonrpc/lib/common/connection.js:265:35)
    at processImmediate (internal/timers.js:461:21)
[2022-01-09 17:14:17.900] [exthost] [warning] TextEditor is closed/disposed
[2022-01-09 17:14:49.744] [exthost] [warning] TextEditor is closed/disposed
[2022-01-09 17:38:02.748] [exthost] [info] extension host terminating: renderer closed the socket
[2022-01-09 17:38:02.792] [exthost] [warning] {"name":"Canceled"}
[2022-01-09 17:38:03.202] [exthost] [error] TypeError: r.some is not a function
    at Function.saveToDisk (/home/bill/.vscode/extensions/vscodevim.vim-1.21.10/src/register/register.ts:350:30)
    at Object.e.deactivate (/home/bill/.vscode/extensions/vscodevim.vim-1.21.10/extension.ts:37:18)
    at v._deactivate (/opt/visual-studio-code/resources/app/out/vs/workbench/services/extensions/node/extensionHostProcess.js:100:11513)
    at /opt/visual-studio-code/resources/app/out/vs/workbench/services/extensions/node/extensionHostProcess.js:100:10061
    at Array.map (<anonymous>)
    at v.deactivateAll (/opt/visual-studio-code/resources/app/out/vs/workbench/services/extensions/node/extensionHostProcess.js:100:10049)
    at p.terminate (/opt/visual-studio-code/resources/app/out/vs/workbench/services/extensions/node/extensionHostProcess.js:104:735)
    at r (/opt/visual-studio-code/resources/app/out/vs/workbench/services/extensions/node/extensionHostProcess.js:114:36400)
    at Socket.<anonymous> (/opt/visual-studio-code/resources/app/out/vs/workbench/services/extensions/node/extensionHostProcess.js:114:34012)
    at Socket.emit (events.js:327:22)
    at Pipe.<anonymous> (net.js:673:12)
[2022-01-09 17:38:03.202] [exthost] [info] Extension host with pid 167721 exiting with code 0
