[2022-01-13 21:47:27.514] [renderer1] [error] [Extension Host] (node:31957) [DEP0005] DeprecationWarning: Buffer() is deprecated due to security and usability issues. Please use the Buffer.alloc(), Buffer.allocUnsafe(), or Buffer.from() methods instead.
(Use `code --trace-deprecation ...` to show where the warning was created)
[2022-01-13 21:47:29.308] [renderer1] [error] ENOENT: no such file or directory, open '/home/bill/.config/Code/User/globalStorage/vscodevim.vim/.registers': Error: ENOENT: no such file or directory, open '/home/bill/.config/Code/User/globalStorage/vscodevim.vim/.registers'
[2022-01-13 21:48:09.197] [renderer1] [error] The "file" argument must be of type string. Received null: TypeError [ERR_INVALID_ARG_TYPE]: The "file" argument must be of type string. Received null
    at validateString (internal/validators.js:124:11)
    at normalizeSpawnArguments (child_process.js:420:3)
    at Object.spawn (child_process.js:568:13)
    at Server.<anonymous> (/home/bill/.vscode/extensions/salesforce.salesforce-vscode-slds-1.4.8/client/src/sldsLanguageClient.ts:171:32)
    at Object.onceWrapper (events.js:421:28)
    at Server.emit (events.js:315:20)
    at emitListeningNT (net.js:1352:10)
    at processTicksAndRejections (internal/process/task_queues.js:79:21)
[2022-01-13 21:48:27.561] [renderer1] [error] [Extension Host] (node:32418) [DEP0005] DeprecationWarning: Buffer() is deprecated due to security and usability issues. Please use the Buffer.alloc(), Buffer.allocUnsafe(), or Buffer.from() methods instead.
(Use `code --trace-deprecation ...` to show where the warning was created)
[2022-01-13 21:48:33.952] [renderer1] [error] The "file" argument must be of type string. Received null: TypeError [ERR_INVALID_ARG_TYPE]: The "file" argument must be of type string. Received null
    at validateString (internal/validators.js:124:11)
    at normalizeSpawnArguments (child_process.js:420:3)
    at Object.spawn (child_process.js:568:13)
    at Server.<anonymous> (/home/bill/.vscode/extensions/salesforce.salesforce-vscode-slds-1.4.8/client/src/sldsLanguageClient.ts:171:32)
    at Object.onceWrapper (events.js:421:28)
    at Server.emit (events.js:315:20)
    at emitListeningNT (net.js:1352:10)
    at processTicksAndRejections (internal/process/task_queues.js:79:21)
