[2022-01-13 21:47:28.280] [sharedprocess] [info] Starting worker process with pid 32013 (type: watcherServiceParcelSharedProcess, window: 1).
[2022-01-13 21:47:31.061] [sharedprocess] [info] Installing extension: zhuangtongfa.material-theme
[2022-01-13 21:47:31.127] [sharedprocess] [info] Installing extension: salesforce.salesforcedx-vscode-apex-debugger
[2022-01-13 21:47:31.134] [sharedprocess] [info] Installing extension: salesforce.salesforcedx-vscode-visualforce
[2022-01-13 21:47:31.145] [sharedprocess] [info] Installing extension: salesforce.salesforcedx-vscode-lightning
[2022-01-13 21:47:31.163] [sharedprocess] [info] Installing extension: salesforce.salesforcedx-vscode-soql
[2022-01-13 21:47:31.186] [sharedprocess] [info] Installing extension: salesforce.salesforcedx-vscode
[2022-01-13 21:47:31.187] [sharedprocess] [info] Installing extension: salesforce.salesforcedx-vscode-apex
[2022-01-13 21:47:31.189] [sharedprocess] [info] Installing extension: salesforce.salesforcedx-vscode-apex-replay-debugger
[2022-01-13 21:47:31.190] [sharedprocess] [info] Installing extension: salesforce.salesforcedx-vscode-lwc
[2022-01-13 21:47:31.194] [sharedprocess] [info] Installing extension: salesforce.salesforcedx-vscode-core
[2022-01-13 21:47:33.806] [sharedprocess] [info] Downloaded extension: zhuangtongfa.material-theme /home/bill/.config/Code/CachedExtensionVSIXs/zhuangtongfa.material-theme-3.13.11
[2022-01-13 21:47:33.966] [sharedprocess] [info] Extracted extension to /home/bill/.vscode/extensions/.2cbfdbc6-ed22-4a93-9218-12f832db84ff: zhuangtongfa.material-theme
[2022-01-13 21:47:33.973] [sharedprocess] [info] Renamed to /home/bill/.vscode/extensions/zhuangtongfa.material-theme-3.13.11
[2022-01-13 21:47:33.975] [sharedprocess] [info] Extracting completed. zhuangtongfa.material-theme
[2022-01-13 21:47:33.980] [sharedprocess] [info] Extension installed successfully: zhuangtongfa.material-theme
[2022-01-13 21:47:34.091] [sharedprocess] [info] Downloaded extension: salesforce.salesforcedx-vscode /home/bill/.config/Code/CachedExtensionVSIXs/salesforce.salesforcedx-vscode-53.13.0
[2022-01-13 21:47:34.114] [sharedprocess] [info] Extracted extension to /home/bill/.vscode/extensions/.23fd8f3d-4ecf-4e93-8d75-bdf5d04ba770: salesforce.salesforcedx-vscode
[2022-01-13 21:47:34.120] [sharedprocess] [info] Renamed to /home/bill/.vscode/extensions/salesforce.salesforcedx-vscode-53.13.0
[2022-01-13 21:47:34.122] [sharedprocess] [info] Extracting completed. salesforce.salesforcedx-vscode
[2022-01-13 21:47:34.128] [sharedprocess] [info] Extension installed successfully: salesforce.salesforcedx-vscode
[2022-01-13 21:47:34.572] [sharedprocess] [info] Downloaded extension: salesforce.salesforcedx-vscode-visualforce /home/bill/.config/Code/CachedExtensionVSIXs/salesforce.salesforcedx-vscode-visualforce-53.13.0
[2022-01-13 21:47:35.297] [sharedprocess] [info] Downloaded extension: salesforce.salesforcedx-vscode-soql /home/bill/.config/Code/CachedExtensionVSIXs/salesforce.salesforcedx-vscode-soql-53.13.0
[2022-01-13 21:47:35.393] [sharedprocess] [info] Downloaded extension: salesforce.salesforcedx-vscode-lightning /home/bill/.config/Code/CachedExtensionVSIXs/salesforce.salesforcedx-vscode-lightning-53.13.0
[2022-01-13 21:47:35.626] [sharedprocess] [info] Downloaded extension: salesforce.salesforcedx-vscode-apex-debugger /home/bill/.config/Code/CachedExtensionVSIXs/salesforce.salesforcedx-vscode-apex-debugger-53.13.0
[2022-01-13 21:47:35.743] [sharedprocess] [info] Downloaded extension: salesforce.salesforcedx-vscode-apex-replay-debugger /home/bill/.config/Code/CachedExtensionVSIXs/salesforce.salesforcedx-vscode-apex-replay-debugger-53.13.0
[2022-01-13 21:47:37.125] [sharedprocess] [info] Uninstalling extension: dbaeumer.vscode-eslint
[2022-01-13 21:47:37.125] [sharedprocess] [info] Uninstalling extension: esbenp.prettier-vscode
[2022-01-13 21:47:37.125] [sharedprocess] [info] Uninstalling extension: oderwat.indent-rainbow
[2022-01-13 21:47:37.223] [sharedprocess] [info] Uninstalling the extension without including packed extension dbaeumer.vscode-eslint
[2022-01-13 21:47:37.224] [sharedprocess] [info] Uninstalling the extension without checking dependents dbaeumer.vscode-eslint
[2022-01-13 21:47:37.226] [sharedprocess] [info] Uninstalling the extension without including packed extension esbenp.prettier-vscode
[2022-01-13 21:47:37.231] [sharedprocess] [info] Uninstalling the extension without checking dependents esbenp.prettier-vscode
[2022-01-13 21:47:37.232] [sharedprocess] [info] Uninstalling the extension without including packed extension oderwat.indent-rainbow
[2022-01-13 21:47:37.233] [sharedprocess] [info] Uninstalling the extension without checking dependents oderwat.indent-rainbow
[2022-01-13 21:47:37.516] [sharedprocess] [info] Successfully uninstalled extension: esbenp.prettier-vscode
[2022-01-13 21:47:37.581] [sharedprocess] [info] Successfully uninstalled extension: oderwat.indent-rainbow
[2022-01-13 21:47:37.612] [sharedprocess] [info] Successfully uninstalled extension: dbaeumer.vscode-eslint
[2022-01-13 21:47:37.990] [sharedprocess] [info] Installing extension: pkief.material-icon-theme
[2022-01-13 21:47:37.990] [sharedprocess] [info] Installing the extension without checking dependencies and pack pkief.material-icon-theme
[2022-01-13 21:47:37.995] [sharedprocess] [info] Installing extension: coenraads.bracket-pair-colorizer
[2022-01-13 21:47:37.996] [sharedprocess] [info] Installing the extension without checking dependencies and pack coenraads.bracket-pair-colorizer
[2022-01-13 21:47:38.056] [sharedprocess] [info] Downloaded extension: salesforce.salesforcedx-vscode-apex /home/bill/.config/Code/CachedExtensionVSIXs/salesforce.salesforcedx-vscode-apex-53.13.0
[2022-01-13 21:47:38.838] [sharedprocess] [info] Downloaded extension: coenraads.bracket-pair-colorizer /home/bill/.config/Code/CachedExtensionVSIXs/coenraads.bracket-pair-colorizer-1.0.62
[2022-01-13 21:47:38.863] [sharedprocess] [info] Downloaded extension: pkief.material-icon-theme /home/bill/.config/Code/CachedExtensionVSIXs/pkief.material-icon-theme-4.11.0
[2022-01-13 21:47:40.312] [sharedprocess] [info] Extracted extension to /home/bill/.vscode/extensions/.0ff91cd3-51a6-4ca4-acf6-cc8268419b8f: salesforce.salesforcedx-vscode-apex-debugger
[2022-01-13 21:47:40.372] [sharedprocess] [info] Renamed to /home/bill/.vscode/extensions/salesforce.salesforcedx-vscode-apex-debugger-53.13.0
[2022-01-13 21:47:40.374] [sharedprocess] [info] Downloaded extension: salesforce.salesforcedx-vscode-core /home/bill/.config/Code/CachedExtensionVSIXs/salesforce.salesforcedx-vscode-core-53.13.0
[2022-01-13 21:47:40.381] [sharedprocess] [info] Extracting completed. salesforce.salesforcedx-vscode-apex-debugger
[2022-01-13 21:47:40.400] [sharedprocess] [info] Extension installed successfully: salesforce.salesforcedx-vscode-apex-debugger
[2022-01-13 21:47:41.467] [sharedprocess] [info] Downloaded extension: salesforce.salesforcedx-vscode-lwc /home/bill/.config/Code/CachedExtensionVSIXs/salesforce.salesforcedx-vscode-lwc-53.13.0
[2022-01-13 21:47:41.629] [sharedprocess] [info] Extracted extension to /home/bill/.vscode/extensions/.94302898-5f2a-475c-a009-6f5fb5ae02a6: salesforce.salesforcedx-vscode-visualforce
[2022-01-13 21:47:41.649] [sharedprocess] [info] Renamed to /home/bill/.vscode/extensions/salesforce.salesforcedx-vscode-visualforce-53.13.0
[2022-01-13 21:47:41.654] [sharedprocess] [info] Extracting completed. salesforce.salesforcedx-vscode-visualforce
[2022-01-13 21:47:41.665] [sharedprocess] [info] Extension installed successfully: salesforce.salesforcedx-vscode-visualforce
[2022-01-13 21:47:42.016] [sharedprocess] [info] Extracted extension to /home/bill/.vscode/extensions/.dbda205d-2cb2-492a-bbf8-2140141c7ffe: coenraads.bracket-pair-colorizer
[2022-01-13 21:47:42.065] [sharedprocess] [info] Renamed to /home/bill/.vscode/extensions/coenraads.bracket-pair-colorizer-1.0.62
[2022-01-13 21:47:42.068] [sharedprocess] [info] Extracting completed. coenraads.bracket-pair-colorizer
[2022-01-13 21:47:42.070] [sharedprocess] [info] Extension installed successfully: coenraads.bracket-pair-colorizer
[2022-01-13 21:47:44.198] [sharedprocess] [info] Extracted extension to /home/bill/.vscode/extensions/.25e3d442-56c2-46d4-83e6-a70f934e1668: pkief.material-icon-theme
[2022-01-13 21:47:44.220] [sharedprocess] [info] Renamed to /home/bill/.vscode/extensions/pkief.material-icon-theme-4.11.0
[2022-01-13 21:47:44.224] [sharedprocess] [info] Extracting completed. pkief.material-icon-theme
[2022-01-13 21:47:44.225] [sharedprocess] [info] Extension installed successfully: pkief.material-icon-theme
[2022-01-13 21:47:49.809] [sharedprocess] [info] Extracted extension to /home/bill/.vscode/extensions/.4ec87c8f-8751-4c1b-b841-a34afc479978: salesforce.salesforcedx-vscode-soql
[2022-01-13 21:47:49.829] [sharedprocess] [info] Renamed to /home/bill/.vscode/extensions/salesforce.salesforcedx-vscode-soql-53.13.0
[2022-01-13 21:47:49.834] [sharedprocess] [info] Extracting completed. salesforce.salesforcedx-vscode-soql
[2022-01-13 21:47:49.843] [sharedprocess] [info] Extension installed successfully: salesforce.salesforcedx-vscode-soql
[2022-01-13 21:47:53.322] [sharedprocess] [info] Extracted extension to /home/bill/.vscode/extensions/.b56a3ec2-1c23-470b-b24e-c86670a629d6: salesforce.salesforcedx-vscode-apex-replay-debugger
[2022-01-13 21:47:53.362] [sharedprocess] [info] Renamed to /home/bill/.vscode/extensions/salesforce.salesforcedx-vscode-apex-replay-debugger-53.13.0
[2022-01-13 21:47:53.365] [sharedprocess] [info] Extracting completed. salesforce.salesforcedx-vscode-apex-replay-debugger
[2022-01-13 21:47:53.374] [sharedprocess] [info] Extension installed successfully: salesforce.salesforcedx-vscode-apex-replay-debugger
[2022-01-13 21:47:54.799] [sharedprocess] [info] Extracted extension to /home/bill/.vscode/extensions/.bed8e237-1456-4280-8c58-5d4016871605: salesforce.salesforcedx-vscode-lightning
[2022-01-13 21:47:54.815] [sharedprocess] [info] Renamed to /home/bill/.vscode/extensions/salesforce.salesforcedx-vscode-lightning-53.13.0
[2022-01-13 21:47:54.817] [sharedprocess] [info] Extracting completed. salesforce.salesforcedx-vscode-lightning
[2022-01-13 21:47:54.823] [sharedprocess] [info] Extension installed successfully: salesforce.salesforcedx-vscode-lightning
[2022-01-13 21:47:56.297] [sharedprocess] [info] Extracted extension to /home/bill/.vscode/extensions/.0ea31f42-c7d6-404d-92f4-a9ac2d3f8631: salesforce.salesforcedx-vscode-apex
[2022-01-13 21:47:56.316] [sharedprocess] [info] Renamed to /home/bill/.vscode/extensions/salesforce.salesforcedx-vscode-apex-53.13.0
[2022-01-13 21:47:56.318] [sharedprocess] [info] Extracting completed. salesforce.salesforcedx-vscode-apex
[2022-01-13 21:47:56.326] [sharedprocess] [info] Extension installed successfully: salesforce.salesforcedx-vscode-apex
[2022-01-13 21:48:24.550] [sharedprocess] [info] Extracted extension to /home/bill/.vscode/extensions/.a4d171f2-6d95-43bc-8091-803be4ba5e0f: salesforce.salesforcedx-vscode-lwc
[2022-01-13 21:48:24.621] [sharedprocess] [info] Renamed to /home/bill/.vscode/extensions/salesforce.salesforcedx-vscode-lwc-53.13.0
[2022-01-13 21:48:24.623] [sharedprocess] [info] Extracting completed. salesforce.salesforcedx-vscode-lwc
[2022-01-13 21:48:24.649] [sharedprocess] [info] Extension installed successfully: salesforce.salesforcedx-vscode-lwc
[2022-01-13 21:48:24.679] [sharedprocess] [info] Worker process with pid 32013 terminated normally (type: watcherServiceParcelSharedProcess, window: 1).
[2022-01-13 21:48:26.594] [sharedprocess] [info] Starting worker process with pid 32419 (type: watcherServiceParcelSharedProcess, window: 1).
[2022-01-13 21:48:29.856] [sharedprocess] [info] Extensions is already requested to install salesforce.salesforcedx-vscode-core
[2022-01-13 21:48:30.824] [sharedprocess] [info] Extracted extension to /home/bill/.vscode/extensions/.614d57b1-13a9-4082-a9cd-02dad3742bf2: salesforce.salesforcedx-vscode-core
[2022-01-13 21:48:30.838] [sharedprocess] [info] Renamed to /home/bill/.vscode/extensions/salesforce.salesforcedx-vscode-core-53.13.0
[2022-01-13 21:48:30.841] [sharedprocess] [info] Extracting completed. salesforce.salesforcedx-vscode-core
[2022-01-13 21:48:30.853] [sharedprocess] [info] Extension installed successfully: salesforce.salesforcedx-vscode-core
[2022-01-13 22:28:12.227] [sharedprocess] [error] [uncaught exception in sharedProcess]: Unable to sync settings as there are errors/warning in settings file.: LocalInvalidContent (UserDataSyncError) syncResource:settings operationId:unknown: Unable to sync settings as there are errors/warning in settings file.
    at l.validateContent (vscode-file://vscode-app/opt/visual-studio-code/resources/app/out/vs/code/electron-browser/sharedProcess/sharedProcessMain.js:76:103937)
    at l.generateSyncPreview (vscode-file://vscode-app/opt/visual-studio-code/resources/app/out/vs/code/electron-browser/sharedProcess/sharedProcessMain.js:76:98560)
    at async l.doGenerateSyncResourcePreview (vscode-file://vscode-app/opt/visual-studio-code/resources/app/out/vs/code/electron-browser/sharedProcess/sharedProcessMain.js:76:48990)
    at async l.doTriggerLocalChange (vscode-file://vscode-app/opt/visual-studio-code/resources/app/out/vs/code/electron-browser/sharedProcess/sharedProcessMain.js:76:40001)
