[2021-12-14 15:43:11.354] [exthost] [info] Extension host with pid 13677 started
[2021-12-14 15:43:11.354] [exthost] [info] Skipping acquiring lock for /home/bill/.config/Code/User/workspaceStorage/a86d687637c4f9ec779306e98538deb6.
[2021-12-14 15:43:11.606] [exthost] [info] ExtensionService#_doActivateExtension vscode.microsoft-authentication, startup: false, activationEvent: 'onAuthenticationRequest:microsoft'
[2021-12-14 15:43:11.617] [exthost] [info] ExtensionService#_doActivateExtension vscode.typescript-language-features, startup: false, activationEvent: 'onLanguage:typescript'
[2021-12-14 15:43:11.652] [exthost] [info] ExtensionService#_doActivateExtension vscode.debug-auto-launch, startup: true, activationEvent: '*'
[2021-12-14 15:43:11.655] [exthost] [info] ExtensionService#_doActivateExtension vscode.git, startup: true, activationEvent: '*', root cause: vscode.github
[2021-12-14 15:43:11.690] [exthost] [info] ExtensionService#_doActivateExtension vscodevim.vim, startup: true, activationEvent: '*'
[2021-12-14 15:43:12.446] [exthost] [info] ExtensionService#_doActivateExtension vscode.github, startup: true, activationEvent: '*'
[2021-12-14 15:43:12.567] [exthost] [info] Eager extensions activated
[2021-12-14 15:43:12.660] [exthost] [info] ExtensionService#_doActivateExtension vscode.merge-conflict, startup: false, activationEvent: 'onStartupFinished'
[2021-12-14 15:43:12.663] [exthost] [info] ExtensionService#_doActivateExtension dbaeumer.vscode-eslint, startup: false, activationEvent: 'onStartupFinished'
[2021-12-14 15:43:12.678] [exthost] [info] ExtensionService#_doActivateExtension eamodio.gitlens, startup: false, activationEvent: 'onStartupFinished'
[2021-12-14 15:43:12.745] [exthost] [info] ExtensionService#_doActivateExtension ms-vscode-remote.remote-wsl, startup: false, activationEvent: 'onStartupFinished'
[2021-12-14 15:43:13.292] [exthost] [info] ExtensionService#_doActivateExtension vscode.github-authentication, startup: false, activationEvent: 'onAuthenticationRequest:github'
[2021-12-14 15:43:14.908] [exthost] [info] ExtensionService#_doActivateExtension vscode.configuration-editing, startup: false, activationEvent: 'onLanguage:jsonc'
[2021-12-14 15:43:14.912] [exthost] [info] ExtensionService#_doActivateExtension vscode.json-language-features, startup: false, activationEvent: 'onLanguage:jsonc'
[2021-12-14 15:43:42.265] [exthost] [warning] TextEditor is closed/disposed
[2021-12-14 15:43:42.265] [exthost] [warning] TextEditor is closed/disposed
[2021-12-14 15:43:42.388] [exthost] [info] ExtensionService#_doActivateExtension salesforce.salesforce-vscode-slds, startup: false, activationEvent: 'onLanguage:javascript'
[2021-12-14 15:45:54.016] [exthost] [warning] TextEditor is closed/disposed
[2021-12-14 15:45:54.016] [exthost] [warning] TextEditor is closed/disposed
[2021-12-14 15:45:55.178] [exthost] [warning] TextEditor is closed/disposed
[2021-12-14 15:45:55.178] [exthost] [warning] TextEditor is closed/disposed
[2021-12-14 15:45:56.105] [exthost] [info] extension host terminating: renderer closed the socket
[2021-12-14 15:45:56.586] [exthost] [error] TypeError: Converting circular structure to JSON
    --> starting at object with constructor 't'
    |     property '_readableState' -> object with constructor 'C'
    |     property 'pipes' -> object with constructor 'Array'
    |     index 0 -> object with constructor 't.ConsoleForElectron'
    --- property 'parent' closes the circle
    at JSON.stringify (<anonymous>)
    at /home/bill/.vscode/extensions/vscodevim.vim-1.21.10/src/register/register.ts:357:16
    at runMicrotasks (<anonymous>)
    at process.async (internal/process/task_queues.js:93:5)
    at Object.e.deactivate (/home/bill/.vscode/extensions/vscodevim.vim-1.21.10/extension.ts:36:8)
    at async Promise.all (index 13)
    at w.deactivateAll (/opt/visual-studio-code/resources/app/out/vs/workbench/services/extensions/node/extensionHostProcess.js:99:10023)
[2021-12-14 15:45:57.145] [exthost] [info] Extension host with pid 13677 exiting with code 0
