Validating found git in: git
Using git 2.33.0 from git
> git rev-parse --git-dir
Open repository: /home/bill/startup
> git status -z -u
> git symbolic-ref --short HEAD
> git for-each-ref --format=%(refname)%00%(upstream:short)%00%(objectname)%00%(upstream:track) refs/heads/master refs/remotes/master
> git for-each-ref --sort -committerdate --format %(refname) %(objectname) %(*objectname)
> git remote --verbose
Warning: Failed to watch ref '/home/bill/startup/.git/refs/remotes/origin/master', is most likely packed.
> git config --get commit.template
> git check-ignore -v -z --stdin
> git show --textconv :.bashrc
> git ls-files --stage -- /home/bill/startup/.bashrc
> git cat-file -s 3e5af9e86e991269c39acb5322192affa275c39d
> git check-ignore -v -z --stdin
> git show --textconv :i3/config
> git ls-files --stage -- /home/bill/startup/i3/config
> git cat-file -s 288c293ecd7daf7731dedc21632fde8618ca3f50
> git check-ignore -v -z --stdin
> git check-ignore -v -z --stdin
> git show --textconv :go/goDoc.go
> git ls-files --stage -- /home/bill/startup/go/goDoc.go
> git cat-file -s da14060144311491acdcd9724e9e5e6423dbcbd6
