[2021-12-14 13:29:53.109] [settingssync] [info] Using settings sync service https://vscode-sync.trafficmanager.net/
[2021-12-14 13:29:53.109] [settingssync] [info] Auto Sync is enabled.
[2021-12-14 13:29:53.109] [settingssync] [info] Auto Sync: Suspended until auth token is available.
[2021-12-14 13:29:55.487] [settingssync] [info] Auto Sync: Started
[2021-12-14 13:29:55.488] [settingssync] [info] Auto Sync: Triggered by Interval
[2021-12-14 13:29:56.201] [settingssync] [info] Settings: Updated remote settings
[2021-12-14 13:29:56.223] [settingssync] [info] Settings: Updated last synchronized settings
[2021-12-14 13:29:56.253] [settingssync] [info] Keybindings: No changes found during synchronizing keybindings.
[2021-12-14 13:29:56.260] [settingssync] [info] Snippets: No changes found during synchronizing snippets.
[2021-12-14 13:29:56.285] [settingssync] [info] GlobalState: No changes found during synchronizing ui state.
[2021-12-14 13:29:56.423] [settingssync] [info] Extensions: No changes found during synchronizing extensions.
[2021-12-14 13:29:56.435] [settingssync] [info] Sync done. Took 564ms
[2021-12-14 13:29:57.108] [settingssync] [info] Auto Sync: Triggered by Activity
[2021-12-14 13:29:57.226] [settingssync] [info] Settings: No changes found during synchronizing settings.
[2021-12-14 13:29:57.234] [settingssync] [info] Keybindings: No changes found during synchronizing keybindings.
[2021-12-14 13:29:57.247] [settingssync] [info] Snippets: No changes found during synchronizing snippets.
[2021-12-14 13:29:57.307] [settingssync] [info] GlobalState: No changes found during synchronizing ui state.
[2021-12-14 13:29:57.408] [settingssync] [info] Extensions: No changes found during synchronizing extensions.
[2021-12-14 13:29:57.409] [settingssync] [info] Sync done. Took 212ms
[2021-12-14 13:30:32.292] [settingssync] [info] Auto Sync: Triggered by Activity
[2021-12-14 13:30:32.478] [settingssync] [info] Settings: No changes found during synchronizing settings.
[2021-12-14 13:30:32.483] [settingssync] [info] Keybindings: No changes found during synchronizing keybindings.
[2021-12-14 13:30:32.490] [settingssync] [info] Snippets: No changes found during synchronizing snippets.
[2021-12-14 13:30:32.516] [settingssync] [info] GlobalState: No changes found during synchronizing ui state.
[2021-12-14 13:30:32.600] [settingssync] [info] Extensions: No changes found during synchronizing extensions.
[2021-12-14 13:30:32.602] [settingssync] [info] Sync done. Took 197ms
[2021-12-14 13:31:10.819] [settingssync] [info] Auto Sync: Triggered by Activity
[2021-12-14 13:31:11.000] [settingssync] [info] Settings: No changes found during synchronizing settings.
[2021-12-14 13:31:11.003] [settingssync] [info] Keybindings: No changes found during synchronizing keybindings.
[2021-12-14 13:31:11.007] [settingssync] [info] Snippets: No changes found during synchronizing snippets.
[2021-12-14 13:31:11.030] [settingssync] [info] GlobalState: No changes found during synchronizing ui state.
[2021-12-14 13:31:11.124] [settingssync] [info] Extensions: No changes found during synchronizing extensions.
[2021-12-14 13:31:11.128] [settingssync] [info] Sync done. Took 199ms
