[Info  - 5:09:59 PM] 2021/09/07 17:09:59 go env for /home/bill/startup
(root /home/bill/startup)
(go version go version go1.17 linux/amd64)
(valid build configuration = false)
(build flags: [])
GOCACHE=/home/bill/.cache/go-build
GOINSECURE=
GONOSUMDB=
GOPROXY=https://proxy.golang.org,direct
GOROOT=/usr/lib/go
GOPRIVATE=
GOSUMDB=sum.golang.org
GONOPROXY=
GOPATH=/home/bill/go
GO111MODULE=
GOMOD=/dev/null
GOMODCACHE=/home/bill/go/pkg/mod
GOFLAGS=


[Info  - 5:09:59 PM] 2021/09/07 17:09:59 go/packages.Load
	snapshot=0
	directory=/home/bill/startup
	query=[./ builtin]
	packages=2

[Info  - 5:09:59 PM] 2021/09/07 17:09:59 go/packages.Load
	snapshot=0
	directory=/home/bill/startup
	query=[./]
	packages=1

[Info  - 5:09:59 PM] 2021/09/07 17:09:59 go/packages.Load
	snapshot=0
	directory=/home/bill/startup
	query=[./]
	packages=1

[Info  - 5:09:59 PM] 2021/09/07 17:09:59 go/packages.Load
	snapshot=0
	directory=/home/bill/startup
	query=[./]
	packages=1

[Info  - 5:10:02 PM] 2021/09/07 17:10:02 go/packages.Load
	snapshot=1
	directory=/home/bill/startup
	query=[file=/home/bill/startup/go/goDoc.go]
	packages=1

[Info  - 5:10:02 PM] 2021/09/07 17:10:02 go/packages.Load
	snapshot=1
	package="command-line-arguments"
	files=[/home/bill/startup/go/goDoc.go]

[Info  - 5:10:02 PM] 2021/09/07 17:10:02 go/packages.Load
	snapshot=1
	package="command-line-arguments"
	files=[/home/bill/startup/go/goDoc.go]

[Info  - 5:10:02 PM] 2021/09/07 17:10:02 go/packages.Load
	snapshot=1
	directory=/home/bill/startup
	query=[file=/home/bill/startup/go/goDoc.go]
	packages=1

[Info  - 5:10:03 PM] 2021/09/07 17:10:03 falling back to safe trimming due to type errors: [/usr/lib/go/src/runtime/vdso_linux.go:55:38: invalid operation: division by zero /usr/lib/go/src/runtime/vdso_linux.go:56:38: invalid operation: division by zero] or still-missing identifiers: map[memRecordCycle:true pageBits:true]
	package="runtime"

[Info  - 5:10:33 PM] 2021/09/07 17:10:33 background imports cache refresh starting

[Info  - 5:10:33 PM] 2021/09/07 17:10:33 background refresh finished after 5.439416ms

