[Info  - 03:38:52.804] Reading sessions from keychain...
[Info  - 03:38:52.823] Getting sessions for all scopes...
[Info  - 03:38:52.823] Getting sessions for all scopes...
[Error  - 03:38:52.823] Getting token failed: Error: The name org.freedesktop.secrets was not provided by any .service files
[Info  - 03:38:52.836] Got 0 sessions for all scopes...
[Info  - 03:38:52.836] Got 0 sessions for all scopes...
[Info  - 03:39:06.667] Getting sessions for all scopes...
[Info  - 03:39:06.667] Got 0 sessions for all scopes...
[Info  - 03:39:11.97] Logging in for the following scopes: user:email
[Trace  - 03:39:24.646] Handling Uri...
[Info  - 03:39:24.647] Exchanging code for token...
[Info  - 03:39:25.1] Token exchange success!
[Info  - 03:39:25.3] Getting user info...
[Info  - 03:39:30.374] Got account info!
[Info  - 03:39:30.374] Storing 1 sessions...
[Error  - 03:39:31.152] Setting token failed: Error: The name org.freedesktop.secrets was not provided by any .service files
[Info  - 03:39:40.867] Stored 1 sessions!
[Info  - 03:39:40.867] Login success!
[Info  - 03:39:40.873] Getting sessions for all scopes...
[Info  - 03:39:40.873] Getting sessions for all scopes...
[Info  - 03:39:40.873] Got 1 sessions for all scopes...
[Info  - 03:39:40.873] Got 1 sessions for all scopes...
