[2022-01-11 20:28:10.853] [exthost] [info] Extension host with pid 248647 started
[2022-01-11 20:28:10.854] [exthost] [info] Skipping acquiring lock for /home/bill/.config/Code/User/workspaceStorage/1871bede0f8cac87d0570312cfe9aa14.
[2022-01-11 20:28:11.135] [exthost] [info] ExtensionService#_doActivateExtension vscode.microsoft-authentication, startup: false, activationEvent: 'onAuthenticationRequest:microsoft'
[2022-01-11 20:28:11.145] [exthost] [info] ExtensionService#_doActivateExtension vscode.typescript-language-features, startup: false, activationEvent: 'onLanguage:javascript'
[2022-01-11 20:28:11.157] [exthost] [info] ExtensionService#_doActivateExtension salesforce.salesforce-vscode-slds, startup: false, activationEvent: 'onLanguage:javascript'
[2022-01-11 20:28:11.236] [exthost] [info] ExtensionService#_doActivateExtension vscode.debug-auto-launch, startup: true, activationEvent: '*'
[2022-01-11 20:28:11.238] [exthost] [info] ExtensionService#_doActivateExtension vscode.git-base, startup: true, activationEvent: '*', root cause: vscode.github
[2022-01-11 20:28:11.241] [exthost] [info] ExtensionService#_doActivateExtension vscodevim.vim, startup: true, activationEvent: '*'
[2022-01-11 20:28:11.306] [exthost] [info] ExtensionService#_doActivateExtension zhuangtongfa.material-theme, startup: true, activationEvent: '*'
[2022-01-11 20:28:11.329] [exthost] [info] ExtensionService#_doActivateExtension vscode.npm, startup: true, activationEvent: 'workspaceContains:package.json'
[2022-01-11 20:28:12.262] [exthost] [info] ExtensionService#_doActivateExtension vscode.git, startup: true, activationEvent: '*'
[2022-01-11 20:28:12.324] [exthost] [info] ExtensionService#_doActivateExtension vscode.github, startup: true, activationEvent: '*'
[2022-01-11 20:28:12.892] [exthost] [info] ExtensionService#_doActivateExtension vscode.github-authentication, startup: false, activationEvent: 'onAuthenticationRequest:github'
[2022-01-11 20:28:12.965] [exthost] [info] Eager extensions activated
[2022-01-11 20:28:13.150] [exthost] [info] ExtensionService#_doActivateExtension vscode.emmet, startup: false, activationEvent: 'onStartupFinished'
[2022-01-11 20:28:13.177] [exthost] [info] ExtensionService#_doActivateExtension vscode.merge-conflict, startup: false, activationEvent: 'onStartupFinished'
[2022-01-11 20:28:13.179] [exthost] [info] ExtensionService#_doActivateExtension dbaeumer.vscode-eslint, startup: false, activationEvent: 'onStartupFinished'
[2022-01-11 20:28:13.243] [exthost] [info] ExtensionService#_doActivateExtension eamodio.gitlens, startup: false, activationEvent: 'onStartupFinished'
[2022-01-11 20:28:13.353] [exthost] [info] ExtensionService#_doActivateExtension esbenp.prettier-vscode, startup: false, activationEvent: 'onStartupFinished'
[2022-01-11 20:28:15.626] [exthost] [info] ExtensionService#_doActivateExtension vscode.configuration-editing, startup: false, activationEvent: 'onLanguage:jsonc'
[2022-01-11 20:28:15.629] [exthost] [info] ExtensionService#_doActivateExtension vscode.json-language-features, startup: false, activationEvent: 'onLanguage:jsonc'
[2022-01-11 20:34:02.239] [exthost] [info] ExtensionService#_doActivateExtension vscode.extension-editing, startup: false, activationEvent: 'onLanguage:markdown'
[2022-01-11 20:34:02.255] [exthost] [info] ExtensionService#_doActivateExtension vscode.markdown-language-features, startup: false, activationEvent: 'onLanguage:markdown'
[2022-01-11 20:34:02.813] [exthost] [info] ExtensionService#_doActivateExtension vscode.markdown-math, startup: false, activationEvent: 'api', root cause: vscode.markdown-language-features
[2022-01-11 20:34:04.682] [exthost] [warning] TextEditor is closed/disposed
[2022-01-11 20:35:07.614] [exthost] [warning] TextEditor is closed/disposed
[2022-01-11 20:35:07.635] [exthost] [warning] TextEditor is closed/disposed
[2022-01-11 20:35:07.635] [exthost] [warning] TextEditor is closed/disposed
[2022-01-11 20:40:47.615] [exthost] [warning] TextEditor is closed/disposed
[2022-01-11 20:43:08.094] [exthost] [warning] TextEditor is closed/disposed
[2022-01-11 20:44:13.129] [exthost] [warning] TextEditor is closed/disposed
[2022-01-11 20:44:13.129] [exthost] [warning] TextEditor is closed/disposed
[2022-01-11 20:44:13.157] [exthost] [warning] ExtHostTextEditorOptions 'setCursorStyle' failed:'
[2022-01-11 20:44:13.157] [exthost] [warning] {"name":"DISPOSED","message":"TextEditor(vs.editor.ICodeEditor:1,$model11) has been disposed"}
[2022-01-11 20:44:15.682] [exthost] [warning] TextEditor is closed/disposed
[2022-01-11 20:44:15.685] [exthost] [warning] TextEditor is closed/disposed
[2022-01-11 20:44:15.685] [exthost] [warning] TextEditor is closed/disposed
[2022-01-11 20:44:15.712] [exthost] [warning] ExtHostTextEditorOptions 'setCursorStyle' failed:'
[2022-01-11 20:44:15.712] [exthost] [warning] {"name":"DISPOSED","message":"TextEditor(vs.editor.ICodeEditor:1,$model1) has been disposed"}
[2022-01-11 20:44:17.413] [exthost] [warning] TextEditor is closed/disposed
[2022-01-11 20:44:17.414] [exthost] [warning] TextEditor is closed/disposed
[2022-01-11 20:44:17.414] [exthost] [warning] TextEditor is closed/disposed
[2022-01-11 20:44:17.442] [exthost] [warning] ExtHostTextEditorOptions 'setCursorStyle' failed:'
[2022-01-11 20:44:17.442] [exthost] [warning] {"name":"DISPOSED","message":"TextEditor(vs.editor.ICodeEditor:1,$model9) has been disposed"}
[2022-01-11 20:51:02.702] [exthost] [warning] TextEditor is closed/disposed
[2022-01-11 20:51:02.702] [exthost] [warning] TextEditor is closed/disposed
[2022-01-11 20:51:37.798] [exthost] [warning] TextEditor is closed/disposed
[2022-01-11 20:51:46.774] [exthost] [warning] TextEditor is closed/disposed
[2022-01-11 20:53:32.804] [exthost] [warning] TextEditor is closed/disposed
[2022-01-11 20:59:57.652] [exthost] [warning] TextEditor is closed/disposed
[2022-01-11 20:59:57.652] [exthost] [warning] TextEditor is closed/disposed
[2022-01-11 20:59:57.672] [exthost] [warning] ExtHostTextEditorOptions 'setCursorStyle' failed:'
[2022-01-11 20:59:57.672] [exthost] [warning] {"name":"DISPOSED","message":"TextEditor(vs.editor.ICodeEditor:1,$model39) has been disposed"}
[2022-01-11 21:00:11.845] [exthost] [warning] TextEditor is closed/disposed
[2022-01-11 21:00:11.852] [exthost] [warning] TextEditor is closed/disposed
[2022-01-11 21:00:11.852] [exthost] [warning] TextEditor is closed/disposed
[2022-01-11 21:00:11.878] [exthost] [warning] ExtHostTextEditorOptions 'setCursorStyle' failed:'
[2022-01-11 21:00:11.878] [exthost] [warning] {"name":"DISPOSED","message":"TextEditor(vs.editor.ICodeEditor:1,$model9) has been disposed"}
[2022-01-11 21:12:30.848] [exthost] [warning] TextEditor is closed/disposed
[2022-01-11 21:15:19.749] [exthost] [warning] TextEditor is closed/disposed
[2022-01-11 21:15:19.752] [exthost] [warning] TextEditor is closed/disposed
[2022-01-11 21:15:19.752] [exthost] [warning] TextEditor is closed/disposed
[2022-01-11 21:15:19.752] [exthost] [warning] TextEditor is closed/disposed
[2022-01-11 21:15:23.171] [exthost] [warning] TextEditor is closed/disposed
[2022-01-11 21:15:23.182] [exthost] [warning] TextEditor is closed/disposed
[2022-01-11 21:15:23.182] [exthost] [warning] TextEditor is closed/disposed
[2022-01-11 21:15:23.209] [exthost] [warning] ExtHostTextEditorOptions 'setCursorStyle' failed:'
[2022-01-11 21:15:23.209] [exthost] [warning] {"name":"DISPOSED","message":"TextEditor(vs.editor.ICodeEditor:1,$model1) has been disposed"}
[2022-01-11 21:16:47.071] [exthost] [warning] TextEditor is closed/disposed
[2022-01-11 21:17:13.253] [exthost] [warning] TextEditor is closed/disposed
[2022-01-11 21:18:41.252] [exthost] [warning] TextEditor is closed/disposed
[2022-01-11 21:18:41.264] [exthost] [warning] TextEditor is closed/disposed
[2022-01-11 21:18:41.264] [exthost] [warning] TextEditor is closed/disposed
[2022-01-11 21:18:41.264] [exthost] [warning] TextEditor is closed/disposed
[2022-01-11 21:24:29.769] [exthost] [warning] TextEditor is closed/disposed
[2022-01-11 21:24:38.886] [exthost] [info] ExtensionService#_doActivateExtension oderwat.indent-rainbow, startup: false, activationEvent: '*'
[2022-01-11 21:45:26.804] [exthost] [warning] TextEditor is closed/disposed
[2022-01-11 21:48:55.310] [exthost] [warning] TextEditor is closed/disposed
[2022-01-11 21:48:55.310] [exthost] [warning] TextEditor is closed/disposed
[2022-01-11 21:48:55.337] [exthost] [warning] ExtHostTextEditorOptions 'setCursorStyle' failed:'
[2022-01-11 21:48:55.337] [exthost] [warning] {"name":"DISPOSED","message":"TextEditor(vs.editor.ICodeEditor:1,$model73) has been disposed"}
[2022-01-11 21:52:08.966] [exthost] [warning] TextEditor is closed/disposed
[2022-01-11 21:52:08.967] [exthost] [warning] TextEditor is closed/disposed
[2022-01-11 21:52:08.968] [exthost] [warning] TextEditor is closed/disposed
[2022-01-11 21:56:01.060] [exthost] [warning] TextEditor is closed/disposed
[2022-01-11 21:56:36.241] [exthost] [warning] TextEditor is closed/disposed
[2022-01-11 22:16:51.851] [exthost] [warning] TextEditor is closed/disposed
[2022-01-11 22:17:08.854] [exthost] [info] ExtensionService#_doActivateExtension ChakrounAnas.turbo-console-log, startup: false, activationEvent: 'onCommand:turboConsoleLog.displayLogMessage'
[2022-01-11 22:17:38.755] [exthost] [warning] TextEditor is closed/disposed
[2022-01-11 22:20:17.049] [exthost] [warning] TextEditor is closed/disposed
[2022-01-11 22:20:17.049] [exthost] [warning] TextEditor is closed/disposed
[2022-01-11 22:20:45.460] [exthost] [warning] TextEditor is closed/disposed
[2022-01-11 22:31:24.526] [exthost] [warning] TextEditor is closed/disposed
[2022-01-11 22:31:32.853] [exthost] [warning] TextEditor is closed/disposed
[2022-01-11 22:31:32.855] [exthost] [warning] TextEditor is closed/disposed
[2022-01-11 22:31:32.855] [exthost] [warning] TextEditor is closed/disposed
[2022-01-11 22:31:56.760] [exthost] [warning] TextEditor is closed/disposed
[2022-01-11 22:31:56.762] [exthost] [warning] TextEditor is closed/disposed
[2022-01-11 22:31:56.762] [exthost] [warning] TextEditor is closed/disposed
[2022-01-11 22:32:50.352] [exthost] [warning] TextEditor is closed/disposed
[2022-01-11 22:32:50.352] [exthost] [warning] TextEditor is closed/disposed
[2022-01-11 22:33:49.781] [exthost] [warning] TextEditor is closed/disposed
[2022-01-11 22:33:49.787] [exthost] [warning] TextEditor is closed/disposed
[2022-01-11 22:33:49.787] [exthost] [warning] TextEditor is closed/disposed
[2022-01-11 22:46:02.375] [exthost] [warning] TextEditor is closed/disposed
[2022-01-11 22:46:02.379] [exthost] [warning] TextEditor is closed/disposed
[2022-01-11 22:46:02.379] [exthost] [warning] TextEditor is closed/disposed
[2022-01-11 22:46:17.462] [exthost] [warning] TextEditor is closed/disposed
[2022-01-11 22:46:17.465] [exthost] [warning] TextEditor is closed/disposed
[2022-01-11 22:46:17.465] [exthost] [warning] TextEditor is closed/disposed
[2022-01-11 23:26:15.140] [exthost] [warning] TextEditor is closed/disposed
[2022-01-11 23:26:15.144] [exthost] [warning] TextEditor is closed/disposed
[2022-01-11 23:26:15.144] [exthost] [warning] TextEditor is closed/disposed
[2022-01-11 23:26:15.168] [exthost] [warning] ExtHostTextEditorOptions 'setCursorStyle' failed:'
[2022-01-11 23:26:15.168] [exthost] [warning] {"name":"DISPOSED","message":"TextEditor(vs.editor.ICodeEditor:1,$model1) has been disposed"}
[2022-01-11 23:26:16.260] [exthost] [warning] TextEditor is closed/disposed
[2022-01-11 23:26:16.260] [exthost] [warning] TextEditor is closed/disposed
[2022-01-11 23:26:16.261] [exthost] [warning] TextEditor is closed/disposed
[2022-01-11 23:26:16.267] [exthost] [warning] ExtHostTextEditorOptions 'setCursorStyle' failed:'
[2022-01-11 23:26:16.267] [exthost] [warning] {"name":"DISPOSED","message":"TextEditor(vs.editor.ICodeEditor:1,$model125) has been disposed"}
[2022-01-11 23:26:17.478] [exthost] [info] extension host terminating: renderer closed the socket
[2022-01-11 23:26:17.934] [exthost] [error] TypeError: r.some is not a function
    at Function.saveToDisk (/home/bill/.vscode/extensions/vscodevim.vim-1.21.10/src/register/register.ts:350:30)
    at Object.e.deactivate (/home/bill/.vscode/extensions/vscodevim.vim-1.21.10/extension.ts:37:18)
    at v._deactivate (/opt/visual-studio-code/resources/app/out/vs/workbench/services/extensions/node/extensionHostProcess.js:100:11513)
    at /opt/visual-studio-code/resources/app/out/vs/workbench/services/extensions/node/extensionHostProcess.js:100:10061
    at Array.map (<anonymous>)
    at v.deactivateAll (/opt/visual-studio-code/resources/app/out/vs/workbench/services/extensions/node/extensionHostProcess.js:100:10049)
    at p.terminate (/opt/visual-studio-code/resources/app/out/vs/workbench/services/extensions/node/extensionHostProcess.js:104:735)
    at r (/opt/visual-studio-code/resources/app/out/vs/workbench/services/extensions/node/extensionHostProcess.js:114:36400)
    at Socket.<anonymous> (/opt/visual-studio-code/resources/app/out/vs/workbench/services/extensions/node/extensionHostProcess.js:114:34012)
    at Socket.emit (events.js:327:22)
    at Pipe.<anonymous> (net.js:673:12)
[2022-01-11 23:26:17.935] [exthost] [info] Extension host with pid 248647 exiting with code 0
