[2021-09-07 17:09:49.676] [exthost] [info] extension host started
[2021-09-07 17:09:49.676] [exthost] [info] Skipping acquiring lock for /home/bill/.config/Code/User/workspaceStorage/a2d5cc86c705baa919bcb97bbf54200c.
[2021-09-07 17:09:49.796] [exthost] [info] ExtensionService#_doActivateExtension vscode.microsoft-authentication {"startup":false,"extensionId":{"value":"vscode.microsoft-authentication","_lower":"vscode.microsoft-authentication"},"activationEvent":"onAuthenticationRequest:microsoft"}
[2021-09-07 17:09:49.796] [exthost] [info] ExtensionService#loadCommonJSModule file:///opt/visual-studio-code/resources/app/extensions/microsoft-authentication/dist/extension.js
[2021-09-07 17:09:49.993] [exthost] [info] ExtensionService#_doActivateExtension golang.go {"startup":false,"extensionId":{"value":"golang.go","_lower":"golang.go"},"activationEvent":"onLanguage:go"}
[2021-09-07 17:09:49.993] [exthost] [info] ExtensionService#loadCommonJSModule file:///home/bill/.vscode/extensions/golang.go-0.27.2/dist/goMain.js
[2021-09-07 17:09:50.267] [exthost] [info] ExtensionService#_doActivateExtension vscode.debug-auto-launch {"startup":true,"extensionId":{"value":"vscode.debug-auto-launch","_lower":"vscode.debug-auto-launch"},"activationEvent":"*"}
[2021-09-07 17:09:50.267] [exthost] [info] ExtensionService#loadCommonJSModule file:///opt/visual-studio-code/resources/app/extensions/debug-auto-launch/dist/extension
[2021-09-07 17:09:50.478] [exthost] [info] ExtensionService#_doActivateExtension vscode.git {"startup":true,"extensionId":{"value":"vscode.github","_lower":"vscode.github"},"activationEvent":"*"}
[2021-09-07 17:09:50.478] [exthost] [info] ExtensionService#loadCommonJSModule file:///opt/visual-studio-code/resources/app/extensions/git/dist/main
[2021-09-07 17:09:50.880] [exthost] [info] ExtensionService#_doActivateExtension 2gua.rainbow-brackets {"startup":true,"extensionId":{"value":"2gua.rainbow-brackets","_lower":"2gua.rainbow-brackets"},"activationEvent":"*"}
[2021-09-07 17:09:50.880] [exthost] [info] ExtensionService#loadCommonJSModule file:///home/bill/.vscode/extensions/2gua.rainbow-brackets-0.0.6/out/src/extension
[2021-09-07 17:09:50.940] [exthost] [info] ExtensionService#_doActivateExtension ecmel.vscode-html-css {"startup":true,"extensionId":{"value":"ecmel.vscode-html-css","_lower":"ecmel.vscode-html-css"},"activationEvent":"*"}
[2021-09-07 17:09:50.940] [exthost] [info] ExtensionService#loadCommonJSModule file:///home/bill/.vscode/extensions/ecmel.vscode-html-css-1.10.2/dist/extension.js
[2021-09-07 17:09:51.068] [exthost] [info] ExtensionService#_doActivateExtension extr0py.vscode-relative-line-numbers {"startup":true,"extensionId":{"value":"extr0py.vscode-relative-line-numbers","_lower":"extr0py.vscode-relative-line-numbers"},"activationEvent":"*"}
[2021-09-07 17:09:51.068] [exthost] [info] ExtensionService#loadCommonJSModule file:///home/bill/.vscode/extensions/extr0py.vscode-relative-line-numbers-0.0.5/out/src/extension
[2021-09-07 17:09:51.150] [exthost] [info] ExtensionService#_doActivateExtension ritwickdey.LiveServer {"startup":true,"extensionId":{"value":"ritwickdey.LiveServer","_lower":"ritwickdey.liveserver"},"activationEvent":"*"}
[2021-09-07 17:09:51.151] [exthost] [info] ExtensionService#loadCommonJSModule file:///home/bill/.vscode/extensions/ritwickdey.liveserver-5.6.1/out/src/extension
[2021-09-07 17:09:54.880] [exthost] [info] ExtensionService#_doActivateExtension vscodevim.vim {"startup":true,"extensionId":{"value":"vscodevim.vim","_lower":"vscodevim.vim"},"activationEvent":"*"}
[2021-09-07 17:09:54.880] [exthost] [info] ExtensionService#loadCommonJSModule file:///home/bill/.vscode/extensions/vscodevim.vim-1.21.7/out/extension
[2021-09-07 17:09:55.033] [exthost] [info] ExtensionService#_doActivateExtension zhuangtongfa.material-theme {"startup":true,"extensionId":{"value":"zhuangtongfa.material-theme","_lower":"zhuangtongfa.material-theme"},"activationEvent":"*"}
[2021-09-07 17:09:55.033] [exthost] [info] ExtensionService#loadCommonJSModule file:///home/bill/.vscode/extensions/zhuangtongfa.material-theme-3.11.4/out/extension.js
[2021-09-07 17:09:55.215] [exthost] [info] ExtensionService#_doActivateExtension Zignd.html-css-class-completion {"startup":true,"extensionId":{"value":"Zignd.html-css-class-completion","_lower":"zignd.html-css-class-completion"},"activationEvent":"*"}
[2021-09-07 17:09:55.215] [exthost] [info] ExtensionService#loadCommonJSModule file:///home/bill/.vscode/extensions/zignd.html-css-class-completion-1.20.0/dist/extension.js
[2021-09-07 17:09:55.991] [exthost] [info] ExtensionService#_doActivateExtension ms-vscode.js-debug {"startup":false,"extensionId":{"value":"ms-vscode.js-debug","_lower":"ms-vscode.js-debug"},"activationEvent":"onCommand:extension.js-debug.clearAutoAttachVariables"}
[2021-09-07 17:09:55.991] [exthost] [info] ExtensionService#loadCommonJSModule file:///opt/visual-studio-code/resources/app/extensions/ms-vscode.js-debug/src/extension.js
[2021-09-07 17:09:56.965] [exthost] [info] ExtensionService#_doActivateExtension vscode.github {"startup":false,"extensionId":{"value":"vscode.github","_lower":"vscode.github"},"activationEvent":"*"}
[2021-09-07 17:09:56.965] [exthost] [info] ExtensionService#loadCommonJSModule file:///opt/visual-studio-code/resources/app/extensions/github/dist/extension.js
[2021-09-07 17:09:57.171] [exthost] [info] eager extensions activated
[2021-09-07 17:09:57.310] [exthost] [info] ExtensionService#_doActivateExtension vscode.emmet {"startup":false,"extensionId":{"value":"vscode.emmet","_lower":"vscode.emmet"},"activationEvent":"onStartupFinished"}
[2021-09-07 17:09:57.310] [exthost] [info] ExtensionService#loadCommonJSModule file:///opt/visual-studio-code/resources/app/extensions/emmet/dist/node/emmetNodeMain
[2021-09-07 17:09:57.378] [exthost] [info] ExtensionService#_doActivateExtension vscode.merge-conflict {"startup":false,"extensionId":{"value":"vscode.merge-conflict","_lower":"vscode.merge-conflict"},"activationEvent":"onStartupFinished"}
[2021-09-07 17:09:57.378] [exthost] [info] ExtensionService#loadCommonJSModule file:///opt/visual-studio-code/resources/app/extensions/merge-conflict/dist/mergeConflictMain
[2021-09-07 17:09:57.452] [exthost] [info] ExtensionService#_doActivateExtension dbaeumer.vscode-eslint {"startup":false,"extensionId":{"value":"dbaeumer.vscode-eslint","_lower":"dbaeumer.vscode-eslint"},"activationEvent":"onStartupFinished"}
[2021-09-07 17:09:57.452] [exthost] [info] ExtensionService#loadCommonJSModule file:///home/bill/.vscode/extensions/dbaeumer.vscode-eslint-2.1.23/client/out/extension
[2021-09-07 17:09:57.511] [exthost] [info] ExtensionService#_doActivateExtension eamodio.gitlens {"startup":false,"extensionId":{"value":"eamodio.gitlens","_lower":"eamodio.gitlens"},"activationEvent":"onStartupFinished"}
[2021-09-07 17:09:57.512] [exthost] [info] ExtensionService#loadCommonJSModule file:///home/bill/.vscode/extensions/eamodio.gitlens-11.6.0/dist/gitlens
[2021-09-07 17:09:57.656] [exthost] [info] ExtensionService#_doActivateExtension esbenp.prettier-vscode {"startup":false,"extensionId":{"value":"esbenp.prettier-vscode","_lower":"esbenp.prettier-vscode"},"activationEvent":"onStartupFinished"}
[2021-09-07 17:09:57.656] [exthost] [info] ExtensionService#loadCommonJSModule file:///home/bill/.vscode/extensions/esbenp.prettier-vscode-8.1.0/dist/extension
[2021-09-07 17:09:57.874] [exthost] [info] ExtensionService#_doActivateExtension ms-vscode-remote.remote-containers {"startup":false,"extensionId":{"value":"ms-vscode-remote.remote-containers","_lower":"ms-vscode-remote.remote-containers"},"activationEvent":"onStartupFinished"}
[2021-09-07 17:09:57.874] [exthost] [info] ExtensionService#loadCommonJSModule file:///home/bill/.vscode/extensions/ms-vscode-remote.remote-containers-0.194.0/dist/extension/extension
[2021-09-07 17:09:57.968] [exthost] [info] ExtensionService#_doActivateExtension ms-vscode-remote.remote-wsl {"startup":false,"extensionId":{"value":"ms-vscode-remote.remote-wsl","_lower":"ms-vscode-remote.remote-wsl"},"activationEvent":"onStartupFinished"}
[2021-09-07 17:09:57.969] [exthost] [info] ExtensionService#loadCommonJSModule file:///home/bill/.vscode/extensions/ms-vscode-remote.remote-wsl-0.58.2/dist/extension
[2021-09-07 17:09:58.708] [exthost] [info] ExtensionService#_doActivateExtension vscode.github-authentication {"startup":false,"extensionId":{"value":"vscode.github-authentication","_lower":"vscode.github-authentication"},"activationEvent":"onAuthenticationRequest:github"}
[2021-09-07 17:09:58.708] [exthost] [info] ExtensionService#loadCommonJSModule file:///opt/visual-studio-code/resources/app/extensions/github-authentication/dist/extension.js
[2021-09-07 17:12:21.664] [exthost] [info] extension host terminating: renderer closed the socket
[2021-09-07 17:12:21.717] [exthost] [warning] {"name":"Canceled"}
[2021-09-07 17:12:22.717] [exthost] [info] exiting with code 0
