[Info  - 3:36:45 AM] 2021/09/06 03:36:45 go env for /home/bill/startup
(root /home/bill/startup)
(go version go version go1.17 linux/amd64)
(valid build configuration = false)
(build flags: [])
GOINSECURE=
GOMODCACHE=/home/bill/go/pkg/mod
GOPATH=/home/bill/go
GOPROXY=https://proxy.golang.org,direct
GOCACHE=/home/bill/.cache/go-build
GOFLAGS=
GOROOT=/usr/lib/go
GOSUMDB=sum.golang.org
GONOPROXY=
GONOSUMDB=
GOMOD=/dev/null
GO111MODULE=
GOPRIVATE=


[Info  - 3:36:45 AM] 2021/09/06 03:36:45 go/packages.Load
	snapshot=0
	directory=/home/bill/startup
	query=[./ builtin]
	packages=2

[Info  - 3:36:45 AM] 2021/09/06 03:36:45 go/packages.Load
	snapshot=0
	directory=/home/bill/startup
	query=[./]
	packages=1

[Info  - 3:36:45 AM] 2021/09/06 03:36:45 go/packages.Load
	snapshot=0
	directory=/home/bill/startup
	query=[./]
	packages=1

[Info  - 3:36:45 AM] 2021/09/06 03:36:45 go/packages.Load
	snapshot=0
	directory=/home/bill/startup
	query=[./]
	packages=1

[Info  - 3:36:46 AM] 2021/09/06 03:36:46 go/packages.Load
	snapshot=1
	directory=/home/bill/startup
	query=[file=/home/bill/startup/go/goDoc.go]
	packages=1

[Info  - 3:36:46 AM] 2021/09/06 03:36:46 go/packages.Load
	snapshot=1
	directory=/home/bill/startup
	query=[file=/home/bill/startup/go/goDoc.go]
	packages=1

[Info  - 3:36:46 AM] 2021/09/06 03:36:46 go/packages.Load
	snapshot=1
	package="command-line-arguments"
	files=[/home/bill/startup/go/goDoc.go]

[Info  - 3:36:46 AM] 2021/09/06 03:36:46 go/packages.Load
	snapshot=1
	package="command-line-arguments"
	files=[/home/bill/startup/go/goDoc.go]

[Info  - 3:36:46 AM] 2021/09/06 03:36:46 falling back to safe trimming due to type errors: [/usr/lib/go/src/runtime/vdso_linux.go:55:38: invalid operation: division by zero /usr/lib/go/src/runtime/vdso_linux.go:56:38: invalid operation: division by zero] or still-missing identifiers: map[memRecordCycle:true pageBits:true]
	package="runtime"

[Info  - 3:37:16 AM] 2021/09/06 03:37:16 background imports cache refresh starting

[Info  - 3:37:16 AM] 2021/09/06 03:37:16 background refresh finished after 6.331548ms

[Info  - 3:37:47 AM] 2021/09/06 03:37:47 background imports cache refresh starting

[Info  - 3:37:47 AM] 2021/09/06 03:37:47 background refresh finished after 567.926µs

