Info 2021-12-14 15:29:18: Experimentation service retrieved: [object Object]
User belongs to experiment group 'jupyterTest'
User belongs to experiment group 'jupyterEnhancedDataViewer'
Info 2021-12-14 15:29:18: ZMQ install verified.
Info 2021-12-14 15:29:18: Experiment status for python is {"enabled":true,"optInto":[],"optOutFrom":[]}
Info 2021-12-14 15:29:19: Process Execution: > /bin/python -m pip list
> /bin/python -m pip list
Info 2021-12-14 15:29:19: Process Execution: > /bin/python -m pip list
> /bin/python -m pip list
Info 2021-12-14 15:29:19: Process Execution: > /bin/python -c "import jupyter"
> /bin/python -c "import jupyter"
Info 2021-12-14 15:29:19: Process Execution: > /bin/python -c "import jupyter"
> /bin/python -c "import jupyter"
Info 2021-12-14 15:29:19: Process Execution: > /bin/python -c "import notebook"
> /bin/python -c "import notebook"
Info 2021-12-14 15:29:19: Process Execution: > /bin/python -c "import notebook"
> /bin/python -c "import notebook"
Info 2021-12-14 15:29:30: Shutting down notebooks for 6cbff684-f965-4f6b-ae7d-a5575bf857b3
Info 2021-12-14 15:29:30: Disposing HostJupyterExecution ac25a2aa-a0e8-48c7-a80e-958e2beca689
Info 2021-12-14 15:29:30: Disposing super HostJupyterExecution ac25a2aa-a0e8-48c7-a80e-958e2beca689
Info 2021-12-14 15:29:30: Disposing HostJupyterExecution ac25a2aa-a0e8-48c7-a80e-958e2beca689
Info 2021-12-14 15:29:30: Finished disposing HostJupyterExecution  ac25a2aa-a0e8-48c7-a80e-958e2beca689
Info 2021-12-14 15:29:30: Cleaning up server cache ac25a2aa-a0e8-48c7-a80e-958e2beca689
Info 2021-12-14 15:29:30: Finished disposing HostJupyterExecution  ac25a2aa-a0e8-48c7-a80e-958e2beca689
