[2022-01-09 16:01:34.253] [renderer1] [error] [Extension Host] (node:167721) [DEP0005] DeprecationWarning: Buffer() is deprecated due to security and usability issues. Please use the Buffer.alloc(), Buffer.allocUnsafe(), or Buffer.from() methods instead.
(Use `code --trace-deprecation ...` to show where the warning was created)
[2022-01-09 16:01:37.115] [renderer1] [error] ENOENT: no such file or directory, open '/home/bill/.config/Code/User/globalStorage/vscodevim.vim/.registers': Error: ENOENT: no such file or directory, open '/home/bill/.config/Code/User/globalStorage/vscodevim.vim/.registers'
[2022-01-09 16:05:48.890] [renderer1] [error] The "file" argument must be of type string. Received null: TypeError [ERR_INVALID_ARG_TYPE]: The "file" argument must be of type string. Received null
    at validateString (internal/validators.js:124:11)
    at normalizeSpawnArguments (child_process.js:420:3)
    at Object.spawn (child_process.js:568:13)
    at Server.<anonymous> (/home/bill/.vscode/extensions/salesforce.salesforce-vscode-slds-1.4.8/client/src/sldsLanguageClient.ts:171:32)
    at Object.onceWrapper (events.js:421:28)
    at Server.emit (events.js:315:20)
    at emitListeningNT (net.js:1352:10)
    at processTicksAndRejections (internal/process/task_queues.js:79:21)
[2022-01-09 16:05:49.080] [renderer1] [error] Request textDocument/codeAction failed with message: No ESLint configuration found in /home/bill/sftpsf.: Error: Request textDocument/codeAction failed with message: No ESLint configuration found in /home/bill/sftpsf.
    at /home/bill/.vscode/extensions/dbaeumer.vscode-eslint-2.2.2/client/out/webpack:/client/node_modules/vscode-jsonrpc/lib/common/connection.js:500:57
    at undefined (/home/bill/.vscode/extensions/dbaeumer.vscode-eslint-2.2.2/client/out/webpack:/client/node_modules/vscode-jsonrpc/lib/common/connection.js:587:26)
    at Immediate.<anonymous> (/home/bill/.vscode/extensions/dbaeumer.vscode-eslint-2.2.2/client/out/webpack:/client/node_modules/vscode-jsonrpc/lib/common/connection.js:265:35)
    at processImmediate (internal/timers.js:461:21)
[2022-01-09 16:07:03.533] [renderer1] [error] Request textDocument/codeAction failed with message: No ESLint configuration found in /home/bill/sftpsf.: Error: Request textDocument/codeAction failed with message: No ESLint configuration found in /home/bill/sftpsf.
    at /home/bill/.vscode/extensions/dbaeumer.vscode-eslint-2.2.2/client/out/webpack:/client/node_modules/vscode-jsonrpc/lib/common/connection.js:500:57
    at undefined (/home/bill/.vscode/extensions/dbaeumer.vscode-eslint-2.2.2/client/out/webpack:/client/node_modules/vscode-jsonrpc/lib/common/connection.js:587:26)
    at Immediate.<anonymous> (/home/bill/.vscode/extensions/dbaeumer.vscode-eslint-2.2.2/client/out/webpack:/client/node_modules/vscode-jsonrpc/lib/common/connection.js:265:35)
    at processImmediate (internal/timers.js:461:21)
[2022-01-09 16:08:29.610] [renderer1] [error] Request textDocument/codeAction failed with message: No ESLint configuration found in /home/bill/sftpsf.: Error: Request textDocument/codeAction failed with message: No ESLint configuration found in /home/bill/sftpsf.
    at /home/bill/.vscode/extensions/dbaeumer.vscode-eslint-2.2.2/client/out/webpack:/client/node_modules/vscode-jsonrpc/lib/common/connection.js:500:57
    at undefined (/home/bill/.vscode/extensions/dbaeumer.vscode-eslint-2.2.2/client/out/webpack:/client/node_modules/vscode-jsonrpc/lib/common/connection.js:587:26)
    at Immediate.<anonymous> (/home/bill/.vscode/extensions/dbaeumer.vscode-eslint-2.2.2/client/out/webpack:/client/node_modules/vscode-jsonrpc/lib/common/connection.js:265:35)
    at processImmediate (internal/timers.js:461:21)
[2022-01-09 16:45:44.417] [renderer1] [error] Request textDocument/codeAction failed with message: No ESLint configuration found in /home/bill/sftpsf.: Error: Request textDocument/codeAction failed with message: No ESLint configuration found in /home/bill/sftpsf.
    at /home/bill/.vscode/extensions/dbaeumer.vscode-eslint-2.2.2/client/out/webpack:/client/node_modules/vscode-jsonrpc/lib/common/connection.js:500:57
    at undefined (/home/bill/.vscode/extensions/dbaeumer.vscode-eslint-2.2.2/client/out/webpack:/client/node_modules/vscode-jsonrpc/lib/common/connection.js:587:26)
    at Immediate.<anonymous> (/home/bill/.vscode/extensions/dbaeumer.vscode-eslint-2.2.2/client/out/webpack:/client/node_modules/vscode-jsonrpc/lib/common/connection.js:265:35)
    at processImmediate (internal/timers.js:461:21)
[2022-01-09 16:45:47.272] [renderer1] [error] Request textDocument/codeAction failed with message: No ESLint configuration found in /home/bill/sftpsf.: Error: Request textDocument/codeAction failed with message: No ESLint configuration found in /home/bill/sftpsf.
    at /home/bill/.vscode/extensions/dbaeumer.vscode-eslint-2.2.2/client/out/webpack:/client/node_modules/vscode-jsonrpc/lib/common/connection.js:500:57
    at undefined (/home/bill/.vscode/extensions/dbaeumer.vscode-eslint-2.2.2/client/out/webpack:/client/node_modules/vscode-jsonrpc/lib/common/connection.js:587:26)
    at Immediate.<anonymous> (/home/bill/.vscode/extensions/dbaeumer.vscode-eslint-2.2.2/client/out/webpack:/client/node_modules/vscode-jsonrpc/lib/common/connection.js:265:35)
    at processImmediate (internal/timers.js:461:21)
[2022-01-09 16:46:05.733] [renderer1] [error] Request textDocument/codeAction failed with message: No ESLint configuration found in /home/bill/sftpsf.: Error: Request textDocument/codeAction failed with message: No ESLint configuration found in /home/bill/sftpsf.
    at /home/bill/.vscode/extensions/dbaeumer.vscode-eslint-2.2.2/client/out/webpack:/client/node_modules/vscode-jsonrpc/lib/common/connection.js:500:57
    at undefined (/home/bill/.vscode/extensions/dbaeumer.vscode-eslint-2.2.2/client/out/webpack:/client/node_modules/vscode-jsonrpc/lib/common/connection.js:587:26)
    at Immediate.<anonymous> (/home/bill/.vscode/extensions/dbaeumer.vscode-eslint-2.2.2/client/out/webpack:/client/node_modules/vscode-jsonrpc/lib/common/connection.js:265:35)
    at processImmediate (internal/timers.js:461:21)
[2022-01-09 16:46:30.571] [renderer1] [error] Request textDocument/codeAction failed with message: No ESLint configuration found in /home/bill/sftpsf.: Error: Request textDocument/codeAction failed with message: No ESLint configuration found in /home/bill/sftpsf.
    at /home/bill/.vscode/extensions/dbaeumer.vscode-eslint-2.2.2/client/out/webpack:/client/node_modules/vscode-jsonrpc/lib/common/connection.js:500:57
    at undefined (/home/bill/.vscode/extensions/dbaeumer.vscode-eslint-2.2.2/client/out/webpack:/client/node_modules/vscode-jsonrpc/lib/common/connection.js:587:26)
    at Immediate.<anonymous> (/home/bill/.vscode/extensions/dbaeumer.vscode-eslint-2.2.2/client/out/webpack:/client/node_modules/vscode-jsonrpc/lib/common/connection.js:265:35)
    at processImmediate (internal/timers.js:461:21)
[2022-01-09 16:47:07.175] [renderer1] [error] Request textDocument/codeAction failed with message: No ESLint configuration found in /home/bill/sftpsf.: Error: Request textDocument/codeAction failed with message: No ESLint configuration found in /home/bill/sftpsf.
    at /home/bill/.vscode/extensions/dbaeumer.vscode-eslint-2.2.2/client/out/webpack:/client/node_modules/vscode-jsonrpc/lib/common/connection.js:500:57
    at undefined (/home/bill/.vscode/extensions/dbaeumer.vscode-eslint-2.2.2/client/out/webpack:/client/node_modules/vscode-jsonrpc/lib/common/connection.js:587:26)
    at Immediate.<anonymous> (/home/bill/.vscode/extensions/dbaeumer.vscode-eslint-2.2.2/client/out/webpack:/client/node_modules/vscode-jsonrpc/lib/common/connection.js:265:35)
    at processImmediate (internal/timers.js:461:21)
[2022-01-09 16:47:08.794] [renderer1] [error] Request textDocument/codeAction failed with message: No ESLint configuration found in /home/bill/sftpsf.: Error: Request textDocument/codeAction failed with message: No ESLint configuration found in /home/bill/sftpsf.
    at /home/bill/.vscode/extensions/dbaeumer.vscode-eslint-2.2.2/client/out/webpack:/client/node_modules/vscode-jsonrpc/lib/common/connection.js:500:57
    at undefined (/home/bill/.vscode/extensions/dbaeumer.vscode-eslint-2.2.2/client/out/webpack:/client/node_modules/vscode-jsonrpc/lib/common/connection.js:587:26)
    at Immediate.<anonymous> (/home/bill/.vscode/extensions/dbaeumer.vscode-eslint-2.2.2/client/out/webpack:/client/node_modules/vscode-jsonrpc/lib/common/connection.js:265:35)
    at processImmediate (internal/timers.js:461:21)
[2022-01-09 16:48:30.799] [renderer1] [error] Request textDocument/codeAction failed with message: No ESLint configuration found in /home/bill/sftpsf.: Error: Request textDocument/codeAction failed with message: No ESLint configuration found in /home/bill/sftpsf.
    at /home/bill/.vscode/extensions/dbaeumer.vscode-eslint-2.2.2/client/out/webpack:/client/node_modules/vscode-jsonrpc/lib/common/connection.js:500:57
    at undefined (/home/bill/.vscode/extensions/dbaeumer.vscode-eslint-2.2.2/client/out/webpack:/client/node_modules/vscode-jsonrpc/lib/common/connection.js:587:26)
    at Immediate.<anonymous> (/home/bill/.vscode/extensions/dbaeumer.vscode-eslint-2.2.2/client/out/webpack:/client/node_modules/vscode-jsonrpc/lib/common/connection.js:265:35)
    at processImmediate (internal/timers.js:461:21)
[2022-01-09 16:48:32.133] [renderer1] [error] Request textDocument/codeAction failed with message: No ESLint configuration found in /home/bill/sftpsf.: Error: Request textDocument/codeAction failed with message: No ESLint configuration found in /home/bill/sftpsf.
    at /home/bill/.vscode/extensions/dbaeumer.vscode-eslint-2.2.2/client/out/webpack:/client/node_modules/vscode-jsonrpc/lib/common/connection.js:500:57
    at undefined (/home/bill/.vscode/extensions/dbaeumer.vscode-eslint-2.2.2/client/out/webpack:/client/node_modules/vscode-jsonrpc/lib/common/connection.js:587:26)
    at Immediate.<anonymous> (/home/bill/.vscode/extensions/dbaeumer.vscode-eslint-2.2.2/client/out/webpack:/client/node_modules/vscode-jsonrpc/lib/common/connection.js:265:35)
    at processImmediate (internal/timers.js:461:21)
[2022-01-09 16:48:33.683] [renderer1] [error] Request textDocument/codeAction failed with message: No ESLint configuration found in /home/bill/sftpsf.: Error: Request textDocument/codeAction failed with message: No ESLint configuration found in /home/bill/sftpsf.
    at /home/bill/.vscode/extensions/dbaeumer.vscode-eslint-2.2.2/client/out/webpack:/client/node_modules/vscode-jsonrpc/lib/common/connection.js:500:57
    at undefined (/home/bill/.vscode/extensions/dbaeumer.vscode-eslint-2.2.2/client/out/webpack:/client/node_modules/vscode-jsonrpc/lib/common/connection.js:587:26)
    at Immediate.<anonymous> (/home/bill/.vscode/extensions/dbaeumer.vscode-eslint-2.2.2/client/out/webpack:/client/node_modules/vscode-jsonrpc/lib/common/connection.js:265:35)
    at processImmediate (internal/timers.js:461:21)
[2022-01-09 16:48:44.576] [renderer1] [error] Request textDocument/codeAction failed with message: No ESLint configuration found in /home/bill/sftpsf.: Error: Request textDocument/codeAction failed with message: No ESLint configuration found in /home/bill/sftpsf.
    at /home/bill/.vscode/extensions/dbaeumer.vscode-eslint-2.2.2/client/out/webpack:/client/node_modules/vscode-jsonrpc/lib/common/connection.js:500:57
    at undefined (/home/bill/.vscode/extensions/dbaeumer.vscode-eslint-2.2.2/client/out/webpack:/client/node_modules/vscode-jsonrpc/lib/common/connection.js:587:26)
    at Immediate.<anonymous> (/home/bill/.vscode/extensions/dbaeumer.vscode-eslint-2.2.2/client/out/webpack:/client/node_modules/vscode-jsonrpc/lib/common/connection.js:265:35)
    at processImmediate (internal/timers.js:461:21)
[2022-01-09 16:48:49.794] [renderer1] [error] Request textDocument/codeAction failed with message: No ESLint configuration found in /home/bill/sftpsf.: Error: Request textDocument/codeAction failed with message: No ESLint configuration found in /home/bill/sftpsf.
    at /home/bill/.vscode/extensions/dbaeumer.vscode-eslint-2.2.2/client/out/webpack:/client/node_modules/vscode-jsonrpc/lib/common/connection.js:500:57
    at undefined (/home/bill/.vscode/extensions/dbaeumer.vscode-eslint-2.2.2/client/out/webpack:/client/node_modules/vscode-jsonrpc/lib/common/connection.js:587:26)
    at Immediate.<anonymous> (/home/bill/.vscode/extensions/dbaeumer.vscode-eslint-2.2.2/client/out/webpack:/client/node_modules/vscode-jsonrpc/lib/common/connection.js:265:35)
    at processImmediate (internal/timers.js:461:21)
[2022-01-09 16:50:55.157] [renderer1] [error] Request textDocument/codeAction failed with message: No ESLint configuration found in /home/bill/sftpsf.: Error: Request textDocument/codeAction failed with message: No ESLint configuration found in /home/bill/sftpsf.
    at /home/bill/.vscode/extensions/dbaeumer.vscode-eslint-2.2.2/client/out/webpack:/client/node_modules/vscode-jsonrpc/lib/common/connection.js:500:57
    at undefined (/home/bill/.vscode/extensions/dbaeumer.vscode-eslint-2.2.2/client/out/webpack:/client/node_modules/vscode-jsonrpc/lib/common/connection.js:587:26)
    at Immediate.<anonymous> (/home/bill/.vscode/extensions/dbaeumer.vscode-eslint-2.2.2/client/out/webpack:/client/node_modules/vscode-jsonrpc/lib/common/connection.js:265:35)
    at processImmediate (internal/timers.js:461:21)
[2022-01-09 16:50:58.111] [renderer1] [error] Request textDocument/codeAction failed with message: No ESLint configuration found in /home/bill/sftpsf.: Error: Request textDocument/codeAction failed with message: No ESLint configuration found in /home/bill/sftpsf.
    at /home/bill/.vscode/extensions/dbaeumer.vscode-eslint-2.2.2/client/out/webpack:/client/node_modules/vscode-jsonrpc/lib/common/connection.js:500:57
    at undefined (/home/bill/.vscode/extensions/dbaeumer.vscode-eslint-2.2.2/client/out/webpack:/client/node_modules/vscode-jsonrpc/lib/common/connection.js:587:26)
    at Immediate.<anonymous> (/home/bill/.vscode/extensions/dbaeumer.vscode-eslint-2.2.2/client/out/webpack:/client/node_modules/vscode-jsonrpc/lib/common/connection.js:265:35)
    at processImmediate (internal/timers.js:461:21)
[2022-01-09 16:51:08.030] [renderer1] [error] Request textDocument/codeAction failed with message: No ESLint configuration found in /home/bill/sftpsf.: Error: Request textDocument/codeAction failed with message: No ESLint configuration found in /home/bill/sftpsf.
    at /home/bill/.vscode/extensions/dbaeumer.vscode-eslint-2.2.2/client/out/webpack:/client/node_modules/vscode-jsonrpc/lib/common/connection.js:500:57
    at undefined (/home/bill/.vscode/extensions/dbaeumer.vscode-eslint-2.2.2/client/out/webpack:/client/node_modules/vscode-jsonrpc/lib/common/connection.js:587:26)
    at Immediate.<anonymous> (/home/bill/.vscode/extensions/dbaeumer.vscode-eslint-2.2.2/client/out/webpack:/client/node_modules/vscode-jsonrpc/lib/common/connection.js:265:35)
    at processImmediate (internal/timers.js:461:21)
[2022-01-09 16:51:10.666] [renderer1] [error] Request textDocument/codeAction failed with message: No ESLint configuration found in /home/bill/sftpsf.: Error: Request textDocument/codeAction failed with message: No ESLint configuration found in /home/bill/sftpsf.
    at /home/bill/.vscode/extensions/dbaeumer.vscode-eslint-2.2.2/client/out/webpack:/client/node_modules/vscode-jsonrpc/lib/common/connection.js:500:57
    at undefined (/home/bill/.vscode/extensions/dbaeumer.vscode-eslint-2.2.2/client/out/webpack:/client/node_modules/vscode-jsonrpc/lib/common/connection.js:587:26)
    at Immediate.<anonymous> (/home/bill/.vscode/extensions/dbaeumer.vscode-eslint-2.2.2/client/out/webpack:/client/node_modules/vscode-jsonrpc/lib/common/connection.js:265:35)
    at processImmediate (internal/timers.js:461:21)
[2022-01-09 16:51:46.286] [renderer1] [error] Request textDocument/codeAction failed with message: No ESLint configuration found in /home/bill/sftpsf.: Error: Request textDocument/codeAction failed with message: No ESLint configuration found in /home/bill/sftpsf.
    at /home/bill/.vscode/extensions/dbaeumer.vscode-eslint-2.2.2/client/out/webpack:/client/node_modules/vscode-jsonrpc/lib/common/connection.js:500:57
    at undefined (/home/bill/.vscode/extensions/dbaeumer.vscode-eslint-2.2.2/client/out/webpack:/client/node_modules/vscode-jsonrpc/lib/common/connection.js:587:26)
    at Immediate.<anonymous> (/home/bill/.vscode/extensions/dbaeumer.vscode-eslint-2.2.2/client/out/webpack:/client/node_modules/vscode-jsonrpc/lib/common/connection.js:265:35)
    at processImmediate (internal/timers.js:461:21)
[2022-01-09 16:52:01.561] [renderer1] [error] Request textDocument/codeAction failed with message: No ESLint configuration found in /home/bill/sftpsf.: Error: Request textDocument/codeAction failed with message: No ESLint configuration found in /home/bill/sftpsf.
    at /home/bill/.vscode/extensions/dbaeumer.vscode-eslint-2.2.2/client/out/webpack:/client/node_modules/vscode-jsonrpc/lib/common/connection.js:500:57
    at undefined (/home/bill/.vscode/extensions/dbaeumer.vscode-eslint-2.2.2/client/out/webpack:/client/node_modules/vscode-jsonrpc/lib/common/connection.js:587:26)
    at Immediate.<anonymous> (/home/bill/.vscode/extensions/dbaeumer.vscode-eslint-2.2.2/client/out/webpack:/client/node_modules/vscode-jsonrpc/lib/common/connection.js:265:35)
    at processImmediate (internal/timers.js:461:21)
[2022-01-09 16:52:02.894] [renderer1] [error] Request textDocument/codeAction failed with message: No ESLint configuration found in /home/bill/sftpsf.: Error: Request textDocument/codeAction failed with message: No ESLint configuration found in /home/bill/sftpsf.
    at /home/bill/.vscode/extensions/dbaeumer.vscode-eslint-2.2.2/client/out/webpack:/client/node_modules/vscode-jsonrpc/lib/common/connection.js:500:57
    at undefined (/home/bill/.vscode/extensions/dbaeumer.vscode-eslint-2.2.2/client/out/webpack:/client/node_modules/vscode-jsonrpc/lib/common/connection.js:587:26)
    at Immediate.<anonymous> (/home/bill/.vscode/extensions/dbaeumer.vscode-eslint-2.2.2/client/out/webpack:/client/node_modules/vscode-jsonrpc/lib/common/connection.js:265:35)
    at processImmediate (internal/timers.js:461:21)
[2022-01-09 16:52:13.382] [renderer1] [error] Request textDocument/codeAction failed with message: No ESLint configuration found in /home/bill/sftpsf.: Error: Request textDocument/codeAction failed with message: No ESLint configuration found in /home/bill/sftpsf.
    at /home/bill/.vscode/extensions/dbaeumer.vscode-eslint-2.2.2/client/out/webpack:/client/node_modules/vscode-jsonrpc/lib/common/connection.js:500:57
    at undefined (/home/bill/.vscode/extensions/dbaeumer.vscode-eslint-2.2.2/client/out/webpack:/client/node_modules/vscode-jsonrpc/lib/common/connection.js:587:26)
    at Immediate.<anonymous> (/home/bill/.vscode/extensions/dbaeumer.vscode-eslint-2.2.2/client/out/webpack:/client/node_modules/vscode-jsonrpc/lib/common/connection.js:265:35)
    at processImmediate (internal/timers.js:461:21)
[2022-01-09 16:52:16.362] [renderer1] [error] Request textDocument/codeAction failed with message: No ESLint configuration found in /home/bill/sftpsf.: Error: Request textDocument/codeAction failed with message: No ESLint configuration found in /home/bill/sftpsf.
    at /home/bill/.vscode/extensions/dbaeumer.vscode-eslint-2.2.2/client/out/webpack:/client/node_modules/vscode-jsonrpc/lib/common/connection.js:500:57
    at undefined (/home/bill/.vscode/extensions/dbaeumer.vscode-eslint-2.2.2/client/out/webpack:/client/node_modules/vscode-jsonrpc/lib/common/connection.js:587:26)
    at Immediate.<anonymous> (/home/bill/.vscode/extensions/dbaeumer.vscode-eslint-2.2.2/client/out/webpack:/client/node_modules/vscode-jsonrpc/lib/common/connection.js:265:35)
    at processImmediate (internal/timers.js:461:21)
[2022-01-09 16:52:50.768] [renderer1] [error] Request textDocument/codeAction failed with message: No ESLint configuration found in /home/bill/sftpsf.: Error: Request textDocument/codeAction failed with message: No ESLint configuration found in /home/bill/sftpsf.
    at /home/bill/.vscode/extensions/dbaeumer.vscode-eslint-2.2.2/client/out/webpack:/client/node_modules/vscode-jsonrpc/lib/common/connection.js:500:57
    at undefined (/home/bill/.vscode/extensions/dbaeumer.vscode-eslint-2.2.2/client/out/webpack:/client/node_modules/vscode-jsonrpc/lib/common/connection.js:587:26)
    at Immediate.<anonymous> (/home/bill/.vscode/extensions/dbaeumer.vscode-eslint-2.2.2/client/out/webpack:/client/node_modules/vscode-jsonrpc/lib/common/connection.js:265:35)
    at processImmediate (internal/timers.js:461:21)
[2022-01-09 16:52:52.823] [renderer1] [error] Request textDocument/codeAction failed with message: No ESLint configuration found in /home/bill/sftpsf.: Error: Request textDocument/codeAction failed with message: No ESLint configuration found in /home/bill/sftpsf.
    at /home/bill/.vscode/extensions/dbaeumer.vscode-eslint-2.2.2/client/out/webpack:/client/node_modules/vscode-jsonrpc/lib/common/connection.js:500:57
    at undefined (/home/bill/.vscode/extensions/dbaeumer.vscode-eslint-2.2.2/client/out/webpack:/client/node_modules/vscode-jsonrpc/lib/common/connection.js:587:26)
    at Immediate.<anonymous> (/home/bill/.vscode/extensions/dbaeumer.vscode-eslint-2.2.2/client/out/webpack:/client/node_modules/vscode-jsonrpc/lib/common/connection.js:265:35)
    at processImmediate (internal/timers.js:461:21)
[2022-01-09 16:53:07.656] [renderer1] [error] Request textDocument/codeAction failed with message: No ESLint configuration found in /home/bill/sftpsf.: Error: Request textDocument/codeAction failed with message: No ESLint configuration found in /home/bill/sftpsf.
    at /home/bill/.vscode/extensions/dbaeumer.vscode-eslint-2.2.2/client/out/webpack:/client/node_modules/vscode-jsonrpc/lib/common/connection.js:500:57
    at undefined (/home/bill/.vscode/extensions/dbaeumer.vscode-eslint-2.2.2/client/out/webpack:/client/node_modules/vscode-jsonrpc/lib/common/connection.js:587:26)
    at Immediate.<anonymous> (/home/bill/.vscode/extensions/dbaeumer.vscode-eslint-2.2.2/client/out/webpack:/client/node_modules/vscode-jsonrpc/lib/common/connection.js:265:35)
    at processImmediate (internal/timers.js:461:21)
[2022-01-09 16:54:26.181] [renderer1] [error] Request textDocument/codeAction failed with message: No ESLint configuration found in /home/bill/sftpsf.: Error: Request textDocument/codeAction failed with message: No ESLint configuration found in /home/bill/sftpsf.
    at /home/bill/.vscode/extensions/dbaeumer.vscode-eslint-2.2.2/client/out/webpack:/client/node_modules/vscode-jsonrpc/lib/common/connection.js:500:57
    at undefined (/home/bill/.vscode/extensions/dbaeumer.vscode-eslint-2.2.2/client/out/webpack:/client/node_modules/vscode-jsonrpc/lib/common/connection.js:587:26)
    at Immediate.<anonymous> (/home/bill/.vscode/extensions/dbaeumer.vscode-eslint-2.2.2/client/out/webpack:/client/node_modules/vscode-jsonrpc/lib/common/connection.js:265:35)
    at processImmediate (internal/timers.js:461:21)
[2022-01-09 16:56:10.369] [renderer1] [error] Request textDocument/codeAction failed with message: No ESLint configuration found in /home/bill/sftpsf.: Error: Request textDocument/codeAction failed with message: No ESLint configuration found in /home/bill/sftpsf.
    at /home/bill/.vscode/extensions/dbaeumer.vscode-eslint-2.2.2/client/out/webpack:/client/node_modules/vscode-jsonrpc/lib/common/connection.js:500:57
    at undefined (/home/bill/.vscode/extensions/dbaeumer.vscode-eslint-2.2.2/client/out/webpack:/client/node_modules/vscode-jsonrpc/lib/common/connection.js:587:26)
    at Immediate.<anonymous> (/home/bill/.vscode/extensions/dbaeumer.vscode-eslint-2.2.2/client/out/webpack:/client/node_modules/vscode-jsonrpc/lib/common/connection.js:265:35)
    at processImmediate (internal/timers.js:461:21)
[2022-01-09 16:57:08.395] [renderer1] [error] Request textDocument/codeAction failed with message: No ESLint configuration found in /home/bill/sftpsf.: Error: Request textDocument/codeAction failed with message: No ESLint configuration found in /home/bill/sftpsf.
    at /home/bill/.vscode/extensions/dbaeumer.vscode-eslint-2.2.2/client/out/webpack:/client/node_modules/vscode-jsonrpc/lib/common/connection.js:500:57
    at undefined (/home/bill/.vscode/extensions/dbaeumer.vscode-eslint-2.2.2/client/out/webpack:/client/node_modules/vscode-jsonrpc/lib/common/connection.js:587:26)
    at Immediate.<anonymous> (/home/bill/.vscode/extensions/dbaeumer.vscode-eslint-2.2.2/client/out/webpack:/client/node_modules/vscode-jsonrpc/lib/common/connection.js:265:35)
    at processImmediate (internal/timers.js:461:21)
[2022-01-09 16:57:11.105] [renderer1] [error] Request textDocument/codeAction failed with message: No ESLint configuration found in /home/bill/sftpsf.: Error: Request textDocument/codeAction failed with message: No ESLint configuration found in /home/bill/sftpsf.
    at /home/bill/.vscode/extensions/dbaeumer.vscode-eslint-2.2.2/client/out/webpack:/client/node_modules/vscode-jsonrpc/lib/common/connection.js:500:57
    at undefined (/home/bill/.vscode/extensions/dbaeumer.vscode-eslint-2.2.2/client/out/webpack:/client/node_modules/vscode-jsonrpc/lib/common/connection.js:587:26)
    at Immediate.<anonymous> (/home/bill/.vscode/extensions/dbaeumer.vscode-eslint-2.2.2/client/out/webpack:/client/node_modules/vscode-jsonrpc/lib/common/connection.js:265:35)
    at processImmediate (internal/timers.js:461:21)
[2022-01-09 16:58:11.952] [renderer1] [error] Request textDocument/codeAction failed with message: No ESLint configuration found in /home/bill/sftpsf.: Error: Request textDocument/codeAction failed with message: No ESLint configuration found in /home/bill/sftpsf.
    at /home/bill/.vscode/extensions/dbaeumer.vscode-eslint-2.2.2/client/out/webpack:/client/node_modules/vscode-jsonrpc/lib/common/connection.js:500:57
    at undefined (/home/bill/.vscode/extensions/dbaeumer.vscode-eslint-2.2.2/client/out/webpack:/client/node_modules/vscode-jsonrpc/lib/common/connection.js:587:26)
    at Immediate.<anonymous> (/home/bill/.vscode/extensions/dbaeumer.vscode-eslint-2.2.2/client/out/webpack:/client/node_modules/vscode-jsonrpc/lib/common/connection.js:265:35)
    at processImmediate (internal/timers.js:461:21)
[2022-01-09 16:58:15.802] [renderer1] [error] Request textDocument/codeAction failed with message: No ESLint configuration found in /home/bill/sftpsf.: Error: Request textDocument/codeAction failed with message: No ESLint configuration found in /home/bill/sftpsf.
    at /home/bill/.vscode/extensions/dbaeumer.vscode-eslint-2.2.2/client/out/webpack:/client/node_modules/vscode-jsonrpc/lib/common/connection.js:500:57
    at undefined (/home/bill/.vscode/extensions/dbaeumer.vscode-eslint-2.2.2/client/out/webpack:/client/node_modules/vscode-jsonrpc/lib/common/connection.js:587:26)
    at Immediate.<anonymous> (/home/bill/.vscode/extensions/dbaeumer.vscode-eslint-2.2.2/client/out/webpack:/client/node_modules/vscode-jsonrpc/lib/common/connection.js:265:35)
    at processImmediate (internal/timers.js:461:21)
[2022-01-09 16:58:51.084] [renderer1] [error] Request textDocument/codeAction failed with message: No ESLint configuration found in /home/bill/sftpsf.: Error: Request textDocument/codeAction failed with message: No ESLint configuration found in /home/bill/sftpsf.
    at /home/bill/.vscode/extensions/dbaeumer.vscode-eslint-2.2.2/client/out/webpack:/client/node_modules/vscode-jsonrpc/lib/common/connection.js:500:57
    at undefined (/home/bill/.vscode/extensions/dbaeumer.vscode-eslint-2.2.2/client/out/webpack:/client/node_modules/vscode-jsonrpc/lib/common/connection.js:587:26)
    at Immediate.<anonymous> (/home/bill/.vscode/extensions/dbaeumer.vscode-eslint-2.2.2/client/out/webpack:/client/node_modules/vscode-jsonrpc/lib/common/connection.js:265:35)
    at processImmediate (internal/timers.js:461:21)
[2022-01-09 16:58:52.122] [renderer1] [error] Request textDocument/codeAction failed with message: No ESLint configuration found in /home/bill/sftpsf.: Error: Request textDocument/codeAction failed with message: No ESLint configuration found in /home/bill/sftpsf.
    at /home/bill/.vscode/extensions/dbaeumer.vscode-eslint-2.2.2/client/out/webpack:/client/node_modules/vscode-jsonrpc/lib/common/connection.js:500:57
    at undefined (/home/bill/.vscode/extensions/dbaeumer.vscode-eslint-2.2.2/client/out/webpack:/client/node_modules/vscode-jsonrpc/lib/common/connection.js:587:26)
    at Immediate.<anonymous> (/home/bill/.vscode/extensions/dbaeumer.vscode-eslint-2.2.2/client/out/webpack:/client/node_modules/vscode-jsonrpc/lib/common/connection.js:265:35)
    at processImmediate (internal/timers.js:461:21)
[2022-01-09 17:04:44.471] [renderer1] [error] Request textDocument/codeAction failed with message: No ESLint configuration found in /home/bill/sftpsf.: Error: Request textDocument/codeAction failed with message: No ESLint configuration found in /home/bill/sftpsf.
    at /home/bill/.vscode/extensions/dbaeumer.vscode-eslint-2.2.2/client/out/webpack:/client/node_modules/vscode-jsonrpc/lib/common/connection.js:500:57
    at undefined (/home/bill/.vscode/extensions/dbaeumer.vscode-eslint-2.2.2/client/out/webpack:/client/node_modules/vscode-jsonrpc/lib/common/connection.js:587:26)
    at Immediate.<anonymous> (/home/bill/.vscode/extensions/dbaeumer.vscode-eslint-2.2.2/client/out/webpack:/client/node_modules/vscode-jsonrpc/lib/common/connection.js:265:35)
    at processImmediate (internal/timers.js:461:21)
[2022-01-09 17:04:45.717] [renderer1] [error] Request textDocument/codeAction failed with message: No ESLint configuration found in /home/bill/sftpsf.: Error: Request textDocument/codeAction failed with message: No ESLint configuration found in /home/bill/sftpsf.
    at /home/bill/.vscode/extensions/dbaeumer.vscode-eslint-2.2.2/client/out/webpack:/client/node_modules/vscode-jsonrpc/lib/common/connection.js:500:57
    at undefined (/home/bill/.vscode/extensions/dbaeumer.vscode-eslint-2.2.2/client/out/webpack:/client/node_modules/vscode-jsonrpc/lib/common/connection.js:587:26)
    at Immediate.<anonymous> (/home/bill/.vscode/extensions/dbaeumer.vscode-eslint-2.2.2/client/out/webpack:/client/node_modules/vscode-jsonrpc/lib/common/connection.js:265:35)
    at processImmediate (internal/timers.js:461:21)
[2022-01-09 17:08:42.138] [renderer1] [error] Request textDocument/codeAction failed with message: No ESLint configuration found in /home/bill/sftpsf.: Error: Request textDocument/codeAction failed with message: No ESLint configuration found in /home/bill/sftpsf.
    at /home/bill/.vscode/extensions/dbaeumer.vscode-eslint-2.2.2/client/out/webpack:/client/node_modules/vscode-jsonrpc/lib/common/connection.js:500:57
    at undefined (/home/bill/.vscode/extensions/dbaeumer.vscode-eslint-2.2.2/client/out/webpack:/client/node_modules/vscode-jsonrpc/lib/common/connection.js:587:26)
    at Immediate.<anonymous> (/home/bill/.vscode/extensions/dbaeumer.vscode-eslint-2.2.2/client/out/webpack:/client/node_modules/vscode-jsonrpc/lib/common/connection.js:265:35)
    at processImmediate (internal/timers.js:461:21)
[2022-01-09 17:08:45.067] [renderer1] [error] Request textDocument/codeAction failed with message: No ESLint configuration found in /home/bill/sftpsf.: Error: Request textDocument/codeAction failed with message: No ESLint configuration found in /home/bill/sftpsf.
    at /home/bill/.vscode/extensions/dbaeumer.vscode-eslint-2.2.2/client/out/webpack:/client/node_modules/vscode-jsonrpc/lib/common/connection.js:500:57
    at undefined (/home/bill/.vscode/extensions/dbaeumer.vscode-eslint-2.2.2/client/out/webpack:/client/node_modules/vscode-jsonrpc/lib/common/connection.js:587:26)
    at Immediate.<anonymous> (/home/bill/.vscode/extensions/dbaeumer.vscode-eslint-2.2.2/client/out/webpack:/client/node_modules/vscode-jsonrpc/lib/common/connection.js:265:35)
    at processImmediate (internal/timers.js:461:21)
