[2022-01-09 16:01:34.551] [settingssync] [info] Using settings sync service https://vscode-sync.trafficmanager.net/
[2022-01-09 16:01:34.552] [settingssync] [info] Auto Sync is enabled.
[2022-01-09 16:01:34.552] [settingssync] [info] Auto Sync: Suspended until auth token is available.
[2022-01-09 16:01:37.119] [settingssync] [info] Auto Sync: Started
[2022-01-09 16:01:37.120] [settingssync] [info] Auto Sync: Triggered by Interval
[2022-01-09 16:01:37.835] [settingssync] [info] Settings: No changes found during synchronizing settings.
[2022-01-09 16:01:37.981] [settingssync] [info] Keybindings: No changes found during synchronizing keybindings.
[2022-01-09 16:01:38.039] [settingssync] [info] Snippets: No changes found during synchronizing snippets.
[2022-01-09 16:01:38.532] [settingssync] [info] GlobalState: Updated remote ui state
[2022-01-09 16:01:38.785] [settingssync] [info] GlobalState: Updated last synchronized ui state
[2022-01-09 16:01:40.015] [settingssync] [info] Extensions: No changes found during synchronizing extensions.
[2022-01-09 16:01:40.036] [settingssync] [info] Sync done. Took 2291ms
[2022-01-09 16:01:40.037] [settingssync] [info] Auto Sync: Triggered by Activity
[2022-01-09 16:01:40.354] [settingssync] [info] Settings: No changes found during synchronizing settings.
[2022-01-09 16:01:40.504] [settingssync] [info] Keybindings: No changes found during synchronizing keybindings.
[2022-01-09 16:01:40.736] [settingssync] [info] Snippets: No changes found during synchronizing snippets.
[2022-01-09 16:01:40.957] [settingssync] [info] GlobalState: No changes found during synchronizing ui state.
[2022-01-09 16:01:41.248] [settingssync] [info] Extensions: No changes found during synchronizing extensions.
[2022-01-09 16:01:41.249] [settingssync] [info] Sync done. Took 1034ms
[2022-01-09 16:01:45.099] [settingssync] [info] Auto Sync: Triggered by Activity
[2022-01-09 16:01:45.252] [settingssync] [info] Settings: No changes found during synchronizing settings.
[2022-01-09 16:01:45.254] [settingssync] [info] Keybindings: No changes found during synchronizing keybindings.
[2022-01-09 16:01:45.260] [settingssync] [info] Snippets: No changes found during synchronizing snippets.
[2022-01-09 16:01:45.285] [settingssync] [info] GlobalState: No changes found during synchronizing ui state.
[2022-01-09 16:01:45.674] [settingssync] [info] Extensions: Updated remote extensions. Added: ["dbaeumer.vscode-eslint"].
[2022-01-09 16:01:45.685] [settingssync] [info] Extensions: Updated last synchronized extensions. Skipped: ["vscjava.vscode-java-debug","redhat.java","vscjava.vscode-maven","vscjava.vscode-java-pack","visualstudioexptteam.vscodeintellicode","esbenp.prettier-vscode","eamodio.gitlens"].
[2022-01-09 16:01:45.686] [settingssync] [info] Sync done. Took 452ms
[2022-01-09 16:02:31.600] [settingssync] [info] Auto Sync: Triggered by Activity
[2022-01-09 16:02:31.760] [settingssync] [info] Settings: No changes found during synchronizing settings.
[2022-01-09 16:02:31.763] [settingssync] [info] Keybindings: No changes found during synchronizing keybindings.
[2022-01-09 16:02:31.767] [settingssync] [info] Snippets: No changes found during synchronizing snippets.
[2022-01-09 16:02:31.789] [settingssync] [info] GlobalState: No changes found during synchronizing ui state.
[2022-01-09 16:02:31.876] [settingssync] [info] Extensions: No changes found during synchronizing extensions.
[2022-01-09 16:02:31.877] [settingssync] [info] Sync done. Took 165ms
[2022-01-09 16:02:59.323] [settingssync] [info] Auto Sync: Triggered by Activity
[2022-01-09 16:02:59.476] [settingssync] [info] Settings: No changes found during synchronizing settings.
[2022-01-09 16:02:59.480] [settingssync] [info] Keybindings: No changes found during synchronizing keybindings.
[2022-01-09 16:02:59.484] [settingssync] [info] Snippets: No changes found during synchronizing snippets.
[2022-01-09 16:02:59.518] [settingssync] [info] GlobalState: No changes found during synchronizing ui state.
[2022-01-09 16:02:59.620] [settingssync] [info] Extensions: No changes found during synchronizing extensions.
[2022-01-09 16:02:59.625] [settingssync] [info] Sync done. Took 197ms
[2022-01-09 16:04:35.476] [settingssync] [info] Auto Sync: Triggered by Activity
[2022-01-09 16:04:35.647] [settingssync] [info] Settings: No changes found during synchronizing settings.
[2022-01-09 16:04:35.652] [settingssync] [info] Keybindings: No changes found during synchronizing keybindings.
[2022-01-09 16:04:35.655] [settingssync] [info] Snippets: No changes found during synchronizing snippets.
[2022-01-09 16:04:35.687] [settingssync] [info] GlobalState: No changes found during synchronizing ui state.
[2022-01-09 16:04:35.855] [settingssync] [info] Extensions: No changes found during synchronizing extensions.
[2022-01-09 16:04:35.866] [settingssync] [info] Sync done. Took 273ms
[2022-01-09 16:05:04.740] [settingssync] [info] Auto Sync: Triggered by Activity
[2022-01-09 16:05:04.907] [settingssync] [info] Settings: No changes found during synchronizing settings.
[2022-01-09 16:05:04.912] [settingssync] [info] Keybindings: No changes found during synchronizing keybindings.
[2022-01-09 16:05:04.917] [settingssync] [info] Snippets: No changes found during synchronizing snippets.
[2022-01-09 16:05:04.960] [settingssync] [info] GlobalState: No changes found during synchronizing ui state.
[2022-01-09 16:05:05.043] [settingssync] [info] Extensions: No changes found during synchronizing extensions.
[2022-01-09 16:05:05.045] [settingssync] [info] Sync done. Took 188ms
[2022-01-09 16:05:16.300] [settingssync] [info] Auto Sync: Triggered by Activity
[2022-01-09 16:05:16.459] [settingssync] [info] Settings: No changes found during synchronizing settings.
[2022-01-09 16:05:16.461] [settingssync] [info] Keybindings: No changes found during synchronizing keybindings.
[2022-01-09 16:05:16.464] [settingssync] [info] Snippets: No changes found during synchronizing snippets.
[2022-01-09 16:05:16.493] [settingssync] [info] GlobalState: No changes found during synchronizing ui state.
[2022-01-09 16:05:16.596] [settingssync] [info] Extensions: No changes found during synchronizing extensions.
[2022-01-09 16:05:16.598] [settingssync] [info] Sync done. Took 188ms
[2022-01-09 16:08:40.072] [settingssync] [info] Auto Sync: Triggered by Activity
[2022-01-09 16:08:40.408] [settingssync] [info] Settings: No changes found during synchronizing settings.
[2022-01-09 16:08:40.411] [settingssync] [info] Keybindings: No changes found during synchronizing keybindings.
[2022-01-09 16:08:40.416] [settingssync] [info] Snippets: No changes found during synchronizing snippets.
[2022-01-09 16:08:40.452] [settingssync] [info] GlobalState: No changes found during synchronizing ui state.
[2022-01-09 16:08:40.540] [settingssync] [info] Extensions: No changes found during synchronizing extensions.
[2022-01-09 16:08:40.542] [settingssync] [info] Sync done. Took 178ms
[2022-01-09 16:11:30.381] [settingssync] [info] Auto Sync: Triggered by Activity
[2022-01-09 16:11:30.884] [settingssync] [info] Settings: No changes found during synchronizing settings.
[2022-01-09 16:11:30.886] [settingssync] [info] Keybindings: No changes found during synchronizing keybindings.
[2022-01-09 16:11:30.889] [settingssync] [info] Snippets: No changes found during synchronizing snippets.
[2022-01-09 16:11:30.926] [settingssync] [info] GlobalState: No changes found during synchronizing ui state.
[2022-01-09 16:11:31.020] [settingssync] [info] Extensions: No changes found during synchronizing extensions.
[2022-01-09 16:11:31.022] [settingssync] [info] Sync done. Took 170ms
[2022-01-09 16:11:52.710] [settingssync] [info] Auto Sync: Triggered by Activity
[2022-01-09 16:11:52.930] [settingssync] [info] Settings: No changes found during synchronizing settings.
[2022-01-09 16:11:52.935] [settingssync] [info] Keybindings: No changes found during synchronizing keybindings.
[2022-01-09 16:11:52.943] [settingssync] [info] Snippets: No changes found during synchronizing snippets.
[2022-01-09 16:11:52.982] [settingssync] [info] GlobalState: No changes found during synchronizing ui state.
[2022-01-09 16:11:53.071] [settingssync] [info] Extensions: No changes found during synchronizing extensions.
[2022-01-09 16:11:53.073] [settingssync] [info] Sync done. Took 253ms
[2022-01-09 16:13:44.392] [settingssync] [info] Auto Sync: Triggered by Activity
[2022-01-09 16:13:44.606] [settingssync] [info] Settings: No changes found during synchronizing settings.
[2022-01-09 16:13:44.611] [settingssync] [info] Keybindings: No changes found during synchronizing keybindings.
[2022-01-09 16:13:44.614] [settingssync] [info] Snippets: No changes found during synchronizing snippets.
[2022-01-09 16:13:44.649] [settingssync] [info] GlobalState: No changes found during synchronizing ui state.
[2022-01-09 16:13:44.744] [settingssync] [info] Extensions: No changes found during synchronizing extensions.
[2022-01-09 16:13:44.746] [settingssync] [info] Sync done. Took 240ms
[2022-01-09 16:14:04.450] [settingssync] [info] Auto Sync: Triggered by Activity
[2022-01-09 16:14:04.590] [settingssync] [info] Settings: No changes found during synchronizing settings.
[2022-01-09 16:14:04.594] [settingssync] [info] Keybindings: No changes found during synchronizing keybindings.
[2022-01-09 16:14:04.597] [settingssync] [info] Snippets: No changes found during synchronizing snippets.
[2022-01-09 16:14:04.635] [settingssync] [info] GlobalState: No changes found during synchronizing ui state.
[2022-01-09 16:14:04.730] [settingssync] [info] Extensions: No changes found during synchronizing extensions.
[2022-01-09 16:14:04.738] [settingssync] [info] Sync done. Took 183ms
[2022-01-09 16:14:22.038] [settingssync] [info] Auto Sync: Triggered by Activity
[2022-01-09 16:14:22.193] [settingssync] [info] Settings: No changes found during synchronizing settings.
[2022-01-09 16:14:22.195] [settingssync] [info] Keybindings: No changes found during synchronizing keybindings.
[2022-01-09 16:14:22.197] [settingssync] [info] Snippets: No changes found during synchronizing snippets.
[2022-01-09 16:14:22.227] [settingssync] [info] GlobalState: No changes found during synchronizing ui state.
[2022-01-09 16:14:22.315] [settingssync] [info] Extensions: No changes found during synchronizing extensions.
[2022-01-09 16:14:22.325] [settingssync] [info] Sync done. Took 182ms
[2022-01-09 16:15:02.693] [settingssync] [info] Auto Sync: Triggered by Activity
[2022-01-09 16:15:02.859] [settingssync] [info] Settings: No changes found during synchronizing settings.
[2022-01-09 16:15:02.861] [settingssync] [info] Keybindings: No changes found during synchronizing keybindings.
[2022-01-09 16:15:02.865] [settingssync] [info] Snippets: No changes found during synchronizing snippets.
[2022-01-09 16:15:03.166] [settingssync] [info] GlobalState: Updated remote ui state
[2022-01-09 16:15:03.167] [settingssync] [info] GlobalState: Updated last synchronized ui state
[2022-01-09 16:15:03.248] [settingssync] [info] Extensions: No changes found during synchronizing extensions.
[2022-01-09 16:15:03.251] [settingssync] [info] Sync done. Took 443ms
[2022-01-09 16:15:25.476] [settingssync] [info] Auto Sync: Triggered by Activity
[2022-01-09 16:15:25.643] [settingssync] [info] Settings: No changes found during synchronizing settings.
[2022-01-09 16:15:25.646] [settingssync] [info] Keybindings: No changes found during synchronizing keybindings.
[2022-01-09 16:15:25.650] [settingssync] [info] Snippets: No changes found during synchronizing snippets.
[2022-01-09 16:15:25.679] [settingssync] [info] GlobalState: No changes found during synchronizing ui state.
[2022-01-09 16:15:25.761] [settingssync] [info] Extensions: No changes found during synchronizing extensions.
[2022-01-09 16:15:25.763] [settingssync] [info] Sync done. Took 167ms
[2022-01-09 16:16:04.654] [settingssync] [info] Auto Sync: Triggered by Activity
[2022-01-09 16:16:04.807] [settingssync] [info] Settings: No changes found during synchronizing settings.
[2022-01-09 16:16:04.809] [settingssync] [info] Keybindings: No changes found during synchronizing keybindings.
[2022-01-09 16:16:04.812] [settingssync] [info] Snippets: No changes found during synchronizing snippets.
[2022-01-09 16:16:04.843] [settingssync] [info] GlobalState: No changes found during synchronizing ui state.
[2022-01-09 16:16:04.935] [settingssync] [info] Extensions: No changes found during synchronizing extensions.
[2022-01-09 16:16:04.937] [settingssync] [info] Sync done. Took 157ms
[2022-01-09 16:16:36.697] [settingssync] [info] Auto Sync: Triggered by Activity
[2022-01-09 16:16:36.861] [settingssync] [info] Settings: No changes found during synchronizing settings.
[2022-01-09 16:16:36.863] [settingssync] [info] Keybindings: No changes found during synchronizing keybindings.
[2022-01-09 16:16:36.866] [settingssync] [info] Snippets: No changes found during synchronizing snippets.
[2022-01-09 16:16:36.898] [settingssync] [info] GlobalState: No changes found during synchronizing ui state.
[2022-01-09 16:16:37.024] [settingssync] [info] Extensions: No changes found during synchronizing extensions.
[2022-01-09 16:16:37.025] [settingssync] [info] Sync done. Took 217ms
[2022-01-09 16:17:07.871] [settingssync] [info] Auto Sync: Triggered by Activity
[2022-01-09 16:17:08.453] [settingssync] [info] Settings: No changes found during synchronizing settings.
[2022-01-09 16:17:08.458] [settingssync] [info] Keybindings: No changes found during synchronizing keybindings.
[2022-01-09 16:17:08.461] [settingssync] [info] Snippets: No changes found during synchronizing snippets.
[2022-01-09 16:17:08.495] [settingssync] [info] GlobalState: No changes found during synchronizing ui state.
[2022-01-09 16:17:08.580] [settingssync] [info] Extensions: No changes found during synchronizing extensions.
[2022-01-09 16:17:08.585] [settingssync] [info] Sync done. Took 148ms
[2022-01-09 16:17:40.032] [settingssync] [info] Auto Sync: Triggered by Activity
[2022-01-09 16:17:40.188] [settingssync] [info] Settings: No changes found during synchronizing settings.
[2022-01-09 16:17:40.192] [settingssync] [info] Keybindings: No changes found during synchronizing keybindings.
[2022-01-09 16:17:40.194] [settingssync] [info] Snippets: No changes found during synchronizing snippets.
[2022-01-09 16:17:40.223] [settingssync] [info] GlobalState: No changes found during synchronizing ui state.
[2022-01-09 16:17:40.302] [settingssync] [info] Extensions: No changes found during synchronizing extensions.
[2022-01-09 16:17:40.304] [settingssync] [info] Sync done. Took 162ms
[2022-01-09 16:17:51.987] [settingssync] [info] Auto Sync: Triggered by Activity
[2022-01-09 16:17:52.155] [settingssync] [info] Settings: No changes found during synchronizing settings.
[2022-01-09 16:17:52.160] [settingssync] [info] Keybindings: No changes found during synchronizing keybindings.
[2022-01-09 16:17:52.164] [settingssync] [info] Snippets: No changes found during synchronizing snippets.
[2022-01-09 16:17:52.205] [settingssync] [info] GlobalState: No changes found during synchronizing ui state.
[2022-01-09 16:17:52.294] [settingssync] [info] Extensions: No changes found during synchronizing extensions.
[2022-01-09 16:17:52.296] [settingssync] [info] Sync done. Took 193ms
[2022-01-09 16:18:13.375] [settingssync] [info] Auto Sync: Triggered by Activity
[2022-01-09 16:18:13.602] [settingssync] [info] Settings: No changes found during synchronizing settings.
[2022-01-09 16:18:13.607] [settingssync] [info] Keybindings: No changes found during synchronizing keybindings.
[2022-01-09 16:18:13.614] [settingssync] [info] Snippets: No changes found during synchronizing snippets.
[2022-01-09 16:18:13.649] [settingssync] [info] GlobalState: No changes found during synchronizing ui state.
[2022-01-09 16:18:13.733] [settingssync] [info] Extensions: No changes found during synchronizing extensions.
[2022-01-09 16:18:13.735] [settingssync] [info] Sync done. Took 238ms
[2022-01-09 16:18:33.836] [settingssync] [info] Auto Sync: Triggered by Activity
[2022-01-09 16:18:34.034] [settingssync] [info] Settings: No changes found during synchronizing settings.
[2022-01-09 16:18:34.037] [settingssync] [info] Keybindings: No changes found during synchronizing keybindings.
[2022-01-09 16:18:34.041] [settingssync] [info] Snippets: No changes found during synchronizing snippets.
[2022-01-09 16:18:34.072] [settingssync] [info] GlobalState: No changes found during synchronizing ui state.
[2022-01-09 16:18:34.151] [settingssync] [info] Extensions: No changes found during synchronizing extensions.
[2022-01-09 16:18:34.153] [settingssync] [info] Sync done. Took 200ms
[2022-01-09 16:19:13.490] [settingssync] [info] Auto Sync: Triggered by Activity
[2022-01-09 16:19:13.707] [settingssync] [info] Settings: No changes found during synchronizing settings.
[2022-01-09 16:19:13.710] [settingssync] [info] Keybindings: No changes found during synchronizing keybindings.
[2022-01-09 16:19:13.714] [settingssync] [info] Snippets: No changes found during synchronizing snippets.
[2022-01-09 16:19:13.744] [settingssync] [info] GlobalState: No changes found during synchronizing ui state.
[2022-01-09 16:19:13.827] [settingssync] [info] Extensions: No changes found during synchronizing extensions.
[2022-01-09 16:19:13.829] [settingssync] [info] Sync done. Took 227ms
[2022-01-09 16:19:33.923] [settingssync] [info] Auto Sync: Triggered by Activity
[2022-01-09 16:19:34.144] [settingssync] [info] Settings: No changes found during synchronizing settings.
[2022-01-09 16:19:34.149] [settingssync] [info] Keybindings: No changes found during synchronizing keybindings.
[2022-01-09 16:19:34.155] [settingssync] [info] Snippets: No changes found during synchronizing snippets.
[2022-01-09 16:19:34.187] [settingssync] [info] GlobalState: No changes found during synchronizing ui state.
[2022-01-09 16:19:34.276] [settingssync] [info] Extensions: No changes found during synchronizing extensions.
[2022-01-09 16:19:34.278] [settingssync] [info] Sync done. Took 239ms
[2022-01-09 16:19:55.152] [settingssync] [info] Auto Sync: Triggered by Activity
[2022-01-09 16:19:55.350] [settingssync] [info] Settings: No changes found during synchronizing settings.
[2022-01-09 16:19:55.355] [settingssync] [info] Keybindings: No changes found during synchronizing keybindings.
[2022-01-09 16:19:55.358] [settingssync] [info] Snippets: No changes found during synchronizing snippets.
[2022-01-09 16:19:55.391] [settingssync] [info] GlobalState: No changes found during synchronizing ui state.
[2022-01-09 16:19:55.472] [settingssync] [info] Extensions: No changes found during synchronizing extensions.
[2022-01-09 16:19:55.474] [settingssync] [info] Sync done. Took 202ms
[2022-01-09 16:20:14.331] [settingssync] [info] Auto Sync: Triggered by Activity
[2022-01-09 16:20:14.567] [settingssync] [info] Settings: No changes found during synchronizing settings.
[2022-01-09 16:20:14.571] [settingssync] [info] Keybindings: No changes found during synchronizing keybindings.
[2022-01-09 16:20:14.575] [settingssync] [info] Snippets: No changes found during synchronizing snippets.
[2022-01-09 16:20:14.615] [settingssync] [info] GlobalState: No changes found during synchronizing ui state.
[2022-01-09 16:20:14.764] [settingssync] [info] Extensions: No changes found during synchronizing extensions.
[2022-01-09 16:20:14.764] [settingssync] [info] Sync done. Took 315ms
[2022-01-09 16:20:42.451] [settingssync] [info] Auto Sync: Triggered by Activity
[2022-01-09 16:20:42.678] [settingssync] [info] Settings: No changes found during synchronizing settings.
[2022-01-09 16:20:42.682] [settingssync] [info] Keybindings: No changes found during synchronizing keybindings.
[2022-01-09 16:20:42.692] [settingssync] [info] Snippets: No changes found during synchronizing snippets.
[2022-01-09 16:20:42.728] [settingssync] [info] GlobalState: No changes found during synchronizing ui state.
[2022-01-09 16:20:42.850] [settingssync] [info] Extensions: No changes found during synchronizing extensions.
[2022-01-09 16:20:42.861] [settingssync] [info] Sync done. Took 290ms
[2022-01-09 16:24:31.780] [settingssync] [info] Auto Sync: Triggered by Activity
[2022-01-09 16:24:32.156] [settingssync] [info] Settings: No changes found during synchronizing settings.
[2022-01-09 16:24:32.161] [settingssync] [info] Keybindings: No changes found during synchronizing keybindings.
[2022-01-09 16:24:32.164] [settingssync] [info] Snippets: No changes found during synchronizing snippets.
[2022-01-09 16:24:32.192] [settingssync] [info] GlobalState: No changes found during synchronizing ui state.
[2022-01-09 16:24:32.266] [settingssync] [info] Extensions: No changes found during synchronizing extensions.
[2022-01-09 16:24:32.268] [settingssync] [info] Sync done. Took 146ms
[2022-01-09 16:25:05.216] [settingssync] [info] Auto Sync: Triggered by Activity
[2022-01-09 16:25:05.389] [settingssync] [info] Settings: No changes found during synchronizing settings.
[2022-01-09 16:25:05.394] [settingssync] [info] Keybindings: No changes found during synchronizing keybindings.
[2022-01-09 16:25:05.396] [settingssync] [info] Snippets: No changes found during synchronizing snippets.
[2022-01-09 16:25:05.424] [settingssync] [info] GlobalState: No changes found during synchronizing ui state.
[2022-01-09 16:25:05.496] [settingssync] [info] Extensions: No changes found during synchronizing extensions.
[2022-01-09 16:25:05.498] [settingssync] [info] Sync done. Took 163ms
[2022-01-09 16:26:01.350] [settingssync] [info] Auto Sync: Triggered by Activity
[2022-01-09 16:26:01.574] [settingssync] [info] Settings: No changes found during synchronizing settings.
[2022-01-09 16:26:01.577] [settingssync] [info] Keybindings: No changes found during synchronizing keybindings.
[2022-01-09 16:26:01.580] [settingssync] [info] Snippets: No changes found during synchronizing snippets.
[2022-01-09 16:26:01.611] [settingssync] [info] GlobalState: No changes found during synchronizing ui state.
[2022-01-09 16:26:01.720] [settingssync] [info] Extensions: No changes found during synchronizing extensions.
[2022-01-09 16:26:01.726] [settingssync] [info] Sync done. Took 254ms
[2022-01-09 16:29:54.729] [settingssync] [info] Auto Sync: Triggered by Activity
[2022-01-09 16:29:55.142] [settingssync] [info] Settings: No changes found during synchronizing settings.
[2022-01-09 16:29:55.149] [settingssync] [info] Keybindings: No changes found during synchronizing keybindings.
[2022-01-09 16:29:55.153] [settingssync] [info] Snippets: No changes found during synchronizing snippets.
[2022-01-09 16:29:55.185] [settingssync] [info] GlobalState: No changes found during synchronizing ui state.
[2022-01-09 16:29:55.304] [settingssync] [info] Extensions: No changes found during synchronizing extensions.
[2022-01-09 16:29:55.305] [settingssync] [info] Sync done. Took 222ms
[2022-01-09 16:30:13.062] [settingssync] [info] Auto Sync: Triggered by Activity
[2022-01-09 16:30:13.316] [settingssync] [info] Settings: No changes found during synchronizing settings.
[2022-01-09 16:30:13.322] [settingssync] [info] Keybindings: No changes found during synchronizing keybindings.
[2022-01-09 16:30:13.325] [settingssync] [info] Snippets: No changes found during synchronizing snippets.
[2022-01-09 16:30:13.357] [settingssync] [info] GlobalState: No changes found during synchronizing ui state.
[2022-01-09 16:30:13.423] [settingssync] [info] Extensions: No changes found during synchronizing extensions.
[2022-01-09 16:30:13.425] [settingssync] [info] Sync done. Took 154ms
[2022-01-09 16:30:49.437] [settingssync] [info] Auto Sync: Triggered by Activity
[2022-01-09 16:30:49.621] [settingssync] [info] Settings: No changes found during synchronizing settings.
[2022-01-09 16:30:49.627] [settingssync] [info] Keybindings: No changes found during synchronizing keybindings.
[2022-01-09 16:30:49.629] [settingssync] [info] Snippets: No changes found during synchronizing snippets.
[2022-01-09 16:30:49.661] [settingssync] [info] GlobalState: No changes found during synchronizing ui state.
[2022-01-09 16:30:49.745] [settingssync] [info] Extensions: No changes found during synchronizing extensions.
[2022-01-09 16:30:49.748] [settingssync] [info] Sync done. Took 189ms
[2022-01-09 16:31:48.450] [settingssync] [info] Auto Sync: Triggered by Activity
[2022-01-09 16:31:48.626] [settingssync] [info] Settings: No changes found during synchronizing settings.
[2022-01-09 16:31:48.637] [settingssync] [info] Keybindings: No changes found during synchronizing keybindings.
[2022-01-09 16:31:48.648] [settingssync] [info] Snippets: No changes found during synchronizing snippets.
[2022-01-09 16:31:48.696] [settingssync] [info] GlobalState: No changes found during synchronizing ui state.
[2022-01-09 16:31:48.807] [settingssync] [info] Extensions: No changes found during synchronizing extensions.
[2022-01-09 16:31:48.815] [settingssync] [info] Sync done. Took 256ms
[2022-01-09 16:36:48.827] [settingssync] [info] Auto Sync: Triggered by Interval
[2022-01-09 16:36:49.625] [settingssync] [info] Settings: No changes found during synchronizing settings.
[2022-01-09 16:36:49.628] [settingssync] [info] Keybindings: No changes found during synchronizing keybindings.
[2022-01-09 16:36:49.634] [settingssync] [info] Snippets: No changes found during synchronizing snippets.
[2022-01-09 16:36:49.665] [settingssync] [info] GlobalState: No changes found during synchronizing ui state.
[2022-01-09 16:36:49.752] [settingssync] [info] Extensions: No changes found during synchronizing extensions.
[2022-01-09 16:36:49.763] [settingssync] [info] Sync done. Took 198ms
[2022-01-09 16:40:31.019] [settingssync] [info] Auto Sync: Triggered by Activity
[2022-01-09 16:40:31.504] [settingssync] [info] Settings: No changes found during synchronizing settings.
[2022-01-09 16:40:31.506] [settingssync] [info] Keybindings: No changes found during synchronizing keybindings.
[2022-01-09 16:40:31.510] [settingssync] [info] Snippets: No changes found during synchronizing snippets.
[2022-01-09 16:40:31.546] [settingssync] [info] GlobalState: No changes found during synchronizing ui state.
[2022-01-09 16:40:31.641] [settingssync] [info] Extensions: No changes found during synchronizing extensions.
[2022-01-09 16:40:31.641] [settingssync] [info] Sync done. Took 182ms
[2022-01-09 16:41:45.877] [settingssync] [info] Auto Sync: Triggered by Activity
[2022-01-09 16:41:46.080] [settingssync] [info] Settings: No changes found during synchronizing settings.
[2022-01-09 16:41:46.083] [settingssync] [info] Keybindings: No changes found during synchronizing keybindings.
[2022-01-09 16:41:46.086] [settingssync] [info] Snippets: No changes found during synchronizing snippets.
[2022-01-09 16:41:46.117] [settingssync] [info] GlobalState: No changes found during synchronizing ui state.
[2022-01-09 16:41:46.206] [settingssync] [info] Extensions: No changes found during synchronizing extensions.
[2022-01-09 16:41:46.209] [settingssync] [info] Sync done. Took 214ms
[2022-01-09 16:43:09.426] [settingssync] [info] Auto Sync: Triggered by Activity
[2022-01-09 16:43:09.583] [settingssync] [info] Settings: No changes found during synchronizing settings.
[2022-01-09 16:43:09.585] [settingssync] [info] Keybindings: No changes found during synchronizing keybindings.
[2022-01-09 16:43:09.588] [settingssync] [info] Snippets: No changes found during synchronizing snippets.
[2022-01-09 16:43:09.615] [settingssync] [info] GlobalState: No changes found during synchronizing ui state.
[2022-01-09 16:43:09.718] [settingssync] [info] Extensions: No changes found during synchronizing extensions.
[2022-01-09 16:43:09.719] [settingssync] [info] Sync done. Took 172ms
[2022-01-09 16:43:26.850] [settingssync] [info] Auto Sync: Triggered by Activity
[2022-01-09 16:43:27.013] [settingssync] [info] Settings: No changes found during synchronizing settings.
[2022-01-09 16:43:27.016] [settingssync] [info] Keybindings: No changes found during synchronizing keybindings.
[2022-01-09 16:43:27.019] [settingssync] [info] Snippets: No changes found during synchronizing snippets.
[2022-01-09 16:43:27.049] [settingssync] [info] GlobalState: No changes found during synchronizing ui state.
[2022-01-09 16:43:27.120] [settingssync] [info] Extensions: No changes found during synchronizing extensions.
[2022-01-09 16:43:27.122] [settingssync] [info] Sync done. Took 154ms
[2022-01-09 16:43:38.879] [settingssync] [info] Auto Sync: Triggered by Activity
[2022-01-09 16:43:39.100] [settingssync] [info] Settings: No changes found during synchronizing settings.
[2022-01-09 16:43:39.104] [settingssync] [info] Keybindings: No changes found during synchronizing keybindings.
[2022-01-09 16:43:39.109] [settingssync] [info] Snippets: No changes found during synchronizing snippets.
[2022-01-09 16:43:39.141] [settingssync] [info] GlobalState: No changes found during synchronizing ui state.
[2022-01-09 16:43:39.223] [settingssync] [info] Extensions: No changes found during synchronizing extensions.
[2022-01-09 16:43:39.225] [settingssync] [info] Sync done. Took 232ms
[2022-01-09 16:44:03.945] [settingssync] [info] Auto Sync: Triggered by Activity
[2022-01-09 16:44:04.160] [settingssync] [info] Settings: No changes found during synchronizing settings.
[2022-01-09 16:44:04.163] [settingssync] [info] Keybindings: No changes found during synchronizing keybindings.
[2022-01-09 16:44:04.166] [settingssync] [info] Snippets: No changes found during synchronizing snippets.
[2022-01-09 16:44:04.207] [settingssync] [info] GlobalState: No changes found during synchronizing ui state.
[2022-01-09 16:44:04.346] [settingssync] [info] Extensions: No changes found during synchronizing extensions.
[2022-01-09 16:44:04.357] [settingssync] [info] Sync done. Took 299ms
[2022-01-09 16:44:26.525] [settingssync] [info] Auto Sync: Triggered by Activity
[2022-01-09 16:44:26.674] [settingssync] [info] Settings: No changes found during synchronizing settings.
[2022-01-09 16:44:26.676] [settingssync] [info] Keybindings: No changes found during synchronizing keybindings.
[2022-01-09 16:44:26.680] [settingssync] [info] Snippets: No changes found during synchronizing snippets.
[2022-01-09 16:44:26.711] [settingssync] [info] GlobalState: No changes found during synchronizing ui state.
[2022-01-09 16:44:26.787] [settingssync] [info] Extensions: No changes found during synchronizing extensions.
[2022-01-09 16:44:26.794] [settingssync] [info] Sync done. Took 166ms
[2022-01-09 16:44:38.973] [settingssync] [info] Auto Sync: Triggered by Activity
[2022-01-09 16:44:39.176] [settingssync] [info] Settings: No changes found during synchronizing settings.
[2022-01-09 16:44:39.178] [settingssync] [info] Keybindings: No changes found during synchronizing keybindings.
[2022-01-09 16:44:39.180] [settingssync] [info] Snippets: No changes found during synchronizing snippets.
[2022-01-09 16:44:39.207] [settingssync] [info] GlobalState: No changes found during synchronizing ui state.
[2022-01-09 16:44:39.284] [settingssync] [info] Extensions: No changes found during synchronizing extensions.
[2022-01-09 16:44:39.285] [settingssync] [info] Sync done. Took 171ms
[2022-01-09 16:44:49.620] [settingssync] [info] Auto Sync: Triggered by Activity
[2022-01-09 16:44:49.822] [settingssync] [info] Settings: No changes found during synchronizing settings.
[2022-01-09 16:44:49.824] [settingssync] [info] Keybindings: No changes found during synchronizing keybindings.
[2022-01-09 16:44:49.827] [settingssync] [info] Snippets: No changes found during synchronizing snippets.
[2022-01-09 16:44:49.853] [settingssync] [info] GlobalState: No changes found during synchronizing ui state.
[2022-01-09 16:44:49.929] [settingssync] [info] Extensions: No changes found during synchronizing extensions.
[2022-01-09 16:44:49.930] [settingssync] [info] Sync done. Took 189ms
[2022-01-09 16:45:08.771] [settingssync] [info] Auto Sync: Triggered by Activity
[2022-01-09 16:45:09.198] [settingssync] [info] Settings: No changes found during synchronizing settings.
[2022-01-09 16:45:09.202] [settingssync] [info] Keybindings: No changes found during synchronizing keybindings.
[2022-01-09 16:45:09.206] [settingssync] [info] Snippets: No changes found during synchronizing snippets.
[2022-01-09 16:45:09.242] [settingssync] [info] GlobalState: No changes found during synchronizing ui state.
[2022-01-09 16:45:09.349] [settingssync] [info] Extensions: No changes found during synchronizing extensions.
[2022-01-09 16:45:09.351] [settingssync] [info] Sync done. Took 222ms
[2022-01-09 16:45:24.267] [settingssync] [info] Auto Sync: Triggered by Activity
[2022-01-09 16:45:24.405] [settingssync] [info] Settings: No changes found during synchronizing settings.
[2022-01-09 16:45:24.410] [settingssync] [info] Keybindings: No changes found during synchronizing keybindings.
[2022-01-09 16:45:24.412] [settingssync] [info] Snippets: No changes found during synchronizing snippets.
[2022-01-09 16:45:24.439] [settingssync] [info] GlobalState: No changes found during synchronizing ui state.
[2022-01-09 16:45:24.520] [settingssync] [info] Extensions: No changes found during synchronizing extensions.
[2022-01-09 16:45:24.522] [settingssync] [info] Sync done. Took 152ms
[2022-01-09 16:46:07.151] [settingssync] [info] Auto Sync: Triggered by Activity
[2022-01-09 16:46:07.335] [settingssync] [info] Settings: No changes found during synchronizing settings.
[2022-01-09 16:46:07.337] [settingssync] [info] Keybindings: No changes found during synchronizing keybindings.
[2022-01-09 16:46:07.339] [settingssync] [info] Snippets: No changes found during synchronizing snippets.
[2022-01-09 16:46:07.369] [settingssync] [info] GlobalState: No changes found during synchronizing ui state.
[2022-01-09 16:46:07.451] [settingssync] [info] Extensions: No changes found during synchronizing extensions.
[2022-01-09 16:46:07.453] [settingssync] [info] Sync done. Took 174ms
[2022-01-09 16:46:32.240] [settingssync] [info] Auto Sync: Triggered by Activity
[2022-01-09 16:46:32.421] [settingssync] [info] Settings: No changes found during synchronizing settings.
[2022-01-09 16:46:32.426] [settingssync] [info] Keybindings: No changes found during synchronizing keybindings.
[2022-01-09 16:46:32.430] [settingssync] [info] Snippets: No changes found during synchronizing snippets.
[2022-01-09 16:46:32.463] [settingssync] [info] GlobalState: No changes found during synchronizing ui state.
[2022-01-09 16:46:32.550] [settingssync] [info] Extensions: No changes found during synchronizing extensions.
[2022-01-09 16:46:32.552] [settingssync] [info] Sync done. Took 208ms
[2022-01-09 16:51:32.557] [settingssync] [info] Auto Sync: Triggered by Interval
[2022-01-09 16:51:33.147] [settingssync] [info] Settings: No changes found during synchronizing settings.
[2022-01-09 16:51:33.150] [settingssync] [info] Keybindings: No changes found during synchronizing keybindings.
[2022-01-09 16:51:33.153] [settingssync] [info] Snippets: No changes found during synchronizing snippets.
[2022-01-09 16:51:33.182] [settingssync] [info] GlobalState: No changes found during synchronizing ui state.
[2022-01-09 16:51:33.278] [settingssync] [info] Extensions: No changes found during synchronizing extensions.
[2022-01-09 16:51:33.284] [settingssync] [info] Sync done. Took 209ms
[2022-01-09 16:54:27.556] [settingssync] [info] Auto Sync: Triggered by Activity
[2022-01-09 16:54:28.126] [settingssync] [info] Settings: No changes found during synchronizing settings.
[2022-01-09 16:54:28.130] [settingssync] [info] Keybindings: No changes found during synchronizing keybindings.
[2022-01-09 16:54:28.134] [settingssync] [info] Snippets: No changes found during synchronizing snippets.
[2022-01-09 16:54:28.171] [settingssync] [info] GlobalState: No changes found during synchronizing ui state.
[2022-01-09 16:54:28.251] [settingssync] [info] Extensions: No changes found during synchronizing extensions.
[2022-01-09 16:54:28.255] [settingssync] [info] Sync done. Took 200ms
[2022-01-09 16:54:49.552] [settingssync] [info] Auto Sync: Triggered by Activity
[2022-01-09 16:54:49.716] [settingssync] [info] Settings: No changes found during synchronizing settings.
[2022-01-09 16:54:49.718] [settingssync] [info] Keybindings: No changes found during synchronizing keybindings.
[2022-01-09 16:54:49.720] [settingssync] [info] Snippets: No changes found during synchronizing snippets.
[2022-01-09 16:54:49.750] [settingssync] [info] GlobalState: No changes found during synchronizing ui state.
[2022-01-09 16:54:49.827] [settingssync] [info] Extensions: No changes found during synchronizing extensions.
[2022-01-09 16:54:49.829] [settingssync] [info] Sync done. Took 171ms
[2022-01-09 16:55:07.158] [settingssync] [info] Auto Sync: Triggered by Activity
[2022-01-09 16:55:07.293] [settingssync] [info] Settings: No changes found during synchronizing settings.
[2022-01-09 16:55:07.294] [settingssync] [info] Keybindings: No changes found during synchronizing keybindings.
[2022-01-09 16:55:07.297] [settingssync] [info] Snippets: No changes found during synchronizing snippets.
[2022-01-09 16:55:07.324] [settingssync] [info] GlobalState: No changes found during synchronizing ui state.
[2022-01-09 16:55:07.437] [settingssync] [info] Extensions: No changes found during synchronizing extensions.
[2022-01-09 16:55:07.439] [settingssync] [info] Sync done. Took 175ms
[2022-01-09 16:55:18.944] [settingssync] [info] Auto Sync: Triggered by Activity
[2022-01-09 16:55:19.127] [settingssync] [info] Settings: No changes found during synchronizing settings.
[2022-01-09 16:55:19.129] [settingssync] [info] Keybindings: No changes found during synchronizing keybindings.
[2022-01-09 16:55:19.132] [settingssync] [info] Snippets: No changes found during synchronizing snippets.
[2022-01-09 16:55:19.158] [settingssync] [info] GlobalState: No changes found during synchronizing ui state.
[2022-01-09 16:55:19.235] [settingssync] [info] Extensions: No changes found during synchronizing extensions.
[2022-01-09 16:55:19.237] [settingssync] [info] Sync done. Took 166ms
[2022-01-09 16:55:45.083] [settingssync] [info] Auto Sync: Triggered by Activity
[2022-01-09 16:55:45.316] [settingssync] [info] Settings: No changes found during synchronizing settings.
[2022-01-09 16:55:45.318] [settingssync] [info] Keybindings: No changes found during synchronizing keybindings.
[2022-01-09 16:55:45.321] [settingssync] [info] Snippets: No changes found during synchronizing snippets.
[2022-01-09 16:55:45.350] [settingssync] [info] GlobalState: No changes found during synchronizing ui state.
[2022-01-09 16:55:45.430] [settingssync] [info] Extensions: No changes found during synchronizing extensions.
[2022-01-09 16:55:45.432] [settingssync] [info] Sync done. Took 238ms
[2022-01-09 16:55:56.105] [settingssync] [info] Auto Sync: Triggered by Activity
[2022-01-09 16:55:56.241] [settingssync] [info] Settings: No changes found during synchronizing settings.
[2022-01-09 16:55:56.243] [settingssync] [info] Keybindings: No changes found during synchronizing keybindings.
[2022-01-09 16:55:56.246] [settingssync] [info] Snippets: No changes found during synchronizing snippets.
[2022-01-09 16:55:56.272] [settingssync] [info] GlobalState: No changes found during synchronizing ui state.
[2022-01-09 16:55:56.352] [settingssync] [info] Extensions: No changes found during synchronizing extensions.
[2022-01-09 16:55:56.354] [settingssync] [info] Sync done. Took 141ms
[2022-01-09 16:56:08.537] [settingssync] [info] Auto Sync: Triggered by Activity
[2022-01-09 16:56:08.745] [settingssync] [info] Settings: No changes found during synchronizing settings.
[2022-01-09 16:56:08.754] [settingssync] [info] Keybindings: No changes found during synchronizing keybindings.
[2022-01-09 16:56:08.759] [settingssync] [info] Snippets: No changes found during synchronizing snippets.
[2022-01-09 16:56:08.788] [settingssync] [info] GlobalState: No changes found during synchronizing ui state.
[2022-01-09 16:56:08.875] [settingssync] [info] Extensions: No changes found during synchronizing extensions.
[2022-01-09 16:56:08.878] [settingssync] [info] Sync done. Took 230ms
[2022-01-09 16:56:35.284] [settingssync] [info] Auto Sync: Triggered by Activity
[2022-01-09 16:56:35.465] [settingssync] [info] Settings: No changes found during synchronizing settings.
[2022-01-09 16:56:35.468] [settingssync] [info] Keybindings: No changes found during synchronizing keybindings.
[2022-01-09 16:56:35.471] [settingssync] [info] Snippets: No changes found during synchronizing snippets.
[2022-01-09 16:56:35.497] [settingssync] [info] GlobalState: No changes found during synchronizing ui state.
[2022-01-09 16:56:35.574] [settingssync] [info] Extensions: No changes found during synchronizing extensions.
[2022-01-09 16:56:35.576] [settingssync] [info] Sync done. Took 168ms
[2022-01-09 16:56:51.787] [settingssync] [info] Auto Sync: Triggered by Activity
[2022-01-09 16:56:51.959] [settingssync] [info] Settings: No changes found during synchronizing settings.
[2022-01-09 16:56:51.964] [settingssync] [info] Keybindings: No changes found during synchronizing keybindings.
[2022-01-09 16:56:51.967] [settingssync] [info] Snippets: No changes found during synchronizing snippets.
[2022-01-09 16:56:52.012] [settingssync] [info] GlobalState: No changes found during synchronizing ui state.
[2022-01-09 16:56:52.120] [settingssync] [info] Extensions: No changes found during synchronizing extensions.
[2022-01-09 16:56:52.134] [settingssync] [info] Sync done. Took 221ms
[2022-01-09 16:57:42.766] [settingssync] [info] Auto Sync: Triggered by Activity
[2022-01-09 16:57:42.945] [settingssync] [info] Settings: No changes found during synchronizing settings.
[2022-01-09 16:57:42.947] [settingssync] [info] Keybindings: No changes found during synchronizing keybindings.
[2022-01-09 16:57:42.949] [settingssync] [info] Snippets: No changes found during synchronizing snippets.
[2022-01-09 16:57:42.976] [settingssync] [info] GlobalState: No changes found during synchronizing ui state.
[2022-01-09 16:57:43.059] [settingssync] [info] Extensions: No changes found during synchronizing extensions.
[2022-01-09 16:57:43.061] [settingssync] [info] Sync done. Took 163ms
[2022-01-09 17:02:43.068] [settingssync] [info] Auto Sync: Triggered by Interval
[2022-01-09 17:02:43.457] [settingssync] [info] Settings: No changes found during synchronizing settings.
[2022-01-09 17:02:43.460] [settingssync] [info] Keybindings: No changes found during synchronizing keybindings.
[2022-01-09 17:02:43.462] [settingssync] [info] Snippets: No changes found during synchronizing snippets.
[2022-01-09 17:02:43.490] [settingssync] [info] GlobalState: No changes found during synchronizing ui state.
[2022-01-09 17:02:43.564] [settingssync] [info] Extensions: No changes found during synchronizing extensions.
[2022-01-09 17:02:43.566] [settingssync] [info] Sync done. Took 166ms
[2022-01-09 17:04:35.608] [settingssync] [info] Auto Sync: Triggered by Activity
[2022-01-09 17:04:35.827] [settingssync] [info] Settings: No changes found during synchronizing settings.
[2022-01-09 17:04:35.829] [settingssync] [info] Keybindings: No changes found during synchronizing keybindings.
[2022-01-09 17:04:35.832] [settingssync] [info] Snippets: No changes found during synchronizing snippets.
[2022-01-09 17:04:35.860] [settingssync] [info] GlobalState: No changes found during synchronizing ui state.
[2022-01-09 17:04:35.943] [settingssync] [info] Extensions: No changes found during synchronizing extensions.
[2022-01-09 17:04:35.945] [settingssync] [info] Sync done. Took 202ms
[2022-01-09 17:05:11.656] [settingssync] [info] Auto Sync: Triggered by Activity
[2022-01-09 17:05:12.685] [settingssync] [info] Settings: No changes found during synchronizing settings.
[2022-01-09 17:05:12.688] [settingssync] [info] Keybindings: No changes found during synchronizing keybindings.
[2022-01-09 17:05:12.691] [settingssync] [info] Snippets: No changes found during synchronizing snippets.
[2022-01-09 17:05:12.722] [settingssync] [info] GlobalState: No changes found during synchronizing ui state.
[2022-01-09 17:05:12.805] [settingssync] [info] Extensions: No changes found during synchronizing extensions.
[2022-01-09 17:05:12.807] [settingssync] [info] Sync done. Took 176ms
[2022-01-09 17:05:23.214] [settingssync] [info] Auto Sync: Triggered by Activity
[2022-01-09 17:05:23.512] [settingssync] [info] Settings: No changes found during synchronizing settings.
[2022-01-09 17:05:23.514] [settingssync] [info] Keybindings: No changes found during synchronizing keybindings.
[2022-01-09 17:05:23.516] [settingssync] [info] Snippets: No changes found during synchronizing snippets.
[2022-01-09 17:05:23.543] [settingssync] [info] GlobalState: No changes found during synchronizing ui state.
[2022-01-09 17:05:23.620] [settingssync] [info] Extensions: No changes found during synchronizing extensions.
[2022-01-09 17:05:23.622] [settingssync] [info] Sync done. Took 163ms
[2022-01-09 17:05:43.276] [settingssync] [info] Auto Sync: Triggered by Activity
[2022-01-09 17:05:43.500] [settingssync] [info] Settings: No changes found during synchronizing settings.
[2022-01-09 17:05:43.504] [settingssync] [info] Keybindings: No changes found during synchronizing keybindings.
[2022-01-09 17:05:43.509] [settingssync] [info] Snippets: No changes found during synchronizing snippets.
[2022-01-09 17:05:43.540] [settingssync] [info] GlobalState: No changes found during synchronizing ui state.
[2022-01-09 17:05:43.616] [settingssync] [info] Extensions: No changes found during synchronizing extensions.
[2022-01-09 17:05:43.618] [settingssync] [info] Sync done. Took 228ms
[2022-01-09 17:06:07.904] [settingssync] [info] Auto Sync: Triggered by Activity
[2022-01-09 17:06:08.113] [settingssync] [info] Settings: No changes found during synchronizing settings.
[2022-01-09 17:06:08.117] [settingssync] [info] Keybindings: No changes found during synchronizing keybindings.
[2022-01-09 17:06:08.122] [settingssync] [info] Snippets: No changes found during synchronizing snippets.
[2022-01-09 17:06:08.163] [settingssync] [info] GlobalState: No changes found during synchronizing ui state.
[2022-01-09 17:06:08.249] [settingssync] [info] Extensions: No changes found during synchronizing extensions.
[2022-01-09 17:06:08.252] [settingssync] [info] Sync done. Took 235ms
[2022-01-09 17:06:23.534] [settingssync] [info] Auto Sync: Triggered by Activity
[2022-01-09 17:06:23.687] [settingssync] [info] Settings: No changes found during synchronizing settings.
[2022-01-09 17:06:23.689] [settingssync] [info] Keybindings: No changes found during synchronizing keybindings.
[2022-01-09 17:06:23.692] [settingssync] [info] Snippets: No changes found during synchronizing snippets.
[2022-01-09 17:06:23.725] [settingssync] [info] GlobalState: No changes found during synchronizing ui state.
[2022-01-09 17:06:23.810] [settingssync] [info] Extensions: No changes found during synchronizing extensions.
[2022-01-09 17:06:23.816] [settingssync] [info] Sync done. Took 170ms
[2022-01-09 17:06:36.905] [settingssync] [info] Auto Sync: Triggered by Activity
[2022-01-09 17:06:37.132] [settingssync] [info] Settings: No changes found during synchronizing settings.
[2022-01-09 17:06:37.134] [settingssync] [info] Keybindings: No changes found during synchronizing keybindings.
[2022-01-09 17:06:37.137] [settingssync] [info] Snippets: No changes found during synchronizing snippets.
[2022-01-09 17:06:37.162] [settingssync] [info] GlobalState: No changes found during synchronizing ui state.
[2022-01-09 17:06:37.240] [settingssync] [info] Extensions: No changes found during synchronizing extensions.
[2022-01-09 17:06:37.242] [settingssync] [info] Sync done. Took 224ms
[2022-01-09 17:07:14.123] [settingssync] [info] Auto Sync: Triggered by Activity
[2022-01-09 17:07:14.419] [settingssync] [info] Settings: No changes found during synchronizing settings.
[2022-01-09 17:07:14.428] [settingssync] [info] Keybindings: No changes found during synchronizing keybindings.
[2022-01-09 17:07:14.431] [settingssync] [info] Snippets: No changes found during synchronizing snippets.
[2022-01-09 17:07:14.471] [settingssync] [info] GlobalState: No changes found during synchronizing ui state.
[2022-01-09 17:07:14.574] [settingssync] [info] Extensions: No changes found during synchronizing extensions.
[2022-01-09 17:07:14.581] [settingssync] [info] Sync done. Took 208ms
[2022-01-09 17:08:27.133] [settingssync] [info] Auto Sync: Triggered by Activity
[2022-01-09 17:08:27.301] [settingssync] [info] Settings: No changes found during synchronizing settings.
[2022-01-09 17:08:27.305] [settingssync] [info] Keybindings: No changes found during synchronizing keybindings.
[2022-01-09 17:08:27.309] [settingssync] [info] Snippets: No changes found during synchronizing snippets.
[2022-01-09 17:08:27.342] [settingssync] [info] GlobalState: No changes found during synchronizing ui state.
[2022-01-09 17:08:27.445] [settingssync] [info] Extensions: No changes found during synchronizing extensions.
[2022-01-09 17:08:27.446] [settingssync] [info] Sync done. Took 204ms
[2022-01-09 17:12:53.577] [settingssync] [info] Auto Sync: Triggered by Activity
[2022-01-09 17:12:54.109] [settingssync] [info] Settings: No changes found during synchronizing settings.
[2022-01-09 17:12:54.113] [settingssync] [info] Keybindings: No changes found during synchronizing keybindings.
[2022-01-09 17:12:54.122] [settingssync] [info] Snippets: No changes found during synchronizing snippets.
[2022-01-09 17:12:54.162] [settingssync] [info] GlobalState: No changes found during synchronizing ui state.
[2022-01-09 17:12:54.276] [settingssync] [info] Extensions: No changes found during synchronizing extensions.
[2022-01-09 17:12:54.277] [settingssync] [info] Sync done. Took 224ms
[2022-01-09 17:13:18.927] [settingssync] [info] Auto Sync: Triggered by Activity
[2022-01-09 17:13:19.064] [settingssync] [info] Settings: No changes found during synchronizing settings.
[2022-01-09 17:13:19.066] [settingssync] [info] Keybindings: No changes found during synchronizing keybindings.
[2022-01-09 17:13:19.070] [settingssync] [info] Snippets: No changes found during synchronizing snippets.
[2022-01-09 17:13:19.113] [settingssync] [info] GlobalState: No changes found during synchronizing ui state.
[2022-01-09 17:13:19.202] [settingssync] [info] Extensions: No changes found during synchronizing extensions.
[2022-01-09 17:13:19.204] [settingssync] [info] Sync done. Took 158ms
[2022-01-09 17:13:31.829] [settingssync] [info] Auto Sync: Triggered by Activity
[2022-01-09 17:13:32.027] [settingssync] [info] Settings: No changes found during synchronizing settings.
[2022-01-09 17:13:32.029] [settingssync] [info] Keybindings: No changes found during synchronizing keybindings.
[2022-01-09 17:13:32.032] [settingssync] [info] Snippets: No changes found during synchronizing snippets.
[2022-01-09 17:13:32.064] [settingssync] [info] GlobalState: No changes found during synchronizing ui state.
[2022-01-09 17:13:32.145] [settingssync] [info] Extensions: No changes found during synchronizing extensions.
[2022-01-09 17:13:32.147] [settingssync] [info] Sync done. Took 209ms
[2022-01-09 17:14:16.724] [settingssync] [info] Auto Sync: Triggered by Activity
[2022-01-09 17:14:16.964] [settingssync] [info] Settings: No changes found during synchronizing settings.
[2022-01-09 17:14:16.967] [settingssync] [info] Keybindings: No changes found during synchronizing keybindings.
[2022-01-09 17:14:16.972] [settingssync] [info] Snippets: No changes found during synchronizing snippets.
[2022-01-09 17:14:17.007] [settingssync] [info] GlobalState: No changes found during synchronizing ui state.
[2022-01-09 17:14:17.089] [settingssync] [info] Extensions: No changes found during synchronizing extensions.
[2022-01-09 17:14:17.091] [settingssync] [info] Sync done. Took 239ms
[2022-01-09 17:15:23.547] [settingssync] [info] Auto Sync: Triggered by Activity
[2022-01-09 17:15:23.777] [settingssync] [info] Settings: No changes found during synchronizing settings.
[2022-01-09 17:15:23.782] [settingssync] [info] Keybindings: No changes found during synchronizing keybindings.
[2022-01-09 17:15:23.786] [settingssync] [info] Snippets: No changes found during synchronizing snippets.
[2022-01-09 17:15:23.821] [settingssync] [info] GlobalState: No changes found during synchronizing ui state.
[2022-01-09 17:15:23.914] [settingssync] [info] Extensions: No changes found during synchronizing extensions.
[2022-01-09 17:15:23.924] [settingssync] [info] Sync done. Took 249ms
[2022-01-09 17:16:29.251] [settingssync] [info] Auto Sync: Triggered by Activity
[2022-01-09 17:16:29.388] [settingssync] [info] Settings: No changes found during synchronizing settings.
[2022-01-09 17:16:29.391] [settingssync] [info] Keybindings: No changes found during synchronizing keybindings.
[2022-01-09 17:16:29.395] [settingssync] [info] Snippets: No changes found during synchronizing snippets.
[2022-01-09 17:16:29.425] [settingssync] [info] GlobalState: No changes found during synchronizing ui state.
[2022-01-09 17:16:29.498] [settingssync] [info] Extensions: No changes found during synchronizing extensions.
[2022-01-09 17:16:29.501] [settingssync] [info] Sync done. Took 144ms
[2022-01-09 17:17:37.884] [settingssync] [info] Auto Sync: Triggered by Activity
[2022-01-09 17:17:38.052] [settingssync] [info] Settings: No changes found during synchronizing settings.
[2022-01-09 17:17:38.056] [settingssync] [info] Keybindings: No changes found during synchronizing keybindings.
[2022-01-09 17:17:38.058] [settingssync] [info] Snippets: No changes found during synchronizing snippets.
[2022-01-09 17:17:38.086] [settingssync] [info] GlobalState: No changes found during synchronizing ui state.
[2022-01-09 17:17:38.167] [settingssync] [info] Extensions: No changes found during synchronizing extensions.
[2022-01-09 17:17:38.168] [settingssync] [info] Sync done. Took 174ms
[2022-01-09 17:18:44.423] [settingssync] [info] Auto Sync: Triggered by Activity
[2022-01-09 17:18:44.560] [settingssync] [info] Settings: No changes found during synchronizing settings.
[2022-01-09 17:18:44.563] [settingssync] [info] Keybindings: No changes found during synchronizing keybindings.
[2022-01-09 17:18:44.568] [settingssync] [info] Snippets: No changes found during synchronizing snippets.
[2022-01-09 17:18:44.607] [settingssync] [info] GlobalState: No changes found during synchronizing ui state.
[2022-01-09 17:18:44.699] [settingssync] [info] Extensions: No changes found during synchronizing extensions.
[2022-01-09 17:18:44.708] [settingssync] [info] Sync done. Took 185ms
[2022-01-09 17:19:41.107] [settingssync] [info] Auto Sync: Triggered by Activity
[2022-01-09 17:19:41.268] [settingssync] [info] Settings: No changes found during synchronizing settings.
[2022-01-09 17:19:41.271] [settingssync] [info] Keybindings: No changes found during synchronizing keybindings.
[2022-01-09 17:19:41.273] [settingssync] [info] Snippets: No changes found during synchronizing snippets.
[2022-01-09 17:19:41.304] [settingssync] [info] GlobalState: No changes found during synchronizing ui state.
[2022-01-09 17:19:41.377] [settingssync] [info] Extensions: No changes found during synchronizing extensions.
[2022-01-09 17:19:41.379] [settingssync] [info] Sync done. Took 162ms
[2022-01-09 17:24:41.392] [settingssync] [info] Auto Sync: Triggered by Interval
[2022-01-09 17:24:41.867] [settingssync] [info] Settings: No changes found during synchronizing settings.
[2022-01-09 17:24:41.878] [settingssync] [info] Keybindings: No changes found during synchronizing keybindings.
[2022-01-09 17:24:41.886] [settingssync] [info] Snippets: No changes found during synchronizing snippets.
[2022-01-09 17:24:41.929] [settingssync] [info] GlobalState: No changes found during synchronizing ui state.
[2022-01-09 17:24:42.013] [settingssync] [info] Extensions: No changes found during synchronizing extensions.
[2022-01-09 17:24:42.015] [settingssync] [info] Sync done. Took 248ms
[2022-01-09 17:29:42.017] [settingssync] [info] Auto Sync: Triggered by Interval
[2022-01-09 17:29:42.507] [settingssync] [info] Settings: No changes found during synchronizing settings.
[2022-01-09 17:29:42.509] [settingssync] [info] Keybindings: No changes found during synchronizing keybindings.
[2022-01-09 17:29:42.512] [settingssync] [info] Snippets: No changes found during synchronizing snippets.
[2022-01-09 17:29:42.545] [settingssync] [info] GlobalState: No changes found during synchronizing ui state.
[2022-01-09 17:29:42.620] [settingssync] [info] Extensions: No changes found during synchronizing extensions.
[2022-01-09 17:29:42.622] [settingssync] [info] Sync done. Took 147ms
[2022-01-09 17:34:37.901] [settingssync] [info] Auto Sync: Triggered by Activity
[2022-01-09 17:34:38.518] [settingssync] [info] Settings: No changes found during synchronizing settings.
[2022-01-09 17:34:38.520] [settingssync] [info] Keybindings: No changes found during synchronizing keybindings.
[2022-01-09 17:34:38.524] [settingssync] [info] Snippets: No changes found during synchronizing snippets.
[2022-01-09 17:34:38.557] [settingssync] [info] GlobalState: No changes found during synchronizing ui state.
[2022-01-09 17:34:38.632] [settingssync] [info] Extensions: No changes found during synchronizing extensions.
[2022-01-09 17:34:38.634] [settingssync] [info] Sync done. Took 207ms
[2022-01-09 17:37:59.041] [settingssync] [info] Auto Sync: Triggered by Activity
[2022-01-09 17:37:59.557] [settingssync] [info] Settings: No changes found during synchronizing settings.
[2022-01-09 17:37:59.561] [settingssync] [info] Keybindings: No changes found during synchronizing keybindings.
[2022-01-09 17:37:59.564] [settingssync] [info] Snippets: No changes found during synchronizing snippets.
[2022-01-09 17:37:59.595] [settingssync] [info] GlobalState: No changes found during synchronizing ui state.
[2022-01-09 17:37:59.684] [settingssync] [info] Extensions: No changes found during synchronizing extensions.
[2022-01-09 17:37:59.687] [settingssync] [info] Sync done. Took 168ms
