[2021-09-06 03:34:12.633] [exthost] [info] extension host started
[2021-09-06 03:34:12.633] [exthost] [info] Skipping acquiring lock for /home/bill/.config/Code/User/workspaceStorage/a2d5cc86c705baa919bcb97bbf54200c.
[2021-09-06 03:34:12.775] [exthost] [info] ExtensionService#_doActivateExtension vscode.microsoft-authentication {"startup":false,"extensionId":{"value":"vscode.microsoft-authentication","_lower":"vscode.microsoft-authentication"},"activationEvent":"onAuthenticationRequest:microsoft"}
[2021-09-06 03:34:12.775] [exthost] [info] ExtensionService#loadCommonJSModule file:///opt/visual-studio-code/resources/app/extensions/microsoft-authentication/dist/extension.js
[2021-09-06 03:34:12.865] [exthost] [info] ExtensionService#_doActivateExtension vscode.debug-auto-launch {"startup":true,"extensionId":{"value":"vscode.debug-auto-launch","_lower":"vscode.debug-auto-launch"},"activationEvent":"*"}
[2021-09-06 03:34:12.865] [exthost] [info] ExtensionService#loadCommonJSModule file:///opt/visual-studio-code/resources/app/extensions/debug-auto-launch/dist/extension
[2021-09-06 03:34:12.899] [exthost] [info] ExtensionService#_doActivateExtension vscode.git {"startup":true,"extensionId":{"value":"vscode.github","_lower":"vscode.github"},"activationEvent":"*"}
[2021-09-06 03:34:12.899] [exthost] [info] ExtensionService#loadCommonJSModule file:///opt/visual-studio-code/resources/app/extensions/git/dist/main
[2021-09-06 03:34:12.995] [exthost] [info] ExtensionService#_doActivateExtension vscodevim.vim {"startup":true,"extensionId":{"value":"vscodevim.vim","_lower":"vscodevim.vim"},"activationEvent":"*"}
[2021-09-06 03:34:12.996] [exthost] [info] ExtensionService#loadCommonJSModule file:///home/bill/.vscode/extensions/vscodevim.vim-1.21.7/out/extension
[2021-09-06 03:34:13.282] [exthost] [info] ExtensionService#_doActivateExtension zhuangtongfa.material-theme {"startup":true,"extensionId":{"value":"zhuangtongfa.material-theme","_lower":"zhuangtongfa.material-theme"},"activationEvent":"*"}
[2021-09-06 03:34:13.283] [exthost] [info] ExtensionService#loadCommonJSModule file:///home/bill/.vscode/extensions/zhuangtongfa.material-theme-3.11.4/out/extension.js
[2021-09-06 03:34:13.994] [exthost] [info] ExtensionService#_doActivateExtension 2gua.rainbow-brackets {"startup":false,"extensionId":{"value":"2gua.rainbow-brackets","_lower":"2gua.rainbow-brackets"},"activationEvent":"*"}
[2021-09-06 03:34:13.994] [exthost] [info] ExtensionService#loadCommonJSModule file:///home/bill/.vscode/extensions/2gua.rainbow-brackets-0.0.6/out/src/extension
[2021-09-06 03:34:14.141] [exthost] [info] ExtensionService#_doActivateExtension dbaeumer.vscode-eslint {"startup":false,"extensionId":{"value":"dbaeumer.vscode-eslint","_lower":"dbaeumer.vscode-eslint"},"activationEvent":"onStartupFinished"}
[2021-09-06 03:34:14.142] [exthost] [info] ExtensionService#loadCommonJSModule file:///home/bill/.vscode/extensions/dbaeumer.vscode-eslint-2.1.23/client/out/extension
[2021-09-06 03:34:14.299] [exthost] [info] ExtensionService#_doActivateExtension ecmel.vscode-html-css {"startup":false,"extensionId":{"value":"ecmel.vscode-html-css","_lower":"ecmel.vscode-html-css"},"activationEvent":"*"}
[2021-09-06 03:34:14.299] [exthost] [info] ExtensionService#loadCommonJSModule file:///home/bill/.vscode/extensions/ecmel.vscode-html-css-1.10.2/dist/extension.js
[2021-09-06 03:34:14.461] [exthost] [info] ExtensionService#_doActivateExtension extr0py.vscode-relative-line-numbers {"startup":false,"extensionId":{"value":"extr0py.vscode-relative-line-numbers","_lower":"extr0py.vscode-relative-line-numbers"},"activationEvent":"*"}
[2021-09-06 03:34:14.461] [exthost] [info] ExtensionService#loadCommonJSModule file:///home/bill/.vscode/extensions/extr0py.vscode-relative-line-numbers-0.0.5/out/src/extension
[2021-09-06 03:34:14.537] [exthost] [info] ExtensionService#_doActivateExtension ritwickdey.LiveServer {"startup":false,"extensionId":{"value":"ritwickdey.LiveServer","_lower":"ritwickdey.liveserver"},"activationEvent":"*"}
[2021-09-06 03:34:14.537] [exthost] [info] ExtensionService#loadCommonJSModule file:///home/bill/.vscode/extensions/ritwickdey.liveserver-5.6.1/out/src/extension
[2021-09-06 03:34:16.712] [exthost] [info] ExtensionService#_doActivateExtension Zignd.html-css-class-completion {"startup":false,"extensionId":{"value":"Zignd.html-css-class-completion","_lower":"zignd.html-css-class-completion"},"activationEvent":"*"}
[2021-09-06 03:34:16.713] [exthost] [info] ExtensionService#loadCommonJSModule file:///home/bill/.vscode/extensions/zignd.html-css-class-completion-1.20.0/dist/extension.js
[2021-09-06 03:34:17.073] [exthost] [info] ExtensionService#_doActivateExtension golang.go {"startup":true,"extensionId":{"value":"golang.go","_lower":"golang.go"},"activationEvent":"workspaceContains:**/*.go"}
[2021-09-06 03:34:17.073] [exthost] [info] ExtensionService#loadCommonJSModule file:///home/bill/.vscode/extensions/golang.go-0.27.2/dist/goMain.js
[2021-09-06 03:34:17.474] [exthost] [info] ExtensionService#_doActivateExtension vscode.github {"startup":true,"extensionId":{"value":"vscode.github","_lower":"vscode.github"},"activationEvent":"*"}
[2021-09-06 03:34:17.474] [exthost] [info] ExtensionService#loadCommonJSModule file:///opt/visual-studio-code/resources/app/extensions/github/dist/extension.js
[2021-09-06 03:34:17.808] [exthost] [info] eager extensions activated
[2021-09-06 03:34:17.917] [exthost] [info] ExtensionService#_doActivateExtension ms-vscode.js-debug {"startup":false,"extensionId":{"value":"ms-vscode.js-debug","_lower":"ms-vscode.js-debug"},"activationEvent":"onCommand:extension.js-debug.clearAutoAttachVariables"}
[2021-09-06 03:34:17.917] [exthost] [info] ExtensionService#loadCommonJSModule file:///opt/visual-studio-code/resources/app/extensions/ms-vscode.js-debug/src/extension.js
[2021-09-06 03:34:19.048] [exthost] [info] ExtensionService#_doActivateExtension vscode.emmet {"startup":false,"extensionId":{"value":"vscode.emmet","_lower":"vscode.emmet"},"activationEvent":"onStartupFinished"}
[2021-09-06 03:34:19.049] [exthost] [info] ExtensionService#loadCommonJSModule file:///opt/visual-studio-code/resources/app/extensions/emmet/dist/node/emmetNodeMain
[2021-09-06 03:34:19.334] [exthost] [info] ExtensionService#_doActivateExtension vscode.merge-conflict {"startup":false,"extensionId":{"value":"vscode.merge-conflict","_lower":"vscode.merge-conflict"},"activationEvent":"onStartupFinished"}
[2021-09-06 03:34:19.334] [exthost] [info] ExtensionService#loadCommonJSModule file:///opt/visual-studio-code/resources/app/extensions/merge-conflict/dist/mergeConflictMain
[2021-09-06 03:34:19.444] [exthost] [info] ExtensionService#_doActivateExtension eamodio.gitlens {"startup":false,"extensionId":{"value":"eamodio.gitlens","_lower":"eamodio.gitlens"},"activationEvent":"onStartupFinished"}
[2021-09-06 03:34:19.445] [exthost] [info] ExtensionService#loadCommonJSModule file:///home/bill/.vscode/extensions/eamodio.gitlens-11.6.0/dist/gitlens
[2021-09-06 03:34:19.670] [exthost] [info] ExtensionService#_doActivateExtension esbenp.prettier-vscode {"startup":false,"extensionId":{"value":"esbenp.prettier-vscode","_lower":"esbenp.prettier-vscode"},"activationEvent":"onStartupFinished"}
[2021-09-06 03:34:19.670] [exthost] [info] ExtensionService#loadCommonJSModule file:///home/bill/.vscode/extensions/esbenp.prettier-vscode-8.1.0/dist/extension
[2021-09-06 03:34:19.886] [exthost] [info] ExtensionService#_doActivateExtension ms-vscode-remote.remote-containers {"startup":false,"extensionId":{"value":"ms-vscode-remote.remote-containers","_lower":"ms-vscode-remote.remote-containers"},"activationEvent":"onStartupFinished"}
[2021-09-06 03:34:19.887] [exthost] [info] ExtensionService#loadCommonJSModule file:///home/bill/.vscode/extensions/ms-vscode-remote.remote-containers-0.194.0/dist/extension/extension
[2021-09-06 03:34:19.988] [exthost] [info] ExtensionService#_doActivateExtension ms-vscode-remote.remote-wsl {"startup":false,"extensionId":{"value":"ms-vscode-remote.remote-wsl","_lower":"ms-vscode-remote.remote-wsl"},"activationEvent":"onStartupFinished"}
[2021-09-06 03:34:19.988] [exthost] [info] ExtensionService#loadCommonJSModule file:///home/bill/.vscode/extensions/ms-vscode-remote.remote-wsl-0.58.2/dist/extension
[2021-09-06 03:34:20.501] [exthost] [info] ExtensionService#_doActivateExtension vscode.github-authentication {"startup":false,"extensionId":{"value":"vscode.github-authentication","_lower":"vscode.github-authentication"},"activationEvent":"onAuthenticationRequest:github"}
[2021-09-06 03:34:20.502] [exthost] [info] ExtensionService#loadCommonJSModule file:///opt/visual-studio-code/resources/app/extensions/github-authentication/dist/extension.js
[2021-09-06 03:35:31.606] [exthost] [warning] TextEditor is closed/disposed
[2021-09-06 03:35:31.606] [exthost] [warning] TextEditor is closed/disposed
[2021-09-06 03:35:31.608] [exthost] [warning] TextEditor is closed/disposed
[2021-09-06 03:35:31.632] [exthost] [warning] {"name":"DISPOSED","message":"TextEditor(vs.editor.ICodeEditor:3,$model3) has been disposed"}
[2021-09-06 03:36:22.333] [exthost] [warning] TextEditor is closed/disposed
[2021-09-06 03:37:54.225] [exthost] [info] ExtensionService#_doActivateExtension vscode.configuration-editing {"startup":false,"extensionId":{"value":"vscode.configuration-editing","_lower":"vscode.configuration-editing"},"activationEvent":"onLanguage:jsonc"}
[2021-09-06 03:37:54.226] [exthost] [info] ExtensionService#loadCommonJSModule file:///opt/visual-studio-code/resources/app/extensions/configuration-editing/dist/configurationEditingMain
[2021-09-06 03:37:54.318] [exthost] [info] ExtensionService#_doActivateExtension vscode.json-language-features {"startup":false,"extensionId":{"value":"vscode.json-language-features","_lower":"vscode.json-language-features"},"activationEvent":"onLanguage:jsonc"}
[2021-09-06 03:37:54.318] [exthost] [info] ExtensionService#loadCommonJSModule file:///opt/visual-studio-code/resources/app/extensions/json-language-features/client/dist/node/jsonClientMain
[2021-09-06 03:37:54.616] [exthost] [info] ExtensionService#_doActivateExtension vscode.typescript-language-features {"startup":false,"extensionId":{"value":"vscode.typescript-language-features","_lower":"vscode.typescript-language-features"},"activationEvent":"onLanguage:jsonc"}
[2021-09-06 03:37:54.616] [exthost] [info] ExtensionService#loadCommonJSModule file:///opt/visual-studio-code/resources/app/extensions/typescript-language-features/dist/extension
[2021-09-06 03:38:57.538] [exthost] [info] extension host terminating: renderer closed the socket
[2021-09-06 03:38:57.596] [exthost] [warning] {"name":"Canceled"}
[2021-09-06 03:38:58.430] [exthost] [error] TypeError: Converting circular structure to JSON
    --> starting at object with constructor 't'
    |     property '_readableState' -> object with constructor 'x'
    |     property 'pipes' -> object with constructor 'Array'
    |     index 0 -> object with constructor 't.ConsoleForElectron'
    --- property 'parent' closes the circle
    at JSON.stringify (<anonymous>)
    at /home/bill/.vscode/extensions/vscodevim.vim-1.21.7/src/register/register.ts:357:16
    at process.async (internal/process/task_queues.js:93:5)
    at Object.e.deactivate (/home/bill/.vscode/extensions/vscodevim.vim-1.21.7/extension.ts:36:8)
    at async Promise.all (index 21)
    at v.deactivateAll (/opt/visual-studio-code/resources/app/out/vs/workbench/services/extensions/node/extensionHostProcess.js:99:10017)
[2021-09-06 03:38:58.595] [exthost] [info] exiting with code 0
