["INFO" - 8:28:14 PM] Extension Name: esbenp.prettier-vscode.
["INFO" - 8:28:14 PM] Extension Version: 9.1.0.
["INFO" - 8:34:47 PM] Formatting file:///home/bill/sftpsf/todos.md
["INFO" - 8:34:47 PM] Using ignore file (if present) at /home/bill/sftpsf/.prettierignore
["INFO" - 8:34:47 PM] File Info:
{
  "ignored": false,
  "inferredParser": "markdown"
}
["INFO" - 8:34:47 PM] No local configuration (i.e. .prettierrc or .editorconfig) detected, falling back to VS Code configuration
["INFO" - 8:34:47 PM] Prettier Options:
{
  "arrowParens": "always",
  "bracketSpacing": true,
  "endOfLine": "lf",
  "htmlWhitespaceSensitivity": "css",
  "insertPragma": false,
  "jsxBracketSameLine": false,
  "jsxSingleQuote": false,
  "printWidth": 80,
  "proseWrap": "preserve",
  "quoteProps": "as-needed",
  "requirePragma": false,
  "semi": true,
  "singleQuote": false,
  "tabWidth": 2,
  "trailingComma": "es5",
  "useTabs": false,
  "vueIndentScriptAndStyle": false,
  "filepath": "/home/bill/sftpsf/todos.md",
  "parser": "markdown"
}
["INFO" - 8:34:47 PM] Formatting completed in 0.083ms.
["INFO" - 8:42:28 PM] Formatting file:///home/bill/sftpsf/todos.md
["INFO" - 8:42:28 PM] Using ignore file (if present) at /home/bill/sftpsf/.prettierignore
["INFO" - 8:42:28 PM] File Info:
{
  "ignored": false,
  "inferredParser": "markdown"
}
["INFO" - 8:42:28 PM] No local configuration (i.e. .prettierrc or .editorconfig) detected, falling back to VS Code configuration
["INFO" - 8:42:28 PM] Prettier Options:
{
  "arrowParens": "always",
  "bracketSpacing": true,
  "endOfLine": "lf",
  "htmlWhitespaceSensitivity": "css",
  "insertPragma": false,
  "jsxBracketSameLine": false,
  "jsxSingleQuote": false,
  "printWidth": 80,
  "proseWrap": "preserve",
  "quoteProps": "as-needed",
  "requirePragma": false,
  "semi": true,
  "singleQuote": false,
  "tabWidth": 2,
  "trailingComma": "es5",
  "useTabs": false,
  "vueIndentScriptAndStyle": false,
  "filepath": "/home/bill/sftpsf/todos.md",
  "parser": "markdown"
}
["INFO" - 8:42:28 PM] Formatting completed in 0.071ms.
["INFO" - 8:42:51 PM] Formatting file:///home/bill/sftpsf/todos.md
["INFO" - 8:42:51 PM] Using ignore file (if present) at /home/bill/sftpsf/.prettierignore
["INFO" - 8:42:51 PM] File Info:
{
  "ignored": false,
  "inferredParser": "markdown"
}
["INFO" - 8:42:51 PM] No local configuration (i.e. .prettierrc or .editorconfig) detected, falling back to VS Code configuration
["INFO" - 8:42:51 PM] Prettier Options:
{
  "arrowParens": "always",
  "bracketSpacing": true,
  "endOfLine": "lf",
  "htmlWhitespaceSensitivity": "css",
  "insertPragma": false,
  "jsxBracketSameLine": false,
  "jsxSingleQuote": false,
  "printWidth": 80,
  "proseWrap": "preserve",
  "quoteProps": "as-needed",
  "requirePragma": false,
  "semi": true,
  "singleQuote": false,
  "tabWidth": 2,
  "trailingComma": "es5",
  "useTabs": false,
  "vueIndentScriptAndStyle": false,
  "filepath": "/home/bill/sftpsf/todos.md",
  "parser": "markdown"
}
["INFO" - 8:42:51 PM] Formatting completed in 0.04ms.
["INFO" - 9:17:11 PM] Formatting file:///home/bill/sftpsf/todos.md
["INFO" - 9:17:11 PM] Using ignore file (if present) at /home/bill/sftpsf/.prettierignore
["INFO" - 9:17:11 PM] File Info:
{
  "ignored": false,
  "inferredParser": "markdown"
}
["INFO" - 9:17:11 PM] No local configuration (i.e. .prettierrc or .editorconfig) detected, falling back to VS Code configuration
["INFO" - 9:17:11 PM] Prettier Options:
{
  "arrowParens": "always",
  "bracketSpacing": true,
  "endOfLine": "lf",
  "htmlWhitespaceSensitivity": "css",
  "insertPragma": false,
  "jsxBracketSameLine": false,
  "jsxSingleQuote": false,
  "printWidth": 80,
  "proseWrap": "preserve",
  "quoteProps": "as-needed",
  "requirePragma": false,
  "semi": true,
  "singleQuote": false,
  "tabWidth": 2,
  "trailingComma": "es5",
  "useTabs": false,
  "vueIndentScriptAndStyle": false,
  "filepath": "/home/bill/sftpsf/todos.md",
  "parser": "markdown"
}
["INFO" - 9:17:11 PM] Formatting completed in 0.063ms.
